2024-03-21 03:58:56.094 [xxl-job, JobThread-8-1710964736079] INFO  luonq.job.TradeJob - sellBeforeCloseMarket.job start
2024-03-21 03:58:56.114 [xxl-job, JobThread-8-1710964736079] INFO  luonq.futu.TradeApi - trade api initialize staring...
2024-03-21 03:58:56.139 [FTAPI4JNet] INFO  luonq.futu.TradeApi - TradeApi onInitConnect: ret=0 desc= connID=7176306236556747333
2024-03-21 03:58:56.154 [FTAPI4JNet] INFO  luonq.futu.TradeApi - TradeApi onInitConnect: ret=0 desc= connID=7176306236557749281
2024-03-21 03:58:59.123 [xxl-job, JobThread-8-1710964736079] INFO  luonq.futu.TradeApi - trade api initialize finish start!
2024-03-21 03:58:59.125 [xxl-job, JobThread-8-1710964736079] INFO  luonq.polygon.TradeExecutor_DB - sell stock before close market
2024-03-21 03:58:59.135 [xxl-job, JobThread-8-1710964736079] INFO  luonq.polygon.TradeExecutor_DB - ready to sell before close market. position={SAIC=StockPosition(stock=SAIC, canSellQty=12.0, costPrice=127.43, currPrice=127.09)}, time=2024-03-21T03:58:59.134
2024-03-21 03:58:59.135 [xxl-job, JobThread-8-1710964736079] INFO  luonq.polygon.TradeExecutor_DB - before close sell stock for market price. stock=SAIC, count=12.0
2024-03-21 03:58:59.218 [FTAPI4JNet] INFO  luonq.futu.TradeApi - unlock success
2024-03-21 03:58:59.286 [xxl-job, JobThread-8-1710964736079] INFO  luonq.polygon.TradeExecutor_DB - sell stock orderId=8034119940666550277
2024-03-21 03:58:59.627 [FTAPI4JNet] INFO  luonq.futu.TradeApi - update order: OrderFill(tradeSide=2, fillID=0, orderID=8034119940666550277, code=SAIC, name=Science Applications International, count=12.0, price=0.0, avgPrice=127.0541, createTime=2024-03-20 15:58:59.276, updateTimestamp=1.710964739679053E9, status=0)
2024-03-21 03:58:59.629 [FTAPI4JNet] INFO  luonq.futu.TradeApi - update order: OrderFill(tradeSide=2, fillID=0, orderID=8034119940666550277, code=SAIC, name=Science Applications International, count=12.0, price=0.0, avgPrice=127.0541, createTime=2024-03-20 15:58:59.276, updateTimestamp=1.710964739679053E9, status=0)
2024-03-21 03:58:59.629 [FTAPI4JNet] INFO  luonq.futu.TradeApi - update order: OrderFill(tradeSide=2, fillID=0, orderID=8034119940666550277, code=SAIC, name=Science Applications International, count=12.0, price=0.0, avgPrice=127.0541, createTime=2024-03-20 15:58:59.276, updateTimestamp=1.710964739679053E9, status=0)
2024-03-21 03:58:59.629 [FTAPI4JNet] INFO  luonq.futu.TradeApi - update order: OrderFill(tradeSide=2, fillID=0, orderID=8034119940666550277, code=SAIC, name=Science Applications International, count=12.0, price=0.0, avgPrice=127.0541, createTime=2024-03-20 15:58:59.276, updateTimestamp=1.710964739679053E9, status=0)
2024-03-21 03:58:59.630 [FTAPI4JNet] INFO  luonq.futu.TradeApi - update order: OrderFill(tradeSide=2, fillID=0, orderID=8034119940666550277, code=SAIC, name=Science Applications International, count=12.0, price=0.0, avgPrice=127.0541, createTime=2024-03-20 15:58:59.276, updateTimestamp=1.710964739679053E9, status=0)
2024-03-21 03:58:59.630 [FTAPI4JNet] INFO  luonq.futu.TradeApi - update order: OrderFill(tradeSide=2, fillID=0, orderID=8034119940666550277, code=SAIC, name=Science Applications International, count=12.0, price=0.0, avgPrice=127.0541, createTime=2024-03-20 15:58:59.276, updateTimestamp=1.710964739679053E9, status=0)
2024-03-21 03:58:59.630 [xxl-job, JobThread-8-1710964736079] INFO  luonq.polygon.TradeExecutor_DB - sell stock success. stock=SAIC, orderId=8034119940666550277
2024-03-21 03:58:59.630 [xxl-job, JobThread-8-1710964736079] INFO  luonq.job.TradeJob - tradeExecutor_db sell
2024-03-21 16:00:00.086 [xxl-job, JobThread-3-1711008000075] INFO  luonq.job.GetDataJob - getTradeDataAndComputeIndicator.job start
2024-03-21 16:00:00.087 [xxl-job, JobThread-3-1711008000075] INFO  luonq.stock.Processor - GetHistoricalDaily.getData start
2024-03-21 16:01:00.629 [xxl-job, JobThread-3-1711008000075] INFO  luonq.stock.Processor - GetHistoricalDaily.getData end. cost: 60s

2024-03-21 16:01:00.631 [xxl-job, JobThread-3-1711008000075] INFO  luonq.stock.Processor - MergeKline.merge start
2024-03-21 16:01:42.565 [xxl-job, JobThread-3-1711008000075] INFO  luonq.stock.Processor - MergeKline.merge end. cost: 41s

2024-03-21 16:01:42.565 [xxl-job, JobThread-3-1711008000075] INFO  luonq.stock.Processor - BollingerForYear.calculate start
2024-03-21 16:01:48.141 [xxl-job, JobThread-3-1711008000075] INFO  luonq.stock.Processor - BollingerForYear.calculate end. cost: 5s

2024-03-21 16:01:48.142 [xxl-job, JobThread-3-1711008000075] INFO  luonq.stock.Processor - MergeBollingerForYear.calculate start
2024-03-21 16:02:37.364 [xxl-job, JobThread-3-1711008000075] INFO  luonq.stock.Processor - MergeBollingerForYear.calculate end. cost: 49s

2024-03-21 16:02:37.365 [xxl-job, JobThread-3-1711008000075] INFO  luonq.stock.Processor - GetHistoricalTrade.getData start
2024-03-21 16:03:47.700 [xxl-job, JobThread-3-1711008000075] INFO  luonq.stock.Processor - GetHistoricalTrade.getData end. cost: 70s

2024-03-21 16:03:47.711 [xxl-job, JobThread-3-1711008000075] INFO  luonq.stock.Processor - GetHistoricalOpenFirstTrade.getData start
2024-03-21 16:04:07.105 [xxl-job, JobThread-3-1711008000075] INFO  luonq.stock.Processor - GetHistoricalOpenFirstTrade.getData end. cost: 19s

2024-03-21 16:04:07.106 [xxl-job, JobThread-3-1711008000075] INFO  luonq.stock.Processor - BollingerWithOpen.calculate start
2024-03-21 16:04:12.808 [xxl-job, JobThread-3-1711008000075] INFO  luonq.stock.Processor - BollingerWithOpen.calculate end. cost: 5s

2024-03-21 16:04:12.809 [xxl-job, JobThread-3-1711008000075] INFO  luonq.stock.Processor - MergeOpenBollingerForYear.calculate start
2024-03-21 16:05:03.151 [xxl-job, JobThread-3-1711008000075] INFO  luonq.stock.Processor - MergeOpenBollingerForYear.calculate end. cost: 50s

2024-03-21 16:05:03.151 [xxl-job, JobThread-3-1711008000075] INFO  luonq.stock.Processor - get data finish
2024-03-21 16:05:03.160 [xxl-job, JobThread-3-1711008000075] INFO  luonq.job.GetDataJob - getTradeDataJobAndComputeIndicator.job end
2024-03-21 16:30:00.069 [xxl-job, JobThread-6-1711009800064] INFO  luonq.job.SyncDataToDBJob - syncDataToDB.job start
2024-03-21 16:30:00.069 [xxl-job, JobThread-6-1711009800064] INFO  luonq.data.WriteToDB - additionToDB begin
2024-03-21 16:30:38.347 [xxl-job, JobThread-6-1711009800064] INFO  luonq.data.WriteToDB - sync count: 4623
2024-03-21 16:30:38.848 [xxl-job, JobThread-6-1711009800064] INFO  luonq.data.WriteToDB - additionToDB end
2024-03-21 16:30:38.855 [xxl-job, JobThread-6-1711009800064] INFO  luonq.job.SyncDataToDBJob - syncDataToDB.job end
2024-03-21 17:00:00.050 [xxl-job, JobThread-4-1711011600042] INFO  luonq.job.GetDataJob - getRehab.job start
2024-03-21 17:00:00.073 [xxl-job, JobThread-4-1711011600042] INFO  luonq.stock.Processor - GetRehab.getData start
2024-03-21 17:50:13.456 [xxl-job, JobThread-4-1711011600042] INFO  luonq.stock.Processor - GetRehab.getData end. cost: 3013s

2024-03-21 17:50:13.475 [xxl-job, JobThread-4-1711011600042] INFO  luonq.job.GetDataJob - getRehab.job end
2024-03-21 19:30:00.085 [xxl-job, JobThread-10-1711020600072] INFO  luonq.job.SyncDataToDBJob - syncRehabToDB.job start
2024-03-21 19:30:00.333 [xxl-job, JobThread-10-1711020600072] INFO  luonq.data.WriteToDB - finish rehabToDB. size=3156
2024-03-21 19:30:00.343 [xxl-job, JobThread-10-1711020600072] INFO  luonq.job.SyncDataToDBJob - syncRehabToDB.job end
2024-03-21 20:00:00.065 [xxl-job, JobThread-5-1711022400057] INFO  luonq.job.GetDataJob - getEarning.job start
2024-03-21 20:00:00.073 [xxl-job, JobThread-5-1711022400057] INFO  luonq.stock.Processor - GrabEarning.getData start
2024-03-21 20:00:05.125 [xxl-job, JobThread-5-1711022400057] INFO  luonq.stock.Processor - GrabEarning.getData end. cost: 5s

2024-03-21 20:00:05.137 [xxl-job, JobThread-5-1711022400057] INFO  luonq.job.GetDataJob - getEarning.job end
2024-03-21 20:10:00.059 [xxl-job, JobThread-9-1711023000052] INFO  luonq.job.SyncDataToDBJob - syncEarningToDB.job start
2024-03-21 20:10:00.114 [xxl-job, JobThread-9-1711023000052] INFO  luonq.data.WriteToDB - sync earning finish. dateList=[2024-03-21], earning sum=123
2024-03-21 20:10:00.123 [xxl-job, JobThread-9-1711023000052] INFO  luonq.job.SyncDataToDBJob - syncEarningToDB.job end
2024-03-21 21:24:00.047 [xxl-job, JobThread-7-1711027440040] INFO  luonq.job.TradeJob - trade_DB.job start
2024-03-21 21:24:00.097 [xxl-job, JobThread-7-1711027440040] INFO  luonq.futu.TradeApi - trade api initialize staring...
2024-03-21 21:24:00.106 [FTAPI4JNet] INFO  luonq.futu.TradeApi - TradeApi onInitConnect: ret=0 desc= connID=7176569236118124062
2024-03-21 21:24:00.115 [FTAPI4JNet] INFO  luonq.futu.TradeApi - TradeApi onInitConnect: ret=0 desc= connID=7176569236116539612
2024-03-21 21:24:03.101 [xxl-job, JobThread-7-1711027440040] INFO  luonq.futu.TradeApi - trade api initialize finish start!
2024-03-21 21:24:03.109 [xxl-job, JobThread-7-1711027440040] INFO  luonq.polygon.RealTimeDataWS_DB - finish initialize many time. preTradeTime=1711027680000, openTime=1711027800000, closeCheckTime=Fri Mar 22 03:59:00 CST 2024
2024-03-21 21:24:03.225 [FTAPI4JNet] INFO  luonq.futu.TradeApi - unlock success
2024-03-21 21:24:04.007 [Grizzly(1)] INFO  luonq.polygon.RealTimeDataWS_DB - opening websocket
2024-03-21 21:24:04.016 [Grizzly(1)] INFO  luonq.polygon.RealTimeDataWS_DB - connected
2024-03-21 21:24:04.268 [Grizzly(2)] INFO  luonq.polygon.RealTimeDataWS_DB - auth_success
2024-03-21 21:24:05.022 [xxl-job, JobThread-7-1711027440040] INFO  luonq.polygon.RealTimeDataWS_DB - finish init trade
2024-03-21 21:24:19.040 [pool-22-thread-1] INFO  luonq.strategy.backup.Strategy_DB - load 2024 finish
2024-03-21 21:25:13.701 [pool-22-thread-2] INFO  luonq.strategy.backup.Strategy_DB - load 2023 finish
2024-03-21 21:25:15.320 [pool-22-thread-3] INFO  luonq.strategy.backup.Strategy_DB - load 2022 finish
2024-03-21 21:25:19.548 [xxl-job, JobThread-7-1711027440040] INFO  luonq.polygon.RealTimeDataWS_DB - stock latest close great 7 size: 479. data: [EHC, ICLR, LEGN, LVO, GRPN, FNKO, VTGN, ATEC, BBY, VIRT, HALO, UHS, GMED, RBT, HYZN, ABBV, EMKR, IQV, WMG, AAP, BCAN, RBOT, DGX, AY, BCAB, RCM, OPTN, ATER, FYBR, EJH, VITL, D, BLUE, CLRB, G, MLTX, VREX, BJ, HPQ, JAGX, BL, K, REXR, M, DHR, ACET, FLT, ATGE, SBOW, ABT, BDX, X, BZ, ZTS, VLN, CC, WRAP, SMCI, RDY, CL, YSG, SDRL, HQY, QBTS, HDSN, BBAI, STRO, IMAX, WOR, GPC, ARCT, KITT, EYEN, CHD, ACHC, HRL, POST, MKTX, ZNTL, WISA, GRTS, HRT, ADN, SHC, DV, DX, EVBG, PBH, MDGL, ARDX, EA, EME, ENSG, ED, VTLE, BBDC, MSCI, EM, TCON, AEP, REYN, AER, ET, HSY, EW, PCG, BCEL, VOR, IVVD, RGR, BHE, FE, BRBR, MGNX, AGRI, SPNT, FN, CBAY, BSFC, PDD, SJM, RHP, SJT, GSK, DMTK, LQDA, GH, HUM, ARHS, CRBP, WELL, IRON, TMC, HOLO, PEB, RNLX, BZUN, MGNI, HOLX, INGR, TMO, PEN, WST, PEP, ARGX, ISRG, STVN, NAT, HOOK, FRO, SIBN, ARIS, EPR, FOUR, ICUI, CLX, MULN, EQC, QNST, BKD, VERU, CME, SLS, CMG, VERX, SQSP, NBR, CYRX, FSR, POWL, AUPH, SMR, CNC, CRCT, CNK, MAT, MDLZ, XENE, PTCT, RLJ, PMVP, LSXMA, PLTK, CDIO, LSXMK, GLOB, EXLS, COO, JANX, GOSS, SPRB, OKTA, OGE, SON, CPB, MCK, ASND, NEP, IART, IDXX, KTRA, LH, LDOS, XPEV, ALL, MCY, ETR, SPB, DRS, SNPX, PTEN, LRMR, LW, SWBI, MDC, TRP, FTCI, VVV, CTKB, AMC, ME, AMD, HNRG, UTZ, PJT, HRZN, DADA, CTLT, TSE, DSX, AMT, ORCL, TAST, BOX, ASPN, OII, ROL, EVA, NGL, DTE, NGM, SNPS, OIS, RGEN, JMIA, ATRC, CHTR, SWAV, PLUS, ERAS, TTC, PSEC, CRS, NS, SRE, NBIX, AQMS, LBPH, LEVI, AEVA, SOUN, PRCT, FSCO, LPLA, KBR, OM, QDEL, PIRS, AAON, APLS, LTRX, SMPL, EXC, BRC, NIO, APD, RZLT, PG, NIU, FFIE, OTLK, ADVM, TIGR, CERE, TPVG, NVST, BWXT, MRNS, GSBD, OLK, NCNO, GDDY, SMSI, STZ, LBRT, BSM, DOCU, OXSQ, BSX, RSG, NTNX, EPAM, MDRX, CERT, CERS, VRSK, MRNA, IFBD, VRSN, CVX, FLYW, BTTX, INTZ, FREE, SE, RTX, HLTH, BDTX, ASO, SEEL, INSP, NVTS, MKC, INST, TYL, QSI, VRTX, IIIV, ATXS, CTRM, VATE, VTYX, INTC, ALHC, MANU, ATXI, ICU, ETNB, CCRN, EVRG, PGTI, FEMY, AQST, LICY, RDHL, NUVB, CYN, PODD, HSCS, ZVSA, MMC, SYK, HCA, FULC, ANNX, OBLG, SYY, MMS, HCP, MAPS, VNOM, VZIO, EVTL, MASI, WH, SHOO, AWI, TNXP, WM, WT, WW, SRAD, MRSN, MOH, MOR, WKHS, HES, ZLAB, GCT, REKR, CARR, RXST, WCN, BIDU, TSCO, CARG, ENFN, LNT, MPW, IHS, IRBT, RVPH, KMB, PSNL, ALNY, EAF, SIRI, DBRG, BATRK, SRCL, GEL, FCN, WEC, AKLI, TTEC, HTHT, AMPH, LPG, HUMA, FUSN, RGTI, AGEN, COOK, SPCE, MSI, ULTA, GGE, AGFY, AMRX, LBRDK, DARE, BFAM, SBFM, ALPN, CPRI, TAP, VEEV, ADAP, QTRX, OXY, VFC, MNSO, DBX, PCTY, LILM, NWE, OSUR, STKL, GMAB, CAG, VOYA, CAH, GIL, QMCO, GIS, ELEV, ATAT, ADBE, TRGP, GMDA, GETY, HLF, MNTS, WIMI, SUPN, HLN, DDL, UTHR, SAIC, TDC, MMSI, NOTE, BMRN, FWONK, CBZ, NVAX, DXCM, AFIB, ADEA, MNST, DPRO, IOT, BHIL, KSCP, CLNN, DAVA, AKRO, BAX, FDUS]
2024-03-21 21:25:19.554 [xxl-job, JobThread-7-1711027440040] INFO  luonq.polygon.RealTimeDataWS_DB - stock overbolling hit great 0.500000 size: 461. data: [EHC, ICLR, LEGN, LVO, GRPN, FNKO, VTGN, ATEC, BBY, VIRT, HALO, UHS, RBT, HYZN, ABBV, EMKR, IQV, WMG, AAP, BCAN, RBOT, DGX, AY, BCAB, RCM, OPTN, ATER, EJH, VITL, D, BLUE, CLRB, G, MLTX, VREX, BJ, HPQ, JAGX, BL, K, REXR, M, DHR, ACET, FLT, ATGE, SBOW, BDX, X, BZ, ZTS, VLN, CC, WRAP, SMCI, RDY, CL, YSG, SDRL, HQY, QBTS, HDSN, BBAI, STRO, IMAX, WOR, GPC, ARCT, KITT, EYEN, CHD, ACHC, HRL, POST, MKTX, ZNTL, WISA, GRTS, HRT, ADN, SHC, DV, DX, EVBG, PBH, MDGL, ARDX, EA, EME, ENSG, ED, VTLE, BBDC, MSCI, EM, TCON, AEP, REYN, AER, ET, HSY, EW, PCG, BCEL, VOR, IVVD, RGR, BHE, FE, BRBR, MGNX, AGRI, SPNT, FN, CBAY, BSFC, PDD, SJM, RHP, SJT, GSK, DMTK, LQDA, GH, HUM, ARHS, CRBP, WELL, IRON, TMC, HOLO, PEB, RNLX, BZUN, MGNI, HOLX, TMO, PEN, WST, PEP, ARGX, ISRG, STVN, NAT, HOOK, FRO, SIBN, ARIS, EPR, FOUR, ICUI, CLX, EQC, QNST, BKD, VERU, CME, SLS, CMG, VERX, SQSP, NBR, CYRX, FSR, POWL, AUPH, SMR, CNC, CRCT, CNK, MAT, MDLZ, XENE, PTCT, RLJ, PMVP, LSXMA, PLTK, CDIO, LSXMK, GLOB, EXLS, COO, JANX, GOSS, SPRB, OKTA, SON, CPB, MCK, ASND, IART, IDXX, KTRA, LH, LDOS, XPEV, ALL, MCY, ETR, SPB, DRS, SNPX, PTEN, LRMR, LW, SWBI, MDC, TRP, FTCI, VVV, CTKB, AMC, ME, AMD, HNRG, UTZ, PJT, HRZN, DADA, CTLT, TSE, DSX, AMT, ORCL, TAST, BOX, ASPN, OII, ROL, EVA, NGL, DTE, NGM, SNPS, OIS, RGEN, JMIA, ATRC, CHTR, SWAV, PLUS, ERAS, TTC, PSEC, CRS, NS, SRE, NBIX, AQMS, LBPH, LEVI, AEVA, SOUN, PRCT, FSCO, LPLA, KBR, OM, QDEL, PIRS, AAON, APLS, LTRX, SMPL, BRC, NIO, APD, RZLT, PG, NIU, FFIE, OTLK, ADVM, TIGR, CERE, TPVG, NVST, MRNS, GSBD, OLK, NCNO, GDDY, SMSI, STZ, LBRT, DOCU, OXSQ, BSX, NTNX, EPAM, MDRX, CERT, CERS, VRSK, MRNA, IFBD, VRSN, CVX, FLYW, BTTX, INTZ, FREE, SE, RTX, HLTH, ASO, SEEL, INSP, MKC, INST, TYL, QSI, VRTX, IIIV, ATXS, CTRM, VATE, VTYX, INTC, ALHC, MANU, ATXI, ICU, CCRN, EVRG, PGTI, FEMY, AQST, LICY, RDHL, NUVB, CYN, HSCS, ZVSA, MMC, SYK, HCA, FULC, ANNX, OBLG, SYY, MMS, HCP, MAPS, VNOM, VZIO, EVTL, MASI, WH, SHOO, AWI, TNXP, WM, WT, WW, SRAD, MRSN, MOH, MOR, WKHS, HES, ZLAB, GCT, REKR, CARR, RXST, WCN, BIDU, TSCO, CARG, ENFN, LNT, MPW, IHS, IRBT, RVPH, KMB, PSNL, ALNY, EAF, SIRI, DBRG, BATRK, SRCL, GEL, FCN, WEC, AKLI, TTEC, HTHT, AMPH, LPG, HUMA, FUSN, RGTI, AGEN, COOK, SPCE, ULTA, GGE, AGFY, AMRX, LBRDK, DARE, BFAM, SBFM, ALPN, CPRI, TAP, VEEV, ADAP, QTRX, OXY, VFC, MNSO, DBX, PCTY, LILM, NWE, OSUR, STKL, GMAB, CAG, VOYA, CAH, GIL, QMCO, GIS, ELEV, ATAT, ADBE, TRGP, GMDA, GETY, HLF, MNTS, WIMI, SUPN, DDL, UTHR, SAIC, TDC, MMSI, NOTE, BMRN, FWONK, CBZ, NVAX, DXCM, AFIB, ADEA, MNST, DPRO, IOT, BHIL, CLNN, DAVA, AKRO, BAX, FDUS]
2024-03-21 21:25:19.555 [xxl-job, JobThread-7-1711027440040] INFO  luonq.polygon.RealTimeDataWS_DB - filter merge stock, the stock set size is 461. data: [EHC, ICLR, LEGN, LVO, GRPN, FNKO, VTGN, ATEC, BBY, VIRT, HALO, UHS, RBT, HYZN, ABBV, EMKR, IQV, WMG, AAP, BCAN, RBOT, DGX, AY, BCAB, RCM, OPTN, ATER, EJH, VITL, D, BLUE, CLRB, G, MLTX, VREX, BJ, HPQ, JAGX, BL, K, REXR, M, DHR, ACET, FLT, ATGE, SBOW, BDX, X, BZ, ZTS, VLN, CC, WRAP, SMCI, RDY, CL, YSG, SDRL, HQY, QBTS, HDSN, BBAI, STRO, IMAX, WOR, GPC, ARCT, KITT, EYEN, CHD, ACHC, HRL, POST, MKTX, ZNTL, WISA, GRTS, HRT, ADN, SHC, DV, DX, EVBG, PBH, MDGL, ARDX, EA, EME, ENSG, ED, VTLE, BBDC, MSCI, EM, TCON, AEP, REYN, AER, ET, HSY, EW, PCG, BCEL, VOR, IVVD, RGR, BHE, FE, BRBR, MGNX, AGRI, SPNT, FN, CBAY, BSFC, PDD, SJM, RHP, SJT, GSK, DMTK, LQDA, GH, HUM, ARHS, CRBP, WELL, IRON, TMC, HOLO, PEB, RNLX, BZUN, MGNI, HOLX, TMO, PEN, WST, PEP, ARGX, ISRG, STVN, NAT, HOOK, FRO, SIBN, ARIS, EPR, FOUR, ICUI, CLX, EQC, QNST, BKD, VERU, CME, SLS, CMG, VERX, SQSP, NBR, CYRX, FSR, POWL, AUPH, SMR, CNC, CRCT, CNK, MAT, MDLZ, XENE, PTCT, RLJ, PMVP, LSXMA, PLTK, CDIO, LSXMK, GLOB, EXLS, COO, JANX, GOSS, SPRB, OKTA, SON, CPB, MCK, ASND, IART, IDXX, KTRA, LH, LDOS, XPEV, ALL, MCY, ETR, SPB, DRS, SNPX, PTEN, LRMR, LW, SWBI, MDC, TRP, FTCI, VVV, CTKB, AMC, ME, AMD, HNRG, UTZ, PJT, HRZN, DADA, CTLT, TSE, DSX, AMT, ORCL, TAST, BOX, ASPN, OII, ROL, EVA, NGL, DTE, NGM, SNPS, OIS, RGEN, JMIA, ATRC, CHTR, SWAV, PLUS, ERAS, TTC, PSEC, CRS, NS, SRE, NBIX, AQMS, LBPH, LEVI, AEVA, SOUN, PRCT, FSCO, LPLA, KBR, OM, QDEL, PIRS, AAON, APLS, LTRX, SMPL, BRC, NIO, APD, RZLT, PG, NIU, FFIE, OTLK, ADVM, TIGR, CERE, TPVG, NVST, MRNS, GSBD, OLK, NCNO, GDDY, SMSI, STZ, LBRT, DOCU, OXSQ, BSX, NTNX, EPAM, MDRX, CERT, CERS, VRSK, MRNA, IFBD, VRSN, CVX, FLYW, BTTX, INTZ, FREE, SE, RTX, HLTH, ASO, SEEL, INSP, MKC, INST, TYL, QSI, VRTX, IIIV, ATXS, CTRM, VATE, VTYX, INTC, ALHC, MANU, ATXI, ICU, CCRN, EVRG, PGTI, FEMY, AQST, LICY, RDHL, NUVB, CYN, HSCS, ZVSA, MMC, SYK, HCA, FULC, ANNX, OBLG, SYY, MMS, HCP, MAPS, VNOM, VZIO, EVTL, MASI, WH, SHOO, AWI, TNXP, WM, WT, WW, SRAD, MRSN, MOH, MOR, WKHS, HES, ZLAB, GCT, REKR, CARR, RXST, WCN, BIDU, TSCO, CARG, ENFN, LNT, MPW, IHS, IRBT, RVPH, KMB, PSNL, ALNY, EAF, SIRI, DBRG, BATRK, SRCL, GEL, FCN, WEC, AKLI, TTEC, HTHT, AMPH, LPG, HUMA, FUSN, RGTI, AGEN, COOK, SPCE, ULTA, GGE, AGFY, AMRX, LBRDK, DARE, BFAM, SBFM, ALPN, CPRI, TAP, VEEV, ADAP, QTRX, OXY, VFC, MNSO, DBX, PCTY, LILM, NWE, OSUR, STKL, GMAB, CAG, VOYA, CAH, GIL, QMCO, GIS, ELEV, ATAT, ADBE, TRGP, GMDA, GETY, HLF, MNTS, WIMI, SUPN, DDL, UTHR, SAIC, TDC, MMSI, NOTE, BMRN, FWONK, CBZ, NVAX, DXCM, AFIB, ADEA, MNST, DPRO, IOT, BHIL, CLNN, DAVA, AKRO, BAX, FDUS]
2024-03-21 21:25:19.559 [xxl-job, JobThread-7-1711027440040] INFO  luonq.polygon.RealTimeDataWS_DB - filter split stock, the stock set size is 460. data: [EHC, ICLR, LEGN, LVO, GRPN, FNKO, VTGN, ATEC, BBY, VIRT, HALO, UHS, RBT, HYZN, ABBV, EMKR, IQV, WMG, AAP, BCAN, RBOT, DGX, AY, BCAB, RCM, OPTN, ATER, EJH, VITL, D, BLUE, CLRB, G, MLTX, VREX, BJ, HPQ, JAGX, BL, K, REXR, M, DHR, ACET, FLT, ATGE, SBOW, BDX, X, BZ, ZTS, VLN, CC, WRAP, SMCI, RDY, CL, YSG, SDRL, HQY, QBTS, HDSN, BBAI, STRO, IMAX, WOR, GPC, ARCT, KITT, EYEN, CHD, ACHC, HRL, POST, MKTX, ZNTL, WISA, GRTS, HRT, ADN, SHC, DV, DX, EVBG, PBH, MDGL, ARDX, EA, EME, ENSG, ED, VTLE, BBDC, MSCI, EM, TCON, AEP, REYN, AER, ET, HSY, EW, PCG, BCEL, VOR, IVVD, RGR, BHE, FE, BRBR, MGNX, AGRI, SPNT, FN, CBAY, BSFC, PDD, SJM, RHP, SJT, GSK, DMTK, LQDA, GH, HUM, ARHS, CRBP, WELL, IRON, TMC, HOLO, PEB, RNLX, BZUN, MGNI, HOLX, TMO, PEN, WST, PEP, ARGX, ISRG, STVN, NAT, HOOK, FRO, SIBN, ARIS, EPR, FOUR, ICUI, CLX, EQC, QNST, BKD, VERU, CME, SLS, CMG, VERX, SQSP, NBR, CYRX, FSR, POWL, AUPH, SMR, CNC, CRCT, CNK, MAT, MDLZ, XENE, PTCT, RLJ, PMVP, LSXMA, PLTK, CDIO, LSXMK, GLOB, EXLS, COO, JANX, GOSS, SPRB, OKTA, SON, CPB, MCK, ASND, IART, IDXX, KTRA, LH, LDOS, XPEV, ALL, MCY, ETR, SPB, DRS, SNPX, PTEN, LRMR, LW, SWBI, MDC, TRP, FTCI, VVV, CTKB, AMC, ME, AMD, HNRG, UTZ, PJT, HRZN, DADA, CTLT, TSE, DSX, AMT, ORCL, TAST, BOX, ASPN, OII, ROL, EVA, NGL, DTE, NGM, SNPS, OIS, RGEN, JMIA, ATRC, CHTR, SWAV, PLUS, ERAS, TTC, PSEC, CRS, NS, SRE, NBIX, AQMS, LBPH, LEVI, AEVA, SOUN, PRCT, FSCO, LPLA, KBR, OM, QDEL, PIRS, AAON, APLS, LTRX, SMPL, BRC, NIO, APD, RZLT, PG, NIU, FFIE, OTLK, ADVM, TIGR, CERE, TPVG, NVST, MRNS, GSBD, OLK, NCNO, GDDY, SMSI, STZ, LBRT, DOCU, OXSQ, BSX, NTNX, EPAM, MDRX, CERT, CERS, VRSK, MRNA, IFBD, VRSN, CVX, FLYW, BTTX, INTZ, FREE, SE, RTX, HLTH, ASO, SEEL, INSP, MKC, INST, TYL, QSI, VRTX, IIIV, ATXS, CTRM, VATE, VTYX, INTC, ALHC, MANU, ATXI, ICU, CCRN, EVRG, PGTI, FEMY, AQST, LICY, RDHL, NUVB, CYN, HSCS, ZVSA, MMC, SYK, HCA, FULC, ANNX, OBLG, SYY, MMS, HCP, MAPS, VNOM, VZIO, EVTL, MASI, WH, SHOO, AWI, TNXP, WM, WT, WW, SRAD, MRSN, MOH, MOR, WKHS, HES, ZLAB, GCT, REKR, CARR, RXST, WCN, BIDU, TSCO, CARG, ENFN, LNT, MPW, IHS, IRBT, RVPH, KMB, PSNL, ALNY, EAF, SIRI, DBRG, BATRK, SRCL, GEL, FCN, WEC, AKLI, TTEC, HTHT, AMPH, LPG, HUMA, FUSN, RGTI, AGEN, COOK, SPCE, ULTA, GGE, AGFY, AMRX, LBRDK, DARE, BFAM, SBFM, ALPN, CPRI, TAP, VEEV, ADAP, QTRX, OXY, VFC, MNSO, DBX, PCTY, LILM, NWE, OSUR, STKL, GMAB, CAG, VOYA, CAH, GIL, QMCO, GIS, ELEV, ATAT, ADBE, TRGP, GMDA, GETY, HLF, MNTS, WIMI, SUPN, DDL, UTHR, SAIC, TDC, MMSI, NOTE, BMRN, FWONK, CBZ, NVAX, DXCM, AFIB, ADEA, DPRO, IOT, BHIL, CLNN, DAVA, AKRO, BAX, FDUS]
2024-03-21 21:25:20.000 [xxl-job, JobThread-7-1711027440040] INFO  luonq.polygon.RealTimeDataWS_DB - filter front reinstatement less 0.98 stock, the stock set size is 441. data: [EHC, ICLR, LEGN, LVO, GRPN, FNKO, VTGN, ATEC, BBY, VIRT, HALO, UHS, RBT, HYZN, ABBV, EMKR, IQV, WMG, AAP, BCAN, RBOT, DGX, BCAB, RCM, OPTN, ATER, EJH, VITL, D, BLUE, CLRB, G, MLTX, VREX, BJ, HPQ, JAGX, BL, K, REXR, M, DHR, ACET, FLT, ATGE, SBOW, BDX, X, BZ, ZTS, VLN, CC, WRAP, SMCI, RDY, CL, YSG, SDRL, HQY, QBTS, HDSN, BBAI, STRO, IMAX, WOR, GPC, ARCT, KITT, EYEN, CHD, ACHC, HRL, POST, MKTX, ZNTL, WISA, GRTS, HRT, ADN, SHC, DV, DX, EVBG, PBH, MDGL, ARDX, EA, EME, ENSG, ED, VTLE, MSCI, EM, TCON, AEP, REYN, AER, HSY, EW, PCG, BCEL, VOR, IVVD, RGR, BHE, FE, BRBR, MGNX, AGRI, SPNT, FN, CBAY, BSFC, PDD, SJM, RHP, SJT, GSK, DMTK, LQDA, GH, HUM, CRBP, WELL, IRON, TMC, HOLO, PEB, RNLX, BZUN, MGNI, HOLX, TMO, PEN, WST, PEP, ARGX, ISRG, STVN, HOOK, FRO, SIBN, ARIS, EPR, FOUR, ICUI, CLX, QNST, BKD, VERU, CME, SLS, CMG, VERX, SQSP, NBR, CYRX, FSR, POWL, AUPH, SMR, CNC, CNK, MAT, MDLZ, XENE, PTCT, RLJ, PMVP, LSXMA, PLTK, CDIO, LSXMK, GLOB, JANX, GOSS, SPRB, OKTA, SON, CPB, MCK, ASND, IART, IDXX, KTRA, LH, LDOS, XPEV, ALL, MCY, ETR, SPB, DRS, SNPX, PTEN, LRMR, LW, SWBI, MDC, FTCI, VVV, CTKB, AMC, ME, AMD, HNRG, UTZ, PJT, HRZN, DADA, CTLT, TSE, AMT, ORCL, TAST, BOX, ASPN, OII, ROL, EVA, NGL, DTE, NGM, SNPS, OIS, RGEN, JMIA, ATRC, CHTR, SWAV, PLUS, ERAS, TTC, PSEC, CRS, NS, SRE, NBIX, AQMS, LBPH, LEVI, AEVA, SOUN, PRCT, FSCO, LPLA, KBR, OM, QDEL, PIRS, AAON, APLS, LTRX, SMPL, BRC, NIO, APD, RZLT, PG, NIU, FFIE, OTLK, ADVM, TIGR, CERE, NVST, MRNS, OLK, NCNO, GDDY, SMSI, STZ, LBRT, DOCU, OXSQ, BSX, NTNX, EPAM, MDRX, CERT, CERS, VRSK, MRNA, IFBD, VRSN, CVX, FLYW, BTTX, INTZ, FREE, SE, RTX, HLTH, ASO, SEEL, INSP, MKC, INST, TYL, QSI, VRTX, IIIV, ATXS, VATE, VTYX, INTC, ALHC, MANU, ATXI, ICU, CCRN, EVRG, PGTI, FEMY, AQST, LICY, RDHL, NUVB, HSCS, ZVSA, MMC, SYK, HCA, FULC, ANNX, OBLG, SYY, MMS, HCP, MAPS, VNOM, VZIO, EVTL, MASI, WH, SHOO, AWI, TNXP, WM, WT, WW, SRAD, MRSN, MOH, MOR, WKHS, HES, ZLAB, GCT, REKR, CARR, RXST, WCN, BIDU, TSCO, CARG, ENFN, LNT, MPW, IHS, IRBT, RVPH, KMB, PSNL, ALNY, EAF, SIRI, DBRG, BATRK, SRCL, GEL, FCN, WEC, AKLI, AMPH, HUMA, FUSN, RGTI, AGEN, COOK, SPCE, ULTA, GGE, AGFY, AMRX, LBRDK, DARE, BFAM, SBFM, ALPN, CPRI, TAP, VEEV, ADAP, QTRX, OXY, VFC, MNSO, DBX, PCTY, LILM, NWE, OSUR, STKL, GMAB, CAG, VOYA, CAH, GIL, QMCO, GIS, ELEV, ATAT, ADBE, TRGP, GMDA, GETY, HLF, MNTS, WIMI, SUPN, DDL, UTHR, SAIC, TDC, MMSI, NOTE, BMRN, FWONK, CBZ, NVAX, DXCM, AFIB, ADEA, DPRO, IOT, BHIL, CLNN, DAVA, AKRO, BAX]
2024-03-21 21:25:20.000 [xxl-job, JobThread-7-1711027440040] INFO  luonq.polygon.RealTimeDataWS_DB - filter earning and lastEarning stock, the stock set size is 430. data: [EHC, ICLR, LEGN, LVO, GRPN, FNKO, VTGN, ATEC, BBY, VIRT, HALO, UHS, RBT, HYZN, ABBV, EMKR, IQV, WMG, AAP, BCAN, RBOT, DGX, BCAB, RCM, OPTN, ATER, EJH, VITL, D, BLUE, CLRB, G, MLTX, VREX, BJ, HPQ, JAGX, BL, K, REXR, M, DHR, ACET, FLT, ATGE, SBOW, BDX, X, BZ, ZTS, VLN, CC, WRAP, SMCI, RDY, CL, YSG, SDRL, QBTS, HDSN, BBAI, STRO, IMAX, GPC, ARCT, KITT, EYEN, CHD, ACHC, HRL, POST, MKTX, ZNTL, WISA, GRTS, HRT, ADN, SHC, DV, DX, EVBG, PBH, MDGL, ARDX, EA, EME, ENSG, ED, VTLE, MSCI, EM, TCON, AEP, REYN, AER, HSY, EW, PCG, BCEL, VOR, IVVD, RGR, BHE, FE, BRBR, MGNX, SPNT, FN, CBAY, BSFC, SJM, RHP, SJT, GSK, DMTK, LQDA, GH, HUM, CRBP, WELL, IRON, TMC, HOLO, PEB, RNLX, MGNI, HOLX, TMO, PEN, WST, PEP, ARGX, ISRG, STVN, HOOK, FRO, SIBN, ARIS, EPR, FOUR, ICUI, CLX, QNST, BKD, VERU, CME, SLS, CMG, VERX, SQSP, NBR, CYRX, FSR, POWL, AUPH, SMR, CNC, CNK, MAT, MDLZ, XENE, PTCT, RLJ, PMVP, LSXMA, PLTK, CDIO, LSXMK, GLOB, JANX, GOSS, SPRB, OKTA, SON, CPB, MCK, ASND, IART, IDXX, KTRA, LH, LDOS, XPEV, ALL, MCY, ETR, SPB, DRS, SNPX, PTEN, LRMR, LW, SWBI, MDC, FTCI, VVV, CTKB, AMC, ME, AMD, HNRG, UTZ, PJT, HRZN, DADA, CTLT, TSE, AMT, ORCL, TAST, BOX, ASPN, OII, ROL, EVA, NGL, DTE, NGM, SNPS, OIS, RGEN, JMIA, ATRC, CHTR, SWAV, PLUS, ERAS, TTC, PSEC, CRS, NS, SRE, NBIX, AQMS, LBPH, LEVI, AEVA, SOUN, PRCT, FSCO, LPLA, KBR, OM, QDEL, PIRS, AAON, APLS, LTRX, SMPL, BRC, NIO, APD, RZLT, PG, NIU, FFIE, OTLK, ADVM, CERE, NVST, MRNS, OLK, NCNO, GDDY, SMSI, STZ, LBRT, DOCU, OXSQ, BSX, NTNX, EPAM, MDRX, CERT, CERS, VRSK, MRNA, IFBD, VRSN, CVX, FLYW, BTTX, FREE, SE, RTX, HLTH, SEEL, INSP, MKC, INST, TYL, QSI, VRTX, IIIV, ATXS, VATE, VTYX, INTC, ALHC, MANU, ATXI, ICU, CCRN, EVRG, PGTI, FEMY, AQST, LICY, RDHL, NUVB, HSCS, ZVSA, MMC, SYK, HCA, FULC, ANNX, SYY, MMS, HCP, MAPS, VNOM, VZIO, EVTL, MASI, WH, SHOO, AWI, TNXP, WM, WT, WW, MRSN, MOH, MOR, WKHS, HES, ZLAB, GCT, REKR, CARR, RXST, WCN, BIDU, TSCO, CARG, ENFN, LNT, MPW, IHS, IRBT, RVPH, KMB, PSNL, ALNY, EAF, SIRI, DBRG, BATRK, SRCL, GEL, FCN, WEC, AKLI, AMPH, HUMA, FUSN, RGTI, AGEN, COOK, SPCE, ULTA, GGE, AGFY, AMRX, LBRDK, DARE, BFAM, SBFM, ALPN, CPRI, TAP, VEEV, ADAP, QTRX, OXY, VFC, MNSO, DBX, PCTY, LILM, NWE, OSUR, STKL, GMAB, CAG, VOYA, CAH, GIL, QMCO, ELEV, ATAT, ADBE, TRGP, GMDA, GETY, HLF, MNTS, WIMI, SUPN, DDL, UTHR, SAIC, TDC, MMSI, NOTE, BMRN, FWONK, CBZ, NVAX, DXCM, AFIB, ADEA, DPRO, IOT, BHIL, CLNN, DAVA, AKRO, BAX]
2024-03-21 21:25:20.001 [xxl-job, JobThread-7-1711027440040] INFO  luonq.polygon.RealTimeDataWS_DB - after filte: [EHC, ICLR, LEGN, LVO, GRPN, FNKO, VTGN, ATEC, BBY, VIRT, HALO, UHS, RBT, HYZN, ABBV, EMKR, IQV, WMG, AAP, BCAN, RBOT, DGX, BCAB, RCM, OPTN, ATER, VITL, D, BLUE, CLRB, G, MLTX, VREX, BJ, HPQ, BL, K, REXR, M, DHR, ACET, FLT, ATGE, SBOW, BDX, X, BZ, ZTS, VLN, CC, WRAP, SMCI, RDY, CL, YSG, SDRL, QBTS, HDSN, BBAI, STRO, IMAX, GPC, ARCT, KITT, EYEN, CHD, ACHC, HRL, POST, MKTX, ZNTL, GRTS, HRT, ADN, SHC, DV, DX, EVBG, PBH, MDGL, ARDX, EA, EME, ENSG, ED, VTLE, MSCI, EM, TCON, AEP, REYN, AER, HSY, EW, PCG, BCEL, VOR, IVVD, RGR, BHE, FE, BRBR, MGNX, SPNT, FN, CBAY, BSFC, SJM, RHP, SJT, GSK, DMTK, LQDA, GH, HUM, WELL, IRON, TMC, HOLO, PEB, RNLX, MGNI, HOLX, TMO, PEN, WST, PEP, ARGX, ISRG, STVN, HOOK, FRO, SIBN, ARIS, EPR, FOUR, ICUI, CLX, QNST, BKD, VERU, CME, SLS, CMG, VERX, SQSP, NBR, CYRX, FSR, POWL, AUPH, SMR, CNC, CNK, MAT, MDLZ, XENE, PTCT, RLJ, PMVP, LSXMA, PLTK, CDIO, LSXMK, GLOB, JANX, GOSS, SPRB, OKTA, SON, CPB, MCK, ASND, IART, IDXX, KTRA, LH, LDOS, XPEV, ALL, MCY, ETR, SPB, DRS, SNPX, PTEN, LRMR, LW, SWBI, MDC, FTCI, VVV, CTKB, AMC, ME, AMD, HNRG, UTZ, PJT, HRZN, DADA, CTLT, TSE, AMT, ORCL, TAST, BOX, ASPN, OII, ROL, EVA, NGL, DTE, NGM, SNPS, OIS, RGEN, JMIA, ATRC, CHTR, SWAV, PLUS, ERAS, TTC, PSEC, CRS, NS, SRE, NBIX, AQMS, LBPH, LEVI, AEVA, SOUN, PRCT, FSCO, LPLA, KBR, OM, QDEL, PIRS, AAON, APLS, LTRX, SMPL, BRC, NIO, APD, RZLT, PG, NIU, FFIE, OTLK, ADVM, CERE, NVST, MRNS, OLK, NCNO, GDDY, SMSI, STZ, LBRT, DOCU, OXSQ, BSX, NTNX, EPAM, MDRX, CERT, CERS, VRSK, MRNA, VRSN, CVX, FLYW, BTTX, FREE, SE, RTX, HLTH, SEEL, INSP, MKC, INST, TYL, QSI, VRTX, IIIV, ATXS, VATE, VTYX, INTC, ALHC, MANU, ATXI, ICU, CCRN, EVRG, PGTI, FEMY, AQST, LICY, NUVB, HSCS, ZVSA, MMC, SYK, HCA, FULC, ANNX, SYY, MMS, HCP, MAPS, VNOM, VZIO, EVTL, MASI, WH, SHOO, AWI, WM, WT, WW, MRSN, MOH, MOR, WKHS, HES, ZLAB, GCT, REKR, CARR, RXST, WCN, BIDU, TSCO, CARG, ENFN, LNT, MPW, IHS, IRBT, RVPH, KMB, PSNL, ALNY, EAF, SIRI, DBRG, BATRK, SRCL, GEL, FCN, WEC, AKLI, AMPH, HUMA, FUSN, RGTI, AGEN, COOK, SPCE, ULTA, GGE, AGFY, AMRX, LBRDK, DARE, BFAM, SBFM, ALPN, CPRI, TAP, VEEV, ADAP, QTRX, OXY, VFC, MNSO, DBX, PCTY, LILM, NWE, OSUR, STKL, GMAB, CAG, VOYA, CAH, GIL, QMCO, ELEV, ATAT, ADBE, TRGP, GMDA, GETY, HLF, MNTS, WIMI, SUPN, DDL, UTHR, SAIC, TDC, MMSI, NOTE, BMRN, FWONK, CBZ, NVAX, DXCM, AFIB, ADEA, DPRO, IOT, BHIL, CLNN, DAVA, AKRO, BAX]
2024-03-21 21:25:20.003 [xxl-job, JobThread-7-1711027440040] INFO  luonq.polygon.RealTimeDataWS_DB - finish load last DN for BOLL
2024-03-21 21:25:20.020 [xxl-job, JobThread-7-1711027440040] INFO  luonq.polygon.RealTimeDataWS_DB - finish load lastest 19-days close data
2024-03-21 21:25:20.020 [xxl-job, JobThread-7-1711027440040] INFO  luonq.polygon.RealTimeDataWS_DB - finish init historical data
2024-03-21 21:25:20.022 [xxl-job, JobThread-7-1711027440040] INFO  luonq.polygon.RealTimeDataWS_DB - wait pre trade time. now is 21:25:20
2024-03-21 21:25:25.031 [xxl-job, JobThread-7-1711027440040] INFO  luonq.polygon.RealTimeDataWS_DB - wait pre trade time. now is 21:25:25
2024-03-21 21:25:30.038 [xxl-job, JobThread-7-1711027440040] INFO  luonq.polygon.RealTimeDataWS_DB - wait pre trade time. now is 21:25:30
2024-03-21 21:25:35.046 [xxl-job, JobThread-7-1711027440040] INFO  luonq.polygon.RealTimeDataWS_DB - wait pre trade time. now is 21:25:35
2024-03-21 21:25:40.056 [xxl-job, JobThread-7-1711027440040] INFO  luonq.polygon.RealTimeDataWS_DB - wait pre trade time. now is 21:25:40
2024-03-21 21:25:45.066 [xxl-job, JobThread-7-1711027440040] INFO  luonq.polygon.RealTimeDataWS_DB - wait pre trade time. now is 21:25:45
2024-03-21 21:25:50.076 [xxl-job, JobThread-7-1711027440040] INFO  luonq.polygon.RealTimeDataWS_DB - wait pre trade time. now is 21:25:50
2024-03-21 21:25:55.086 [xxl-job, JobThread-7-1711027440040] INFO  luonq.polygon.RealTimeDataWS_DB - wait pre trade time. now is 21:25:55
2024-03-21 21:26:00.094 [xxl-job, JobThread-7-1711027440040] INFO  luonq.polygon.RealTimeDataWS_DB - wait pre trade time. now is 21:26:00
2024-03-21 21:26:05.096 [xxl-job, JobThread-7-1711027440040] INFO  luonq.polygon.RealTimeDataWS_DB - wait pre trade time. now is 21:26:05
2024-03-21 21:26:10.105 [xxl-job, JobThread-7-1711027440040] INFO  luonq.polygon.RealTimeDataWS_DB - wait pre trade time. now is 21:26:10
2024-03-21 21:26:15.108 [xxl-job, JobThread-7-1711027440040] INFO  luonq.polygon.RealTimeDataWS_DB - wait pre trade time. now is 21:26:15
2024-03-21 21:26:20.120 [xxl-job, JobThread-7-1711027440040] INFO  luonq.polygon.RealTimeDataWS_DB - wait pre trade time. now is 21:26:20
2024-03-21 21:26:25.130 [xxl-job, JobThread-7-1711027440040] INFO  luonq.polygon.RealTimeDataWS_DB - wait pre trade time. now is 21:26:25
2024-03-21 21:26:30.138 [xxl-job, JobThread-7-1711027440040] INFO  luonq.polygon.RealTimeDataWS_DB - wait pre trade time. now is 21:26:30
2024-03-21 21:26:35.148 [xxl-job, JobThread-7-1711027440040] INFO  luonq.polygon.RealTimeDataWS_DB - wait pre trade time. now is 21:26:35
2024-03-21 21:26:40.157 [xxl-job, JobThread-7-1711027440040] INFO  luonq.polygon.RealTimeDataWS_DB - wait pre trade time. now is 21:26:40
2024-03-21 21:26:45.165 [xxl-job, JobThread-7-1711027440040] INFO  luonq.polygon.RealTimeDataWS_DB - wait pre trade time. now is 21:26:45
2024-03-21 21:26:50.174 [xxl-job, JobThread-7-1711027440040] INFO  luonq.polygon.RealTimeDataWS_DB - wait pre trade time. now is 21:26:50
2024-03-21 21:26:55.185 [xxl-job, JobThread-7-1711027440040] INFO  luonq.polygon.RealTimeDataWS_DB - wait pre trade time. now is 21:26:55
2024-03-21 21:27:00.194 [xxl-job, JobThread-7-1711027440040] INFO  luonq.polygon.RealTimeDataWS_DB - wait pre trade time. now is 21:27:00
2024-03-21 21:27:05.203 [xxl-job, JobThread-7-1711027440040] INFO  luonq.polygon.RealTimeDataWS_DB - wait pre trade time. now is 21:27:05
2024-03-21 21:27:10.207 [xxl-job, JobThread-7-1711027440040] INFO  luonq.polygon.RealTimeDataWS_DB - wait pre trade time. now is 21:27:10
2024-03-21 21:27:15.217 [xxl-job, JobThread-7-1711027440040] INFO  luonq.polygon.RealTimeDataWS_DB - wait pre trade time. now is 21:27:15
2024-03-21 21:27:20.227 [xxl-job, JobThread-7-1711027440040] INFO  luonq.polygon.RealTimeDataWS_DB - wait pre trade time. now is 21:27:20
2024-03-21 21:27:25.234 [xxl-job, JobThread-7-1711027440040] INFO  luonq.polygon.RealTimeDataWS_DB - wait pre trade time. now is 21:27:25
2024-03-21 21:27:30.239 [xxl-job, JobThread-7-1711027440040] INFO  luonq.polygon.RealTimeDataWS_DB - wait pre trade time. now is 21:27:30
2024-03-21 21:27:35.244 [xxl-job, JobThread-7-1711027440040] INFO  luonq.polygon.RealTimeDataWS_DB - wait pre trade time. now is 21:27:35
2024-03-21 21:27:40.249 [xxl-job, JobThread-7-1711027440040] INFO  luonq.polygon.RealTimeDataWS_DB - wait pre trade time. now is 21:27:40
2024-03-21 21:27:45.253 [xxl-job, JobThread-7-1711027440040] INFO  luonq.polygon.RealTimeDataWS_DB - wait pre trade time. now is 21:27:45
2024-03-21 21:27:50.259 [xxl-job, JobThread-7-1711027440040] INFO  luonq.polygon.RealTimeDataWS_DB - wait pre trade time. now is 21:27:50
2024-03-21 21:27:55.261 [xxl-job, JobThread-7-1711027440040] INFO  luonq.polygon.RealTimeDataWS_DB - wait pre trade time. now is 21:27:55
2024-03-21 21:28:00.265 [xxl-job, JobThread-7-1711027440040] INFO  luonq.polygon.RealTimeDataWS_DB - begin subcribe stock at 21:28:00
2024-03-21 21:28:00.296 [pool-21-thread-1] INFO  luonq.polygon.RealTimeDataWS_DB - finish subcribe real time!
2024-03-21 21:28:17.010 [xxl-job, JobThread-7-1711027440040] INFO  luonq.polygon.RealTimeDataWS_DB - time is early. {p=42.93, ev=T, q=268225, s=51, c=[12,37], t=1711027697000, sym=INTC, x=12, i=3177, z=3}
2024-03-21 21:29:34.006 [xxl-job, JobThread-7-1711027440040] INFO  luonq.polygon.RealTimeDataWS_DB - time is early. {p=0.2381, ev=T, q=303865, s=434, c=[12], t=1711027774000, sym=WKHS, trfi=202, x=4, i=193, z=3, trft=1711027774000}
2024-03-21 21:29:37.003 [xxl-job, JobThread-7-1711027440040] INFO  luonq.polygon.RealTimeDataWS_DB - time is early. {p=43, ev=T, q=270607, s=500, c=[12], t=1711027777000, sym=INTC, x=21, i=75, z=3}
2024-03-21 21:29:37.004 [xxl-job, JobThread-7-1711027440040] INFO  luonq.polygon.RealTimeDataWS_DB - time is early. {p=43, ev=T, q=270608, s=838, c=[12], t=1711027777000, sym=INTC, x=21, i=76, z=3}
2024-03-21 21:29:37.004 [xxl-job, JobThread-7-1711027440040] INFO  luonq.polygon.RealTimeDataWS_DB - time is early. {p=43, ev=T, q=270609, s=1, c=[12,37], t=1711027777000, sym=INTC, x=12, i=3251, z=3}
2024-03-21 21:29:37.007 [xxl-job, JobThread-7-1711027440040] INFO  luonq.polygon.RealTimeDataWS_DB - time is early. {p=43, ev=T, q=270610, s=100, c=[12], t=1711027777000, sym=INTC, x=12, i=3252, z=3}
2024-03-21 21:29:37.007 [xxl-job, JobThread-7-1711027440040] INFO  luonq.polygon.RealTimeDataWS_DB - time is early. {p=43, ev=T, q=270611, s=2, c=[12,37], t=1711027777000, sym=INTC, x=12, i=3253, z=3}
2024-03-21 21:29:37.007 [xxl-job, JobThread-7-1711027440040] INFO  luonq.polygon.RealTimeDataWS_DB - time is early. {p=43, ev=T, q=270612, s=1, c=[12,37], t=1711027777000, sym=INTC, x=12, i=3254, z=3}
2024-03-21 21:29:37.007 [xxl-job, JobThread-7-1711027440040] INFO  luonq.polygon.RealTimeDataWS_DB - time is early. {p=43, ev=T, q=270613, s=50, c=[12,37], t=1711027777000, sym=INTC, x=12, i=3255, z=3}
2024-03-21 21:29:37.008 [xxl-job, JobThread-7-1711027440040] INFO  luonq.polygon.RealTimeDataWS_DB - time is early. {p=43, ev=T, q=270614, s=337, c=[12], t=1711027777000, sym=INTC, x=12, i=3256, z=3}
2024-03-21 21:29:37.008 [xxl-job, JobThread-7-1711027440040] INFO  luonq.polygon.RealTimeDataWS_DB - time is early. {p=43, ev=T, q=270615, s=10, c=[12,37], t=1711027777000, sym=INTC, x=12, i=3257, z=3}
2024-03-21 21:29:37.008 [xxl-job, JobThread-7-1711027440040] INFO  luonq.polygon.RealTimeDataWS_DB - time is early. {p=43, ev=T, q=270616, s=191, c=[12], t=1711027777000, sym=INTC, x=12, i=3258, z=3}
2024-03-21 21:29:37.008 [xxl-job, JobThread-7-1711027440040] INFO  luonq.polygon.RealTimeDataWS_DB - time is early. {p=43, ev=T, q=270617, s=1, c=[12,37], t=1711027777000, sym=INTC, x=12, i=3259, z=3}
2024-03-21 21:29:37.008 [xxl-job, JobThread-7-1711027440040] INFO  luonq.polygon.RealTimeDataWS_DB - time is early. {p=43, ev=T, q=270618, s=1, c=[12,37], t=1711027777000, sym=INTC, x=12, i=3260, z=3}
2024-03-21 21:29:37.008 [xxl-job, JobThread-7-1711027440040] INFO  luonq.polygon.RealTimeDataWS_DB - time is early. {p=43, ev=T, q=270619, s=1, c=[12,37], t=1711027777000, sym=INTC, x=12, i=3261, z=3}
2024-03-21 21:29:37.008 [xxl-job, JobThread-7-1711027440040] INFO  luonq.polygon.RealTimeDataWS_DB - time is early. {p=43, ev=T, q=270620, s=19, c=[12,37], t=1711027777000, sym=INTC, x=12, i=3262, z=3}
2024-03-21 21:29:37.008 [xxl-job, JobThread-7-1711027440040] INFO  luonq.polygon.RealTimeDataWS_DB - time is early. {p=43, ev=T, q=270621, s=290, c=[12], t=1711027777000, sym=INTC, x=11, i=3452, z=3}
2024-03-21 21:29:54.003 [xxl-job, JobThread-7-1711027440040] INFO  luonq.polygon.RealTimeDataWS_DB - time is early. {p=149.75, ev=T, q=25426, s=145, c=[12], t=1711027794000, sym=CLX, x=11, i=52983525167668, z=1}
2024-03-21 21:30:00.028 [pool-21-thread-14] INFO  luonq.polygon.TradeDataListener_DB - StockEvent(stock=ULTA, price=523.7, time=1711027800003) dn=522.203 current=1711027800028
2024-03-21 21:30:00.127 [pool-21-thread-63] INFO  luonq.polygon.TradeDataListener_DB - StockEvent(stock=SAIC, price=127.0, time=1711027800096) dn=126.987 current=1711027800127
2024-03-21 21:30:00.305 [pool-21-thread-102] INFO  luonq.polygon.TradeDataListener_DB - StockEvent(stock=ZLAB, price=17.2, time=1711027800231) dn=16.947 current=1711027800305
2024-03-21 21:30:00.322 [xxl-job, JobThread-7-1711027440040] INFO  luonq.polygon.RealTimeDataWS_DB - unsubscribeStockSet size: 100 1711027800322
2024-03-21 21:30:00.323 [pool-21-thread-105] INFO  luonq.polygon.TradeDataListener_DB - StockEvent(stock=LEGN, price=59.96, time=1711027800291) dn=60.135 current=1711027800323
2024-03-21 21:30:00.324 [pool-21-thread-105] INFO  luonq.polygon.TradeDataListener_DB - Node list show: LEGN=0.2910118899143546
2024-03-21 21:30:00.688 [pool-21-thread-201] INFO  luonq.polygon.TradeDataListener_DB - StockEvent(stock=SHC, price=11.77, time=1711027800642) dn=11.588 current=1711027800688
2024-03-21 21:30:00.707 [xxl-job, JobThread-7-1711027440040] INFO  luonq.polygon.RealTimeDataWS_DB - unsubscribeStockSet size: 200 1711027800706
2024-03-21 21:30:00.747 [pool-21-thread-227] INFO  luonq.polygon.TradeDataListener_DB - StockEvent(stock=EPAM, price=288.2, time=1711027800700) dn=290.157 current=1711027800747
2024-03-21 21:30:01.027 [xxl-job, JobThread-7-1711027440040] INFO  luonq.polygon.RealTimeDataWS_DB - unsubscribeStockSet size: 300 1711027801027
2024-03-21 21:30:01.218 [pool-21-thread-358] INFO  luonq.polygon.TradeDataListener_DB - StockEvent(stock=STVN, price=26.48, time=1711027800913) dn=26.689 current=1711027801218
2024-03-21 21:30:01.220 [pool-21-thread-358] INFO  luonq.polygon.TradeDataListener_DB - Node list show: STVN=0.7830941586421358,LEGN=0.2910118899143546
2024-03-21 21:30:01.414 [pool-21-thread-396] INFO  luonq.polygon.TradeDataListener_DB - StockEvent(stock=RDY, price=72.31, time=1711027801041) dn=72.783 current=1711027801414
2024-03-21 21:30:01.501 [xxl-job, JobThread-7-1711027440040] INFO  luonq.polygon.RealTimeDataWS_DB - unsubscribeStockSet size: 400 1711027801501
2024-03-21 21:30:06.580 [xxl-job, JobThread-7-1711027440040] INFO  luonq.polygon.RealTimeDataWS_DB - many stock has received data. keep listening
2024-03-21 21:30:08.581 [xxl-job, JobThread-7-1711027440040] INFO  luonq.polygon.RealTimeDataWS_DB - many stock has received data. keep listening
2024-03-21 21:30:10.586 [xxl-job, JobThread-7-1711027440040] INFO  luonq.polygon.RealTimeDataWS_DB - many stock has received data. keep listening
2024-03-21 21:30:12.592 [xxl-job, JobThread-7-1711027440040] INFO  luonq.polygon.RealTimeDataWS_DB - many stock has received data. keep listening
2024-03-21 21:30:14.594 [xxl-job, JobThread-7-1711027440040] INFO  luonq.polygon.RealTimeDataWS_DB - many stock has received data. keep listening
2024-03-21 21:30:16.599 [xxl-job, JobThread-7-1711027440040] INFO  luonq.polygon.RealTimeDataWS_DB - many stock has received data. keep listening
2024-03-21 21:30:18.605 [xxl-job, JobThread-7-1711027440040] INFO  luonq.polygon.RealTimeDataWS_DB - many stock has received data. keep listening
2024-03-21 21:30:20.610 [xxl-job, JobThread-7-1711027440040] INFO  luonq.polygon.RealTimeDataWS_DB - many stock has received data. listen end!
2024-03-21 21:30:20.615 [xxl-job, JobThread-7-1711027440040] INFO  luonq.polygon.RealTimeDataWS_DB - =========== finish unsubscribe ===========
2024-03-21 21:30:20.617 [xxl-job, JobThread-7-1711027440040] INFO  luonq.polygon.RealTimeDataWS_DB - get real-time quote: [LEGN, STVN]
2024-03-21 21:30:21.623 [xxl-job, JobThread-7-1711027440040] INFO  luonq.polygon.TradeExecutor_DB - begin trade: STVN=0.7830941586421358,LEGN=0.2910118899143546
2024-03-21 21:30:21.631 [FTAPI4JNet] INFO  luonq.futu.TradeApi - onReply_GetFunds: 1620.09
2024-03-21 21:30:21.632 [xxl-job, JobThread-7-1711027440040] INFO  luonq.polygon.TradeExecutor_DB - remain cash: 1620.09
2024-03-21 21:30:21.632 [xxl-job, JobThread-7-1711027440040] INFO  luonq.polygon.TradeExecutor_DB - first trade. orderPrice=26.55, multiple=1
2024-03-21 21:30:21.704 [FTAPI4JNet] INFO  luonq.futu.TradeApi - onReply_GetMaxTrdQtys: 60
2024-03-21 21:30:21.867 [xxl-job, JobThread-7-1711027440040] INFO  luonq.polygon.TradeExecutor_DB - buy stock. stock=STVN, count=60, price=26.48, orderPrice=26.55, orderId: 6793665140992694463 1711027821867
2024-03-21 21:30:22.343 [FTAPI4JNet] INFO  luonq.futu.TradeApi - update order: OrderFill(tradeSide=1, fillID=0, orderID=6793665140992694463, code=STVN, name=Stevanato Group, count=60.0, price=26.55, avgPrice=26.3491, createTime=2024-03-21 09:30:21.834, updateTimestamp=1.711027822379764E9, status=0)
2024-03-21 21:30:22.345 [FTAPI4JNet] INFO  luonq.futu.TradeApi - update order: OrderFill(tradeSide=1, fillID=0, orderID=6793665140992694463, code=STVN, name=Stevanato Group, count=60.0, price=26.55, avgPrice=26.3491, createTime=2024-03-21 09:30:21.834, updateTimestamp=1.711027822379764E9, status=0)
2024-03-21 21:30:22.346 [FTAPI4JNet] INFO  luonq.futu.TradeApi - update order: OrderFill(tradeSide=1, fillID=0, orderID=6793665140992694463, code=STVN, name=Stevanato Group, count=60.0, price=26.55, avgPrice=26.3491, createTime=2024-03-21 09:30:21.834, updateTimestamp=1.711027822379764E9, status=0)
2024-03-21 21:30:22.346 [FTAPI4JNet] INFO  luonq.futu.TradeApi - update order: OrderFill(tradeSide=1, fillID=0, orderID=6793665140992694463, code=STVN, name=Stevanato Group, count=60.0, price=26.55, avgPrice=26.3491, createTime=2024-03-21 09:30:21.834, updateTimestamp=1.711027822379764E9, status=0)
2024-03-21 21:30:22.346 [FTAPI4JNet] INFO  luonq.futu.TradeApi - update order: OrderFill(tradeSide=1, fillID=0, orderID=6793665140992694463, code=STVN, name=Stevanato Group, count=60.0, price=26.55, avgPrice=26.3491, createTime=2024-03-21 09:30:21.834, updateTimestamp=1.711027822379764E9, status=0)
2024-03-21 21:30:22.346 [FTAPI4JNet] INFO  luonq.futu.TradeApi - update order: OrderFill(tradeSide=1, fillID=0, orderID=6793665140992694463, code=STVN, name=Stevanato Group, count=60.0, price=26.55, avgPrice=26.3491, createTime=2024-03-21 09:30:21.834, updateTimestamp=1.711027822379764E9, status=0)
2024-03-21 21:30:22.347 [FTAPI4JNet] INFO  luonq.futu.TradeApi - update order: OrderFill(tradeSide=1, fillID=0, orderID=6793665140992694463, code=STVN, name=Stevanato Group, count=60.0, price=26.55, avgPrice=26.3491, createTime=2024-03-21 09:30:21.834, updateTimestamp=1.711027822379764E9, status=0)
2024-03-21 21:30:22.348 [xxl-job, JobThread-7-1711027440040] INFO  luonq.polygon.TradeExecutor_DB - STVN order is successfully executed. orderId=6793665140992694463
2024-03-21 21:30:22.407 [xxl-job, JobThread-7-1711027440040] INFO  luonq.polygon.TradeExecutor_DB - STVN placeStopLoss market order. qty=60.0, auxPrice=24.504, orderId：6046872750523042543
2024-03-21 21:30:22.407 [xxl-job, JobThread-7-1711027440040] INFO  luonq.polygon.TradeExecutor_DB - trade success
2024-03-21 21:30:22.407 [xxl-job, JobThread-7-1711027440040] INFO  luonq.polygon.TradeExecutor_DB - trade end
2024-03-21 21:30:22.407 [xxl-job, JobThread-7-1711027440040] INFO  luonq.polygon.TradeExecutor_DB - stop get real-time quote
2024-03-21 21:30:22.630 [pool-21-thread-433] INFO  luonq.polygon.RealTimeDataWS_DB - unsubscribe real-time quote
2024-03-21 21:30:32.415 [xxl-job, JobThread-7-1711027440040] INFO  luonq.polygon.RealTimeDataWS_DB - closing websocket. reason=CloseReason[1000]
2024-03-21 21:30:42.418 [xxl-job, JobThread-7-1711027440040] INFO  luonq.polygon.RealTimeDataWS_DB - manual close websocket
2024-03-21 21:30:42.424 [xxl-job, JobThread-7-1711027440040] INFO  luonq.polygon.RealTimeDataWS_DB - trade finish
2024-03-21 21:30:42.445 [xxl-job, JobThread-7-1711027440040] INFO  luonq.job.TradeJob - trade_DB.job end
