2024-02-16 04:43:10.260 [FTAPI4JNet] INFO  luonq.futu.TradeApi - update order: OrderFill(tradeSide=2, fillID=0, orderID=5873179976302806490, code=PENN, name=佩恩国民博彩, count=136.0, price=0.0, avgPrice=18.893, createTime=2024-02-15 09:30:23.644, updateTimestamp=1.708029790324018E9, status=0)
2024-02-16 04:43:10.277 [FTAPI4JNet] INFO  luonq.futu.TradeApi - update order: OrderFill(tradeSide=2, fillID=0, orderID=5873179976302806490, code=PENN, name=佩恩国民博彩, count=136.0, price=0.0, avgPrice=18.893, createTime=2024-02-15 09:30:23.644, updateTimestamp=1.708029790324018E9, status=0)
2024-02-16 04:43:10.278 [FTAPI4JNet] INFO  luonq.futu.TradeApi - update order: OrderFill(tradeSide=2, fillID=0, orderID=5873179976302806490, code=PENN, name=佩恩国民博彩, count=136.0, price=0.0, avgPrice=18.893, createTime=2024-02-15 09:30:23.644, updateTimestamp=1.708029790324018E9, status=0)
2024-02-16 04:43:10.278 [FTAPI4JNet] INFO  luonq.futu.TradeApi - update order: OrderFill(tradeSide=2, fillID=0, orderID=5873179976302806490, code=PENN, name=佩恩国民博彩, count=136.0, price=0.0, avgPrice=18.893, createTime=2024-02-15 09:30:23.644, updateTimestamp=1.708029790324018E9, status=0)
2024-02-16 04:43:10.278 [FTAPI4JNet] INFO  luonq.futu.TradeApi - update order: OrderFill(tradeSide=2, fillID=0, orderID=5873179976302806490, code=PENN, name=佩恩国民博彩, count=136.0, price=0.0, avgPrice=18.893, createTime=2024-02-15 09:30:23.644, updateTimestamp=1.708029790324018E9, status=0)
2024-02-16 04:43:10.278 [FTAPI4JNet] INFO  luonq.futu.TradeApi - update order: OrderFill(tradeSide=2, fillID=0, orderID=5873179976302806490, code=PENN, name=佩恩国民博彩, count=136.0, price=0.0, avgPrice=18.893, createTime=2024-02-15 09:30:23.644, updateTimestamp=1.708029790324018E9, status=0)
2024-02-16 04:43:10.278 [FTAPI4JNet] INFO  luonq.futu.TradeApi - update order: OrderFill(tradeSide=2, fillID=0, orderID=5873179976302806490, code=PENN, name=佩恩国民博彩, count=136.0, price=0.0, avgPrice=18.893, createTime=2024-02-15 09:30:23.644, updateTimestamp=1.708029790324018E9, status=0)
2024-02-16 04:43:10.279 [FTAPI4JNet] INFO  luonq.futu.TradeApi - update order: OrderFill(tradeSide=2, fillID=0, orderID=5873179976302806490, code=PENN, name=佩恩国民博彩, count=136.0, price=0.0, avgPrice=18.893, createTime=2024-02-15 09:30:23.644, updateTimestamp=1.708029790324018E9, status=0)
2024-02-16 04:43:10.279 [FTAPI4JNet] INFO  luonq.futu.TradeApi - update order: OrderFill(tradeSide=2, fillID=0, orderID=5873179976302806490, code=PENN, name=佩恩国民博彩, count=136.0, price=0.0, avgPrice=18.893, createTime=2024-02-15 09:30:23.644, updateTimestamp=1.708029790324018E9, status=0)
2024-02-16 04:43:10.279 [FTAPI4JNet] INFO  luonq.futu.TradeApi - update order: OrderFill(tradeSide=2, fillID=0, orderID=5873179976302806490, code=PENN, name=佩恩国民博彩, count=136.0, price=0.0, avgPrice=18.893, createTime=2024-02-15 09:30:23.644, updateTimestamp=1.708029790324018E9, status=0)
2024-02-16 04:43:10.279 [FTAPI4JNet] INFO  luonq.futu.TradeApi - update order: OrderFill(tradeSide=2, fillID=0, orderID=5873179976302806490, code=PENN, name=佩恩国民博彩, count=136.0, price=0.0, avgPrice=18.893, createTime=2024-02-15 09:30:23.644, updateTimestamp=1.708029790324018E9, status=0)
2024-02-16 04:43:10.279 [FTAPI4JNet] INFO  luonq.futu.TradeApi - update order: OrderFill(tradeSide=2, fillID=0, orderID=5873179976302806490, code=PENN, name=佩恩国民博彩, count=136.0, price=0.0, avgPrice=18.893, createTime=2024-02-15 09:30:23.644, updateTimestamp=1.708029790324018E9, status=0)
2024-02-16 04:43:10.281 [FTAPI4JNet] INFO  luonq.futu.TradeApi - update order: OrderFill(tradeSide=2, fillID=0, orderID=5873179976302806490, code=PENN, name=佩恩国民博彩, count=136.0, price=0.0, avgPrice=18.893, createTime=2024-02-15 09:30:23.644, updateTimestamp=1.708029790324018E9, status=0)
2024-02-16 04:43:10.282 [FTAPI4JNet] INFO  luonq.futu.TradeApi - update order: OrderFill(tradeSide=2, fillID=0, orderID=5873179976302806490, code=PENN, name=佩恩国民博彩, count=136.0, price=0.0, avgPrice=18.893, createTime=2024-02-15 09:30:23.644, updateTimestamp=1.708029790324018E9, status=0)
2024-02-16 04:58:56.079 [xxl-job, JobThread-8-1708030736070] INFO  luonq.job.TradeJob - sellBeforeCloseMarket.job start
2024-02-16 04:58:56.094 [xxl-job, JobThread-8-1708030736070] INFO  luonq.futu.TradeApi - trade api initialize staring...
2024-02-16 04:58:56.102 [FTAPI4JNet] INFO  luonq.futu.TradeApi - TradeApi onInitConnect: ret=0 desc= connID=7164000148533399699
2024-02-16 04:58:56.104 [FTAPI4JNet] INFO  luonq.futu.TradeApi - TradeApi onInitConnect: ret=0 desc= connID=7164000148530758195
2024-02-16 04:58:59.101 [xxl-job, JobThread-8-1708030736070] INFO  luonq.futu.TradeApi - trade api initialize finish start!
2024-02-16 04:58:59.102 [xxl-job, JobThread-8-1708030736070] INFO  luonq.polygon.TradeExecutor_DB - sell stock before close market
2024-02-16 04:58:59.109 [xxl-job, JobThread-8-1708030736070] INFO  luonq.polygon.TradeExecutor_DB - ready to sell before close market. position={}, time=2024-02-16T04:58:59.108
2024-02-16 04:58:59.110 [xxl-job, JobThread-8-1708030736070] INFO  luonq.polygon.TradeExecutor_DB - position is empty. trade is end today!!!
2024-02-16 04:58:59.110 [xxl-job, JobThread-8-1708030736070] INFO  luonq.job.TradeJob - tradeExecutor_db sell
2024-02-16 04:58:59.218 [FTAPI4JNet] INFO  luonq.futu.TradeApi - unlock success
2024-02-16 17:00:00.083 [xxl-job, JobThread-3-1708074000068] INFO  luonq.job.GetDataJob - getTradeDataAndComputeIndicator.job start
2024-02-16 17:00:00.105 [xxl-job, JobThread-3-1708074000068] INFO  luonq.stock.Processor - GetHistoricalDaily.getData start
2024-02-16 17:00:42.859 [xxl-job, JobThread-3-1708074000068] INFO  luonq.stock.Processor - GetHistoricalDaily.getData end. cost: 42s

2024-02-16 17:00:42.871 [xxl-job, JobThread-3-1708074000068] INFO  luonq.stock.Processor - MergeKline.merge start
2024-02-16 17:01:26.525 [xxl-job, JobThread-3-1708074000068] INFO  luonq.stock.Processor - MergeKline.merge end. cost: 43s

2024-02-16 17:01:26.525 [xxl-job, JobThread-3-1708074000068] INFO  luonq.stock.Processor - BollingerForYear.calculate start
2024-02-16 17:01:30.762 [xxl-job, JobThread-3-1708074000068] INFO  luonq.stock.Processor - BollingerForYear.calculate end. cost: 4s

2024-02-16 17:01:30.763 [xxl-job, JobThread-3-1708074000068] INFO  luonq.stock.Processor - MergeBollingerForYear.calculate start
2024-02-16 17:02:16.781 [xxl-job, JobThread-3-1708074000068] INFO  luonq.stock.Processor - MergeBollingerForYear.calculate end. cost: 46s

2024-02-16 17:02:16.781 [xxl-job, JobThread-3-1708074000068] INFO  luonq.stock.Processor - GetHistoricalTrade.getData start
2024-02-16 17:03:20.729 [xxl-job, JobThread-3-1708074000068] INFO  luonq.stock.Processor - GetHistoricalTrade.getData end. cost: 63s

2024-02-16 17:03:20.730 [xxl-job, JobThread-3-1708074000068] INFO  luonq.stock.Processor - GetHistoricalOpenFirstTrade.getData start
2024-02-16 17:03:36.468 [xxl-job, JobThread-3-1708074000068] INFO  luonq.stock.Processor - GetHistoricalOpenFirstTrade.getData end. cost: 15s

2024-02-16 17:03:36.469 [xxl-job, JobThread-3-1708074000068] INFO  luonq.stock.Processor - BollingerWithOpen.calculate start
2024-02-16 17:03:40.700 [xxl-job, JobThread-3-1708074000068] INFO  luonq.stock.Processor - BollingerWithOpen.calculate end. cost: 4s

2024-02-16 17:03:40.700 [xxl-job, JobThread-3-1708074000068] INFO  luonq.stock.Processor - MergeOpenBollingerForYear.calculate start
2024-02-16 17:04:27.173 [xxl-job, JobThread-3-1708074000068] INFO  luonq.stock.Processor - MergeOpenBollingerForYear.calculate end. cost: 46s

2024-02-16 17:04:27.173 [xxl-job, JobThread-3-1708074000068] INFO  luonq.stock.Processor - get data finish
2024-02-16 17:04:27.183 [xxl-job, JobThread-3-1708074000068] INFO  luonq.job.GetDataJob - getTradeDataJobAndComputeIndicator.job end
2024-02-16 17:30:00.060 [xxl-job, JobThread-6-1708075800052] INFO  luonq.job.SyncDataToDBJob - syncDataToDB.job start
2024-02-16 17:30:00.081 [xxl-job, JobThread-6-1708075800052] INFO  luonq.data.WriteToDB - additionToDB begin
2024-02-16 17:30:37.295 [xxl-job, JobThread-6-1708075800052] INFO  luonq.data.WriteToDB - sync count: 4648
2024-02-16 17:30:37.782 [xxl-job, JobThread-6-1708075800052] INFO  luonq.data.WriteToDB - additionToDB end
2024-02-16 17:30:37.789 [xxl-job, JobThread-6-1708075800052] INFO  luonq.job.SyncDataToDBJob - syncDataToDB.job end
2024-02-16 18:00:00.037 [xxl-job, JobThread-4-1708077600032] INFO  luonq.job.GetDataJob - getRehab.job start
2024-02-16 18:00:00.043 [xxl-job, JobThread-4-1708077600032] INFO  luonq.stock.Processor - GetRehab.getData start
2024-02-16 18:50:11.001 [xxl-job, JobThread-4-1708077600032] INFO  luonq.stock.Processor - GetRehab.getData end. cost: 3010s

2024-02-16 18:50:11.018 [xxl-job, JobThread-4-1708077600032] INFO  luonq.job.GetDataJob - getRehab.job end
2024-02-16 20:30:00.079 [xxl-job, JobThread-10-1708086600071] INFO  luonq.job.SyncDataToDBJob - syncRehabToDB.job start
2024-02-16 20:30:00.283 [xxl-job, JobThread-10-1708086600071] INFO  luonq.data.WriteToDB - finish rehabToDB. size=3143
2024-02-16 20:30:00.287 [xxl-job, JobThread-10-1708086600071] INFO  luonq.job.SyncDataToDBJob - syncRehabToDB.job end
2024-02-16 21:00:00.036 [xxl-job, JobThread-5-1708088400030] INFO  luonq.job.GetDataJob - getEarning.job start
2024-02-16 21:00:00.043 [xxl-job, JobThread-5-1708088400030] INFO  luonq.stock.Processor - GrabEarning.getData start
2024-02-16 21:00:04.553 [xxl-job, JobThread-5-1708088400030] INFO  luonq.stock.Processor - GrabEarning.getData end. cost: 4s

2024-02-16 21:00:04.565 [xxl-job, JobThread-5-1708088400030] INFO  luonq.job.GetDataJob - getEarning.job end
2024-02-16 21:10:00.042 [xxl-job, JobThread-9-1708089000037] INFO  luonq.job.SyncDataToDBJob - syncEarningToDB.job start
2024-02-16 21:10:00.090 [xxl-job, JobThread-9-1708089000037] INFO  luonq.data.WriteToDB - sync earning finish. dateList=[2024-02-16], earning sum=116
2024-02-16 21:10:00.097 [xxl-job, JobThread-9-1708089000037] INFO  luonq.job.SyncDataToDBJob - syncEarningToDB.job end
2024-02-16 22:15:00.056 [xxl-job, JobThread-7-1708092900049] INFO  luonq.job.TradeJob - trade_DB.job start
2024-02-16 22:15:00.078 [xxl-job, JobThread-7-1708092900049] INFO  luonq.futu.TradeApi - trade api initialize staring...
2024-02-16 22:15:00.088 [FTAPI4JNet] INFO  luonq.futu.TradeApi - TradeApi onInitConnect: ret=0 desc= connID=7164260883177845337
2024-02-16 22:15:00.090 [FTAPI4JNet] INFO  luonq.futu.TradeApi - TradeApi onInitConnect: ret=0 desc= connID=7164260883177313774
2024-02-16 22:15:03.083 [xxl-job, JobThread-7-1708092900049] INFO  luonq.futu.TradeApi - trade api initialize finish start!
2024-02-16 22:15:03.101 [xxl-job, JobThread-7-1708092900049] INFO  luonq.polygon.RealTimeDataWS_DB - finish initialize many time. preTradeTime=1708093680000, openTime=1708093800000, closeCheckTime=Sat Feb 17 04:59:00 CST 2024
2024-02-16 22:15:03.195 [FTAPI4JNet] INFO  luonq.futu.TradeApi - unlock success
2024-02-16 22:15:04.116 [Grizzly(2)] INFO  luonq.polygon.RealTimeDataWS_DB - opening websocket
2024-02-16 22:15:04.126 [Grizzly(2)] INFO  luonq.polygon.RealTimeDataWS_DB - connected
2024-02-16 22:15:04.362 [Grizzly(1)] INFO  luonq.polygon.RealTimeDataWS_DB - auth_success
2024-02-16 22:15:05.130 [xxl-job, JobThread-7-1708092900049] INFO  luonq.polygon.RealTimeDataWS_DB - finish init trade
2024-02-16 22:15:13.303 [pool-49-thread-1] INFO  luonq.strategy.backup.Strategy_DB - load 2024 finish
2024-02-16 22:16:10.903 [pool-49-thread-2] INFO  luonq.strategy.backup.Strategy_DB - load 2023 finish
2024-02-16 22:16:12.455 [pool-49-thread-3] INFO  luonq.strategy.backup.Strategy_DB - load 2022 finish
2024-02-16 22:16:17.882 [xxl-job, JobThread-7-1708092900049] INFO  luonq.polygon.RealTimeDataWS_DB - stock latest close great 7 size: 540. data: [TER, FRSH, PATH, VIV, ICLR, LEGN, GLDD, LSCC, EXAS, DFH, NOVA, ROIV, YPF, SNDR, ATEC, CGEM, FLGT, OLMA, COUR, BBY, XMTR, SLAB, ACCD, VIRT, QTWO, GME, UHS, AB, AAL, SMAR, AN, IQV, SURG, WMG, AEHR, ROIC, RAMP, DGX, RCL, WMT, OLLI, BDC, BC, NDAQ, ARCO, GOLF, DHI, LXP, MLTX, WNC, ARCC, ATGE, NTAP, R, S, HROW, U, RAPT, W, LRCX, Z, THO, UDMY, RDN, NVDA, TCMD, URGN, CF, JBHT, CI, RDY, CL, ACN, VMC, CR, ACT, VMI, SGH, HDSN, AZTA, FNA, ARCT, FND, CHD, AMZN, PAR, ARES, DE, INFA, RARE, GPN, ADI, ELP, GPS, LITE, ELS, AZUL, SHC, DT, DV, CHKP, SBRA, ARDX, ENSG, CLSK, SHW, BGNE, TNDM, FOR, AEL, UMC, EMR, HCSG, IMCR, EW, PCH, TKR, DLB, FA, QRVO, STTK, BRBR, CBAY, FR, TNGX, AXSM, MSFT, HARP, SJM, FLNC, GSK, LQDA, GH, GSL, GOOG, HUM, JBLU, FORM, WSC, HUT, AGL, PLNT, AGO, BLZE, IRON, TMDX, AGS, WSM, LULU, ENTA, CLVT, DNB, EPC, PEP, TEVA, ISRG, GPRE, MRCY, SKX, CABA, FOUR, ENVX, HLIT, CLX, ULCC, SBUX, VRT, NABL, CME, QGEN, VERX, SQSP, HWM, MSGE, LUNG, CRDO, KTOS, ACLX, POWI, ACLS, ERJ, MAS, MAT, AMAT, IDYA, KALV, AMAM, VRNA, IONS, TPG, IONQ, XENE, DPZ, ATOM, LSXMA, KAMN, FTAI, LSXMK, GLOB, ACMR, EZPW, TPX, KLAC, COO, KO, GWW, PLRX, NXPI, XYL, ARLP, AVTR, USM, CHRW, AMBA, ROST, NEO, LH, NET, HZO, OTEX, ODFL, LDOS, MCW, MODG, ALL, SPB, RNA, ALT, MDB, GNTX, LZ, OHI, SPT, TRU, EYPT, INOD, AMD, AME, MDU, ROVR, MO, TASK, WERN, AMN, SNOW, ADSK, AMR, MU, KROS, AMT, BRKR, ORCL, VRNS, MED, ROL, TSM, AUTL, SNPS, RGEN, CRI, GLPI, MBLY, EXPD, RPD, AKAM, FFIV, NCLH, PRCT, CDMO, CSL, DELL, QFIN, ON, QDEL, CSQ, OR, AOS, APLS, CSX, DVA, LEN, PD, HAYW, CEPU, PH, CDNS, SLNO, PM, FTDR, EXR, VIAV, KRTX, CERE, DUOL, MRNS, MHK, NCNO, GDDY, JBL, KDP, CUK, CHWY, MTSI, BSM, DOCU, NVRO, RILY, QS, BSX, ARRY, PRDO, BLCO, NKE, SUM, OMI, BROS, EPAC, HUBB, JKHY, RH, MIR, IAS, TOST, HUBS, VRSK, TXG, BLDR, DDOG, RGLD, PENN, QLYS, TXT, EXTR, NTRA, CWH, IBP, DYN, SO, INSP, SWI, JNPR, INST, COHR, FCFS, ICE, RUN, MANH, MLCO, SMTC, QSR, CALX, INTC, RIOT, TEAM, WOLF, HAS, CTRE, ATR, MSTR, TT, AZEK, ETNB, CXW, TW, PRG, UPWK, UA, AMKR, COIN, MLM, ORLY, NUVL, PODD, FIVN, VCYT, SYK, SYM, YETI, PSO, CNHI, HCP, GRCL, NOW, PAGS, WAB, SHLS, IEX, SYNA, IMVT, ZGN, FBIN, VZIO, FDMT, CBRL, RXO, ALKT, BYD, WD, RPAY, ARWR, SGML, WT, MARA, FWRD, XPOF, MOH, RVLV, STEP, SWKS, TIMB, BOOT, APTV, TMUS, MOR, LAUR, ZETA, NSSC, COLM, IGT, XP, GCT, RVMD, GTLB, NRG, PVH, ROAD, AGCO, ENFN, AYI, WDC, IRBT, TGLS, ALNY, RXRX, ZG, ZI, GEO, FVRR, FSLR, ZM, JKS, UAA, AVAV, FTNT, AMPL, GENI, MIDD, ZS, NMIH, FSLY, MRVL, UAL, AMRC, IRDM, SKYW, LOVE, ANSS, KNX, EBR, FDS, LPX, GFS, SKYT, RDNT, PANW, SITE, TWLO, AMSC, ULTA, CRWD, SITC, BRZE, OWL, SITM, DAL, ECL, ITGR, ALPN, CPRI, TAL, TAK, GOOGL, LRN, SAGE, NNOX, NVT, DOOR, URBN, MTZ, VFC, RMAX, TREX, MPWR, HTLD, GMAB, GIL, WEAV, CHDN, IREN, CAR, MYGN, ADBE, MNRO, ESTC, TCN, VGR, SAIA, LTH, ASAN, HLF, AVGO, PARA, FHI, WIX, INO, UTHR, LIND, VKTX, TDC, MMSI, DWAC, CHEF, VTEX, ACAD, ONON, BKNG, TDS, SBS, CCK, RMBS, CCJ, EGO, CCL, IOT, BECN, GOGO, CMPS, AKRO, BOWL, YOU]
2024-02-16 22:16:17.892 [xxl-job, JobThread-7-1708092900049] INFO  luonq.polygon.RealTimeDataWS_DB - stock overbolling hit great 0.500000 size: 525. data: [TER, FRSH, PATH, VIV, ICLR, LEGN, GLDD, LSCC, DFH, NOVA, ROIV, YPF, SNDR, ATEC, CGEM, FLGT, OLMA, COUR, BBY, XMTR, SLAB, ACCD, VIRT, QTWO, GME, UHS, AB, AAL, SMAR, AN, IQV, SURG, WMG, AEHR, ROIC, RAMP, DGX, WMT, OLLI, BDC, BC, NDAQ, ARCO, GOLF, DHI, MLTX, WNC, ARCC, ATGE, NTAP, R, S, HROW, U, RAPT, W, LRCX, Z, THO, UDMY, RDN, NVDA, TCMD, URGN, CF, JBHT, CI, RDY, CL, ACN, VMC, CR, ACT, VMI, SGH, HDSN, AZTA, FNA, ARCT, FND, CHD, AMZN, PAR, ARES, DE, INFA, RARE, GPN, ADI, ELP, GPS, LITE, ELS, AZUL, SHC, DT, DV, CHKP, SBRA, ARDX, ENSG, CLSK, SHW, BGNE, TNDM, FOR, AEL, UMC, EMR, HCSG, IMCR, EW, PCH, TKR, DLB, FA, QRVO, STTK, BRBR, CBAY, FR, TNGX, AXSM, MSFT, HARP, SJM, FLNC, GSK, LQDA, GH, GSL, GOOG, HUM, JBLU, FORM, WSC, HUT, AGL, AGO, BLZE, IRON, TMDX, AGS, WSM, LULU, ENTA, CLVT, DNB, EPC, PEP, TEVA, ISRG, GPRE, MRCY, SKX, CABA, FOUR, ENVX, HLIT, CLX, ULCC, SBUX, VRT, NABL, CME, QGEN, VERX, SQSP, MSGE, LUNG, CRDO, KTOS, ACLX, POWI, ACLS, ERJ, MAS, MAT, AMAT, IDYA, KALV, AMAM, VRNA, IONS, TPG, IONQ, XENE, DPZ, ATOM, LSXMA, KAMN, FTAI, LSXMK, GLOB, ACMR, EZPW, TPX, KLAC, COO, KO, GWW, PLRX, NXPI, XYL, ARLP, AVTR, USM, CHRW, AMBA, ROST, NEO, LH, NET, HZO, OTEX, ODFL, LDOS, MCW, MODG, ALL, SPB, RNA, ALT, MDB, GNTX, LZ, OHI, SPT, TRU, EYPT, INOD, AMD, AME, MDU, ROVR, MO, TASK, WERN, AMN, SNOW, ADSK, AMR, MU, KROS, AMT, BRKR, ORCL, VRNS, MED, ROL, TSM, AUTL, SNPS, RGEN, CRI, GLPI, MBLY, EXPD, RPD, AKAM, FFIV, NCLH, PRCT, CDMO, CSL, DELL, QFIN, ON, QDEL, CSQ, OR, AOS, APLS, CSX, DVA, LEN, PD, HAYW, CEPU, PH, CDNS, SLNO, PM, FTDR, VIAV, KRTX, CERE, DUOL, MRNS, MHK, NCNO, GDDY, JBL, CUK, CHWY, MTSI, DOCU, NVRO, RILY, QS, BSX, ARRY, PRDO, BLCO, NKE, SUM, OMI, BROS, EPAC, HUBB, JKHY, RH, MIR, IAS, TOST, HUBS, VRSK, TXG, BLDR, DDOG, RGLD, PENN, QLYS, TXT, EXTR, NTRA, CWH, IBP, DYN, INSP, SWI, JNPR, INST, COHR, FCFS, ICE, RUN, MANH, MLCO, SMTC, CALX, INTC, RIOT, TEAM, WOLF, HAS, ATR, MSTR, TT, AZEK, CXW, TW, PRG, UPWK, UA, AMKR, COIN, MLM, ORLY, NUVL, FIVN, VCYT, SYK, SYM, YETI, PSO, CNHI, HCP, GRCL, NOW, PAGS, WAB, SHLS, IEX, SYNA, IMVT, ZGN, FBIN, VZIO, FDMT, CBRL, RXO, ALKT, BYD, WD, RPAY, ARWR, SGML, WT, MARA, FWRD, XPOF, MOH, RVLV, STEP, SWKS, TIMB, BOOT, APTV, TMUS, MOR, LAUR, ZETA, NSSC, COLM, IGT, XP, GCT, RVMD, GTLB, NRG, PVH, ROAD, AGCO, ENFN, AYI, WDC, IRBT, TGLS, ALNY, RXRX, ZG, ZI, GEO, FVRR, FSLR, ZM, JKS, UAA, AVAV, FTNT, AMPL, GENI, MIDD, NMIH, FSLY, MRVL, UAL, AMRC, IRDM, SKYW, LOVE, ANSS, KNX, EBR, FDS, LPX, GFS, SKYT, RDNT, PANW, SITE, TWLO, AMSC, ULTA, CRWD, SITC, BRZE, OWL, SITM, DAL, ECL, ITGR, ALPN, CPRI, TAL, TAK, GOOGL, LRN, SAGE, NNOX, NVT, DOOR, URBN, MTZ, VFC, RMAX, TREX, MPWR, HTLD, GMAB, GIL, WEAV, CHDN, IREN, CAR, MYGN, ADBE, MNRO, ESTC, VGR, SAIA, LTH, ASAN, HLF, AVGO, PARA, FHI, WIX, INO, UTHR, LIND, VKTX, TDC, MMSI, DWAC, CHEF, VTEX, ACAD, ONON, BKNG, TDS, SBS, CCK, RMBS, CCJ, EGO, CCL, IOT, BECN, GOGO, CMPS, AKRO, BOWL, YOU]
2024-02-16 22:16:17.893 [xxl-job, JobThread-7-1708092900049] INFO  luonq.polygon.RealTimeDataWS_DB - filter merge stock, the stock set size is 525. data: [TER, FRSH, PATH, VIV, ICLR, LEGN, GLDD, LSCC, DFH, NOVA, ROIV, YPF, SNDR, ATEC, CGEM, FLGT, OLMA, COUR, BBY, XMTR, SLAB, ACCD, VIRT, QTWO, GME, UHS, AB, AAL, SMAR, AN, IQV, SURG, WMG, AEHR, ROIC, RAMP, DGX, WMT, OLLI, BDC, BC, NDAQ, ARCO, GOLF, DHI, MLTX, WNC, ARCC, ATGE, NTAP, R, S, HROW, U, RAPT, W, LRCX, Z, THO, UDMY, RDN, NVDA, TCMD, URGN, CF, JBHT, CI, RDY, CL, ACN, VMC, CR, ACT, VMI, SGH, HDSN, AZTA, FNA, ARCT, FND, CHD, AMZN, PAR, ARES, DE, INFA, RARE, GPN, ADI, ELP, GPS, LITE, ELS, AZUL, SHC, DT, DV, CHKP, SBRA, ARDX, ENSG, CLSK, SHW, BGNE, TNDM, FOR, AEL, UMC, EMR, HCSG, IMCR, EW, PCH, TKR, DLB, FA, QRVO, STTK, BRBR, CBAY, FR, TNGX, AXSM, MSFT, HARP, SJM, FLNC, GSK, LQDA, GH, GSL, GOOG, HUM, JBLU, FORM, WSC, HUT, AGL, AGO, BLZE, IRON, TMDX, AGS, WSM, LULU, ENTA, CLVT, DNB, EPC, PEP, TEVA, ISRG, GPRE, MRCY, SKX, CABA, FOUR, ENVX, HLIT, CLX, ULCC, SBUX, VRT, NABL, CME, QGEN, VERX, SQSP, MSGE, LUNG, CRDO, KTOS, ACLX, POWI, ACLS, ERJ, MAS, MAT, AMAT, IDYA, KALV, AMAM, VRNA, IONS, TPG, IONQ, XENE, DPZ, ATOM, LSXMA, KAMN, FTAI, LSXMK, GLOB, ACMR, EZPW, TPX, KLAC, COO, KO, GWW, PLRX, NXPI, XYL, ARLP, AVTR, USM, CHRW, AMBA, ROST, NEO, LH, NET, HZO, OTEX, ODFL, LDOS, MCW, MODG, ALL, SPB, RNA, ALT, MDB, GNTX, LZ, OHI, SPT, TRU, EYPT, INOD, AMD, AME, MDU, ROVR, MO, TASK, WERN, AMN, SNOW, ADSK, AMR, MU, KROS, AMT, BRKR, ORCL, VRNS, MED, ROL, TSM, AUTL, SNPS, RGEN, CRI, GLPI, MBLY, EXPD, RPD, AKAM, FFIV, NCLH, PRCT, CDMO, CSL, DELL, QFIN, ON, QDEL, CSQ, OR, AOS, APLS, CSX, DVA, LEN, PD, HAYW, CEPU, PH, CDNS, SLNO, PM, FTDR, VIAV, KRTX, CERE, DUOL, MRNS, MHK, NCNO, GDDY, JBL, CUK, CHWY, MTSI, DOCU, NVRO, RILY, QS, BSX, ARRY, PRDO, BLCO, NKE, SUM, OMI, BROS, EPAC, HUBB, JKHY, RH, MIR, IAS, TOST, HUBS, VRSK, TXG, BLDR, DDOG, RGLD, PENN, QLYS, TXT, EXTR, NTRA, CWH, IBP, DYN, INSP, SWI, JNPR, INST, COHR, FCFS, ICE, RUN, MANH, MLCO, SMTC, CALX, INTC, RIOT, TEAM, WOLF, HAS, ATR, MSTR, TT, AZEK, CXW, TW, PRG, UPWK, UA, AMKR, COIN, MLM, ORLY, NUVL, FIVN, VCYT, SYK, SYM, YETI, PSO, CNHI, HCP, GRCL, NOW, PAGS, WAB, SHLS, IEX, SYNA, IMVT, ZGN, FBIN, VZIO, FDMT, CBRL, RXO, ALKT, BYD, WD, RPAY, ARWR, SGML, WT, MARA, FWRD, XPOF, MOH, RVLV, STEP, SWKS, TIMB, BOOT, APTV, TMUS, MOR, LAUR, ZETA, NSSC, COLM, IGT, XP, GCT, RVMD, GTLB, NRG, PVH, ROAD, AGCO, ENFN, AYI, WDC, IRBT, TGLS, ALNY, RXRX, ZG, ZI, GEO, FVRR, FSLR, ZM, JKS, UAA, AVAV, FTNT, AMPL, GENI, MIDD, NMIH, FSLY, MRVL, UAL, AMRC, IRDM, SKYW, LOVE, ANSS, KNX, EBR, FDS, LPX, GFS, SKYT, RDNT, PANW, SITE, TWLO, AMSC, ULTA, CRWD, SITC, BRZE, OWL, SITM, DAL, ECL, ITGR, ALPN, CPRI, TAL, TAK, GOOGL, LRN, SAGE, NNOX, NVT, DOOR, URBN, MTZ, VFC, RMAX, TREX, MPWR, HTLD, GMAB, GIL, WEAV, CHDN, IREN, CAR, MYGN, ADBE, MNRO, ESTC, VGR, SAIA, LTH, ASAN, HLF, AVGO, PARA, FHI, WIX, INO, UTHR, LIND, VKTX, TDC, MMSI, DWAC, CHEF, VTEX, ACAD, ONON, BKNG, TDS, SBS, CCK, RMBS, CCJ, EGO, CCL, IOT, BECN, GOGO, CMPS, AKRO, BOWL, YOU]
2024-02-16 22:16:17.896 [xxl-job, JobThread-7-1708092900049] INFO  luonq.polygon.RealTimeDataWS_DB - filter split stock, the stock set size is 524. data: [TER, FRSH, PATH, VIV, ICLR, LEGN, GLDD, LSCC, DFH, NOVA, ROIV, YPF, SNDR, ATEC, CGEM, FLGT, OLMA, COUR, BBY, XMTR, SLAB, ACCD, VIRT, QTWO, GME, UHS, AB, AAL, SMAR, AN, IQV, SURG, WMG, AEHR, ROIC, RAMP, DGX, WMT, OLLI, BDC, BC, NDAQ, ARCO, GOLF, DHI, MLTX, WNC, ARCC, ATGE, NTAP, R, S, HROW, U, RAPT, W, LRCX, Z, THO, UDMY, RDN, NVDA, TCMD, URGN, CF, JBHT, CI, RDY, CL, ACN, VMC, CR, ACT, VMI, SGH, HDSN, AZTA, FNA, ARCT, FND, CHD, AMZN, PAR, ARES, DE, INFA, RARE, GPN, ADI, ELP, GPS, LITE, ELS, AZUL, SHC, DT, DV, CHKP, SBRA, ARDX, ENSG, CLSK, SHW, BGNE, TNDM, FOR, AEL, UMC, EMR, HCSG, IMCR, EW, PCH, TKR, DLB, FA, QRVO, STTK, BRBR, CBAY, FR, TNGX, AXSM, MSFT, HARP, SJM, FLNC, GSK, LQDA, GH, GSL, GOOG, HUM, JBLU, FORM, WSC, HUT, AGL, AGO, BLZE, IRON, TMDX, AGS, WSM, LULU, ENTA, CLVT, DNB, EPC, PEP, TEVA, ISRG, GPRE, MRCY, SKX, CABA, FOUR, ENVX, HLIT, CLX, ULCC, SBUX, VRT, NABL, CME, QGEN, VERX, SQSP, MSGE, LUNG, CRDO, KTOS, ACLX, POWI, ACLS, ERJ, MAS, MAT, AMAT, IDYA, KALV, AMAM, VRNA, IONS, TPG, IONQ, XENE, DPZ, ATOM, LSXMA, KAMN, FTAI, LSXMK, GLOB, ACMR, EZPW, TPX, KLAC, COO, KO, GWW, PLRX, NXPI, XYL, ARLP, AVTR, USM, CHRW, AMBA, ROST, NEO, LH, NET, HZO, OTEX, ODFL, LDOS, MCW, MODG, ALL, SPB, RNA, ALT, MDB, GNTX, LZ, OHI, SPT, TRU, EYPT, INOD, AMD, AME, MDU, ROVR, MO, TASK, WERN, AMN, SNOW, ADSK, AMR, MU, KROS, AMT, BRKR, ORCL, VRNS, MED, ROL, TSM, AUTL, SNPS, RGEN, CRI, GLPI, MBLY, EXPD, RPD, AKAM, FFIV, NCLH, PRCT, CDMO, CSL, DELL, QFIN, ON, QDEL, CSQ, OR, AOS, APLS, CSX, DVA, LEN, PD, HAYW, CEPU, PH, CDNS, SLNO, PM, FTDR, VIAV, KRTX, CERE, DUOL, MRNS, MHK, NCNO, GDDY, JBL, CUK, CHWY, MTSI, DOCU, NVRO, RILY, QS, BSX, ARRY, PRDO, BLCO, NKE, SUM, OMI, BROS, EPAC, HUBB, JKHY, RH, MIR, IAS, TOST, HUBS, VRSK, TXG, BLDR, DDOG, RGLD, PENN, QLYS, TXT, EXTR, NTRA, CWH, IBP, DYN, INSP, SWI, JNPR, INST, COHR, FCFS, ICE, RUN, MANH, MLCO, SMTC, CALX, INTC, RIOT, TEAM, WOLF, HAS, ATR, MSTR, TT, AZEK, CXW, TW, PRG, UPWK, UA, AMKR, COIN, MLM, ORLY, NUVL, FIVN, VCYT, SYK, SYM, YETI, PSO, CNHI, HCP, GRCL, NOW, PAGS, WAB, SHLS, IEX, SYNA, IMVT, ZGN, FBIN, VZIO, FDMT, CBRL, RXO, ALKT, BYD, WD, RPAY, ARWR, SGML, WT, MARA, FWRD, XPOF, MOH, RVLV, STEP, SWKS, TIMB, BOOT, APTV, TMUS, MOR, LAUR, ZETA, NSSC, COLM, IGT, XP, GCT, RVMD, GTLB, NRG, PVH, ROAD, AGCO, ENFN, AYI, WDC, IRBT, TGLS, ALNY, RXRX, ZG, ZI, GEO, FVRR, FSLR, ZM, JKS, UAA, AVAV, FTNT, AMPL, GENI, MIDD, NMIH, FSLY, MRVL, UAL, AMRC, IRDM, SKYW, LOVE, ANSS, KNX, EBR, FDS, LPX, GFS, SKYT, RDNT, PANW, SITE, TWLO, AMSC, ULTA, CRWD, SITC, BRZE, OWL, SITM, DAL, ECL, ITGR, ALPN, CPRI, TAL, TAK, GOOGL, LRN, SAGE, NNOX, NVT, DOOR, URBN, MTZ, VFC, RMAX, TREX, MPWR, HTLD, GMAB, GIL, WEAV, IREN, CAR, MYGN, ADBE, MNRO, ESTC, VGR, SAIA, LTH, ASAN, HLF, AVGO, PARA, FHI, WIX, INO, UTHR, LIND, VKTX, TDC, MMSI, DWAC, CHEF, VTEX, ACAD, ONON, BKNG, TDS, SBS, CCK, RMBS, CCJ, EGO, CCL, IOT, BECN, GOGO, CMPS, AKRO, BOWL, YOU]
2024-02-16 22:16:18.407 [xxl-job, JobThread-7-1708092900049] INFO  luonq.polygon.RealTimeDataWS_DB - filter front reinstatement less 0.98 stock, the stock set size is 503. data: [TER, FRSH, PATH, VIV, ICLR, LEGN, GLDD, LSCC, DFH, NOVA, ROIV, YPF, SNDR, ATEC, CGEM, FLGT, OLMA, COUR, BBY, XMTR, SLAB, ACCD, VIRT, QTWO, GME, UHS, AAL, SMAR, AN, IQV, SURG, WMG, AEHR, ROIC, RAMP, DGX, WMT, OLLI, BDC, BC, NDAQ, ARCO, GOLF, DHI, MLTX, WNC, ATGE, NTAP, R, S, HROW, U, RAPT, W, LRCX, Z, THO, UDMY, RDN, NVDA, TCMD, URGN, CF, JBHT, CI, RDY, CL, ACN, VMC, CR, VMI, SGH, HDSN, AZTA, FNA, ARCT, FND, CHD, AMZN, PAR, ARES, DE, INFA, RARE, GPN, ADI, GPS, LITE, ELS, AZUL, SHC, DT, DV, CHKP, ARDX, ENSG, CLSK, SHW, BGNE, TNDM, FOR, AEL, UMC, EMR, HCSG, IMCR, EW, PCH, TKR, DLB, QRVO, STTK, BRBR, CBAY, FR, TNGX, AXSM, MSFT, HARP, SJM, FLNC, GSK, LQDA, GH, GOOG, HUM, JBLU, FORM, WSC, HUT, AGL, AGO, BLZE, IRON, TMDX, AGS, WSM, LULU, ENTA, CLVT, DNB, EPC, PEP, TEVA, ISRG, GPRE, MRCY, SKX, CABA, FOUR, ENVX, HLIT, CLX, ULCC, SBUX, VRT, NABL, QGEN, VERX, SQSP, MSGE, LUNG, CRDO, KTOS, ACLX, POWI, ACLS, ERJ, MAS, MAT, AMAT, IDYA, KALV, AMAM, VRNA, IONS, TPG, IONQ, XENE, DPZ, ATOM, LSXMA, KAMN, FTAI, LSXMK, GLOB, ACMR, EZPW, TPX, KLAC, COO, KO, GWW, PLRX, NXPI, XYL, AVTR, USM, CHRW, AMBA, ROST, NEO, LH, NET, HZO, OTEX, ODFL, LDOS, MCW, MODG, ALL, SPB, RNA, ALT, MDB, GNTX, LZ, SPT, TRU, EYPT, INOD, AMD, AME, MDU, ROVR, TASK, WERN, AMN, SNOW, ADSK, AMR, MU, KROS, AMT, BRKR, ORCL, VRNS, ROL, TSM, AUTL, SNPS, RGEN, CRI, GLPI, MBLY, EXPD, RPD, AKAM, FFIV, NCLH, PRCT, CDMO, CSL, DELL, ON, QDEL, CSQ, OR, AOS, APLS, CSX, DVA, LEN, PD, HAYW, CEPU, PH, CDNS, SLNO, PM, FTDR, VIAV, KRTX, CERE, DUOL, MRNS, MHK, NCNO, GDDY, JBL, CUK, CHWY, MTSI, DOCU, NVRO, QS, BSX, ARRY, PRDO, BLCO, NKE, SUM, OMI, BROS, EPAC, HUBB, JKHY, RH, MIR, IAS, TOST, HUBS, VRSK, TXG, BLDR, DDOG, RGLD, PENN, QLYS, TXT, EXTR, NTRA, CWH, IBP, DYN, INSP, SWI, JNPR, INST, COHR, FCFS, ICE, RUN, MANH, MLCO, SMTC, CALX, INTC, RIOT, TEAM, WOLF, HAS, ATR, MSTR, TT, AZEK, CXW, TW, PRG, UPWK, UA, AMKR, COIN, MLM, ORLY, NUVL, FIVN, VCYT, SYK, SYM, YETI, PSO, HCP, GRCL, NOW, PAGS, WAB, SHLS, IEX, SYNA, IMVT, ZGN, FBIN, VZIO, FDMT, CBRL, RXO, ALKT, BYD, WD, RPAY, ARWR, SGML, WT, MARA, FWRD, XPOF, MOH, RVLV, STEP, SWKS, TIMB, BOOT, APTV, TMUS, MOR, ZETA, NSSC, COLM, IGT, GCT, RVMD, GTLB, NRG, PVH, ROAD, AGCO, ENFN, AYI, WDC, IRBT, TGLS, ALNY, RXRX, ZG, ZI, GEO, FVRR, FSLR, ZM, UAA, AVAV, FTNT, AMPL, GENI, MIDD, NMIH, FSLY, MRVL, UAL, AMRC, IRDM, SKYW, LOVE, ANSS, KNX, EBR, FDS, LPX, GFS, SKYT, RDNT, PANW, SITE, TWLO, AMSC, ULTA, CRWD, SITC, BRZE, OWL, SITM, DAL, ECL, ITGR, ALPN, CPRI, TAL, GOOGL, LRN, SAGE, NNOX, NVT, DOOR, URBN, MTZ, VFC, RMAX, TREX, MPWR, HTLD, GMAB, GIL, WEAV, IREN, MYGN, ADBE, MNRO, ESTC, VGR, SAIA, LTH, ASAN, HLF, AVGO, PARA, FHI, WIX, INO, UTHR, LIND, VKTX, TDC, MMSI, DWAC, CHEF, VTEX, ACAD, ONON, BKNG, TDS, SBS, CCK, RMBS, CCJ, EGO, CCL, IOT, BECN, GOGO, CMPS, AKRO, BOWL]
2024-02-16 22:16:18.408 [xxl-job, JobThread-7-1708092900049] INFO  luonq.polygon.RealTimeDataWS_DB - filter earning and lastEarning stock, the stock set size is 469. data: [TER, FRSH, PATH, VIV, ICLR, LEGN, GLDD, LSCC, DFH, NOVA, ROIV, YPF, SNDR, ATEC, CGEM, FLGT, OLMA, COUR, BBY, XMTR, SLAB, ACCD, VIRT, QTWO, GME, UHS, AAL, SMAR, AN, IQV, SURG, WMG, AEHR, RAMP, DGX, WMT, OLLI, BDC, BC, NDAQ, ARCO, GOLF, DHI, MLTX, WNC, ATGE, NTAP, R, S, HROW, U, RAPT, W, LRCX, Z, THO, RDN, NVDA, TCMD, URGN, JBHT, CI, RDY, CL, ACN, CR, VMI, SGH, HDSN, AZTA, FNA, ARCT, FND, CHD, AMZN, PAR, ARES, GPN, ADI, GPS, LITE, ELS, AZUL, SHC, DT, DV, CHKP, ARDX, ENSG, CLSK, SHW, BGNE, TNDM, FOR, AEL, UMC, EMR, HCSG, IMCR, EW, PCH, TKR, DLB, QRVO, STTK, BRBR, CBAY, FR, TNGX, AXSM, MSFT, HARP, SJM, FLNC, GSK, LQDA, GH, GOOG, HUM, JBLU, FORM, WSC, HUT, AGL, AGO, IRON, TMDX, AGS, WSM, LULU, ENTA, CLVT, EPC, PEP, TEVA, ISRG, GPRE, MRCY, SKX, CABA, FOUR, ENVX, HLIT, CLX, ULCC, SBUX, VRT, NABL, QGEN, VERX, SQSP, MSGE, LUNG, CRDO, KTOS, ACLX, POWI, ACLS, ERJ, MAS, MAT, IDYA, KALV, AMAM, VRNA, IONS, TPG, IONQ, XENE, DPZ, ATOM, LSXMA, KAMN, FTAI, LSXMK, ACMR, EZPW, TPX, KLAC, COO, KO, GWW, PLRX, NXPI, XYL, AVTR, USM, CHRW, AMBA, ROST, NEO, NET, HZO, OTEX, ODFL, LDOS, MCW, MODG, ALL, SPB, RNA, ALT, MDB, GNTX, LZ, SPT, TRU, EYPT, INOD, AMD, AME, MDU, ROVR, TASK, WERN, SNOW, ADSK, AMR, MU, KROS, AMT, BRKR, ORCL, VRNS, TSM, AUTL, SNPS, RGEN, CRI, GLPI, MBLY, EXPD, RPD, AKAM, FFIV, NCLH, PRCT, CDMO, CSL, DELL, ON, QDEL, CSQ, OR, AOS, APLS, CSX, DVA, LEN, PD, HAYW, CEPU, PH, CDNS, SLNO, PM, FTDR, VIAV, KRTX, CERE, DUOL, MRNS, MHK, NCNO, GDDY, JBL, CUK, CHWY, MTSI, DOCU, NVRO, BSX, ARRY, PRDO, BLCO, NKE, OMI, BROS, EPAC, HUBB, JKHY, RH, MIR, IAS, VRSK, BLDR, DDOG, PENN, QLYS, TXT, EXTR, NTRA, CWH, IBP, DYN, INSP, SWI, JNPR, INST, COHR, FCFS, ICE, RUN, MANH, MLCO, SMTC, CALX, INTC, RIOT, TEAM, WOLF, HAS, ATR, MSTR, TT, AZEK, CXW, TW, PRG, UA, AMKR, MLM, ORLY, NUVL, FIVN, VCYT, SYK, SYM, PSO, HCP, GRCL, NOW, PAGS, WAB, SHLS, IEX, SYNA, IMVT, ZGN, FBIN, VZIO, FDMT, CBRL, RXO, ALKT, BYD, RPAY, ARWR, SGML, WT, MARA, FWRD, XPOF, MOH, RVLV, STEP, SWKS, TIMB, BOOT, APTV, TMUS, MOR, ZETA, NSSC, COLM, IGT, GCT, RVMD, GTLB, NRG, PVH, ROAD, AGCO, ENFN, AYI, WDC, IRBT, TGLS, RXRX, ZG, ZI, FVRR, FSLR, ZM, UAA, AVAV, FTNT, AMPL, GENI, MIDD, MRVL, UAL, AMRC, SKYW, LOVE, ANSS, KNX, EBR, FDS, LPX, GFS, SKYT, RDNT, PANW, SITE, AMSC, ULTA, CRWD, SITC, BRZE, OWL, SITM, DAL, ECL, ALPN, CPRI, TAL, GOOGL, LRN, SAGE, NNOX, NVT, DOOR, URBN, MTZ, VFC, RMAX, TREX, MPWR, HTLD, GMAB, GIL, WEAV, MYGN, ADBE, MNRO, ESTC, VGR, SAIA, LTH, ASAN, AVGO, PARA, FHI, WIX, INO, UTHR, LIND, VKTX, TDC, MMSI, DWAC, CHEF, VTEX, ACAD, ONON, BKNG, SBS, CCK, RMBS, CCJ, EGO, CCL, IOT, BECN, GOGO, CMPS, AKRO, BOWL]
2024-02-16 22:16:18.408 [xxl-job, JobThread-7-1708092900049] INFO  luonq.polygon.RealTimeDataWS_DB - after filte: [TER, FRSH, PATH, VIV, ICLR, LEGN, GLDD, LSCC, DFH, NOVA, ROIV, YPF, SNDR, ATEC, CGEM, FLGT, OLMA, COUR, BBY, XMTR, SLAB, ACCD, VIRT, QTWO, GME, UHS, AAL, SMAR, AN, IQV, SURG, WMG, AEHR, RAMP, DGX, WMT, OLLI, BDC, BC, NDAQ, ARCO, GOLF, DHI, MLTX, WNC, ATGE, NTAP, R, S, HROW, U, RAPT, W, LRCX, Z, THO, RDN, NVDA, TCMD, URGN, JBHT, CI, RDY, CL, ACN, VMI, SGH, HDSN, AZTA, FNA, ARCT, FND, CHD, AMZN, PAR, ARES, GPN, ADI, GPS, LITE, ELS, AZUL, SHC, DT, DV, CHKP, ARDX, ENSG, CLSK, SHW, BGNE, TNDM, FOR, AEL, UMC, EMR, HCSG, IMCR, EW, PCH, TKR, DLB, QRVO, STTK, BRBR, CBAY, FR, TNGX, AXSM, MSFT, HARP, SJM, FLNC, GSK, LQDA, GH, GOOG, HUM, JBLU, FORM, WSC, HUT, AGL, AGO, IRON, TMDX, AGS, WSM, LULU, ENTA, CLVT, EPC, PEP, TEVA, ISRG, GPRE, MRCY, SKX, CABA, FOUR, HLIT, CLX, ULCC, SBUX, VRT, NABL, QGEN, VERX, SQSP, MSGE, LUNG, CRDO, KTOS, ACLX, POWI, ACLS, ERJ, MAS, MAT, IDYA, KALV, AMAM, VRNA, IONS, TPG, IONQ, XENE, DPZ, ATOM, LSXMA, KAMN, FTAI, LSXMK, ACMR, EZPW, TPX, KLAC, COO, KO, GWW, PLRX, NXPI, XYL, AVTR, USM, CHRW, AMBA, ROST, NEO, NET, HZO, OTEX, ODFL, LDOS, MCW, MODG, ALL, SPB, RNA, ALT, MDB, GNTX, LZ, SPT, TRU, EYPT, INOD, AMD, AME, MDU, ROVR, TASK, WERN, SNOW, ADSK, AMR, MU, KROS, AMT, BRKR, ORCL, VRNS, TSM, AUTL, SNPS, RGEN, CRI, GLPI, MBLY, EXPD, RPD, AKAM, FFIV, NCLH, PRCT, CDMO, CSL, DELL, ON, QDEL, CSQ, OR, AOS, APLS, CSX, DVA, LEN, PD, HAYW, CEPU, PH, CDNS, SLNO, PM, FTDR, VIAV, KRTX, CERE, DUOL, MRNS, MHK, NCNO, GDDY, JBL, CUK, CHWY, MTSI, DOCU, NVRO, BSX, ARRY, PRDO, BLCO, NKE, OMI, BROS, EPAC, HUBB, JKHY, RH, MIR, IAS, VRSK, BLDR, DDOG, PENN, QLYS, TXT, EXTR, NTRA, CWH, IBP, DYN, INSP, SWI, JNPR, INST, COHR, FCFS, ICE, RUN, MANH, MLCO, SMTC, CALX, INTC, RIOT, TEAM, WOLF, HAS, ATR, MSTR, TT, AZEK, CXW, TW, PRG, UA, AMKR, MLM, ORLY, NUVL, FIVN, VCYT, SYK, SYM, PSO, HCP, GRCL, NOW, PAGS, WAB, SHLS, IEX, SYNA, IMVT, ZGN, FBIN, VZIO, FDMT, CBRL, RXO, ALKT, BYD, RPAY, ARWR, SGML, WT, MARA, FWRD, XPOF, MOH, RVLV, STEP, SWKS, TIMB, BOOT, APTV, TMUS, MOR, ZETA, NSSC, COLM, IGT, GCT, RVMD, GTLB, NRG, PVH, ROAD, AGCO, ENFN, AYI, WDC, IRBT, TGLS, RXRX, ZG, ZI, FVRR, FSLR, ZM, UAA, AVAV, FTNT, AMPL, GENI, MIDD, MRVL, UAL, AMRC, SKYW, LOVE, ANSS, KNX, EBR, FDS, LPX, GFS, SKYT, RDNT, PANW, SITE, AMSC, ULTA, CRWD, SITC, BRZE, OWL, SITM, DAL, ECL, ALPN, CPRI, TAL, GOOGL, LRN, SAGE, NNOX, NVT, DOOR, URBN, MTZ, VFC, RMAX, TREX, MPWR, HTLD, GMAB, GIL, WEAV, MYGN, ADBE, MNRO, ESTC, VGR, SAIA, LTH, ASAN, AVGO, PARA, FHI, WIX, INO, UTHR, LIND, VKTX, TDC, MMSI, DWAC, CHEF, VTEX, ACAD, ONON, BKNG, SBS, CCK, RMBS, CCJ, EGO, CCL, IOT, BECN, GOGO, CMPS, AKRO, BOWL]
2024-02-16 22:16:18.411 [xxl-job, JobThread-7-1708092900049] INFO  luonq.polygon.RealTimeDataWS_DB - finish load last DN for BOLL
2024-02-16 22:16:18.426 [xxl-job, JobThread-7-1708092900049] INFO  luonq.polygon.RealTimeDataWS_DB - finish load lastest 19-days close data
2024-02-16 22:16:18.426 [xxl-job, JobThread-7-1708092900049] INFO  luonq.polygon.RealTimeDataWS_DB - finish init historical data
2024-02-16 22:16:18.427 [xxl-job, JobThread-7-1708092900049] INFO  luonq.polygon.RealTimeDataWS_DB - wait pre trade time. now is 22:16:18
2024-02-16 22:16:23.431 [xxl-job, JobThread-7-1708092900049] INFO  luonq.polygon.RealTimeDataWS_DB - wait pre trade time. now is 22:16:23
2024-02-16 22:16:28.438 [xxl-job, JobThread-7-1708092900049] INFO  luonq.polygon.RealTimeDataWS_DB - wait pre trade time. now is 22:16:28
2024-02-16 22:16:33.443 [xxl-job, JobThread-7-1708092900049] INFO  luonq.polygon.RealTimeDataWS_DB - wait pre trade time. now is 22:16:33
2024-02-16 22:16:38.446 [xxl-job, JobThread-7-1708092900049] INFO  luonq.polygon.RealTimeDataWS_DB - wait pre trade time. now is 22:16:38
2024-02-16 22:16:43.452 [xxl-job, JobThread-7-1708092900049] INFO  luonq.polygon.RealTimeDataWS_DB - wait pre trade time. now is 22:16:43
2024-02-16 22:16:48.458 [xxl-job, JobThread-7-1708092900049] INFO  luonq.polygon.RealTimeDataWS_DB - wait pre trade time. now is 22:16:48
2024-02-16 22:16:53.463 [xxl-job, JobThread-7-1708092900049] INFO  luonq.polygon.RealTimeDataWS_DB - wait pre trade time. now is 22:16:53
2024-02-16 22:16:58.468 [xxl-job, JobThread-7-1708092900049] INFO  luonq.polygon.RealTimeDataWS_DB - wait pre trade time. now is 22:16:58
2024-02-16 22:17:03.472 [xxl-job, JobThread-7-1708092900049] INFO  luonq.polygon.RealTimeDataWS_DB - wait pre trade time. now is 22:17:03
2024-02-16 22:17:08.476 [xxl-job, JobThread-7-1708092900049] INFO  luonq.polygon.RealTimeDataWS_DB - wait pre trade time. now is 22:17:08
2024-02-16 22:17:13.479 [xxl-job, JobThread-7-1708092900049] INFO  luonq.polygon.RealTimeDataWS_DB - wait pre trade time. now is 22:17:13
2024-02-16 22:17:18.482 [xxl-job, JobThread-7-1708092900049] INFO  luonq.polygon.RealTimeDataWS_DB - wait pre trade time. now is 22:17:18
2024-02-16 22:17:23.486 [xxl-job, JobThread-7-1708092900049] INFO  luonq.polygon.RealTimeDataWS_DB - wait pre trade time. now is 22:17:23
2024-02-16 22:17:28.489 [xxl-job, JobThread-7-1708092900049] INFO  luonq.polygon.RealTimeDataWS_DB - wait pre trade time. now is 22:17:28
2024-02-16 22:17:33.494 [xxl-job, JobThread-7-1708092900049] INFO  luonq.polygon.RealTimeDataWS_DB - wait pre trade time. now is 22:17:33
2024-02-16 22:17:38.499 [xxl-job, JobThread-7-1708092900049] INFO  luonq.polygon.RealTimeDataWS_DB - wait pre trade time. now is 22:17:38
2024-02-16 22:17:43.504 [xxl-job, JobThread-7-1708092900049] INFO  luonq.polygon.RealTimeDataWS_DB - wait pre trade time. now is 22:17:43
2024-02-16 22:17:48.510 [xxl-job, JobThread-7-1708092900049] INFO  luonq.polygon.RealTimeDataWS_DB - wait pre trade time. now is 22:17:48
2024-02-16 22:17:53.515 [xxl-job, JobThread-7-1708092900049] INFO  luonq.polygon.RealTimeDataWS_DB - wait pre trade time. now is 22:17:53
2024-02-16 22:17:58.519 [xxl-job, JobThread-7-1708092900049] INFO  luonq.polygon.RealTimeDataWS_DB - wait pre trade time. now is 22:17:58
2024-02-16 22:18:03.522 [xxl-job, JobThread-7-1708092900049] INFO  luonq.polygon.RealTimeDataWS_DB - wait pre trade time. now is 22:18:03
2024-02-16 22:18:08.527 [xxl-job, JobThread-7-1708092900049] INFO  luonq.polygon.RealTimeDataWS_DB - wait pre trade time. now is 22:18:08
2024-02-16 22:18:13.530 [xxl-job, JobThread-7-1708092900049] INFO  luonq.polygon.RealTimeDataWS_DB - wait pre trade time. now is 22:18:13
2024-02-16 22:18:18.533 [xxl-job, JobThread-7-1708092900049] INFO  luonq.polygon.RealTimeDataWS_DB - wait pre trade time. now is 22:18:18
2024-02-16 22:18:23.535 [xxl-job, JobThread-7-1708092900049] INFO  luonq.polygon.RealTimeDataWS_DB - wait pre trade time. now is 22:18:23
2024-02-16 22:18:28.538 [xxl-job, JobThread-7-1708092900049] INFO  luonq.polygon.RealTimeDataWS_DB - wait pre trade time. now is 22:18:28
2024-02-16 22:18:33.543 [xxl-job, JobThread-7-1708092900049] INFO  luonq.polygon.RealTimeDataWS_DB - wait pre trade time. now is 22:18:33
2024-02-16 22:18:38.548 [xxl-job, JobThread-7-1708092900049] INFO  luonq.polygon.RealTimeDataWS_DB - wait pre trade time. now is 22:18:38
2024-02-16 22:18:43.552 [xxl-job, JobThread-7-1708092900049] INFO  luonq.polygon.RealTimeDataWS_DB - wait pre trade time. now is 22:18:43
2024-02-16 22:18:48.555 [xxl-job, JobThread-7-1708092900049] INFO  luonq.polygon.RealTimeDataWS_DB - wait pre trade time. now is 22:18:48
2024-02-16 22:18:53.560 [xxl-job, JobThread-7-1708092900049] INFO  luonq.polygon.RealTimeDataWS_DB - wait pre trade time. now is 22:18:53
2024-02-16 22:18:58.564 [xxl-job, JobThread-7-1708092900049] INFO  luonq.polygon.RealTimeDataWS_DB - wait pre trade time. now is 22:18:58
2024-02-16 22:19:03.569 [xxl-job, JobThread-7-1708092900049] INFO  luonq.polygon.RealTimeDataWS_DB - wait pre trade time. now is 22:19:03
2024-02-16 22:19:08.573 [xxl-job, JobThread-7-1708092900049] INFO  luonq.polygon.RealTimeDataWS_DB - wait pre trade time. now is 22:19:08
2024-02-16 22:19:13.578 [xxl-job, JobThread-7-1708092900049] INFO  luonq.polygon.RealTimeDataWS_DB - wait pre trade time. now is 22:19:13
2024-02-16 22:19:18.582 [xxl-job, JobThread-7-1708092900049] INFO  luonq.polygon.RealTimeDataWS_DB - wait pre trade time. now is 22:19:18
2024-02-16 22:19:23.586 [xxl-job, JobThread-7-1708092900049] INFO  luonq.polygon.RealTimeDataWS_DB - wait pre trade time. now is 22:19:23
2024-02-16 22:19:28.588 [xxl-job, JobThread-7-1708092900049] INFO  luonq.polygon.RealTimeDataWS_DB - wait pre trade time. now is 22:19:28
2024-02-16 22:19:33.592 [xxl-job, JobThread-7-1708092900049] INFO  luonq.polygon.RealTimeDataWS_DB - wait pre trade time. now is 22:19:33
2024-02-16 22:19:38.597 [xxl-job, JobThread-7-1708092900049] INFO  luonq.polygon.RealTimeDataWS_DB - wait pre trade time. now is 22:19:38
2024-02-16 22:19:43.602 [xxl-job, JobThread-7-1708092900049] INFO  luonq.polygon.RealTimeDataWS_DB - wait pre trade time. now is 22:19:43
2024-02-16 22:19:48.607 [xxl-job, JobThread-7-1708092900049] INFO  luonq.polygon.RealTimeDataWS_DB - wait pre trade time. now is 22:19:48
2024-02-16 22:19:53.611 [xxl-job, JobThread-7-1708092900049] INFO  luonq.polygon.RealTimeDataWS_DB - wait pre trade time. now is 22:19:53
2024-02-16 22:19:58.614 [xxl-job, JobThread-7-1708092900049] INFO  luonq.polygon.RealTimeDataWS_DB - wait pre trade time. now is 22:19:58
2024-02-16 22:20:03.620 [xxl-job, JobThread-7-1708092900049] INFO  luonq.polygon.RealTimeDataWS_DB - wait pre trade time. now is 22:20:03
2024-02-16 22:20:08.623 [xxl-job, JobThread-7-1708092900049] INFO  luonq.polygon.RealTimeDataWS_DB - wait pre trade time. now is 22:20:08
2024-02-16 22:20:13.625 [xxl-job, JobThread-7-1708092900049] INFO  luonq.polygon.RealTimeDataWS_DB - wait pre trade time. now is 22:20:13
2024-02-16 22:20:18.628 [xxl-job, JobThread-7-1708092900049] INFO  luonq.polygon.RealTimeDataWS_DB - wait pre trade time. now is 22:20:18
2024-02-16 22:20:23.634 [xxl-job, JobThread-7-1708092900049] INFO  luonq.polygon.RealTimeDataWS_DB - wait pre trade time. now is 22:20:23
2024-02-16 22:20:28.636 [xxl-job, JobThread-7-1708092900049] INFO  luonq.polygon.RealTimeDataWS_DB - wait pre trade time. now is 22:20:28
2024-02-16 22:20:33.641 [xxl-job, JobThread-7-1708092900049] INFO  luonq.polygon.RealTimeDataWS_DB - wait pre trade time. now is 22:20:33
2024-02-16 22:20:38.644 [xxl-job, JobThread-7-1708092900049] INFO  luonq.polygon.RealTimeDataWS_DB - wait pre trade time. now is 22:20:38
2024-02-16 22:20:43.649 [xxl-job, JobThread-7-1708092900049] INFO  luonq.polygon.RealTimeDataWS_DB - wait pre trade time. now is 22:20:43
2024-02-16 22:20:48.653 [xxl-job, JobThread-7-1708092900049] INFO  luonq.polygon.RealTimeDataWS_DB - wait pre trade time. now is 22:20:48
2024-02-16 22:20:53.656 [xxl-job, JobThread-7-1708092900049] INFO  luonq.polygon.RealTimeDataWS_DB - wait pre trade time. now is 22:20:53
2024-02-16 22:20:58.660 [xxl-job, JobThread-7-1708092900049] INFO  luonq.polygon.RealTimeDataWS_DB - wait pre trade time. now is 22:20:58
2024-02-16 22:21:03.662 [xxl-job, JobThread-7-1708092900049] INFO  luonq.polygon.RealTimeDataWS_DB - wait pre trade time. now is 22:21:03
2024-02-16 22:21:08.667 [xxl-job, JobThread-7-1708092900049] INFO  luonq.polygon.RealTimeDataWS_DB - wait pre trade time. now is 22:21:08
2024-02-16 22:21:13.672 [xxl-job, JobThread-7-1708092900049] INFO  luonq.polygon.RealTimeDataWS_DB - wait pre trade time. now is 22:21:13
2024-02-16 22:21:18.674 [xxl-job, JobThread-7-1708092900049] INFO  luonq.polygon.RealTimeDataWS_DB - wait pre trade time. now is 22:21:18
2024-02-16 22:21:23.674 [xxl-job, JobThread-7-1708092900049] INFO  luonq.polygon.RealTimeDataWS_DB - wait pre trade time. now is 22:21:23
2024-02-16 22:21:28.675 [xxl-job, JobThread-7-1708092900049] INFO  luonq.polygon.RealTimeDataWS_DB - wait pre trade time. now is 22:21:28
2024-02-16 22:21:33.677 [xxl-job, JobThread-7-1708092900049] INFO  luonq.polygon.RealTimeDataWS_DB - wait pre trade time. now is 22:21:33
2024-02-16 22:21:38.678 [xxl-job, JobThread-7-1708092900049] INFO  luonq.polygon.RealTimeDataWS_DB - wait pre trade time. now is 22:21:38
2024-02-16 22:21:43.683 [xxl-job, JobThread-7-1708092900049] INFO  luonq.polygon.RealTimeDataWS_DB - wait pre trade time. now is 22:21:43
2024-02-16 22:21:48.686 [xxl-job, JobThread-7-1708092900049] INFO  luonq.polygon.RealTimeDataWS_DB - wait pre trade time. now is 22:21:48
2024-02-16 22:21:53.691 [xxl-job, JobThread-7-1708092900049] INFO  luonq.polygon.RealTimeDataWS_DB - wait pre trade time. now is 22:21:53
2024-02-16 22:21:58.694 [xxl-job, JobThread-7-1708092900049] INFO  luonq.polygon.RealTimeDataWS_DB - wait pre trade time. now is 22:21:58
2024-02-16 22:22:03.698 [xxl-job, JobThread-7-1708092900049] INFO  luonq.polygon.RealTimeDataWS_DB - wait pre trade time. now is 22:22:03
2024-02-16 22:22:08.704 [xxl-job, JobThread-7-1708092900049] INFO  luonq.polygon.RealTimeDataWS_DB - wait pre trade time. now is 22:22:08
2024-02-16 22:22:13.707 [xxl-job, JobThread-7-1708092900049] INFO  luonq.polygon.RealTimeDataWS_DB - wait pre trade time. now is 22:22:13
2024-02-16 22:22:18.713 [xxl-job, JobThread-7-1708092900049] INFO  luonq.polygon.RealTimeDataWS_DB - wait pre trade time. now is 22:22:18
2024-02-16 22:22:23.716 [xxl-job, JobThread-7-1708092900049] INFO  luonq.polygon.RealTimeDataWS_DB - wait pre trade time. now is 22:22:23
2024-02-16 22:22:28.719 [xxl-job, JobThread-7-1708092900049] INFO  luonq.polygon.RealTimeDataWS_DB - wait pre trade time. now is 22:22:28
2024-02-16 22:22:33.724 [xxl-job, JobThread-7-1708092900049] INFO  luonq.polygon.RealTimeDataWS_DB - wait pre trade time. now is 22:22:33
2024-02-16 22:22:38.728 [xxl-job, JobThread-7-1708092900049] INFO  luonq.polygon.RealTimeDataWS_DB - wait pre trade time. now is 22:22:38
2024-02-16 22:22:43.731 [xxl-job, JobThread-7-1708092900049] INFO  luonq.polygon.RealTimeDataWS_DB - wait pre trade time. now is 22:22:43
2024-02-16 22:22:48.735 [xxl-job, JobThread-7-1708092900049] INFO  luonq.polygon.RealTimeDataWS_DB - wait pre trade time. now is 22:22:48
2024-02-16 22:22:53.740 [xxl-job, JobThread-7-1708092900049] INFO  luonq.polygon.RealTimeDataWS_DB - wait pre trade time. now is 22:22:53
2024-02-16 22:22:58.744 [xxl-job, JobThread-7-1708092900049] INFO  luonq.polygon.RealTimeDataWS_DB - wait pre trade time. now is 22:22:58
2024-02-16 22:23:03.747 [xxl-job, JobThread-7-1708092900049] INFO  luonq.polygon.RealTimeDataWS_DB - wait pre trade time. now is 22:23:03
2024-02-16 22:23:08.752 [xxl-job, JobThread-7-1708092900049] INFO  luonq.polygon.RealTimeDataWS_DB - wait pre trade time. now is 22:23:08
2024-02-16 22:23:13.757 [xxl-job, JobThread-7-1708092900049] INFO  luonq.polygon.RealTimeDataWS_DB - wait pre trade time. now is 22:23:13
2024-02-16 22:23:18.760 [xxl-job, JobThread-7-1708092900049] INFO  luonq.polygon.RealTimeDataWS_DB - wait pre trade time. now is 22:23:18
2024-02-16 22:23:23.765 [xxl-job, JobThread-7-1708092900049] INFO  luonq.polygon.RealTimeDataWS_DB - wait pre trade time. now is 22:23:23
2024-02-16 22:23:28.769 [xxl-job, JobThread-7-1708092900049] INFO  luonq.polygon.RealTimeDataWS_DB - wait pre trade time. now is 22:23:28
2024-02-16 22:23:33.773 [xxl-job, JobThread-7-1708092900049] INFO  luonq.polygon.RealTimeDataWS_DB - wait pre trade time. now is 22:23:33
2024-02-16 22:23:38.776 [xxl-job, JobThread-7-1708092900049] INFO  luonq.polygon.RealTimeDataWS_DB - wait pre trade time. now is 22:23:38
2024-02-16 22:23:43.779 [xxl-job, JobThread-7-1708092900049] INFO  luonq.polygon.RealTimeDataWS_DB - wait pre trade time. now is 22:23:43
2024-02-16 22:23:48.781 [xxl-job, JobThread-7-1708092900049] INFO  luonq.polygon.RealTimeDataWS_DB - wait pre trade time. now is 22:23:48
2024-02-16 22:23:53.785 [xxl-job, JobThread-7-1708092900049] INFO  luonq.polygon.RealTimeDataWS_DB - wait pre trade time. now is 22:23:53
2024-02-16 22:23:58.789 [xxl-job, JobThread-7-1708092900049] INFO  luonq.polygon.RealTimeDataWS_DB - wait pre trade time. now is 22:23:58
2024-02-16 22:24:03.793 [xxl-job, JobThread-7-1708092900049] INFO  luonq.polygon.RealTimeDataWS_DB - wait pre trade time. now is 22:24:03
2024-02-16 22:24:08.797 [xxl-job, JobThread-7-1708092900049] INFO  luonq.polygon.RealTimeDataWS_DB - wait pre trade time. now is 22:24:08
2024-02-16 22:24:13.808 [xxl-job, JobThread-7-1708092900049] INFO  luonq.polygon.RealTimeDataWS_DB - wait pre trade time. now is 22:24:13
2024-02-16 22:24:18.814 [xxl-job, JobThread-7-1708092900049] INFO  luonq.polygon.RealTimeDataWS_DB - wait pre trade time. now is 22:24:18
2024-02-16 22:24:23.822 [xxl-job, JobThread-7-1708092900049] INFO  luonq.polygon.RealTimeDataWS_DB - wait pre trade time. now is 22:24:23
2024-02-16 22:24:28.830 [xxl-job, JobThread-7-1708092900049] INFO  luonq.polygon.RealTimeDataWS_DB - wait pre trade time. now is 22:24:28
2024-02-16 22:24:33.841 [xxl-job, JobThread-7-1708092900049] INFO  luonq.polygon.RealTimeDataWS_DB - wait pre trade time. now is 22:24:33
2024-02-16 22:24:38.846 [xxl-job, JobThread-7-1708092900049] INFO  luonq.polygon.RealTimeDataWS_DB - wait pre trade time. now is 22:24:38
2024-02-16 22:24:43.850 [xxl-job, JobThread-7-1708092900049] INFO  luonq.polygon.RealTimeDataWS_DB - wait pre trade time. now is 22:24:43
2024-02-16 22:24:48.860 [xxl-job, JobThread-7-1708092900049] INFO  luonq.polygon.RealTimeDataWS_DB - wait pre trade time. now is 22:24:48
2024-02-16 22:24:53.870 [xxl-job, JobThread-7-1708092900049] INFO  luonq.polygon.RealTimeDataWS_DB - wait pre trade time. now is 22:24:53
2024-02-16 22:24:58.880 [xxl-job, JobThread-7-1708092900049] INFO  luonq.polygon.RealTimeDataWS_DB - wait pre trade time. now is 22:24:58
2024-02-16 22:25:03.890 [xxl-job, JobThread-7-1708092900049] INFO  luonq.polygon.RealTimeDataWS_DB - wait pre trade time. now is 22:25:03
2024-02-16 22:25:08.898 [xxl-job, JobThread-7-1708092900049] INFO  luonq.polygon.RealTimeDataWS_DB - wait pre trade time. now is 22:25:08
2024-02-16 22:25:13.905 [xxl-job, JobThread-7-1708092900049] INFO  luonq.polygon.RealTimeDataWS_DB - wait pre trade time. now is 22:25:13
2024-02-16 22:25:18.913 [xxl-job, JobThread-7-1708092900049] INFO  luonq.polygon.RealTimeDataWS_DB - wait pre trade time. now is 22:25:18
2024-02-16 22:25:23.922 [xxl-job, JobThread-7-1708092900049] INFO  luonq.polygon.RealTimeDataWS_DB - wait pre trade time. now is 22:25:23
2024-02-16 22:25:28.928 [xxl-job, JobThread-7-1708092900049] INFO  luonq.polygon.RealTimeDataWS_DB - wait pre trade time. now is 22:25:28
2024-02-16 22:25:33.938 [xxl-job, JobThread-7-1708092900049] INFO  luonq.polygon.RealTimeDataWS_DB - wait pre trade time. now is 22:25:33
2024-02-16 22:25:38.947 [xxl-job, JobThread-7-1708092900049] INFO  luonq.polygon.RealTimeDataWS_DB - wait pre trade time. now is 22:25:38
2024-02-16 22:25:43.955 [xxl-job, JobThread-7-1708092900049] INFO  luonq.polygon.RealTimeDataWS_DB - wait pre trade time. now is 22:25:43
2024-02-16 22:25:48.965 [xxl-job, JobThread-7-1708092900049] INFO  luonq.polygon.RealTimeDataWS_DB - wait pre trade time. now is 22:25:48
2024-02-16 22:25:53.973 [xxl-job, JobThread-7-1708092900049] INFO  luonq.polygon.RealTimeDataWS_DB - wait pre trade time. now is 22:25:53
2024-02-16 22:25:58.981 [xxl-job, JobThread-7-1708092900049] INFO  luonq.polygon.RealTimeDataWS_DB - wait pre trade time. now is 22:25:58
2024-02-16 22:26:03.988 [xxl-job, JobThread-7-1708092900049] INFO  luonq.polygon.RealTimeDataWS_DB - wait pre trade time. now is 22:26:03
2024-02-16 22:26:08.995 [xxl-job, JobThread-7-1708092900049] INFO  luonq.polygon.RealTimeDataWS_DB - wait pre trade time. now is 22:26:08
2024-02-16 22:26:14.004 [xxl-job, JobThread-7-1708092900049] INFO  luonq.polygon.RealTimeDataWS_DB - wait pre trade time. now is 22:26:14
2024-02-16 22:26:19.015 [xxl-job, JobThread-7-1708092900049] INFO  luonq.polygon.RealTimeDataWS_DB - wait pre trade time. now is 22:26:19
2024-02-16 22:26:24.022 [xxl-job, JobThread-7-1708092900049] INFO  luonq.polygon.RealTimeDataWS_DB - wait pre trade time. now is 22:26:24
2024-02-16 22:26:29.033 [xxl-job, JobThread-7-1708092900049] INFO  luonq.polygon.RealTimeDataWS_DB - wait pre trade time. now is 22:26:29
2024-02-16 22:26:34.040 [xxl-job, JobThread-7-1708092900049] INFO  luonq.polygon.RealTimeDataWS_DB - wait pre trade time. now is 22:26:34
2024-02-16 22:26:39.046 [xxl-job, JobThread-7-1708092900049] INFO  luonq.polygon.RealTimeDataWS_DB - wait pre trade time. now is 22:26:39
2024-02-16 22:26:44.055 [xxl-job, JobThread-7-1708092900049] INFO  luonq.polygon.RealTimeDataWS_DB - wait pre trade time. now is 22:26:44
2024-02-16 22:26:49.066 [xxl-job, JobThread-7-1708092900049] INFO  luonq.polygon.RealTimeDataWS_DB - wait pre trade time. now is 22:26:49
2024-02-16 22:26:54.077 [xxl-job, JobThread-7-1708092900049] INFO  luonq.polygon.RealTimeDataWS_DB - wait pre trade time. now is 22:26:54
2024-02-16 22:26:59.080 [xxl-job, JobThread-7-1708092900049] INFO  luonq.polygon.RealTimeDataWS_DB - wait pre trade time. now is 22:26:59
2024-02-16 22:27:04.090 [xxl-job, JobThread-7-1708092900049] INFO  luonq.polygon.RealTimeDataWS_DB - wait pre trade time. now is 22:27:04
2024-02-16 22:27:09.096 [xxl-job, JobThread-7-1708092900049] INFO  luonq.polygon.RealTimeDataWS_DB - wait pre trade time. now is 22:27:09
2024-02-16 22:27:14.105 [xxl-job, JobThread-7-1708092900049] INFO  luonq.polygon.RealTimeDataWS_DB - wait pre trade time. now is 22:27:14
2024-02-16 22:27:19.112 [xxl-job, JobThread-7-1708092900049] INFO  luonq.polygon.RealTimeDataWS_DB - wait pre trade time. now is 22:27:19
2024-02-16 22:27:24.118 [xxl-job, JobThread-7-1708092900049] INFO  luonq.polygon.RealTimeDataWS_DB - wait pre trade time. now is 22:27:24
2024-02-16 22:27:29.128 [xxl-job, JobThread-7-1708092900049] INFO  luonq.polygon.RealTimeDataWS_DB - wait pre trade time. now is 22:27:29
2024-02-16 22:27:34.134 [xxl-job, JobThread-7-1708092900049] INFO  luonq.polygon.RealTimeDataWS_DB - wait pre trade time. now is 22:27:34
2024-02-16 22:27:39.145 [xxl-job, JobThread-7-1708092900049] INFO  luonq.polygon.RealTimeDataWS_DB - wait pre trade time. now is 22:27:39
2024-02-16 22:27:44.155 [xxl-job, JobThread-7-1708092900049] INFO  luonq.polygon.RealTimeDataWS_DB - wait pre trade time. now is 22:27:44
2024-02-16 22:27:49.163 [xxl-job, JobThread-7-1708092900049] INFO  luonq.polygon.RealTimeDataWS_DB - wait pre trade time. now is 22:27:49
2024-02-16 22:27:54.172 [xxl-job, JobThread-7-1708092900049] INFO  luonq.polygon.RealTimeDataWS_DB - wait pre trade time. now is 22:27:54
2024-02-16 22:27:59.178 [xxl-job, JobThread-7-1708092900049] INFO  luonq.polygon.RealTimeDataWS_DB - wait pre trade time. now is 22:27:59
2024-02-16 22:28:04.187 [xxl-job, JobThread-7-1708092900049] INFO  luonq.polygon.RealTimeDataWS_DB - begin subcribe stock at 22:28:04
2024-02-16 22:28:04.223 [pool-48-thread-1] INFO  luonq.polygon.RealTimeDataWS_DB - finish subcribe real time!
2024-02-16 22:28:53.024 [xxl-job, JobThread-7-1708092900049] INFO  luonq.polygon.RealTimeDataWS_DB - time is early. {p=93.15, ev=T, q=220561, s=1, c=[12,37], t=1708093733000, sym=SBUX, x=12, i=336, z=3}
2024-02-16 22:28:53.026 [xxl-job, JobThread-7-1708092900049] INFO  luonq.polygon.RealTimeDataWS_DB - time is early. {p=93.15, ev=T, q=220562, s=1, c=[12,37], t=1708093733000, sym=SBUX, x=12, i=337, z=3}
2024-02-16 22:28:53.026 [xxl-job, JobThread-7-1708092900049] INFO  luonq.polygon.RealTimeDataWS_DB - time is early. {p=93.15, ev=T, q=220563, s=1, c=[12,37], t=1708093733000, sym=SBUX, x=12, i=338, z=3}
2024-02-16 22:29:01.019 [xxl-job, JobThread-7-1708092900049] INFO  luonq.polygon.RealTimeDataWS_DB - time is early. {p=741.005, ev=T, q=239567, s=1, c=[12,37], t=1708093741000, sym=NVDA, trfi=202, x=4, i=10210, z=3, trft=1708093741000}
2024-02-16 22:29:16.018 [xxl-job, JobThread-7-1708092900049] INFO  luonq.polygon.RealTimeDataWS_DB - time is early. {p=12.13, ev=T, q=221168, s=1, c=[14,12,37,41], t=1708093756000, sym=RXRX, x=11, i=2392, z=3}
2024-02-16 22:29:59.018 [xxl-job, JobThread-7-1708092900049] INFO  luonq.polygon.RealTimeDataWS_DB - time is early. {p=42.04, ev=T, q=29590, s=10, c=[12,37], t=1708093799000, sym=GSK, x=8, i=52983525031738, z=1}
2024-02-16 22:29:59.019 [xxl-job, JobThread-7-1708092900049] INFO  luonq.polygon.RealTimeDataWS_DB - time is early. {p=14.4, ev=T, q=29587, s=1, c=[12,37], t=1708093799000, sym=GME, x=11, i=52983525364304, z=1}
2024-02-16 22:29:59.020 [xxl-job, JobThread-7-1708092900049] INFO  luonq.polygon.RealTimeDataWS_DB - time is early. {p=14.4, ev=T, q=29588, s=1, c=[12,37], t=1708093799000, sym=GME, x=11, i=52983525364305, z=1}
2024-02-16 22:29:59.020 [xxl-job, JobThread-7-1708092900049] INFO  luonq.polygon.RealTimeDataWS_DB - time is early. {p=14.4, ev=T, q=29589, s=131, c=[12], t=1708093799000, sym=GME, x=11, i=52983525364306, z=1}
2024-02-16 22:29:59.024 [xxl-job, JobThread-7-1708092900049] INFO  luonq.polygon.RealTimeDataWS_DB - time is early. {p=40.6, ev=T, q=79872, s=1000, c=[12], t=1708093799000, sym=DAL, x=8, i=52983525035107, z=1}
2024-02-16 22:30:00.064 [pool-48-thread-23] INFO  luonq.polygon.TradeDataListener_DB - StockEvent(stock=AKAM, price=111.06, time=1708093800002) dn=113.51 current=1708093800064
2024-02-16 22:30:00.066 [pool-48-thread-23] INFO  luonq.polygon.TradeDataListener_DB - Node list show: AKAM=2.158400140956746
2024-02-16 22:30:00.069 [pool-48-thread-52] INFO  luonq.polygon.TradeDataListener_DB - StockEvent(stock=IONS, price=45.02, time=1708093800006) dn=46.192 current=1708093800069
2024-02-16 22:30:00.069 [pool-48-thread-38] INFO  luonq.polygon.TradeDataListener_DB - StockEvent(stock=MU, price=81.09, time=1708093800002) dn=80.699 current=1708093800069
2024-02-16 22:30:00.168 [xxl-job, JobThread-7-1708092900049] INFO  luonq.polygon.RealTimeDataWS_DB - unsubscribeStockSet size: 100 1708093800168
2024-02-16 22:30:00.308 [pool-48-thread-148] INFO  luonq.polygon.TradeDataListener_DB - StockEvent(stock=QDEL, price=43.45, time=1708093800240) dn=47.384 current=1708093800308
2024-02-16 22:30:00.322 [pool-48-thread-151] INFO  luonq.polygon.TradeDataListener_DB - StockEvent(stock=ARWR, price=29.05, time=1708093800251) dn=29.056 current=1708093800322
2024-02-16 22:30:00.345 [pool-48-thread-164] INFO  luonq.polygon.TradeDataListener_DB - StockEvent(stock=ADBE, price=590.125, time=1708093800264) dn=587.508 current=1708093800345
2024-02-16 22:30:00.369 [pool-48-thread-175] INFO  luonq.polygon.TradeDataListener_DB - StockEvent(stock=PENN, price=19.28, time=1708093800316) dn=19.867 current=1708093800369
2024-02-16 22:30:00.370 [pool-48-thread-175] INFO  luonq.polygon.TradeDataListener_DB - Node list show: PENN=2.9546484119393956,AKAM=2.158400140956746
2024-02-16 22:30:00.621 [pool-48-thread-201] INFO  luonq.polygon.TradeDataListener_DB - StockEvent(stock=SJM, price=124.0, time=1708093800401) dn=124.408 current=1708093800621
2024-02-16 22:30:00.621 [xxl-job, JobThread-7-1708092900049] INFO  luonq.polygon.RealTimeDataWS_DB - unsubscribeStockSet size: 200 1708093800621
2024-02-16 22:30:00.622 [pool-48-thread-213] INFO  luonq.polygon.TradeDataListener_DB - StockEvent(stock=TGLS, price=42.5, time=1708093800424) dn=42.561 current=1708093800622
2024-02-16 22:30:00.624 [pool-48-thread-232] INFO  luonq.polygon.TradeDataListener_DB - StockEvent(stock=INOD, price=8.755, time=1708093800421) dn=8.871 current=1708093800624
2024-02-16 22:30:00.648 [pool-48-thread-266] INFO  luonq.polygon.TradeDataListener_DB - StockEvent(stock=TDC, price=37.925, time=1708093800622) dn=38.133 current=1708093800648
2024-02-16 22:30:00.782 [xxl-job, JobThread-7-1708092900049] INFO  luonq.polygon.RealTimeDataWS_DB - unsubscribeStockSet size: 300 1708093800782
2024-02-16 22:30:00.782 [pool-48-thread-313] INFO  luonq.polygon.TradeDataListener_DB - StockEvent(stock=AGCO, price=110.135, time=1708093800746) dn=110.066 current=1708093800782
2024-02-16 22:30:01.049 [pool-48-thread-404] INFO  luonq.polygon.TradeDataListener_DB - StockEvent(stock=VTEX, price=7.31, time=1708093800952) dn=7.256 current=1708093801049
2024-02-16 22:30:01.072 [xxl-job, JobThread-7-1708092900049] INFO  luonq.polygon.RealTimeDataWS_DB - unsubscribeStockSet size: 400 1708093801072
2024-02-16 22:30:01.104 [pool-48-thread-419] INFO  luonq.polygon.TradeDataListener_DB - StockEvent(stock=RAMP, price=36.52, time=1708093801052) dn=36.286 current=1708093801104
2024-02-16 22:30:01.190 [pool-48-thread-442] INFO  luonq.polygon.TradeDataListener_DB - StockEvent(stock=ATEC, price=15.43, time=1708093801073) dn=15.476 current=1708093801190
2024-02-16 22:30:01.331 [pool-48-thread-469] INFO  luonq.polygon.TradeDataListener_DB - StockEvent(stock=USM, price=39.16, time=1708093801194) dn=39.849 current=1708093801331
2024-02-16 22:30:01.433 [pool-48-thread-479] INFO  luonq.polygon.TradeDataListener_DB - StockEvent(stock=R, price=108.74, time=1708093801280) dn=109.757 current=1708093801433
2024-02-16 22:30:03.848 [xxl-job, JobThread-7-1708092900049] INFO  luonq.polygon.RealTimeDataWS_DB - many stock has received data. keep listening
2024-02-16 22:30:11.171 [xxl-job, JobThread-7-1708092900049] INFO  luonq.polygon.RealTimeDataWS_DB - many stock has received data. keep listening
2024-02-16 22:30:13.176 [xxl-job, JobThread-7-1708092900049] INFO  luonq.polygon.RealTimeDataWS_DB - many stock has received data. keep listening
2024-02-16 22:30:15.180 [xxl-job, JobThread-7-1708092900049] INFO  luonq.polygon.RealTimeDataWS_DB - many stock has received data. keep listening
2024-02-16 22:30:17.186 [xxl-job, JobThread-7-1708092900049] INFO  luonq.polygon.RealTimeDataWS_DB - many stock has received data. keep listening
2024-02-16 22:30:19.190 [xxl-job, JobThread-7-1708092900049] INFO  luonq.polygon.RealTimeDataWS_DB - many stock has received data. keep listening
2024-02-16 22:30:21.163 [xxl-job, JobThread-7-1708092900049] INFO  luonq.polygon.RealTimeDataWS_DB - receive all open price! start trade!
2024-02-16 22:30:21.164 [xxl-job, JobThread-7-1708092900049] INFO  luonq.polygon.RealTimeDataWS_DB - =========== finish unsubscribe ===========
2024-02-16 22:30:21.165 [xxl-job, JobThread-7-1708092900049] INFO  luonq.polygon.RealTimeDataWS_DB - get real-time quote: [PENN, AKAM]
2024-02-16 22:30:21.167 [pool-48-thread-486] INFO  luonq.polygon.RealTimeDataWS_DB - quote price(time=1708093821167): {PENN=19.28, AKAM=111.06}
2024-02-16 22:30:21.172 [pool-48-thread-486] INFO  luonq.polygon.RealTimeDataWS_DB - quote price(time=1708093821172): {PENN=19.28, AKAM=111.06}
2024-02-16 22:30:21.386 [pool-48-thread-486] INFO  luonq.polygon.RealTimeDataWS_DB - quote price(time=1708093821386): {PENN=19.28, AKAM=111.06}
2024-02-16 22:30:21.389 [pool-48-thread-486] INFO  luonq.polygon.RealTimeDataWS_DB - quote price(time=1708093821389): {PENN=19.28, AKAM=111.06}
2024-02-16 22:30:21.390 [pool-48-thread-486] INFO  luonq.polygon.RealTimeDataWS_DB - quote price(time=1708093821390): {PENN=19.28, AKAM=111.06}
2024-02-16 22:30:22.171 [xxl-job, JobThread-7-1708092900049] INFO  luonq.polygon.TradeExecutor_DB - begin trade: PENN=2.9546484119393956,AKAM=2.158400140956746
2024-02-16 22:30:22.185 [FTAPI4JNet] INFO  luonq.futu.TradeApi - onReply_GetFunds: 2596.16
2024-02-16 22:30:22.185 [xxl-job, JobThread-7-1708092900049] INFO  luonq.polygon.TradeExecutor_DB - remain cash: 2596.16
2024-02-16 22:30:22.186 [xxl-job, JobThread-7-1708092900049] INFO  luonq.polygon.TradeExecutor_DB - first trade. orderPrice=19.33, multiple=1
2024-02-16 22:30:22.268 [FTAPI4JNet] INFO  luonq.futu.TradeApi - onReply_GetMaxTrdQtys: 133
2024-02-16 22:30:22.427 [xxl-job, JobThread-7-1708092900049] INFO  luonq.polygon.TradeExecutor_DB - buy stock. stock=PENN, count=133, price=19.28, orderPrice=19.33, orderId: 1168176355152351178 1708093822427
2024-02-16 22:30:22.557 [pool-48-thread-486] INFO  luonq.polygon.RealTimeDataWS_DB - quote price(time=1708093822557): {PENN=19.13, AKAM=111.06}
2024-02-16 22:30:22.965 [FTAPI4JNet] INFO  luonq.futu.TradeApi - update order: OrderFill(tradeSide=1, fillID=0, orderID=1168176355152351178, code=PENN, name=佩恩国民博彩, count=133.0, price=19.33, avgPrice=19.1293, createTime=2024-02-16 09:30:22.402, updateTimestamp=1.708093822998819E9, status=0)
2024-02-16 22:30:22.965 [FTAPI4JNet] INFO  luonq.futu.TradeApi - update order: OrderFill(tradeSide=1, fillID=0, orderID=1168176355152351178, code=PENN, name=佩恩国民博彩, count=133.0, price=19.33, avgPrice=19.1293, createTime=2024-02-16 09:30:22.402, updateTimestamp=1.708093822998819E9, status=0)
2024-02-16 22:30:22.965 [xxl-job, JobThread-7-1708092900049] INFO  luonq.polygon.TradeExecutor_DB - PENN order is successfully executed. orderId=1168176355152351178
2024-02-16 22:30:22.966 [FTAPI4JNet] INFO  luonq.futu.TradeApi - update order: OrderFill(tradeSide=1, fillID=0, orderID=1168176355152351178, code=PENN, name=佩恩国民博彩, count=133.0, price=19.33, avgPrice=19.1293, createTime=2024-02-16 09:30:22.402, updateTimestamp=1.708093822998819E9, status=0)
2024-02-16 22:30:22.966 [FTAPI4JNet] INFO  luonq.futu.TradeApi - update order: OrderFill(tradeSide=1, fillID=0, orderID=1168176355152351178, code=PENN, name=佩恩国民博彩, count=133.0, price=19.33, avgPrice=19.1293, createTime=2024-02-16 09:30:22.402, updateTimestamp=1.708093822998819E9, status=0)
2024-02-16 22:30:22.966 [FTAPI4JNet] INFO  luonq.futu.TradeApi - update order: OrderFill(tradeSide=1, fillID=0, orderID=1168176355152351178, code=PENN, name=佩恩国民博彩, count=133.0, price=19.33, avgPrice=19.1293, createTime=2024-02-16 09:30:22.402, updateTimestamp=1.708093822998819E9, status=0)
2024-02-16 22:30:22.966 [FTAPI4JNet] INFO  luonq.futu.TradeApi - update order: OrderFill(tradeSide=1, fillID=0, orderID=1168176355152351178, code=PENN, name=佩恩国民博彩, count=133.0, price=19.33, avgPrice=19.1293, createTime=2024-02-16 09:30:22.402, updateTimestamp=1.708093822998819E9, status=0)
2024-02-16 22:30:22.966 [FTAPI4JNet] INFO  luonq.futu.TradeApi - update order: OrderFill(tradeSide=1, fillID=0, orderID=1168176355152351178, code=PENN, name=佩恩国民博彩, count=133.0, price=19.33, avgPrice=19.1293, createTime=2024-02-16 09:30:22.402, updateTimestamp=1.708093822998819E9, status=0)
2024-02-16 22:30:22.966 [FTAPI4JNet] INFO  luonq.futu.TradeApi - update order: OrderFill(tradeSide=1, fillID=0, orderID=1168176355152351178, code=PENN, name=佩恩国民博彩, count=133.0, price=19.33, avgPrice=19.1293, createTime=2024-02-16 09:30:22.402, updateTimestamp=1.708093822998819E9, status=0)
2024-02-16 22:30:22.966 [FTAPI4JNet] INFO  luonq.futu.TradeApi - update order: OrderFill(tradeSide=1, fillID=0, orderID=1168176355152351178, code=PENN, name=佩恩国民博彩, count=133.0, price=19.33, avgPrice=19.1293, createTime=2024-02-16 09:30:22.402, updateTimestamp=1.708093822998819E9, status=0)
2024-02-16 22:30:22.966 [FTAPI4JNet] INFO  luonq.futu.TradeApi - update order: OrderFill(tradeSide=1, fillID=0, orderID=1168176355152351178, code=PENN, name=佩恩国民博彩, count=133.0, price=19.33, avgPrice=19.1293, createTime=2024-02-16 09:30:22.402, updateTimestamp=1.708093822998819E9, status=0)
2024-02-16 22:30:22.967 [FTAPI4JNet] INFO  luonq.futu.TradeApi - update order: OrderFill(tradeSide=1, fillID=0, orderID=1168176355152351178, code=PENN, name=佩恩国民博彩, count=133.0, price=19.33, avgPrice=19.1293, createTime=2024-02-16 09:30:22.402, updateTimestamp=1.708093822998819E9, status=0)
2024-02-16 22:30:22.967 [FTAPI4JNet] INFO  luonq.futu.TradeApi - update order: OrderFill(tradeSide=1, fillID=0, orderID=1168176355152351178, code=PENN, name=佩恩国民博彩, count=133.0, price=19.33, avgPrice=19.1293, createTime=2024-02-16 09:30:22.402, updateTimestamp=1.708093822998819E9, status=0)
2024-02-16 22:30:22.967 [FTAPI4JNet] INFO  luonq.futu.TradeApi - update order: OrderFill(tradeSide=1, fillID=0, orderID=1168176355152351178, code=PENN, name=佩恩国民博彩, count=133.0, price=19.33, avgPrice=19.1293, createTime=2024-02-16 09:30:22.402, updateTimestamp=1.708093822998819E9, status=0)
2024-02-16 22:30:22.967 [FTAPI4JNet] INFO  luonq.futu.TradeApi - update order: OrderFill(tradeSide=1, fillID=0, orderID=1168176355152351178, code=PENN, name=佩恩国民博彩, count=133.0, price=19.33, avgPrice=19.1293, createTime=2024-02-16 09:30:22.402, updateTimestamp=1.708093822998819E9, status=0)
2024-02-16 22:30:22.967 [FTAPI4JNet] INFO  luonq.futu.TradeApi - update order: OrderFill(tradeSide=1, fillID=0, orderID=1168176355152351178, code=PENN, name=佩恩国民博彩, count=133.0, price=19.33, avgPrice=19.1293, createTime=2024-02-16 09:30:22.402, updateTimestamp=1.708093822998819E9, status=0)
2024-02-16 22:30:22.968 [FTAPI4JNet] INFO  luonq.futu.TradeApi - update order: OrderFill(tradeSide=1, fillID=0, orderID=1168176355152351178, code=PENN, name=佩恩国民博彩, count=133.0, price=19.33, avgPrice=19.1293, createTime=2024-02-16 09:30:22.402, updateTimestamp=1.708093822998819E9, status=0)
2024-02-16 22:30:23.051 [xxl-job, JobThread-7-1708092900049] INFO  luonq.polygon.TradeExecutor_DB - PENN placeStopLoss market order. qty=133.0, auxPrice=17.79, orderId：2138443760589983086
2024-02-16 22:30:23.051 [xxl-job, JobThread-7-1708092900049] INFO  luonq.polygon.TradeExecutor_DB - trade success
2024-02-16 22:30:23.051 [xxl-job, JobThread-7-1708092900049] INFO  luonq.polygon.TradeExecutor_DB - trade end
2024-02-16 22:30:23.051 [xxl-job, JobThread-7-1708092900049] INFO  luonq.polygon.TradeExecutor_DB - stop get real-time quote
2024-02-16 22:30:23.564 [pool-48-thread-486] INFO  luonq.polygon.RealTimeDataWS_DB - unsubscribe real-time quote
2024-02-16 22:30:33.061 [xxl-job, JobThread-7-1708092900049] INFO  luonq.polygon.RealTimeDataWS_DB - closing websocket. reason=CloseReason[1000]
2024-02-16 22:30:43.065 [xxl-job, JobThread-7-1708092900049] INFO  luonq.polygon.RealTimeDataWS_DB - manual close websocket
2024-02-16 22:30:43.074 [xxl-job, JobThread-7-1708092900049] INFO  luonq.polygon.RealTimeDataWS_DB - trade finish
2024-02-16 22:30:43.114 [xxl-job, JobThread-7-1708092900049] INFO  luonq.job.TradeJob - trade_DB.job end
