2024-02-09 04:58:56.083 [xxl-job, JobThread-8-1707425936071] INFO  luonq.job.TradeJob - sellBeforeCloseMarket.job start
2024-02-09 04:58:56.097 [xxl-job, JobThread-8-1707425936071] INFO  luonq.futu.TradeApi - trade api initialize staring...
2024-02-09 04:58:56.112 [FTAPI4JNet] INFO  luonq.futu.TradeApi - TradeApi onInitConnect: ret=0 desc= connID=7161463433480043536
2024-02-09 04:58:56.115 [FTAPI4JNet] INFO  luonq.futu.TradeApi - TradeApi onInitConnect: ret=0 desc= connID=7161463433485429715
2024-02-09 04:58:59.108 [xxl-job, JobThread-8-1707425936071] INFO  luonq.futu.TradeApi - trade api initialize finish start!
2024-02-09 04:58:59.110 [xxl-job, JobThread-8-1707425936071] INFO  luonq.polygon.TradeExecutor_DB - sell stock before close market
2024-02-09 04:58:59.159 [xxl-job, JobThread-8-1707425936071] INFO  luonq.polygon.TradeExecutor_DB - ready to sell before close market. position={SNAP=StockPosition(stock=SNAP, canSellQty=241.0, costPrice=11.28, currPrice=11.045)}, time=2024-02-09T04:58:59.158
2024-02-09 04:58:59.159 [xxl-job, JobThread-8-1707425936071] INFO  luonq.polygon.TradeExecutor_DB - before close sell stock for market price. stock=SNAP, count=241.0
2024-02-09 04:58:59.213 [FTAPI4JNet] INFO  luonq.futu.TradeApi - unlock success
2024-02-09 04:58:59.304 [xxl-job, JobThread-8-1707425936071] INFO  luonq.polygon.TradeExecutor_DB - sell stock orderId=8198493540617695884
2024-02-09 04:58:59.662 [FTAPI4JNet] INFO  luonq.futu.TradeApi - update order: OrderFill(tradeSide=2, fillID=0, orderID=8198493540617695884, code=SNAP, name=Snap Inc, count=241.0, price=0.0, avgPrice=11.0845, createTime=2024-02-08 15:58:59.207, updateTimestamp=1.707425939627832E9, status=0)
2024-02-09 04:58:59.662 [FTAPI4JNet] INFO  luonq.futu.TradeApi - update order: OrderFill(tradeSide=2, fillID=0, orderID=8198493540617695884, code=SNAP, name=Snap Inc, count=241.0, price=0.0, avgPrice=11.0845, createTime=2024-02-08 15:58:59.207, updateTimestamp=1.707425939627832E9, status=0)
2024-02-09 04:58:59.663 [FTAPI4JNet] INFO  luonq.futu.TradeApi - update order: OrderFill(tradeSide=2, fillID=0, orderID=8198493540617695884, code=SNAP, name=Snap Inc, count=241.0, price=0.0, avgPrice=11.0845, createTime=2024-02-08 15:58:59.207, updateTimestamp=1.707425939627832E9, status=0)
2024-02-09 04:58:59.663 [FTAPI4JNet] INFO  luonq.futu.TradeApi - update order: OrderFill(tradeSide=2, fillID=0, orderID=8198493540617695884, code=SNAP, name=Snap Inc, count=241.0, price=0.0, avgPrice=11.0845, createTime=2024-02-08 15:58:59.207, updateTimestamp=1.707425939627832E9, status=0)
2024-02-09 04:58:59.663 [xxl-job, JobThread-8-1707425936071] INFO  luonq.polygon.TradeExecutor_DB - sell stock success. stock=SNAP, orderId=8198493540617695884
2024-02-09 04:58:59.663 [xxl-job, JobThread-8-1707425936071] INFO  luonq.job.TradeJob - tradeExecutor_db sell
2024-02-09 04:58:59.663 [FTAPI4JNet] INFO  luonq.futu.TradeApi - update order: OrderFill(tradeSide=2, fillID=0, orderID=8198493540617695884, code=SNAP, name=Snap Inc, count=241.0, price=0.0, avgPrice=11.0845, createTime=2024-02-08 15:58:59.207, updateTimestamp=1.707425939627832E9, status=0)
2024-02-09 17:00:00.068 [xxl-job, JobThread-3-1707469200056] INFO  luonq.job.GetDataJob - getTradeDataAndComputeIndicator.job start
2024-02-09 17:00:00.091 [xxl-job, JobThread-3-1707469200056] INFO  luonq.stock.Processor - GetHistoricalDaily.getData start
2024-02-09 17:00:38.963 [xxl-job, JobThread-3-1707469200056] INFO  luonq.stock.Processor - GetHistoricalDaily.getData end. cost: 38s

2024-02-09 17:00:38.967 [xxl-job, JobThread-3-1707469200056] INFO  luonq.stock.Processor - MergeKline.merge start
2024-02-09 17:01:20.851 [xxl-job, JobThread-3-1707469200056] INFO  luonq.stock.Processor - MergeKline.merge end. cost: 41s

2024-02-09 17:01:20.852 [xxl-job, JobThread-3-1707469200056] INFO  luonq.stock.Processor - BollingerForYear.calculate start
2024-02-09 17:01:24.964 [xxl-job, JobThread-3-1707469200056] INFO  luonq.stock.Processor - BollingerForYear.calculate end. cost: 4s

2024-02-09 17:01:24.967 [xxl-job, JobThread-3-1707469200056] INFO  luonq.stock.Processor - MergeBollingerForYear.calculate start
2024-02-09 17:02:10.508 [xxl-job, JobThread-3-1707469200056] INFO  luonq.stock.Processor - MergeBollingerForYear.calculate end. cost: 45s

2024-02-09 17:02:10.509 [xxl-job, JobThread-3-1707469200056] INFO  luonq.stock.Processor - GetHistoricalTrade.getData start
2024-02-09 17:03:32.518 [xxl-job, JobThread-3-1707469200056] INFO  luonq.stock.Processor - GetHistoricalTrade.getData end. cost: 82s

2024-02-09 17:03:32.528 [xxl-job, JobThread-3-1707469200056] INFO  luonq.stock.Processor - GetHistoricalOpenFirstTrade.getData start
2024-02-09 17:03:50.578 [xxl-job, JobThread-3-1707469200056] INFO  luonq.stock.Processor - GetHistoricalOpenFirstTrade.getData end. cost: 18s

2024-02-09 17:03:50.579 [xxl-job, JobThread-3-1707469200056] INFO  luonq.stock.Processor - BollingerWithOpen.calculate start
2024-02-09 17:03:54.943 [xxl-job, JobThread-3-1707469200056] INFO  luonq.stock.Processor - BollingerWithOpen.calculate end. cost: 4s

2024-02-09 17:03:54.943 [xxl-job, JobThread-3-1707469200056] INFO  luonq.stock.Processor - MergeOpenBollingerForYear.calculate start
2024-02-09 17:04:41.945 [xxl-job, JobThread-3-1707469200056] INFO  luonq.stock.Processor - MergeOpenBollingerForYear.calculate end. cost: 47s

2024-02-09 17:04:41.946 [xxl-job, JobThread-3-1707469200056] INFO  luonq.stock.Processor - get data finish
2024-02-09 17:04:41.953 [xxl-job, JobThread-3-1707469200056] INFO  luonq.job.GetDataJob - getTradeDataJobAndComputeIndicator.job end
2024-02-09 17:30:00.057 [xxl-job, JobThread-6-1707471000051] INFO  luonq.job.SyncDataToDBJob - syncDataToDB.job start
2024-02-09 17:30:00.071 [xxl-job, JobThread-6-1707471000051] INFO  luonq.data.WriteToDB - additionToDB begin
2024-02-09 17:30:36.769 [xxl-job, JobThread-6-1707471000051] INFO  luonq.data.WriteToDB - sync count: 4686
2024-02-09 17:30:37.259 [xxl-job, JobThread-6-1707471000051] INFO  luonq.data.WriteToDB - additionToDB end
2024-02-09 17:30:37.283 [xxl-job, JobThread-6-1707471000051] INFO  luonq.job.SyncDataToDBJob - syncDataToDB.job end
2024-02-09 18:00:00.068 [xxl-job, JobThread-4-1707472800056] INFO  luonq.job.GetDataJob - getRehab.job start
2024-02-09 18:00:00.086 [xxl-job, JobThread-4-1707472800056] INFO  luonq.stock.Processor - GetRehab.getData start
2024-02-09 18:50:12.042 [xxl-job, JobThread-4-1707472800056] INFO  luonq.stock.Processor - GetRehab.getData end. cost: 3011s

2024-02-09 18:50:12.053 [xxl-job, JobThread-4-1707472800056] INFO  luonq.job.GetDataJob - getRehab.job end
2024-02-09 20:30:00.071 [xxl-job, JobThread-10-1707481800057] INFO  luonq.job.SyncDataToDBJob - syncRehabToDB.job start
2024-02-09 20:30:00.246 [xxl-job, JobThread-10-1707481800057] INFO  luonq.data.WriteToDB - finish rehabToDB. size=3144
2024-02-09 20:30:00.255 [xxl-job, JobThread-10-1707481800057] INFO  luonq.job.SyncDataToDBJob - syncRehabToDB.job end
2024-02-09 21:00:00.059 [xxl-job, JobThread-5-1707483600052] INFO  luonq.job.GetDataJob - getEarning.job start
2024-02-09 21:00:00.079 [xxl-job, JobThread-5-1707483600052] INFO  luonq.stock.Processor - GrabEarning.getData start
2024-02-09 21:00:06.186 [xxl-job, JobThread-5-1707483600052] INFO  luonq.stock.Processor - GrabEarning.getData end. cost: 6s

2024-02-09 21:00:06.205 [xxl-job, JobThread-5-1707483600052] INFO  luonq.job.GetDataJob - getEarning.job end
2024-02-09 21:10:00.057 [xxl-job, JobThread-9-1707484200051] INFO  luonq.job.SyncDataToDBJob - syncEarningToDB.job start
2024-02-09 21:10:00.107 [xxl-job, JobThread-9-1707484200051] INFO  luonq.data.WriteToDB - sync earning finish. dateList=[2024-02-09], earning sum=105
2024-02-09 21:10:00.112 [xxl-job, JobThread-9-1707484200051] INFO  luonq.job.SyncDataToDBJob - syncEarningToDB.job end
2024-02-09 22:15:00.074 [xxl-job, JobThread-7-1707488100064] INFO  luonq.job.TradeJob - trade_DB.job start
2024-02-09 22:15:00.098 [xxl-job, JobThread-7-1707488100064] INFO  luonq.futu.TradeApi - trade api initialize staring...
2024-02-09 22:15:00.105 [FTAPI4JNet] INFO  luonq.futu.TradeApi - TradeApi onInitConnect: ret=0 desc= connID=7161724168200958264
2024-02-09 22:15:00.108 [FTAPI4JNet] INFO  luonq.futu.TradeApi - TradeApi onInitConnect: ret=0 desc= connID=7161724168201244143
2024-02-09 22:15:03.108 [xxl-job, JobThread-7-1707488100064] INFO  luonq.futu.TradeApi - trade api initialize finish start!
2024-02-09 22:15:03.128 [xxl-job, JobThread-7-1707488100064] INFO  luonq.polygon.RealTimeDataWS_DB - finish initialize many time. preTradeTime=1707488880000, openTime=1707489000000, closeCheckTime=Sat Feb 10 04:59:00 CST 2024
2024-02-09 22:15:03.217 [FTAPI4JNet] INFO  luonq.futu.TradeApi - unlock success
2024-02-09 22:15:04.089 [Grizzly(2)] INFO  luonq.polygon.RealTimeDataWS_DB - opening websocket
2024-02-09 22:15:04.098 [Grizzly(2)] INFO  luonq.polygon.RealTimeDataWS_DB - connected
2024-02-09 22:15:04.344 [Grizzly(1)] INFO  luonq.polygon.RealTimeDataWS_DB - auth_success
2024-02-09 22:15:05.104 [xxl-job, JobThread-7-1707488100064] INFO  luonq.polygon.RealTimeDataWS_DB - finish init trade
2024-02-09 22:15:11.833 [pool-19-thread-1] INFO  luonq.strategy.backup.Strategy_DB - load 2024 finish
2024-02-09 22:16:11.282 [pool-19-thread-2] INFO  luonq.strategy.backup.Strategy_DB - load 2023 finish
2024-02-09 22:16:12.859 [pool-19-thread-3] INFO  luonq.strategy.backup.Strategy_DB - load 2022 finish
2024-02-09 22:16:17.881 [xxl-job, JobThread-7-1707488100064] INFO  luonq.polygon.RealTimeDataWS_DB - stock latest close great 7 size: 632. data: [EHC, RNGR, IPG, CWEN, VIV, ATEN, SHYF, EXAS, SNDX, DAWN, YPF, NVCR, OLMA, BBY, INBX, CHGG, VIRT, UHS, AB, WING, CEG, GMED, EHAB, BCE, HON, AL, AM, AAL, WMB, SURG, WMG, AAP, SEE, SSNC, TGH, DGX, EIX, AY, RCI, BA, WMT, ENPH, GOLD, ROKU, INDB, CMTG, FYBR, ARCO, D, DHI, BG, F, VREX, LXU, J, K, L, MUFG, WNC, FLR, THC, ARCB, O, ARCC, DHR, FLT, ATGE, BR, ABR, R, ABT, T, ZTO, RAPT, V, BZ, ZTS, Z, WNS, FMC, RDN, CB, CC, NVDA, BIPC, ATHM, LYV, KREF, BEP, TSLX, CP, PAA, HDSN, HRB, ARCT, FAST, ALXO, VIST, CTAS, CHD, DB, PAR, ADC, ARES, DE, CHH, GPK, HRL, GPN, APAM, ASGN, ELP, ITT, EWCZ, ADM, LITE, AZUL, TNET, GDYN, DY, CHKP, WPM, EVBG, MDGL, ACGL, GASS, EC, ED, MMYT, EE, DKNG, BABA, PBR, AEE, TJX, BGNE, EL, MSCI, VOD, EMR, AEP, RGA, FOX, REYN, AER, AES, SLDB, IMCR, EW, TRMD, PCG, DECK, ZWS, ENB, TKR, EXEL, FA, SMFG, STTK, TROX, TROW, TBPH, SIX, IVR, WRB, AFL, ENR, STWD, ENS, ENV, IVZ, TNGX, UNH, NTES, PDD, UNP, HARP, SJM, GD, GSK, FLNG, GSL, HUM, AGI, FORM, HOLI, GM, BIP, GS, AGR, TME, GT, INGN, HOLX, INGR, PEG, TMO, WSR, HA, AXTA, TEVA, CLF, AGRO, HE, ISRG, STVN, SRRK, MRCY, FRO, EPR, HP, HR, GTX, HLIO, CLX, PFG, ANAB, CCEP, NTGR, EQC, CME, ODP, WTW, RWAY, CMG, EQH, SQSP, NBR, FSK, AIG, LUNG, RPRX, FSS, IMGN, DOV, GGAL, MAA, DOX, DOW, HASI, ACLX, AIZ, VERA, VST, MITK, JD, RKT, SONO, MAS, CNI, MAR, BLK, MAT, FTS, CNO, CSGP, AMAM, SNA, CNS, FTV, PINC, VALE, URI, EEFT, PTCT, FOXA, LSXMA, PHM, BMA, KB, FTAI, VTRS, LSXMK, EXLS, PINS, SAVE, EZPW, FUN, SAVA, NFLX, BHVN, KN, KO, WWD, LBTYA, RMD, BEPC, XYL, ARLP, OGE, AVTR, NEE, CPB, MCK, CPA, OSCR, ASND, PFGC, NEM, MCO, NEP, BBIO, ALE, HZO, LBTYK, GLNG, TTWO, ALL, LAZ, AMCR, BNS, CPT, CSIQ, WEST, PTEN, ALT, LZ, TRP, SPR, MA, IRWD, RNR, LSPD, EYPT, AMD, TRV, AME, MAIN, YUMC, MDT, SIGI, MO, TASK, WERN, MP, MS, MU, KROS, ORCL, TAST, BOX, AMX, TSN, ROL, NGG, ROP, DTE, CRC, OCFC, EBAY, ATRC, DTM, CHTR, MET, AMCX, IMNM, VCTR, CRS, MBLY, PAAS, EXPD, NBIX, BMBL, ACRE, XNCR, EXPI, LBPH, UVV, OC, BERY, AMED, PRCT, OI, DUK, PFLT, QFIN, QDEL, PYPL, OR, AAOI, MGA, OTIS, DVA, SMPL, EXC, APA, NWSA, PG, CEPU, PI, GILD, VIAV, APP, AAPL, FLWS, TPVG, AMGN, GSBD, OLK, STT, BLBD, STZ, ORIC, CHWY, PNW, RRX, YMAB, DOCU, INSM, RILY, CCOI, BSX, RSG, PSFE, NKE, OMF, SOVO, ASTL, BMEA, SUZ, TOST, VRSK, MRNA, CALM, RS, PPG, RY, SA, HCAT, PENN, TXT, NTRA, ASC, SE, IBN, CWH, RTX, RDFN, BUR, INSP, ST, SWI, JNPR, INST, SWK, INSW, RUM, SLRC, HAE, LIN, SEDG, TH, INTC, GTES, CRNC, BPMC, TT, TU, EVRG, IDA, UA, BWA, PRU, PZZA, EWTX, NMFC, PODD, SCCO, LOPE, GBCI, CLDX, NOC, NTRS, SYK, HCA, MMM, HSBC, KIM, AVD, BPOP, SYY, MMS, CNHI, TOWN, PAGS, GBDC, TECK, ORA, ZGN, ORC, CTVA, VZ, AVY, FDMT, KMPR, HDB, IFF, JHG, RXO, WH, ARWR, ESNT, RITM, WM, WBA, WBD, FWRD, MDXG, KRYS, ALLY, FAF, TIMB, HEI, APTV, MOS, TMUS, LMT, CMCSA, IGT, XP, AXS, XEL, LNC, TTEK, NRG, WCN, BIDU, OCSL, TSCO, AGCO, LNT, WDC, KMB, CSWC, KMI, RYTM, NSP, PWR, ZG, GEL, GEN, FSLR, KMT, JKS, UAA, WEC, AVAV, LOW, FTNT, HGV, AZO, IMXI, KNTK, FCX, NOMD, TGNA, WES, GFF, MRK, REPL, MRO, FUSN, GFL, NTR, DOMO, SKYW, SEMR, KNX, EBR, FDS, HAFC, CYBR, FDX, PCRX, VLRS, MSI, UBS, HIG, HII, LBRDK, SFNC, ECL, DAR, TAL, ZBRA, TAK, MTG, MTN, JNJ, SAGE, EDR, VFC, EDU, RBLX, DBX, GDOT, NWN, CAG, CAH, GIL, CAT, CGBD, NXE, TCN, VGR, ASAI, FHI, JPM, WIX, HLN, BNTX, HLT, TDG, BMRN, FWONK, UBER, VIPS, DXCM, SBS, MNST, TDY, NYT, CCK, CCJ, SNAP, EGO, COTY, BECN, FIS, FRPT, BAP, OPRA]
2024-02-09 22:16:17.894 [xxl-job, JobThread-7-1707488100064] INFO  luonq.polygon.RealTimeDataWS_DB - stock overbolling hit great 0.500000 size: 587. data: [EHC, RNGR, IPG, CWEN, VIV, ATEN, SHYF, SNDX, DAWN, YPF, NVCR, OLMA, BBY, INBX, CHGG, VIRT, UHS, AB, WING, CEG, EHAB, BCE, HON, AL, AM, AAL, WMB, SURG, WMG, AAP, SEE, SSNC, TGH, DGX, EIX, AY, BA, WMT, ENPH, GOLD, ROKU, INDB, CMTG, ARCO, D, DHI, BG, F, VREX, LXU, J, K, L, WNC, FLR, THC, O, ARCC, DHR, FLT, ATGE, BR, ABR, R, T, ZTO, RAPT, V, BZ, ZTS, Z, WNS, FMC, RDN, CC, NVDA, BIPC, ATHM, LYV, KREF, BEP, TSLX, CP, HDSN, HRB, ARCT, FAST, ALXO, VIST, CTAS, CHD, DB, PAR, ADC, ARES, DE, CHH, GPK, HRL, GPN, APAM, ASGN, ELP, ITT, EWCZ, ADM, LITE, AZUL, TNET, GDYN, DY, CHKP, WPM, EVBG, MDGL, ACGL, GASS, ED, MMYT, EE, DKNG, BABA, PBR, TJX, BGNE, EL, MSCI, VOD, EMR, AEP, RGA, REYN, AER, AES, SLDB, IMCR, EW, TRMD, PCG, DECK, ZWS, ENB, TKR, EXEL, FA, SMFG, STTK, TROX, TROW, TBPH, SIX, IVR, ENR, STWD, ENS, IVZ, TNGX, UNH, NTES, PDD, UNP, HARP, SJM, GD, GSK, FLNG, GSL, HUM, FORM, HOLI, GM, BIP, GS, TME, GT, INGN, HOLX, PEG, TMO, WSR, HA, AXTA, TEVA, CLF, AGRO, HE, ISRG, STVN, SRRK, MRCY, FRO, EPR, HP, HR, GTX, HLIO, CLX, PFG, ANAB, CCEP, NTGR, EQC, CME, ODP, WTW, RWAY, CMG, EQH, SQSP, NBR, FSK, LUNG, FSS, IMGN, DOV, GGAL, DOW, HASI, ACLX, AIZ, VERA, VST, MITK, JD, RKT, SONO, MAS, CNI, MAR, BLK, MAT, FTS, CNO, CSGP, AMAM, SNA, CNS, FTV, PINC, VALE, URI, EEFT, PTCT, FOXA, LSXMA, PHM, BMA, KB, FTAI, VTRS, LSXMK, EXLS, PINS, SAVE, EZPW, FUN, SAVA, NFLX, BHVN, KN, KO, WWD, RMD, XYL, ARLP, AVTR, NEE, CPB, MCK, CPA, OSCR, ASND, PFGC, NEM, MCO, BBIO, ALE, HZO, LBTYK, GLNG, TTWO, ALL, LAZ, AMCR, BNS, CPT, CSIQ, WEST, PTEN, ALT, LZ, TRP, SPR, MA, IRWD, RNR, LSPD, EYPT, AMD, TRV, AME, MAIN, YUMC, MDT, SIGI, MO, TASK, WERN, MP, MS, MU, KROS, ORCL, TAST, BOX, AMX, TSN, ROL, NGG, ROP, DTE, CRC, EBAY, ATRC, DTM, CHTR, MET, AMCX, IMNM, VCTR, CRS, MBLY, PAAS, EXPD, NBIX, BMBL, ACRE, XNCR, EXPI, LBPH, UVV, OC, BERY, AMED, PRCT, OI, DUK, PFLT, QFIN, QDEL, PYPL, OR, AAOI, MGA, OTIS, DVA, SMPL, APA, NWSA, PG, CEPU, PI, GILD, VIAV, APP, AAPL, FLWS, TPVG, AMGN, GSBD, OLK, STT, BLBD, STZ, ORIC, CHWY, RRX, YMAB, DOCU, INSM, RILY, CCOI, BSX, PSFE, NKE, OMF, SOVO, ASTL, BMEA, SUZ, TOST, VRSK, MRNA, CALM, RS, PPG, RY, SA, HCAT, PENN, TXT, NTRA, ASC, SE, IBN, CWH, RTX, RDFN, BUR, INSP, SWI, JNPR, INST, SWK, INSW, RUM, SLRC, HAE, LIN, SEDG, TH, INTC, GTES, CRNC, BPMC, TT, TU, EVRG, IDA, UA, BWA, PRU, PZZA, EWTX, NMFC, SCCO, LOPE, GBCI, CLDX, NTRS, SYK, HCA, HSBC, KIM, AVD, BPOP, SYY, MMS, CNHI, TOWN, PAGS, ORA, ZGN, ORC, CTVA, VZ, AVY, FDMT, KMPR, HDB, IFF, JHG, RXO, WH, ARWR, ESNT, RITM, WM, WBA, FWRD, MDXG, KRYS, ALLY, FAF, TIMB, HEI, APTV, MOS, TMUS, LMT, CMCSA, IGT, XP, XEL, LNC, TTEK, NRG, WCN, BIDU, OCSL, TSCO, AGCO, LNT, WDC, KMB, CSWC, KMI, RYTM, NSP, PWR, ZG, GEL, GEN, FSLR, KMT, JKS, UAA, WEC, AVAV, LOW, FTNT, HGV, AZO, IMXI, KNTK, FCX, NOMD, TGNA, WES, GFF, REPL, MRO, FUSN, NTR, DOMO, SKYW, SEMR, KNX, EBR, FDS, HAFC, CYBR, FDX, PCRX, VLRS, UBS, HIG, LBRDK, SFNC, ECL, DAR, TAL, ZBRA, TAK, MTG, MTN, JNJ, SAGE, EDR, VFC, EDU, RBLX, DBX, GDOT, NWN, CAG, CAH, GIL, CAT, CGBD, NXE, VGR, ASAI, FHI, JPM, WIX, BNTX, HLT, TDG, BMRN, FWONK, UBER, VIPS, DXCM, SBS, MNST, NYT, CCK, CCJ, SNAP, EGO, COTY, BECN, FIS, FRPT, BAP, OPRA]
2024-02-09 22:16:17.896 [xxl-job, JobThread-7-1707488100064] INFO  luonq.polygon.RealTimeDataWS_DB - filter merge stock, the stock set size is 587. data: [EHC, RNGR, IPG, CWEN, VIV, ATEN, SHYF, SNDX, DAWN, YPF, NVCR, OLMA, BBY, INBX, CHGG, VIRT, UHS, AB, WING, CEG, EHAB, BCE, HON, AL, AM, AAL, WMB, SURG, WMG, AAP, SEE, SSNC, TGH, DGX, EIX, AY, BA, WMT, ENPH, GOLD, ROKU, INDB, CMTG, ARCO, D, DHI, BG, F, VREX, LXU, J, K, L, WNC, FLR, THC, O, ARCC, DHR, FLT, ATGE, BR, ABR, R, T, ZTO, RAPT, V, BZ, ZTS, Z, WNS, FMC, RDN, CC, NVDA, BIPC, ATHM, LYV, KREF, BEP, TSLX, CP, HDSN, HRB, ARCT, FAST, ALXO, VIST, CTAS, CHD, DB, PAR, ADC, ARES, DE, CHH, GPK, HRL, GPN, APAM, ASGN, ELP, ITT, EWCZ, ADM, LITE, AZUL, TNET, GDYN, DY, CHKP, WPM, EVBG, MDGL, ACGL, GASS, ED, MMYT, EE, DKNG, BABA, PBR, TJX, BGNE, EL, MSCI, VOD, EMR, AEP, RGA, REYN, AER, AES, SLDB, IMCR, EW, TRMD, PCG, DECK, ZWS, ENB, TKR, EXEL, FA, SMFG, STTK, TROX, TROW, TBPH, SIX, IVR, ENR, STWD, ENS, IVZ, TNGX, UNH, NTES, PDD, UNP, HARP, SJM, GD, GSK, FLNG, GSL, HUM, FORM, HOLI, GM, BIP, GS, TME, GT, INGN, HOLX, PEG, TMO, WSR, HA, AXTA, TEVA, CLF, AGRO, HE, ISRG, STVN, SRRK, MRCY, FRO, EPR, HP, HR, GTX, HLIO, CLX, PFG, ANAB, CCEP, NTGR, EQC, CME, ODP, WTW, RWAY, CMG, EQH, SQSP, NBR, FSK, LUNG, FSS, IMGN, DOV, GGAL, DOW, HASI, ACLX, AIZ, VERA, VST, MITK, JD, RKT, SONO, MAS, CNI, MAR, BLK, MAT, FTS, CNO, CSGP, AMAM, SNA, CNS, FTV, PINC, VALE, URI, EEFT, PTCT, FOXA, LSXMA, PHM, BMA, KB, FTAI, VTRS, LSXMK, EXLS, PINS, SAVE, EZPW, FUN, SAVA, NFLX, BHVN, KN, KO, WWD, RMD, XYL, ARLP, AVTR, NEE, CPB, MCK, CPA, OSCR, ASND, PFGC, NEM, MCO, BBIO, ALE, HZO, LBTYK, GLNG, TTWO, ALL, LAZ, AMCR, BNS, CPT, CSIQ, WEST, PTEN, ALT, LZ, TRP, SPR, MA, IRWD, RNR, LSPD, EYPT, AMD, TRV, AME, MAIN, YUMC, MDT, SIGI, MO, TASK, WERN, MP, MS, MU, KROS, ORCL, TAST, BOX, AMX, TSN, ROL, NGG, ROP, DTE, CRC, EBAY, ATRC, DTM, CHTR, MET, AMCX, IMNM, VCTR, CRS, MBLY, PAAS, EXPD, NBIX, BMBL, ACRE, XNCR, EXPI, LBPH, UVV, OC, BERY, AMED, PRCT, OI, DUK, PFLT, QFIN, QDEL, PYPL, OR, AAOI, MGA, OTIS, DVA, SMPL, APA, NWSA, PG, CEPU, PI, GILD, VIAV, APP, AAPL, FLWS, TPVG, AMGN, GSBD, OLK, STT, BLBD, STZ, ORIC, CHWY, RRX, YMAB, DOCU, INSM, RILY, CCOI, BSX, PSFE, NKE, OMF, SOVO, ASTL, BMEA, SUZ, TOST, VRSK, MRNA, CALM, RS, PPG, RY, SA, HCAT, PENN, TXT, NTRA, ASC, SE, IBN, CWH, RTX, RDFN, BUR, INSP, SWI, JNPR, INST, SWK, INSW, RUM, SLRC, HAE, LIN, SEDG, TH, INTC, GTES, CRNC, BPMC, TT, TU, EVRG, IDA, UA, BWA, PRU, PZZA, EWTX, NMFC, SCCO, LOPE, GBCI, CLDX, NTRS, SYK, HCA, HSBC, KIM, AVD, BPOP, SYY, MMS, CNHI, TOWN, PAGS, ORA, ZGN, ORC, CTVA, VZ, AVY, FDMT, KMPR, HDB, IFF, JHG, RXO, WH, ARWR, ESNT, RITM, WM, WBA, FWRD, MDXG, KRYS, ALLY, FAF, TIMB, HEI, APTV, MOS, TMUS, LMT, CMCSA, IGT, XP, XEL, LNC, TTEK, NRG, WCN, BIDU, OCSL, TSCO, AGCO, LNT, WDC, KMB, CSWC, KMI, RYTM, NSP, PWR, ZG, GEL, GEN, FSLR, KMT, JKS, UAA, WEC, AVAV, LOW, FTNT, HGV, AZO, IMXI, KNTK, FCX, NOMD, TGNA, WES, GFF, REPL, MRO, FUSN, NTR, DOMO, SKYW, SEMR, KNX, EBR, FDS, HAFC, CYBR, FDX, PCRX, VLRS, UBS, HIG, LBRDK, SFNC, ECL, DAR, TAL, ZBRA, TAK, MTG, MTN, JNJ, SAGE, EDR, VFC, EDU, RBLX, DBX, GDOT, NWN, CAG, CAH, GIL, CAT, CGBD, NXE, VGR, ASAI, FHI, JPM, WIX, BNTX, HLT, TDG, BMRN, FWONK, UBER, VIPS, DXCM, SBS, MNST, NYT, CCK, CCJ, SNAP, EGO, COTY, BECN, FIS, FRPT, BAP, OPRA]
2024-02-09 22:16:17.899 [xxl-job, JobThread-7-1707488100064] INFO  luonq.polygon.RealTimeDataWS_DB - filter split stock, the stock set size is 586. data: [EHC, RNGR, IPG, CWEN, VIV, ATEN, SHYF, SNDX, DAWN, YPF, NVCR, OLMA, BBY, INBX, CHGG, VIRT, UHS, AB, WING, CEG, EHAB, BCE, HON, AL, AM, AAL, WMB, SURG, WMG, AAP, SEE, SSNC, TGH, DGX, EIX, AY, BA, WMT, ENPH, GOLD, ROKU, INDB, CMTG, ARCO, D, DHI, BG, F, VREX, LXU, J, K, L, WNC, FLR, THC, O, ARCC, DHR, FLT, ATGE, BR, ABR, R, T, ZTO, RAPT, V, BZ, ZTS, Z, WNS, FMC, RDN, CC, NVDA, BIPC, ATHM, LYV, KREF, BEP, TSLX, CP, HDSN, HRB, ARCT, FAST, ALXO, VIST, CTAS, CHD, DB, PAR, ADC, ARES, DE, CHH, GPK, HRL, GPN, APAM, ASGN, ELP, ITT, EWCZ, ADM, LITE, AZUL, TNET, GDYN, DY, CHKP, WPM, EVBG, MDGL, ACGL, GASS, ED, MMYT, EE, DKNG, BABA, PBR, TJX, BGNE, EL, MSCI, VOD, EMR, AEP, RGA, REYN, AER, AES, SLDB, IMCR, EW, TRMD, PCG, DECK, ZWS, ENB, TKR, EXEL, FA, SMFG, STTK, TROX, TROW, TBPH, SIX, IVR, ENR, STWD, ENS, IVZ, TNGX, UNH, NTES, PDD, UNP, HARP, SJM, GD, GSK, FLNG, GSL, HUM, FORM, HOLI, GM, BIP, GS, TME, GT, INGN, HOLX, PEG, TMO, WSR, HA, AXTA, TEVA, CLF, AGRO, HE, ISRG, STVN, SRRK, MRCY, FRO, EPR, HP, HR, GTX, HLIO, CLX, PFG, ANAB, CCEP, NTGR, EQC, CME, ODP, WTW, RWAY, CMG, EQH, SQSP, NBR, FSK, LUNG, FSS, IMGN, DOV, GGAL, DOW, HASI, ACLX, AIZ, VERA, VST, MITK, JD, RKT, SONO, MAS, CNI, MAR, BLK, MAT, FTS, CNO, CSGP, AMAM, SNA, CNS, FTV, PINC, VALE, URI, EEFT, PTCT, FOXA, LSXMA, PHM, BMA, KB, FTAI, VTRS, LSXMK, EXLS, PINS, SAVE, EZPW, FUN, SAVA, NFLX, BHVN, KN, KO, WWD, RMD, XYL, ARLP, AVTR, NEE, CPB, MCK, CPA, OSCR, ASND, PFGC, NEM, MCO, BBIO, ALE, HZO, LBTYK, GLNG, TTWO, ALL, LAZ, AMCR, BNS, CPT, CSIQ, WEST, PTEN, ALT, LZ, TRP, SPR, MA, IRWD, RNR, LSPD, EYPT, AMD, TRV, AME, MAIN, YUMC, MDT, SIGI, MO, TASK, WERN, MP, MS, MU, KROS, ORCL, TAST, BOX, AMX, TSN, ROL, NGG, ROP, DTE, CRC, EBAY, ATRC, DTM, CHTR, MET, AMCX, IMNM, VCTR, CRS, MBLY, PAAS, EXPD, NBIX, BMBL, ACRE, XNCR, EXPI, LBPH, UVV, OC, BERY, AMED, PRCT, OI, DUK, PFLT, QFIN, QDEL, PYPL, OR, AAOI, MGA, OTIS, DVA, SMPL, APA, NWSA, PG, CEPU, PI, GILD, VIAV, APP, AAPL, FLWS, TPVG, AMGN, GSBD, OLK, STT, BLBD, STZ, ORIC, CHWY, RRX, YMAB, DOCU, INSM, RILY, CCOI, BSX, PSFE, NKE, OMF, SOVO, ASTL, BMEA, SUZ, TOST, VRSK, MRNA, CALM, RS, PPG, RY, SA, HCAT, PENN, TXT, NTRA, ASC, SE, IBN, CWH, RTX, RDFN, BUR, INSP, SWI, JNPR, INST, SWK, INSW, RUM, SLRC, HAE, LIN, SEDG, TH, INTC, GTES, CRNC, BPMC, TT, TU, EVRG, IDA, UA, BWA, PRU, PZZA, EWTX, NMFC, SCCO, LOPE, GBCI, CLDX, NTRS, SYK, HCA, HSBC, KIM, AVD, BPOP, SYY, MMS, CNHI, TOWN, PAGS, ORA, ZGN, ORC, CTVA, VZ, AVY, FDMT, KMPR, HDB, IFF, JHG, RXO, WH, ARWR, ESNT, RITM, WM, WBA, FWRD, MDXG, KRYS, ALLY, FAF, TIMB, HEI, APTV, MOS, TMUS, LMT, CMCSA, IGT, XP, XEL, LNC, TTEK, NRG, WCN, BIDU, OCSL, TSCO, AGCO, LNT, WDC, KMB, CSWC, KMI, RYTM, NSP, PWR, ZG, GEL, GEN, FSLR, KMT, JKS, UAA, WEC, AVAV, LOW, FTNT, HGV, AZO, IMXI, KNTK, FCX, NOMD, TGNA, WES, GFF, REPL, MRO, FUSN, NTR, DOMO, SKYW, SEMR, KNX, EBR, FDS, HAFC, CYBR, FDX, PCRX, VLRS, UBS, HIG, LBRDK, SFNC, ECL, DAR, TAL, ZBRA, TAK, MTG, MTN, JNJ, SAGE, EDR, VFC, EDU, RBLX, DBX, GDOT, NWN, CAG, CAH, GIL, CAT, CGBD, NXE, VGR, ASAI, FHI, JPM, WIX, BNTX, HLT, TDG, BMRN, FWONK, UBER, VIPS, DXCM, SBS, NYT, CCK, CCJ, SNAP, EGO, COTY, BECN, FIS, FRPT, BAP, OPRA]
2024-02-09 22:16:18.354 [xxl-job, JobThread-7-1707488100064] INFO  luonq.polygon.RealTimeDataWS_DB - filter front reinstatement less 0.98 stock, the stock set size is 532. data: [EHC, RNGR, IPG, CWEN, VIV, ATEN, SHYF, SNDX, DAWN, YPF, NVCR, OLMA, BBY, INBX, CHGG, VIRT, UHS, WING, CEG, EHAB, BCE, HON, AL, AM, AAL, WMB, SURG, WMG, AAP, SEE, SSNC, TGH, DGX, EIX, BA, WMT, ENPH, GOLD, ROKU, INDB, CMTG, ARCO, D, DHI, BG, F, VREX, LXU, J, K, L, WNC, FLR, THC, O, DHR, FLT, ATGE, BR, R, T, ZTO, RAPT, V, BZ, ZTS, Z, WNS, FMC, RDN, CC, NVDA, LYV, BEP, CP, HDSN, HRB, ARCT, FAST, ALXO, VIST, CTAS, CHD, PAR, ADC, ARES, DE, CHH, GPK, HRL, GPN, APAM, ASGN, ITT, EWCZ, ADM, LITE, AZUL, TNET, GDYN, DY, CHKP, WPM, EVBG, MDGL, ACGL, GASS, ED, MMYT, EE, DKNG, BABA, TJX, BGNE, EL, MSCI, EMR, AEP, RGA, REYN, AER, AES, SLDB, IMCR, EW, PCG, DECK, ZWS, ENB, TKR, EXEL, SMFG, STTK, TROX, TROW, TBPH, SIX, ENR, ENS, IVZ, TNGX, UNH, NTES, PDD, UNP, HARP, SJM, GD, GSK, HUM, FORM, HOLI, GM, GS, TME, GT, INGN, HOLX, PEG, TMO, WSR, HA, AXTA, TEVA, CLF, AGRO, ISRG, STVN, SRRK, MRCY, FRO, EPR, HP, GTX, HLIO, CLX, PFG, ANAB, NTGR, ODP, WTW, CMG, EQH, SQSP, NBR, LUNG, FSS, IMGN, DOV, GGAL, DOW, HASI, ACLX, AIZ, VERA, VST, MITK, JD, RKT, SONO, MAS, CNI, MAR, BLK, MAT, FTS, CNO, CSGP, AMAM, SNA, CNS, FTV, PINC, URI, EEFT, PTCT, FOXA, LSXMA, PHM, KB, FTAI, VTRS, LSXMK, PINS, SAVE, EZPW, FUN, SAVA, NFLX, BHVN, KN, KO, WWD, RMD, XYL, AVTR, NEE, CPB, MCK, CPA, OSCR, ASND, PFGC, NEM, MCO, BBIO, ALE, HZO, LBTYK, GLNG, TTWO, ALL, LAZ, AMCR, BNS, CPT, CSIQ, WEST, PTEN, ALT, LZ, SPR, MA, IRWD, RNR, LSPD, EYPT, AMD, TRV, AME, MAIN, YUMC, MDT, SIGI, TASK, WERN, MP, MS, MU, KROS, ORCL, TAST, BOX, AMX, TSN, ROL, NGG, ROP, DTE, CRC, EBAY, ATRC, DTM, CHTR, MET, AMCX, IMNM, VCTR, CRS, MBLY, PAAS, EXPD, NBIX, BMBL, XNCR, EXPI, LBPH, UVV, OC, BERY, AMED, PRCT, OI, DUK, PFLT, QDEL, PYPL, OR, AAOI, MGA, OTIS, DVA, SMPL, APA, NWSA, PG, CEPU, PI, GILD, VIAV, APP, AAPL, FLWS, AMGN, OLK, STT, BLBD, STZ, ORIC, CHWY, RRX, YMAB, DOCU, INSM, CCOI, BSX, PSFE, NKE, SOVO, ASTL, BMEA, TOST, VRSK, MRNA, CALM, RS, PPG, RY, SA, HCAT, PENN, TXT, NTRA, ASC, SE, IBN, CWH, RTX, RDFN, BUR, INSP, SWI, JNPR, INST, SWK, RUM, HAE, LIN, SEDG, TH, INTC, GTES, CRNC, BPMC, TT, TU, EVRG, IDA, UA, BWA, PRU, PZZA, EWTX, NMFC, SCCO, LOPE, GBCI, CLDX, NTRS, SYK, HCA, HSBC, KIM, AVD, BPOP, SYY, MMS, TOWN, PAGS, ORA, ZGN, ORC, CTVA, VZ, AVY, FDMT, KMPR, HDB, IFF, JHG, RXO, WH, ARWR, ESNT, WM, FWRD, MDXG, KRYS, ALLY, FAF, TIMB, HEI, APTV, MOS, TMUS, LMT, CMCSA, IGT, XEL, LNC, TTEK, NRG, WCN, BIDU, TSCO, AGCO, LNT, WDC, KMB, KMI, RYTM, NSP, PWR, ZG, GEL, GEN, FSLR, KMT, UAA, WEC, AVAV, LOW, FTNT, HGV, AZO, IMXI, FCX, NOMD, TGNA, WES, GFF, REPL, MRO, FUSN, NTR, DOMO, SKYW, SEMR, KNX, EBR, FDS, HAFC, CYBR, FDX, PCRX, VLRS, UBS, HIG, LBRDK, SFNC, ECL, DAR, TAL, ZBRA, MTG, MTN, JNJ, SAGE, EDR, VFC, EDU, RBLX, DBX, GDOT, NWN, CAG, CAH, GIL, CAT, NXE, VGR, ASAI, FHI, JPM, WIX, BNTX, HLT, BMRN, FWONK, UBER, VIPS, DXCM, SBS, NYT, CCK, CCJ, SNAP, EGO, COTY, BECN, FIS, FRPT]
2024-02-09 22:16:18.355 [xxl-job, JobThread-7-1707488100064] INFO  luonq.polygon.RealTimeDataWS_DB - filter earning and lastEarning stock, the stock set size is 479. data: [RNGR, CWEN, VIV, ATEN, SHYF, SNDX, DAWN, YPF, NVCR, OLMA, BBY, INBX, CHGG, VIRT, UHS, WING, CEG, EHAB, HON, AL, AM, AAL, WMB, SURG, AAP, SEE, SSNC, TGH, DGX, EIX, BA, WMT, ENPH, GOLD, ROKU, INDB, CMTG, ARCO, D, DHI, BG, F, VREX, LXU, J, L, WNC, FLR, O, DHR, ATGE, BR, R, T, ZTO, RAPT, V, BZ, ZTS, Z, WNS, FMC, CC, NVDA, LYV, BEP, CP, HDSN, HRB, ARCT, FAST, ALXO, VIST, CTAS, CHD, PAR, ADC, DE, CHH, GPK, HRL, GPN, APAM, EWCZ, AZUL, TNET, GDYN, DY, CHKP, WPM, EVBG, MDGL, ACGL, GASS, ED, MMYT, EE, DKNG, BABA, TJX, BGNE, EL, MSCI, EMR, AEP, RGA, REYN, AER, AES, SLDB, IMCR, EW, PCG, DECK, ZWS, TKR, EXEL, SMFG, STTK, TROX, TROW, TBPH, SIX, ENR, IVZ, TNGX, UNH, NTES, PDD, UNP, HARP, SJM, GD, GSK, HUM, HOLI, GM, GS, TME, GT, INGN, HOLX, PEG, TMO, WSR, HA, TEVA, CLF, AGRO, ISRG, STVN, SRRK, MRCY, FRO, EPR, HP, GTX, HLIO, CLX, PFG, ANAB, ODP, WTW, CMG, EQH, SQSP, NBR, LUNG, FSS, IMGN, DOV, GGAL, DOW, HASI, ACLX, AIZ, VERA, VST, MITK, JD, RKT, SONO, MAS, CNI, MAR, BLK, MAT, CNO, CSGP, AMAM, CNS, FTV, PINC, URI, EEFT, PTCT, FOXA, LSXMA, PHM, KB, FTAI, VTRS, LSXMK, EZPW, FUN, SAVA, NFLX, BHVN, KO, WWD, RMD, XYL, AVTR, NEE, CPB, PFGC, NEM, MCO, BBIO, ALE, HZO, LBTYK, GLNG, LAZ, AMCR, BNS, CPT, CSIQ, WEST, PTEN, ALT, LZ, SPR, MA, IRWD, RNR, EYPT, AMD, TRV, AME, MAIN, YUMC, MDT, SIGI, TASK, WERN, MP, MS, MU, KROS, ORCL, TAST, BOX, AMX, TSN, ROL, NGG, ROP, CRC, EBAY, ATRC, DTM, CHTR, MET, IMNM, CRS, MBLY, PAAS, EXPD, NBIX, BMBL, XNCR, EXPI, LBPH, OC, BERY, AMED, PRCT, OI, DUK, QDEL, OR, AAOI, OTIS, DVA, SMPL, APA, PG, CEPU, GILD, VIAV, APP, AAPL, FLWS, AMGN, OLK, STT, STZ, ORIC, CHWY, YMAB, DOCU, INSM, CCOI, BSX, PSFE, NKE, SOVO, ASTL, BMEA, TOST, VRSK, MRNA, CALM, RS, PPG, RY, SA, HCAT, PENN, TXT, NTRA, ASC, SE, IBN, CWH, RTX, RDFN, BUR, INSP, JNPR, INST, SWK, RUM, HAE, LIN, SEDG, TH, INTC, CRNC, BPMC, TT, EVRG, IDA, UA, PRU, PZZA, EWTX, NMFC, SCCO, LOPE, GBCI, CLDX, NTRS, SYK, HCA, HSBC, KIM, AVD, BPOP, SYY, TOWN, PAGS, ORA, ZGN, ORC, CTVA, VZ, AVY, FDMT, KMPR, HDB, IFF, JHG, RXO, WH, ARWR, WM, FWRD, MDXG, KRYS, ALLY, TIMB, HEI, APTV, MOS, TMUS, LMT, CMCSA, IGT, XEL, LNC, TTEK, NRG, WCN, BIDU, TSCO, AGCO, LNT, WDC, KMB, KMI, RYTM, PWR, ZG, GEL, GEN, FSLR, KMT, UAA, WEC, AVAV, LOW, FTNT, HGV, AZO, IMXI, FCX, NOMD, TGNA, WES, GFF, MRO, FUSN, NTR, DOMO, SKYW, SEMR, KNX, EBR, FDS, HAFC, FDX, PCRX, VLRS, UBS, HIG, LBRDK, SFNC, ECL, DAR, TAL, ZBRA, MTG, MTN, JNJ, SAGE, EDR, VFC, EDU, RBLX, DBX, GDOT, NWN, CAG, CAH, GIL, CAT, NXE, VGR, ASAI, FHI, JPM, WIX, BNTX, HLT, BMRN, FWONK, UBER, VIPS, SBS, NYT, CCK, SNAP, EGO, COTY, BECN, FIS, FRPT]
2024-02-09 22:16:18.355 [xxl-job, JobThread-7-1707488100064] INFO  luonq.polygon.RealTimeDataWS_DB - after filte: [RNGR, CWEN, VIV, ATEN, SHYF, SNDX, DAWN, YPF, NVCR, OLMA, BBY, INBX, CHGG, VIRT, UHS, WING, CEG, EHAB, HON, AL, AM, AAL, WMB, SURG, AAP, SEE, SSNC, TGH, DGX, EIX, BA, WMT, ENPH, GOLD, ROKU, INDB, CMTG, ARCO, D, DHI, BG, F, VREX, LXU, J, L, WNC, FLR, O, DHR, ATGE, BR, R, T, ZTO, RAPT, V, BZ, ZTS, Z, WNS, FMC, CC, NVDA, LYV, BEP, CP, HDSN, HRB, ARCT, FAST, ALXO, VIST, CTAS, CHD, PAR, ADC, DE, CHH, GPK, HRL, GPN, APAM, EWCZ, AZUL, TNET, GDYN, DY, CHKP, WPM, EVBG, MDGL, ACGL, GASS, ED, MMYT, EE, DKNG, BABA, TJX, BGNE, EL, MSCI, EMR, AEP, RGA, REYN, AER, AES, SLDB, IMCR, EW, PCG, DECK, ZWS, TKR, EXEL, STTK, TROX, TROW, TBPH, SIX, ENR, IVZ, TNGX, UNH, NTES, PDD, UNP, HARP, SJM, GD, GSK, HUM, HOLI, GM, GS, TME, GT, INGN, HOLX, PEG, TMO, WSR, HA, TEVA, CLF, AGRO, ISRG, STVN, SRRK, MRCY, FRO, EPR, HP, GTX, HLIO, CLX, PFG, ANAB, ODP, WTW, CMG, EQH, SQSP, NBR, LUNG, FSS, IMGN, DOV, GGAL, DOW, HASI, ACLX, AIZ, VERA, VST, MITK, JD, RKT, SONO, MAS, CNI, MAR, BLK, MAT, CNO, CSGP, AMAM, CNS, FTV, PINC, URI, EEFT, PTCT, FOXA, LSXMA, PHM, KB, FTAI, VTRS, LSXMK, EZPW, FUN, SAVA, NFLX, BHVN, KO, WWD, RMD, XYL, AVTR, NEE, CPB, PFGC, NEM, MCO, BBIO, ALE, HZO, LBTYK, GLNG, LAZ, AMCR, BNS, CPT, CSIQ, WEST, PTEN, ALT, LZ, SPR, MA, IRWD, RNR, EYPT, AMD, TRV, AME, MAIN, YUMC, MDT, SIGI, TASK, WERN, MP, MS, MU, KROS, ORCL, TAST, BOX, AMX, TSN, ROL, NGG, ROP, CRC, EBAY, ATRC, DTM, CHTR, MET, IMNM, CRS, MBLY, PAAS, EXPD, NBIX, BMBL, XNCR, EXPI, LBPH, OC, BERY, AMED, PRCT, OI, DUK, QDEL, OR, AAOI, OTIS, DVA, SMPL, APA, PG, CEPU, GILD, VIAV, APP, AAPL, FLWS, AMGN, OLK, STT, STZ, ORIC, CHWY, YMAB, DOCU, INSM, CCOI, BSX, PSFE, NKE, SOVO, ASTL, BMEA, TOST, VRSK, MRNA, CALM, RS, PPG, RY, SA, HCAT, PENN, TXT, NTRA, ASC, SE, IBN, CWH, RTX, BUR, INSP, JNPR, INST, SWK, RUM, HAE, LIN, SEDG, TH, INTC, CRNC, BPMC, TT, EVRG, IDA, UA, PRU, PZZA, EWTX, NMFC, SCCO, LOPE, GBCI, CLDX, NTRS, SYK, HCA, HSBC, KIM, AVD, BPOP, SYY, TOWN, PAGS, ORA, ZGN, ORC, CTVA, VZ, AVY, FDMT, KMPR, HDB, IFF, JHG, RXO, WH, ARWR, WM, FWRD, MDXG, KRYS, ALLY, TIMB, HEI, APTV, MOS, TMUS, LMT, CMCSA, IGT, XEL, LNC, TTEK, NRG, WCN, BIDU, TSCO, AGCO, LNT, WDC, KMB, KMI, RYTM, PWR, ZG, GEL, GEN, FSLR, KMT, UAA, WEC, AVAV, LOW, FTNT, HGV, AZO, IMXI, FCX, NOMD, TGNA, WES, GFF, MRO, FUSN, NTR, DOMO, SKYW, SEMR, KNX, EBR, FDS, HAFC, FDX, PCRX, VLRS, UBS, HIG, LBRDK, SFNC, ECL, DAR, TAL, ZBRA, MTG, MTN, JNJ, SAGE, EDR, VFC, EDU, RBLX, DBX, GDOT, NWN, CAG, CAH, GIL, CAT, NXE, VGR, ASAI, FHI, JPM, WIX, BNTX, HLT, BMRN, FWONK, UBER, VIPS, SBS, NYT, CCK, SNAP, EGO, COTY, BECN, FIS, FRPT]
2024-02-09 22:16:18.358 [xxl-job, JobThread-7-1707488100064] INFO  luonq.polygon.RealTimeDataWS_DB - finish load last DN for BOLL
2024-02-09 22:16:18.373 [xxl-job, JobThread-7-1707488100064] INFO  luonq.polygon.RealTimeDataWS_DB - finish load lastest 19-days close data
2024-02-09 22:16:18.373 [xxl-job, JobThread-7-1707488100064] INFO  luonq.polygon.RealTimeDataWS_DB - finish init historical data
2024-02-09 22:16:18.374 [xxl-job, JobThread-7-1707488100064] INFO  luonq.polygon.RealTimeDataWS_DB - wait pre trade time. now is 22:16:18
2024-02-09 22:16:23.382 [xxl-job, JobThread-7-1707488100064] INFO  luonq.polygon.RealTimeDataWS_DB - wait pre trade time. now is 22:16:23
2024-02-09 22:16:28.390 [xxl-job, JobThread-7-1707488100064] INFO  luonq.polygon.RealTimeDataWS_DB - wait pre trade time. now is 22:16:28
2024-02-09 22:16:33.400 [xxl-job, JobThread-7-1707488100064] INFO  luonq.polygon.RealTimeDataWS_DB - wait pre trade time. now is 22:16:33
2024-02-09 22:16:38.408 [xxl-job, JobThread-7-1707488100064] INFO  luonq.polygon.RealTimeDataWS_DB - wait pre trade time. now is 22:16:38
2024-02-09 22:16:43.416 [xxl-job, JobThread-7-1707488100064] INFO  luonq.polygon.RealTimeDataWS_DB - wait pre trade time. now is 22:16:43
2024-02-09 22:16:48.423 [xxl-job, JobThread-7-1707488100064] INFO  luonq.polygon.RealTimeDataWS_DB - wait pre trade time. now is 22:16:48
2024-02-09 22:16:53.431 [xxl-job, JobThread-7-1707488100064] INFO  luonq.polygon.RealTimeDataWS_DB - wait pre trade time. now is 22:16:53
2024-02-09 22:16:58.440 [xxl-job, JobThread-7-1707488100064] INFO  luonq.polygon.RealTimeDataWS_DB - wait pre trade time. now is 22:16:58
2024-02-09 22:17:03.445 [xxl-job, JobThread-7-1707488100064] INFO  luonq.polygon.RealTimeDataWS_DB - wait pre trade time. now is 22:17:03
2024-02-09 22:17:08.455 [xxl-job, JobThread-7-1707488100064] INFO  luonq.polygon.RealTimeDataWS_DB - wait pre trade time. now is 22:17:08
2024-02-09 22:17:13.465 [xxl-job, JobThread-7-1707488100064] INFO  luonq.polygon.RealTimeDataWS_DB - wait pre trade time. now is 22:17:13
2024-02-09 22:17:18.473 [xxl-job, JobThread-7-1707488100064] INFO  luonq.polygon.RealTimeDataWS_DB - wait pre trade time. now is 22:17:18
2024-02-09 22:17:23.481 [xxl-job, JobThread-7-1707488100064] INFO  luonq.polygon.RealTimeDataWS_DB - wait pre trade time. now is 22:17:23
2024-02-09 22:17:28.483 [xxl-job, JobThread-7-1707488100064] INFO  luonq.polygon.RealTimeDataWS_DB - wait pre trade time. now is 22:17:28
2024-02-09 22:17:33.489 [xxl-job, JobThread-7-1707488100064] INFO  luonq.polygon.RealTimeDataWS_DB - wait pre trade time. now is 22:17:33
2024-02-09 22:17:38.494 [xxl-job, JobThread-7-1707488100064] INFO  luonq.polygon.RealTimeDataWS_DB - wait pre trade time. now is 22:17:38
2024-02-09 22:17:43.505 [xxl-job, JobThread-7-1707488100064] INFO  luonq.polygon.RealTimeDataWS_DB - wait pre trade time. now is 22:17:43
2024-02-09 22:17:48.514 [xxl-job, JobThread-7-1707488100064] INFO  luonq.polygon.RealTimeDataWS_DB - wait pre trade time. now is 22:17:48
2024-02-09 22:17:53.521 [xxl-job, JobThread-7-1707488100064] INFO  luonq.polygon.RealTimeDataWS_DB - wait pre trade time. now is 22:17:53
2024-02-09 22:17:58.531 [xxl-job, JobThread-7-1707488100064] INFO  luonq.polygon.RealTimeDataWS_DB - wait pre trade time. now is 22:17:58
2024-02-09 22:18:03.540 [xxl-job, JobThread-7-1707488100064] INFO  luonq.polygon.RealTimeDataWS_DB - wait pre trade time. now is 22:18:03
2024-02-09 22:18:08.545 [xxl-job, JobThread-7-1707488100064] INFO  luonq.polygon.RealTimeDataWS_DB - wait pre trade time. now is 22:18:08
2024-02-09 22:18:13.549 [xxl-job, JobThread-7-1707488100064] INFO  luonq.polygon.RealTimeDataWS_DB - wait pre trade time. now is 22:18:13
2024-02-09 22:18:18.555 [xxl-job, JobThread-7-1707488100064] INFO  luonq.polygon.RealTimeDataWS_DB - wait pre trade time. now is 22:18:18
2024-02-09 22:18:23.562 [xxl-job, JobThread-7-1707488100064] INFO  luonq.polygon.RealTimeDataWS_DB - wait pre trade time. now is 22:18:23
2024-02-09 22:18:28.572 [xxl-job, JobThread-7-1707488100064] INFO  luonq.polygon.RealTimeDataWS_DB - wait pre trade time. now is 22:18:28
2024-02-09 22:18:33.578 [xxl-job, JobThread-7-1707488100064] INFO  luonq.polygon.RealTimeDataWS_DB - wait pre trade time. now is 22:18:33
2024-02-09 22:18:38.588 [xxl-job, JobThread-7-1707488100064] INFO  luonq.polygon.RealTimeDataWS_DB - wait pre trade time. now is 22:18:38
2024-02-09 22:18:43.597 [xxl-job, JobThread-7-1707488100064] INFO  luonq.polygon.RealTimeDataWS_DB - wait pre trade time. now is 22:18:43
2024-02-09 22:18:48.606 [xxl-job, JobThread-7-1707488100064] INFO  luonq.polygon.RealTimeDataWS_DB - wait pre trade time. now is 22:18:48
2024-02-09 22:18:53.610 [xxl-job, JobThread-7-1707488100064] INFO  luonq.polygon.RealTimeDataWS_DB - wait pre trade time. now is 22:18:53
2024-02-09 22:18:58.617 [xxl-job, JobThread-7-1707488100064] INFO  luonq.polygon.RealTimeDataWS_DB - wait pre trade time. now is 22:18:58
2024-02-09 22:19:03.622 [xxl-job, JobThread-7-1707488100064] INFO  luonq.polygon.RealTimeDataWS_DB - wait pre trade time. now is 22:19:03
2024-02-09 22:19:08.626 [xxl-job, JobThread-7-1707488100064] INFO  luonq.polygon.RealTimeDataWS_DB - wait pre trade time. now is 22:19:08
2024-02-09 22:19:13.632 [xxl-job, JobThread-7-1707488100064] INFO  luonq.polygon.RealTimeDataWS_DB - wait pre trade time. now is 22:19:13
2024-02-09 22:19:18.638 [xxl-job, JobThread-7-1707488100064] INFO  luonq.polygon.RealTimeDataWS_DB - wait pre trade time. now is 22:19:18
2024-02-09 22:19:23.646 [xxl-job, JobThread-7-1707488100064] INFO  luonq.polygon.RealTimeDataWS_DB - wait pre trade time. now is 22:19:23
2024-02-09 22:19:28.655 [xxl-job, JobThread-7-1707488100064] INFO  luonq.polygon.RealTimeDataWS_DB - wait pre trade time. now is 22:19:28
2024-02-09 22:19:33.662 [xxl-job, JobThread-7-1707488100064] INFO  luonq.polygon.RealTimeDataWS_DB - wait pre trade time. now is 22:19:33
2024-02-09 22:19:38.672 [xxl-job, JobThread-7-1707488100064] INFO  luonq.polygon.RealTimeDataWS_DB - wait pre trade time. now is 22:19:38
2024-02-09 22:19:43.680 [xxl-job, JobThread-7-1707488100064] INFO  luonq.polygon.RealTimeDataWS_DB - wait pre trade time. now is 22:19:43
2024-02-09 22:19:48.687 [xxl-job, JobThread-7-1707488100064] INFO  luonq.polygon.RealTimeDataWS_DB - wait pre trade time. now is 22:19:48
2024-02-09 22:19:53.696 [xxl-job, JobThread-7-1707488100064] INFO  luonq.polygon.RealTimeDataWS_DB - wait pre trade time. now is 22:19:53
2024-02-09 22:19:58.703 [xxl-job, JobThread-7-1707488100064] INFO  luonq.polygon.RealTimeDataWS_DB - wait pre trade time. now is 22:19:58
2024-02-09 22:20:03.712 [xxl-job, JobThread-7-1707488100064] INFO  luonq.polygon.RealTimeDataWS_DB - wait pre trade time. now is 22:20:03
2024-02-09 22:20:08.719 [xxl-job, JobThread-7-1707488100064] INFO  luonq.polygon.RealTimeDataWS_DB - wait pre trade time. now is 22:20:08
2024-02-09 22:20:13.732 [xxl-job, JobThread-7-1707488100064] INFO  luonq.polygon.RealTimeDataWS_DB - wait pre trade time. now is 22:20:13
2024-02-09 22:20:18.737 [xxl-job, JobThread-7-1707488100064] INFO  luonq.polygon.RealTimeDataWS_DB - wait pre trade time. now is 22:20:18
2024-02-09 22:20:23.748 [xxl-job, JobThread-7-1707488100064] INFO  luonq.polygon.RealTimeDataWS_DB - wait pre trade time. now is 22:20:23
2024-02-09 22:20:28.756 [xxl-job, JobThread-7-1707488100064] INFO  luonq.polygon.RealTimeDataWS_DB - wait pre trade time. now is 22:20:28
2024-02-09 22:20:33.767 [xxl-job, JobThread-7-1707488100064] INFO  luonq.polygon.RealTimeDataWS_DB - wait pre trade time. now is 22:20:33
2024-02-09 22:20:38.772 [xxl-job, JobThread-7-1707488100064] INFO  luonq.polygon.RealTimeDataWS_DB - wait pre trade time. now is 22:20:38
2024-02-09 22:20:43.778 [xxl-job, JobThread-7-1707488100064] INFO  luonq.polygon.RealTimeDataWS_DB - wait pre trade time. now is 22:20:43
2024-02-09 22:20:48.787 [xxl-job, JobThread-7-1707488100064] INFO  luonq.polygon.RealTimeDataWS_DB - wait pre trade time. now is 22:20:48
2024-02-09 22:20:53.797 [xxl-job, JobThread-7-1707488100064] INFO  luonq.polygon.RealTimeDataWS_DB - wait pre trade time. now is 22:20:53
2024-02-09 22:20:58.804 [xxl-job, JobThread-7-1707488100064] INFO  luonq.polygon.RealTimeDataWS_DB - wait pre trade time. now is 22:20:58
2024-02-09 22:21:03.814 [xxl-job, JobThread-7-1707488100064] INFO  luonq.polygon.RealTimeDataWS_DB - wait pre trade time. now is 22:21:03
2024-02-09 22:21:08.820 [xxl-job, JobThread-7-1707488100064] INFO  luonq.polygon.RealTimeDataWS_DB - wait pre trade time. now is 22:21:08
2024-02-09 22:21:13.825 [xxl-job, JobThread-7-1707488100064] INFO  luonq.polygon.RealTimeDataWS_DB - wait pre trade time. now is 22:21:13
2024-02-09 22:21:18.830 [xxl-job, JobThread-7-1707488100064] INFO  luonq.polygon.RealTimeDataWS_DB - wait pre trade time. now is 22:21:18
2024-02-09 22:21:23.836 [xxl-job, JobThread-7-1707488100064] INFO  luonq.polygon.RealTimeDataWS_DB - wait pre trade time. now is 22:21:23
2024-02-09 22:21:28.846 [xxl-job, JobThread-7-1707488100064] INFO  luonq.polygon.RealTimeDataWS_DB - wait pre trade time. now is 22:21:28
2024-02-09 22:21:33.853 [xxl-job, JobThread-7-1707488100064] INFO  luonq.polygon.RealTimeDataWS_DB - wait pre trade time. now is 22:21:33
2024-02-09 22:21:38.861 [xxl-job, JobThread-7-1707488100064] INFO  luonq.polygon.RealTimeDataWS_DB - wait pre trade time. now is 22:21:38
2024-02-09 22:21:43.869 [xxl-job, JobThread-7-1707488100064] INFO  luonq.polygon.RealTimeDataWS_DB - wait pre trade time. now is 22:21:43
2024-02-09 22:21:48.878 [xxl-job, JobThread-7-1707488100064] INFO  luonq.polygon.RealTimeDataWS_DB - wait pre trade time. now is 22:21:48
2024-02-09 22:21:53.884 [xxl-job, JobThread-7-1707488100064] INFO  luonq.polygon.RealTimeDataWS_DB - wait pre trade time. now is 22:21:53
2024-02-09 22:21:58.891 [xxl-job, JobThread-7-1707488100064] INFO  luonq.polygon.RealTimeDataWS_DB - wait pre trade time. now is 22:21:58
2024-02-09 22:22:03.894 [xxl-job, JobThread-7-1707488100064] INFO  luonq.polygon.RealTimeDataWS_DB - wait pre trade time. now is 22:22:03
2024-02-09 22:22:08.897 [xxl-job, JobThread-7-1707488100064] INFO  luonq.polygon.RealTimeDataWS_DB - wait pre trade time. now is 22:22:08
2024-02-09 22:22:13.900 [xxl-job, JobThread-7-1707488100064] INFO  luonq.polygon.RealTimeDataWS_DB - wait pre trade time. now is 22:22:13
2024-02-09 22:22:18.904 [xxl-job, JobThread-7-1707488100064] INFO  luonq.polygon.RealTimeDataWS_DB - wait pre trade time. now is 22:22:18
2024-02-09 22:22:23.906 [xxl-job, JobThread-7-1707488100064] INFO  luonq.polygon.RealTimeDataWS_DB - wait pre trade time. now is 22:22:23
2024-02-09 22:22:28.908 [xxl-job, JobThread-7-1707488100064] INFO  luonq.polygon.RealTimeDataWS_DB - wait pre trade time. now is 22:22:28
2024-02-09 22:22:33.910 [xxl-job, JobThread-7-1707488100064] INFO  luonq.polygon.RealTimeDataWS_DB - wait pre trade time. now is 22:22:33
2024-02-09 22:22:38.914 [xxl-job, JobThread-7-1707488100064] INFO  luonq.polygon.RealTimeDataWS_DB - wait pre trade time. now is 22:22:38
2024-02-09 22:22:43.920 [xxl-job, JobThread-7-1707488100064] INFO  luonq.polygon.RealTimeDataWS_DB - wait pre trade time. now is 22:22:43
2024-02-09 22:22:48.923 [xxl-job, JobThread-7-1707488100064] INFO  luonq.polygon.RealTimeDataWS_DB - wait pre trade time. now is 22:22:48
2024-02-09 22:22:53.928 [xxl-job, JobThread-7-1707488100064] INFO  luonq.polygon.RealTimeDataWS_DB - wait pre trade time. now is 22:22:53
2024-02-09 22:22:58.933 [xxl-job, JobThread-7-1707488100064] INFO  luonq.polygon.RealTimeDataWS_DB - wait pre trade time. now is 22:22:58
2024-02-09 22:23:03.938 [xxl-job, JobThread-7-1707488100064] INFO  luonq.polygon.RealTimeDataWS_DB - wait pre trade time. now is 22:23:03
2024-02-09 22:23:08.943 [xxl-job, JobThread-7-1707488100064] INFO  luonq.polygon.RealTimeDataWS_DB - wait pre trade time. now is 22:23:08
2024-02-09 22:23:13.948 [xxl-job, JobThread-7-1707488100064] INFO  luonq.polygon.RealTimeDataWS_DB - wait pre trade time. now is 22:23:13
2024-02-09 22:23:18.954 [xxl-job, JobThread-7-1707488100064] INFO  luonq.polygon.RealTimeDataWS_DB - wait pre trade time. now is 22:23:18
2024-02-09 22:23:23.963 [xxl-job, JobThread-7-1707488100064] INFO  luonq.polygon.RealTimeDataWS_DB - wait pre trade time. now is 22:23:23
2024-02-09 22:23:28.972 [xxl-job, JobThread-7-1707488100064] INFO  luonq.polygon.RealTimeDataWS_DB - wait pre trade time. now is 22:23:28
2024-02-09 22:23:33.978 [xxl-job, JobThread-7-1707488100064] INFO  luonq.polygon.RealTimeDataWS_DB - wait pre trade time. now is 22:23:33
2024-02-09 22:23:38.980 [xxl-job, JobThread-7-1707488100064] INFO  luonq.polygon.RealTimeDataWS_DB - wait pre trade time. now is 22:23:38
2024-02-09 22:23:43.983 [xxl-job, JobThread-7-1707488100064] INFO  luonq.polygon.RealTimeDataWS_DB - wait pre trade time. now is 22:23:43
2024-02-09 22:23:48.988 [xxl-job, JobThread-7-1707488100064] INFO  luonq.polygon.RealTimeDataWS_DB - wait pre trade time. now is 22:23:48
2024-02-09 22:23:53.992 [xxl-job, JobThread-7-1707488100064] INFO  luonq.polygon.RealTimeDataWS_DB - wait pre trade time. now is 22:23:53
2024-02-09 22:23:58.996 [xxl-job, JobThread-7-1707488100064] INFO  luonq.polygon.RealTimeDataWS_DB - wait pre trade time. now is 22:23:58
2024-02-09 22:24:04.005 [xxl-job, JobThread-7-1707488100064] INFO  luonq.polygon.RealTimeDataWS_DB - wait pre trade time. now is 22:24:04
2024-02-09 22:24:09.011 [xxl-job, JobThread-7-1707488100064] INFO  luonq.polygon.RealTimeDataWS_DB - wait pre trade time. now is 22:24:09
2024-02-09 22:24:14.016 [xxl-job, JobThread-7-1707488100064] INFO  luonq.polygon.RealTimeDataWS_DB - wait pre trade time. now is 22:24:14
2024-02-09 22:24:19.021 [xxl-job, JobThread-7-1707488100064] INFO  luonq.polygon.RealTimeDataWS_DB - wait pre trade time. now is 22:24:19
2024-02-09 22:24:24.026 [xxl-job, JobThread-7-1707488100064] INFO  luonq.polygon.RealTimeDataWS_DB - wait pre trade time. now is 22:24:24
2024-02-09 22:24:29.030 [xxl-job, JobThread-7-1707488100064] INFO  luonq.polygon.RealTimeDataWS_DB - wait pre trade time. now is 22:24:29
2024-02-09 22:24:34.034 [xxl-job, JobThread-7-1707488100064] INFO  luonq.polygon.RealTimeDataWS_DB - wait pre trade time. now is 22:24:34
2024-02-09 22:24:39.038 [xxl-job, JobThread-7-1707488100064] INFO  luonq.polygon.RealTimeDataWS_DB - wait pre trade time. now is 22:24:39
2024-02-09 22:24:44.041 [xxl-job, JobThread-7-1707488100064] INFO  luonq.polygon.RealTimeDataWS_DB - wait pre trade time. now is 22:24:44
2024-02-09 22:24:49.044 [xxl-job, JobThread-7-1707488100064] INFO  luonq.polygon.RealTimeDataWS_DB - wait pre trade time. now is 22:24:49
2024-02-09 22:24:54.047 [xxl-job, JobThread-7-1707488100064] INFO  luonq.polygon.RealTimeDataWS_DB - wait pre trade time. now is 22:24:54
2024-02-09 22:24:59.050 [xxl-job, JobThread-7-1707488100064] INFO  luonq.polygon.RealTimeDataWS_DB - wait pre trade time. now is 22:24:59
2024-02-09 22:25:04.056 [xxl-job, JobThread-7-1707488100064] INFO  luonq.polygon.RealTimeDataWS_DB - wait pre trade time. now is 22:25:04
2024-02-09 22:25:09.060 [xxl-job, JobThread-7-1707488100064] INFO  luonq.polygon.RealTimeDataWS_DB - wait pre trade time. now is 22:25:09
2024-02-09 22:25:14.065 [xxl-job, JobThread-7-1707488100064] INFO  luonq.polygon.RealTimeDataWS_DB - wait pre trade time. now is 22:25:14
2024-02-09 22:25:19.069 [xxl-job, JobThread-7-1707488100064] INFO  luonq.polygon.RealTimeDataWS_DB - wait pre trade time. now is 22:25:19
2024-02-09 22:25:24.073 [xxl-job, JobThread-7-1707488100064] INFO  luonq.polygon.RealTimeDataWS_DB - wait pre trade time. now is 22:25:24
2024-02-09 22:25:29.076 [xxl-job, JobThread-7-1707488100064] INFO  luonq.polygon.RealTimeDataWS_DB - wait pre trade time. now is 22:25:29
2024-02-09 22:25:34.079 [xxl-job, JobThread-7-1707488100064] INFO  luonq.polygon.RealTimeDataWS_DB - wait pre trade time. now is 22:25:34
2024-02-09 22:25:39.084 [xxl-job, JobThread-7-1707488100064] INFO  luonq.polygon.RealTimeDataWS_DB - wait pre trade time. now is 22:25:39
2024-02-09 22:25:44.089 [xxl-job, JobThread-7-1707488100064] INFO  luonq.polygon.RealTimeDataWS_DB - wait pre trade time. now is 22:25:44
2024-02-09 22:25:49.091 [xxl-job, JobThread-7-1707488100064] INFO  luonq.polygon.RealTimeDataWS_DB - wait pre trade time. now is 22:25:49
2024-02-09 22:25:54.095 [xxl-job, JobThread-7-1707488100064] INFO  luonq.polygon.RealTimeDataWS_DB - wait pre trade time. now is 22:25:54
2024-02-09 22:25:59.100 [xxl-job, JobThread-7-1707488100064] INFO  luonq.polygon.RealTimeDataWS_DB - wait pre trade time. now is 22:25:59
2024-02-09 22:26:04.101 [xxl-job, JobThread-7-1707488100064] INFO  luonq.polygon.RealTimeDataWS_DB - wait pre trade time. now is 22:26:04
2024-02-09 22:26:09.105 [xxl-job, JobThread-7-1707488100064] INFO  luonq.polygon.RealTimeDataWS_DB - wait pre trade time. now is 22:26:09
2024-02-09 22:26:14.109 [xxl-job, JobThread-7-1707488100064] INFO  luonq.polygon.RealTimeDataWS_DB - wait pre trade time. now is 22:26:14
2024-02-09 22:26:19.112 [xxl-job, JobThread-7-1707488100064] INFO  luonq.polygon.RealTimeDataWS_DB - wait pre trade time. now is 22:26:19
2024-02-09 22:26:24.117 [xxl-job, JobThread-7-1707488100064] INFO  luonq.polygon.RealTimeDataWS_DB - wait pre trade time. now is 22:26:24
2024-02-09 22:26:29.122 [xxl-job, JobThread-7-1707488100064] INFO  luonq.polygon.RealTimeDataWS_DB - wait pre trade time. now is 22:26:29
2024-02-09 22:26:34.126 [xxl-job, JobThread-7-1707488100064] INFO  luonq.polygon.RealTimeDataWS_DB - wait pre trade time. now is 22:26:34
2024-02-09 22:26:39.131 [xxl-job, JobThread-7-1707488100064] INFO  luonq.polygon.RealTimeDataWS_DB - wait pre trade time. now is 22:26:39
2024-02-09 22:26:44.137 [xxl-job, JobThread-7-1707488100064] INFO  luonq.polygon.RealTimeDataWS_DB - wait pre trade time. now is 22:26:44
2024-02-09 22:26:49.141 [xxl-job, JobThread-7-1707488100064] INFO  luonq.polygon.RealTimeDataWS_DB - wait pre trade time. now is 22:26:49
2024-02-09 22:26:54.144 [xxl-job, JobThread-7-1707488100064] INFO  luonq.polygon.RealTimeDataWS_DB - wait pre trade time. now is 22:26:54
2024-02-09 22:26:59.152 [xxl-job, JobThread-7-1707488100064] INFO  luonq.polygon.RealTimeDataWS_DB - wait pre trade time. now is 22:26:59
2024-02-09 22:27:04.154 [xxl-job, JobThread-7-1707488100064] INFO  luonq.polygon.RealTimeDataWS_DB - wait pre trade time. now is 22:27:04
2024-02-09 22:27:09.157 [xxl-job, JobThread-7-1707488100064] INFO  luonq.polygon.RealTimeDataWS_DB - wait pre trade time. now is 22:27:09
2024-02-09 22:27:14.162 [xxl-job, JobThread-7-1707488100064] INFO  luonq.polygon.RealTimeDataWS_DB - wait pre trade time. now is 22:27:14
2024-02-09 22:27:19.167 [xxl-job, JobThread-7-1707488100064] INFO  luonq.polygon.RealTimeDataWS_DB - wait pre trade time. now is 22:27:19
2024-02-09 22:27:24.173 [xxl-job, JobThread-7-1707488100064] INFO  luonq.polygon.RealTimeDataWS_DB - wait pre trade time. now is 22:27:24
2024-02-09 22:27:29.176 [xxl-job, JobThread-7-1707488100064] INFO  luonq.polygon.RealTimeDataWS_DB - wait pre trade time. now is 22:27:29
2024-02-09 22:27:34.181 [xxl-job, JobThread-7-1707488100064] INFO  luonq.polygon.RealTimeDataWS_DB - wait pre trade time. now is 22:27:34
2024-02-09 22:27:39.183 [xxl-job, JobThread-7-1707488100064] INFO  luonq.polygon.RealTimeDataWS_DB - wait pre trade time. now is 22:27:39
2024-02-09 22:27:44.188 [xxl-job, JobThread-7-1707488100064] INFO  luonq.polygon.RealTimeDataWS_DB - wait pre trade time. now is 22:27:44
2024-02-09 22:27:49.191 [xxl-job, JobThread-7-1707488100064] INFO  luonq.polygon.RealTimeDataWS_DB - wait pre trade time. now is 22:27:49
2024-02-09 22:27:54.194 [xxl-job, JobThread-7-1707488100064] INFO  luonq.polygon.RealTimeDataWS_DB - wait pre trade time. now is 22:27:54
2024-02-09 22:27:59.197 [xxl-job, JobThread-7-1707488100064] INFO  luonq.polygon.RealTimeDataWS_DB - wait pre trade time. now is 22:27:59
2024-02-09 22:28:04.200 [xxl-job, JobThread-7-1707488100064] INFO  luonq.polygon.RealTimeDataWS_DB - begin subcribe stock at 22:28:04
2024-02-09 22:28:04.225 [pool-18-thread-1] INFO  luonq.polygon.RealTimeDataWS_DB - finish subcribe real time!
2024-02-09 22:28:47.021 [xxl-job, JobThread-7-1707488100064] INFO  luonq.polygon.RealTimeDataWS_DB - time is early. {p=705, ev=T, q=206574, s=1, c=[14,12,37,41], t=1707488927000, sym=NVDA, x=12, i=7106, z=3}
2024-02-09 22:29:19.017 [xxl-job, JobThread-7-1707488100064] INFO  luonq.polygon.RealTimeDataWS_DB - time is early. {p=705.45, ev=T, q=207172, s=1, c=[14,12,37,41], t=1707488959000, sym=NVDA, x=11, i=11432, z=3}
2024-02-09 22:29:52.015 [xxl-job, JobThread-7-1707488100064] INFO  luonq.polygon.RealTimeDataWS_DB - time is early. {p=565.61, ev=T, q=207781, s=3, c=[12,37], t=1707488992000, sym=NFLX, x=12, i=876, z=3}
2024-02-09 22:29:54.017 [xxl-job, JobThread-7-1707488100064] INFO  luonq.polygon.RealTimeDataWS_DB - time is early. {p=13.23, ev=T, q=27872, s=98, c=[12,37], t=1707488994000, sym=TAL, x=12, i=62879147704894, z=1}
2024-02-09 22:29:55.015 [xxl-job, JobThread-7-1707488100064] INFO  luonq.polygon.RealTimeDataWS_DB - time is early. {p=706.05, ev=T, q=207859, s=22, c=[14,12,37,41], t=1707488995000, sym=NVDA, x=11, i=11498, z=3}
2024-02-09 22:29:59.017 [xxl-job, JobThread-7-1707488100064] INFO  luonq.polygon.RealTimeDataWS_DB - time is early. {p=71.35, ev=T, q=28229, s=607, c=[12], t=1707488999000, sym=UBER, x=8, i=52983525039479, z=1}
2024-02-09 22:29:59.018 [xxl-job, JobThread-7-1707488100064] INFO  luonq.polygon.RealTimeDataWS_DB - time is early. {p=16.62, ev=T, q=19945, s=204, c=[12], t=1707488999000, sym=KMI, x=8, i=52983525037140, z=1}
2024-02-09 22:29:59.030 [xxl-job, JobThread-7-1707488100064] INFO  luonq.polygon.RealTimeDataWS_DB - time is early. {p=71.35, ev=T, q=28230, s=50, c=[12,37], t=1707488999000, sym=UBER, x=8, i=52983525039480, z=1}
2024-02-09 22:29:59.031 [xxl-job, JobThread-7-1707488100064] INFO  luonq.polygon.RealTimeDataWS_DB - time is early. {p=71.33, ev=T, q=28231, s=10, c=[14,12,37,41], t=1707488999000, sym=UBER, x=8, i=52983525039481, z=1}
2024-02-09 22:30:00.073 [pool-18-thread-43] INFO  luonq.polygon.TradeDataListener_DB - StockEvent(stock=MDGL, price=173.0, time=1707489000008) dn=179.804 current=1707489000073
2024-02-09 22:30:00.169 [pool-18-thread-65] INFO  luonq.polygon.TradeDataListener_DB - StockEvent(stock=SNAP, price=11.28, time=1707489000143) dn=11.842 current=1707489000169
2024-02-09 22:30:00.172 [pool-18-thread-65] INFO  luonq.polygon.TradeDataListener_DB - Node list show: SNAP=4.7458199628441236
2024-02-09 22:30:00.174 [pool-18-thread-69] INFO  luonq.polygon.TradeDataListener_DB - StockEvent(stock=AMX, price=17.29, time=1707489000144) dn=17.312 current=1707489000174
2024-02-09 22:30:00.176 [pool-18-thread-72] INFO  luonq.polygon.TradeDataListener_DB - StockEvent(stock=MRNA, price=93.34, time=1707489000126) dn=93.728 current=1707489000176
2024-02-09 22:30:00.287 [xxl-job, JobThread-7-1707488100064] INFO  luonq.polygon.RealTimeDataWS_DB - unsubscribeStockSet size: 100 1707489000287
2024-02-09 22:30:00.294 [pool-18-thread-107] INFO  luonq.polygon.TradeDataListener_DB - StockEvent(stock=TGNA, price=14.17, time=1707489000275) dn=14.326 current=1707489000294
2024-02-09 22:30:00.322 [pool-18-thread-114] INFO  luonq.polygon.TradeDataListener_DB - StockEvent(stock=BMBL, price=13.0, time=1707489000219) dn=13.012 current=1707489000322
2024-02-09 22:30:00.323 [pool-18-thread-116] INFO  luonq.polygon.TradeDataListener_DB - StockEvent(stock=HRL, price=29.41, time=1707489000299) dn=29.325 current=1707489000323
2024-02-09 22:30:00.352 [pool-18-thread-128] INFO  luonq.polygon.TradeDataListener_DB - StockEvent(stock=VIAV, price=8.71, time=1707489000267) dn=8.671 current=1707489000352
2024-02-09 22:30:00.365 [pool-18-thread-133] INFO  luonq.polygon.TradeDataListener_DB - StockEvent(stock=MRCY, price=26.46, time=1707489000275) dn=26.888 current=1707489000365
2024-02-09 22:30:00.374 [pool-18-thread-135] INFO  luonq.polygon.TradeDataListener_DB - StockEvent(stock=NYT, price=43.94, time=1707489000348) dn=44.507 current=1707489000374
2024-02-09 22:30:00.457 [pool-18-thread-172] INFO  luonq.polygon.TradeDataListener_DB - StockEvent(stock=FLWS, price=9.3, time=1707489000365) dn=9.393 current=1707489000457
2024-02-09 22:30:00.507 [pool-18-thread-195] INFO  luonq.polygon.TradeDataListener_DB - StockEvent(stock=UBS, price=27.705, time=1707489000464) dn=27.696 current=1707489000507
2024-02-09 22:30:00.515 [pool-18-thread-198] INFO  luonq.polygon.TradeDataListener_DB - StockEvent(stock=VREX, price=17.16, time=1707489000394) dn=17.526 current=1707489000515
2024-02-09 22:30:00.521 [pool-18-thread-200] INFO  luonq.polygon.TradeDataListener_DB - StockEvent(stock=TBPH, price=8.28, time=1707489000403) dn=8.242 current=1707489000521
2024-02-09 22:30:00.525 [pool-18-thread-207] INFO  luonq.polygon.TradeDataListener_DB - StockEvent(stock=DUK, price=92.41, time=1707489000476) dn=92.794 current=1707489000525
2024-02-09 22:30:00.539 [pool-18-thread-212] INFO  luonq.polygon.TradeDataListener_DB - StockEvent(stock=AZUL, price=7.31, time=1707489000468) dn=7.301 current=1707489000539
2024-02-09 22:30:00.549 [pool-18-thread-216] INFO  luonq.polygon.TradeDataListener_DB - StockEvent(stock=FOXA, price=28.85, time=1707489000452) dn=29.071 current=1707489000549
2024-02-09 22:30:00.550 [pool-18-thread-218] INFO  luonq.polygon.TradeDataListener_DB - StockEvent(stock=EXEL, price=20.25, time=1707489000492) dn=20.279 current=1707489000550
2024-02-09 22:30:00.555 [xxl-job, JobThread-7-1707488100064] INFO  luonq.polygon.RealTimeDataWS_DB - unsubscribeStockSet size: 200 1707489000554
2024-02-09 22:30:00.555 [pool-18-thread-220] INFO  luonq.polygon.TradeDataListener_DB - StockEvent(stock=NMFC, price=12.6, time=1707489000491) dn=12.581 current=1707489000555
2024-02-09 22:30:00.619 [pool-18-thread-248] INFO  luonq.polygon.TradeDataListener_DB - StockEvent(stock=AM, price=11.92, time=1707489000580) dn=11.89 current=1707489000619
2024-02-09 22:30:00.656 [pool-18-thread-265] INFO  luonq.polygon.TradeDataListener_DB - StockEvent(stock=SA, price=10.01, time=1707489000636) dn=9.942 current=1707489000656
2024-02-09 22:30:00.668 [pool-18-thread-271] INFO  luonq.polygon.TradeDataListener_DB - StockEvent(stock=NGG, price=64.27, time=1707489000633) dn=64.647 current=1707489000668
2024-02-09 22:30:00.711 [pool-18-thread-286] INFO  luonq.polygon.TradeDataListener_DB - StockEvent(stock=CMTG, price=10.04, time=1707489000682) dn=10.088 current=1707489000711
2024-02-09 22:30:00.725 [pool-18-thread-295] INFO  luonq.polygon.TradeDataListener_DB - StockEvent(stock=ATRC, price=32.37, time=1707489000647) dn=32.293 current=1707489000725
2024-02-09 22:30:00.810 [pool-18-thread-319] INFO  luonq.polygon.TradeDataListener_DB - StockEvent(stock=FMC, price=52.065, time=1707489000690) dn=51.553 current=1707489000810
2024-02-09 22:30:00.814 [pool-18-thread-326] INFO  luonq.polygon.TradeDataListener_DB - StockEvent(stock=EWCZ, price=14.34, time=1707489000730) dn=14.266 current=1707489000814
2024-02-09 22:30:00.814 [xxl-job, JobThread-7-1707488100064] INFO  luonq.polygon.RealTimeDataWS_DB - unsubscribeStockSet size: 300 1707489000814
2024-02-09 22:30:00.825 [pool-18-thread-331] INFO  luonq.polygon.TradeDataListener_DB - StockEvent(stock=DAR, price=41.05, time=1707489000745) dn=40.974 current=1707489000825
2024-02-09 22:30:00.826 [pool-18-thread-334] INFO  luonq.polygon.TradeDataListener_DB - StockEvent(stock=BERY, price=56.3, time=1707489000718) dn=57.411 current=1707489000826
2024-02-09 22:30:00.910 [pool-18-thread-375] INFO  luonq.polygon.TradeDataListener_DB - StockEvent(stock=CRNC, price=16.115, time=1707489000709) dn=16.124 current=1707489000910
2024-02-09 22:30:00.914 [pool-18-thread-378] INFO  luonq.polygon.TradeDataListener_DB - StockEvent(stock=DTM, price=51.71, time=1707489000775) dn=51.633 current=1707489000914
2024-02-09 22:30:00.924 [pool-18-thread-382] INFO  luonq.polygon.TradeDataListener_DB - StockEvent(stock=EHAB, price=8.95, time=1707489000787) dn=8.955 current=1707489000924
2024-02-09 22:30:00.925 [pool-18-thread-384] INFO  luonq.polygon.TradeDataListener_DB - StockEvent(stock=TNET, price=112.72, time=1707489000816) dn=112.641 current=1707489000925
2024-02-09 22:30:00.960 [pool-18-thread-405] INFO  luonq.polygon.TradeDataListener_DB - StockEvent(stock=IDA, price=88.6, time=1707489000807) dn=88.276 current=1707489000960
2024-02-09 22:30:00.982 [pool-18-thread-418] INFO  luonq.polygon.TradeDataListener_DB - StockEvent(stock=PCRX, price=27.7, time=1707489000784) dn=28.242 current=1707489000982
2024-02-09 22:30:00.985 [pool-18-thread-422] INFO  luonq.polygon.TradeDataListener_DB - StockEvent(stock=LBRDK, price=59.95, time=1707489000826) dn=58.485 current=1707489000985
2024-02-09 22:30:00.995 [pool-18-thread-431] INFO  luonq.polygon.TradeDataListener_DB - StockEvent(stock=WEC, price=77.09, time=1707489000863) dn=76.821 current=1707489000995
2024-02-09 22:30:00.998 [pool-18-thread-433] INFO  luonq.polygon.TradeDataListener_DB - StockEvent(stock=CAG, price=27.99, time=1707489000829) dn=27.949 current=1707489000998
2024-02-09 22:30:01.006 [xxl-job, JobThread-7-1707488100064] INFO  luonq.polygon.RealTimeDataWS_DB - unsubscribeStockSet size: 400 1707489001006
2024-02-09 22:30:01.007 [pool-18-thread-439] INFO  luonq.polygon.TradeDataListener_DB - StockEvent(stock=KMT, price=23.75, time=1707489000842) dn=23.69 current=1707489001007
2024-02-09 22:30:01.090 [pool-18-thread-464] INFO  luonq.polygon.TradeDataListener_DB - StockEvent(stock=BEP, price=23.93, time=1707489000812) dn=24.018 current=1707489001090
2024-02-09 22:30:01.095 [pool-18-thread-469] INFO  luonq.polygon.TradeDataListener_DB - StockEvent(stock=DOCU, price=51.2659, time=1707489000925) dn=50.251 current=1707489001095
2024-02-09 22:30:01.134 [pool-18-thread-483] INFO  luonq.polygon.TradeDataListener_DB - StockEvent(stock=CCK, price=74.93, time=1707489000968) dn=75.076 current=1707489001134
2024-02-09 22:30:01.168 [pool-18-thread-490] INFO  luonq.polygon.TradeDataListener_DB - StockEvent(stock=GTX, price=8.3, time=1707489000932) dn=8.325 current=1707489001168
2024-02-09 22:30:04.437 [xxl-job, JobThread-7-1707488100064] INFO  luonq.polygon.RealTimeDataWS_DB - many stock has received data. keep listening
2024-02-09 22:30:06.443 [xxl-job, JobThread-7-1707488100064] INFO  luonq.polygon.RealTimeDataWS_DB - many stock has received data. keep listening
2024-02-09 22:30:08.445 [xxl-job, JobThread-7-1707488100064] INFO  luonq.polygon.RealTimeDataWS_DB - many stock has received data. keep listening
2024-02-09 22:30:12.410 [xxl-job, JobThread-7-1707488100064] INFO  luonq.polygon.RealTimeDataWS_DB - many stock has received data. keep listening
2024-02-09 22:30:14.416 [xxl-job, JobThread-7-1707488100064] INFO  luonq.polygon.RealTimeDataWS_DB - many stock has received data. keep listening
2024-02-09 22:30:16.418 [xxl-job, JobThread-7-1707488100064] INFO  luonq.polygon.RealTimeDataWS_DB - many stock has received data. keep listening
2024-02-09 22:30:18.421 [xxl-job, JobThread-7-1707488100064] INFO  luonq.polygon.RealTimeDataWS_DB - many stock has received data. keep listening
2024-02-09 22:30:21.873 [xxl-job, JobThread-7-1707488100064] INFO  luonq.polygon.RealTimeDataWS_DB - many stock has received data. listen end!
2024-02-09 22:30:21.876 [xxl-job, JobThread-7-1707488100064] INFO  luonq.polygon.RealTimeDataWS_DB - =========== finish unsubscribe ===========
2024-02-09 22:30:21.878 [xxl-job, JobThread-7-1707488100064] INFO  luonq.polygon.RealTimeDataWS_DB - get real-time quote: [SNAP]
2024-02-09 22:30:22.888 [xxl-job, JobThread-7-1707488100064] INFO  luonq.polygon.TradeExecutor_DB - begin trade: SNAP=4.7458199628441236
2024-02-09 22:30:22.898 [xxl-job, JobThread-7-1707488100064] INFO  luonq.polygon.TradeExecutor_DB - remain cash: 2700.28
2024-02-09 22:30:22.897 [FTAPI4JNet] INFO  luonq.futu.TradeApi - onReply_GetFunds: 2700.28
2024-02-09 22:30:22.900 [xxl-job, JobThread-7-1707488100064] INFO  luonq.polygon.TradeExecutor_DB - first trade. orderPrice=11.31, multiple=1
2024-02-09 22:30:22.992 [FTAPI4JNet] INFO  luonq.futu.TradeApi - onReply_GetMaxTrdQtys: 237
2024-02-09 22:30:23.171 [xxl-job, JobThread-7-1707488100064] INFO  luonq.polygon.TradeExecutor_DB - buy stock. stock=SNAP, count=237, price=11.28, orderPrice=11.31, orderId: 2793061710860565905 1707489023171
2024-02-09 22:30:24.873 [pool-18-thread-521] INFO  luonq.polygon.RealTimeDataWS_DB - quote price(time=1707489024872): {SNAP=11.28}
2024-02-09 22:30:25.406 [pool-18-thread-521] INFO  luonq.polygon.RealTimeDataWS_DB - quote price(time=1707489025406): {SNAP=11.28}
2024-02-09 22:30:25.407 [pool-18-thread-521] INFO  luonq.polygon.RealTimeDataWS_DB - quote price(time=1707489025407): {SNAP=11.28}
2024-02-09 22:30:25.409 [pool-18-thread-521] INFO  luonq.polygon.RealTimeDataWS_DB - quote price(time=1707489025409): {SNAP=11.28}
2024-02-09 22:30:26.640 [pool-18-thread-521] INFO  luonq.polygon.RealTimeDataWS_DB - quote price(time=1707489026640): {SNAP=11.14}
2024-02-09 22:30:26.641 [pool-18-thread-521] INFO  luonq.polygon.RealTimeDataWS_DB - quote price(time=1707489026641): {SNAP=11.14}
2024-02-09 22:30:26.641 [pool-18-thread-521] INFO  luonq.polygon.RealTimeDataWS_DB - quote price(time=1707489026641): {SNAP=11.14}
2024-02-09 22:30:26.641 [pool-18-thread-521] INFO  luonq.polygon.RealTimeDataWS_DB - quote price(time=1707489026641): {SNAP=11.14}
2024-02-09 22:30:26.785 [pool-18-thread-521] INFO  luonq.polygon.RealTimeDataWS_DB - quote price(time=1707489026785): {SNAP=11.14}
2024-02-09 22:30:27.175 [xxl-job, JobThread-7-1707488100064] INFO  luonq.polygon.TradeExecutor_DB - modify order price. orderPrice=11.34, multiple=2
2024-02-09 22:30:27.324 [xxl-job, JobThread-7-1707488100064] INFO  luonq.polygon.TradeExecutor_DB - SNAP order has been modify. orderId=2793061710860565905, ordePrice=11.34, modifyOrderId=2793061710860565905
2024-02-09 22:30:27.425 [pool-18-thread-521] INFO  luonq.polygon.RealTimeDataWS_DB - quote price(time=1707489027425): {SNAP=11.14}
2024-02-09 22:30:28.780 [pool-18-thread-521] INFO  luonq.polygon.RealTimeDataWS_DB - quote price(time=1707489028780): {SNAP=11.14}
2024-02-09 22:30:29.284 [pool-18-thread-521] INFO  luonq.polygon.RealTimeDataWS_DB - quote price(time=1707489029284): {SNAP=11.14}
2024-02-09 22:30:29.284 [pool-18-thread-521] INFO  luonq.polygon.RealTimeDataWS_DB - quote price(time=1707489029284): {SNAP=11.14}
2024-02-09 22:30:29.285 [pool-18-thread-521] INFO  luonq.polygon.RealTimeDataWS_DB - quote price(time=1707489029285): {SNAP=11.14}
2024-02-09 22:30:29.285 [pool-18-thread-521] INFO  luonq.polygon.RealTimeDataWS_DB - quote price(time=1707489029285): {SNAP=11.14}
2024-02-09 22:30:29.787 [pool-18-thread-521] INFO  luonq.polygon.RealTimeDataWS_DB - quote price(time=1707489029787): {SNAP=11.14}
2024-02-09 22:30:29.787 [pool-18-thread-521] INFO  luonq.polygon.RealTimeDataWS_DB - quote price(time=1707489029787): {SNAP=11.14}
2024-02-09 22:30:29.787 [pool-18-thread-521] INFO  luonq.polygon.RealTimeDataWS_DB - quote price(time=1707489029787): {SNAP=11.14}
2024-02-09 22:30:30.093 [pool-18-thread-521] INFO  luonq.polygon.RealTimeDataWS_DB - quote price(time=1707489030093): {SNAP=11.14}
2024-02-09 22:30:31.196 [pool-18-thread-521] INFO  luonq.polygon.RealTimeDataWS_DB - quote price(time=1707489031196): {SNAP=11.14}
2024-02-09 22:30:31.328 [xxl-job, JobThread-7-1707488100064] INFO  luonq.polygon.TradeExecutor_DB - modify order price. orderPrice=11.38, multiple=3
2024-02-09 22:30:31.455 [xxl-job, JobThread-7-1707488100064] INFO  luonq.polygon.TradeExecutor_DB - SNAP order has been modify. orderId=2793061710860565905, ordePrice=11.38, modifyOrderId=2793061710860565905
2024-02-09 22:30:31.491 [pool-18-thread-521] INFO  luonq.polygon.RealTimeDataWS_DB - quote price(time=1707489031491): {SNAP=11.14}
2024-02-09 22:30:31.491 [pool-18-thread-521] INFO  luonq.polygon.RealTimeDataWS_DB - quote price(time=1707489031491): {SNAP=11.14}
2024-02-09 22:30:32.667 [pool-18-thread-521] INFO  luonq.polygon.RealTimeDataWS_DB - quote price(time=1707489032667): {SNAP=11.14}
2024-02-09 22:30:33.002 [pool-18-thread-521] INFO  luonq.polygon.RealTimeDataWS_DB - quote price(time=1707489033002): {SNAP=11.14}
2024-02-09 22:30:33.003 [pool-18-thread-521] INFO  luonq.polygon.RealTimeDataWS_DB - quote price(time=1707489033003): {SNAP=11.14}
2024-02-09 22:30:33.428 [pool-18-thread-521] INFO  luonq.polygon.RealTimeDataWS_DB - quote price(time=1707489033428): {SNAP=11.14}
2024-02-09 22:30:33.428 [pool-18-thread-521] INFO  luonq.polygon.RealTimeDataWS_DB - quote price(time=1707489033428): {SNAP=11.14}
2024-02-09 22:30:33.772 [pool-18-thread-521] INFO  luonq.polygon.RealTimeDataWS_DB - quote price(time=1707489033772): {SNAP=11.14}
2024-02-09 22:30:33.773 [pool-18-thread-521] INFO  luonq.polygon.RealTimeDataWS_DB - quote price(time=1707489033773): {SNAP=11.15}
2024-02-09 22:30:33.773 [pool-18-thread-521] INFO  luonq.polygon.RealTimeDataWS_DB - quote price(time=1707489033773): {SNAP=11.15}
2024-02-09 22:30:33.773 [pool-18-thread-521] INFO  luonq.polygon.RealTimeDataWS_DB - quote price(time=1707489033773): {SNAP=11.15}
2024-02-09 22:30:33.773 [pool-18-thread-521] INFO  luonq.polygon.RealTimeDataWS_DB - quote price(time=1707489033773): {SNAP=11.15}
2024-02-09 22:30:33.773 [pool-18-thread-521] INFO  luonq.polygon.RealTimeDataWS_DB - quote price(time=1707489033773): {SNAP=11.15}
2024-02-09 22:30:33.773 [pool-18-thread-521] INFO  luonq.polygon.RealTimeDataWS_DB - quote price(time=1707489033773): {SNAP=11.15}
2024-02-09 22:30:33.773 [pool-18-thread-521] INFO  luonq.polygon.RealTimeDataWS_DB - quote price(time=1707489033773): {SNAP=11.15}
2024-02-09 22:30:33.773 [pool-18-thread-521] INFO  luonq.polygon.RealTimeDataWS_DB - quote price(time=1707489033773): {SNAP=11.15}
2024-02-09 22:30:33.773 [pool-18-thread-521] INFO  luonq.polygon.RealTimeDataWS_DB - quote price(time=1707489033773): {SNAP=11.15}
2024-02-09 22:30:33.774 [pool-18-thread-521] INFO  luonq.polygon.RealTimeDataWS_DB - quote price(time=1707489033774): {SNAP=11.15}
2024-02-09 22:30:33.774 [pool-18-thread-521] INFO  luonq.polygon.RealTimeDataWS_DB - quote price(time=1707489033774): {SNAP=11.15}
2024-02-09 22:30:33.774 [pool-18-thread-521] INFO  luonq.polygon.RealTimeDataWS_DB - quote price(time=1707489033774): {SNAP=11.15}
2024-02-09 22:30:33.774 [pool-18-thread-521] INFO  luonq.polygon.RealTimeDataWS_DB - quote price(time=1707489033774): {SNAP=11.15}
2024-02-09 22:30:33.774 [pool-18-thread-521] INFO  luonq.polygon.RealTimeDataWS_DB - quote price(time=1707489033774): {SNAP=11.15}
2024-02-09 22:30:33.774 [pool-18-thread-521] INFO  luonq.polygon.RealTimeDataWS_DB - quote price(time=1707489033774): {SNAP=11.15}
2024-02-09 22:30:33.774 [pool-18-thread-521] INFO  luonq.polygon.RealTimeDataWS_DB - quote price(time=1707489033774): {SNAP=11.15}
2024-02-09 22:30:33.774 [pool-18-thread-521] INFO  luonq.polygon.RealTimeDataWS_DB - quote price(time=1707489033774): {SNAP=11.15}
2024-02-09 22:30:33.774 [pool-18-thread-521] INFO  luonq.polygon.RealTimeDataWS_DB - quote price(time=1707489033774): {SNAP=11.15}
2024-02-09 22:30:34.273 [pool-18-thread-521] INFO  luonq.polygon.RealTimeDataWS_DB - quote price(time=1707489034273): {SNAP=11.15}
2024-02-09 22:30:35.457 [xxl-job, JobThread-7-1707488100064] INFO  luonq.polygon.TradeExecutor_DB - modify order price. orderPrice=11.41, multiple=4
2024-02-09 22:30:35.599 [xxl-job, JobThread-7-1707488100064] INFO  luonq.polygon.TradeExecutor_DB - SNAP order has been modify. orderId=2793061710860565905, ordePrice=11.41, modifyOrderId=2793061710860565905
2024-02-09 22:30:37.228 [pool-18-thread-521] INFO  luonq.polygon.RealTimeDataWS_DB - quote price(time=1707489037228): {SNAP=11.15}
2024-02-09 22:30:37.229 [pool-18-thread-521] INFO  luonq.polygon.RealTimeDataWS_DB - quote price(time=1707489037229): {SNAP=11.15}
2024-02-09 22:30:39.602 [xxl-job, JobThread-7-1707488100064] INFO  luonq.polygon.TradeExecutor_DB - modify order price. orderPrice=11.44, multiple=5
2024-02-09 22:30:39.726 [xxl-job, JobThread-7-1707488100064] INFO  luonq.polygon.TradeExecutor_DB - SNAP order has been modify. orderId=2793061710860565905, ordePrice=11.44, modifyOrderId=2793061710860565905
2024-02-09 22:30:39.775 [xxl-job, JobThread-7-1707488100064] INFO  luonq.polygon.TradeExecutor_DB - retry trade. 1 times
2024-02-09 22:30:39.775 [xxl-job, JobThread-7-1707488100064] INFO  luonq.polygon.TradeExecutor_DB - first trade. orderPrice=11.18, multiple=1
2024-02-09 22:30:39.842 [FTAPI4JNet] INFO  luonq.futu.TradeApi - onReply_GetMaxTrdQtys: 0
2024-02-09 22:30:39.842 [xxl-job, JobThread-7-1707488100064] INFO  luonq.polygon.TradeExecutor_DB - there is no cash to trade. trade finish. count=0
2024-02-09 22:30:39.842 [xxl-job, JobThread-7-1707488100064] INFO  luonq.polygon.TradeExecutor_DB - retry trade. 2 times
2024-02-09 22:30:39.842 [xxl-job, JobThread-7-1707488100064] INFO  luonq.polygon.TradeExecutor_DB - first trade. orderPrice=11.18, multiple=1
2024-02-09 22:30:39.913 [FTAPI4JNet] INFO  luonq.futu.TradeApi - onReply_GetMaxTrdQtys: 0
2024-02-09 22:30:39.913 [xxl-job, JobThread-7-1707488100064] INFO  luonq.polygon.TradeExecutor_DB - there is no cash to trade. trade finish. count=0
2024-02-09 22:30:39.913 [xxl-job, JobThread-7-1707488100064] INFO  luonq.polygon.TradeExecutor_DB - retry trade. 3 times
2024-02-09 22:30:39.913 [xxl-job, JobThread-7-1707488100064] INFO  luonq.polygon.TradeExecutor_DB - trade end
2024-02-09 22:30:39.913 [xxl-job, JobThread-7-1707488100064] INFO  luonq.polygon.TradeExecutor_DB - stop get real-time quote
2024-02-09 22:30:40.243 [pool-18-thread-521] INFO  luonq.polygon.RealTimeDataWS_DB - unsubscribe real-time quote
2024-02-09 22:30:49.920 [xxl-job, JobThread-7-1707488100064] INFO  luonq.polygon.RealTimeDataWS_DB - closing websocket. reason=CloseReason[1000]
2024-02-09 22:30:59.817 [FTAPI4JNet] INFO  luonq.futu.TradeApi - update order: OrderFill(tradeSide=1, fillID=0, orderID=2793061710860565905, code=SNAP, name=Snap Inc, count=237.0, price=11.44, avgPrice=11.15, createTime=2024-02-09 09:30:23.128, updateTimestamp=1.707489059881633E9, status=0)
2024-02-09 22:30:59.818 [FTAPI4JNet] INFO  luonq.futu.TradeApi - update order: OrderFill(tradeSide=1, fillID=0, orderID=2793061710860565905, code=SNAP, name=Snap Inc, count=237.0, price=11.44, avgPrice=11.15, createTime=2024-02-09 09:30:23.128, updateTimestamp=1.707489059881633E9, status=0)
2024-02-09 22:30:59.819 [FTAPI4JNet] INFO  luonq.futu.TradeApi - update order: OrderFill(tradeSide=1, fillID=0, orderID=2793061710860565905, code=SNAP, name=Snap Inc, count=237.0, price=11.44, avgPrice=11.15, createTime=2024-02-09 09:30:23.128, updateTimestamp=1.707489059881633E9, status=0)
2024-02-09 22:30:59.819 [FTAPI4JNet] INFO  luonq.futu.TradeApi - update order: OrderFill(tradeSide=1, fillID=0, orderID=2793061710860565905, code=SNAP, name=Snap Inc, count=237.0, price=11.44, avgPrice=11.15, createTime=2024-02-09 09:30:23.128, updateTimestamp=1.707489059881633E9, status=0)
2024-02-09 22:30:59.821 [FTAPI4JNet] INFO  luonq.futu.TradeApi - update order: OrderFill(tradeSide=1, fillID=0, orderID=2793061710860565905, code=SNAP, name=Snap Inc, count=237.0, price=11.44, avgPrice=11.15, createTime=2024-02-09 09:30:23.128, updateTimestamp=1.707489059881633E9, status=0)
2024-02-09 22:30:59.821 [FTAPI4JNet] INFO  luonq.futu.TradeApi - update order: OrderFill(tradeSide=1, fillID=0, orderID=2793061710860565905, code=SNAP, name=Snap Inc, count=237.0, price=11.44, avgPrice=11.15, createTime=2024-02-09 09:30:23.128, updateTimestamp=1.707489059881633E9, status=0)
2024-02-09 22:30:59.925 [xxl-job, JobThread-7-1707488100064] INFO  luonq.polygon.RealTimeDataWS_DB - manual close websocket
2024-02-09 22:30:59.942 [xxl-job, JobThread-7-1707488100064] INFO  luonq.polygon.RealTimeDataWS_DB - trade finish
2024-02-09 22:30:59.967 [xxl-job, JobThread-7-1707488100064] INFO  luonq.job.TradeJob - trade_DB.job end
