2024-04-24 03:58:56.103 [xxl-job, JobThread-8-1713902336087] INFO  luonq.job.TradeJob - sellBeforeCloseMarket.job start
2024-04-24 03:58:56.124 [xxl-job, JobThread-8-1713902336087] INFO  luonq.futu.TradeApi - trade api initialize staring...
2024-04-24 03:58:56.132 [FTAPI4JNet] INFO  luonq.futu.TradeApi - TradeApi onInitConnect: ret=0 desc= connID=7188627424026259161
2024-04-24 03:58:56.142 [FTAPI4JNet] INFO  luonq.futu.TradeApi - TradeApi onInitConnect: ret=0 desc= connID=7188627424025123867
2024-04-24 03:58:59.126 [xxl-job, JobThread-8-1713902336087] INFO  luonq.futu.TradeApi - trade api initialize finish start!
2024-04-24 03:58:59.128 [xxl-job, JobThread-8-1713902336087] INFO  luonq.polygon.TradeExecutor_DB - sell stock before close market
2024-04-24 03:58:59.135 [xxl-job, JobThread-8-1713902336087] INFO  luonq.polygon.TradeExecutor_DB - ready to sell before close market. position={OR=StockPosition(stock=OR, canSellQty=142.0, costPrice=15.324, currPrice=15.77)}, time=2024-04-24T03:58:59.134
2024-04-24 03:58:59.135 [xxl-job, JobThread-8-1713902336087] INFO  luonq.polygon.TradeExecutor_DB - before close sell stock for market price. stock=OR, count=142.0
2024-04-24 03:58:59.215 [FTAPI4JNet] INFO  luonq.futu.TradeApi - unlock success
2024-04-24 03:58:59.286 [xxl-job, JobThread-8-1713902336087] INFO  luonq.polygon.TradeExecutor_DB - sell stock orderId=3115137506201881090
2024-04-24 03:58:59.820 [xxl-job, JobThread-8-1713902336087] INFO  luonq.polygon.TradeExecutor_DB - sell stock success. stock=OR, orderId=3115137506201881090
2024-04-24 03:58:59.820 [xxl-job, JobThread-8-1713902336087] INFO  luonq.job.TradeJob - tradeExecutor_db sell
2024-04-24 03:58:59.820 [FTAPI4JNet] INFO  luonq.futu.TradeApi - update order: OrderFill(tradeSide=2, fillID=0, orderID=3115137506201881090, code=OR, name=Osisko Gold Royalties, count=142.0, price=0.0, avgPrice=15.7513, createTime=2024-04-23 15:58:59.260, updateTimestamp=1.71390233985445E9, status=0)
2024-04-24 03:58:59.821 [FTAPI4JNet] INFO  luonq.futu.TradeApi - update order: OrderFill(tradeSide=2, fillID=0, orderID=3115137506201881090, code=OR, name=Osisko Gold Royalties, count=142.0, price=0.0, avgPrice=15.7513, createTime=2024-04-23 15:58:59.260, updateTimestamp=1.71390233985445E9, status=0)
2024-04-24 03:58:59.822 [FTAPI4JNet] INFO  luonq.futu.TradeApi - update order: OrderFill(tradeSide=2, fillID=0, orderID=3115137506201881090, code=OR, name=Osisko Gold Royalties, count=142.0, price=0.0, avgPrice=15.7513, createTime=2024-04-23 15:58:59.260, updateTimestamp=1.71390233985445E9, status=0)
2024-04-24 03:58:59.822 [FTAPI4JNet] INFO  luonq.futu.TradeApi - update order: OrderFill(tradeSide=2, fillID=0, orderID=3115137506201881090, code=OR, name=Osisko Gold Royalties, count=142.0, price=0.0, avgPrice=15.7513, createTime=2024-04-23 15:58:59.260, updateTimestamp=1.71390233985445E9, status=0)
2024-04-24 16:00:00.068 [xxl-job, JobThread-3-1713945600057] INFO  luonq.job.GetDataJob - getTradeDataAndComputeIndicator.job start
2024-04-24 16:00:00.068 [xxl-job, JobThread-3-1713945600057] INFO  luonq.stock.Processor - GetHistoricalDaily.getData start
2024-04-24 16:01:25.809 [xxl-job, JobThread-3-1713945600057] INFO  luonq.stock.Processor - GetHistoricalDaily.getData end. cost: 85s

2024-04-24 16:01:25.826 [xxl-job, JobThread-3-1713945600057] INFO  luonq.stock.Processor - MergeKline.merge start
2024-04-24 16:02:08.785 [xxl-job, JobThread-3-1713945600057] INFO  luonq.stock.Processor - MergeKline.merge end. cost: 42s

2024-04-24 16:02:08.785 [xxl-job, JobThread-3-1713945600057] INFO  luonq.stock.Processor - BollingerForYear.calculate start
2024-04-24 16:02:14.920 [xxl-job, JobThread-3-1713945600057] INFO  luonq.stock.Processor - BollingerForYear.calculate end. cost: 6s

2024-04-24 16:02:14.921 [xxl-job, JobThread-3-1713945600057] INFO  luonq.stock.Processor - MergeBollingerForYear.calculate start
2024-04-24 16:03:05.088 [xxl-job, JobThread-3-1713945600057] INFO  luonq.stock.Processor - MergeBollingerForYear.calculate end. cost: 50s

2024-04-24 16:03:05.088 [xxl-job, JobThread-3-1713945600057] INFO  luonq.stock.Processor - GetHistoricalTrade.getData start
2024-04-24 16:04:20.907 [xxl-job, JobThread-3-1713945600057] INFO  luonq.stock.Processor - GetHistoricalTrade.getData end. cost: 75s

2024-04-24 16:04:20.909 [xxl-job, JobThread-3-1713945600057] INFO  luonq.stock.Processor - GetHistoricalOpenFirstTrade.getData start
2024-04-24 16:04:47.087 [xxl-job, JobThread-3-1713945600057] INFO  luonq.stock.Processor - GetHistoricalOpenFirstTrade.getData end. cost: 26s

2024-04-24 16:04:47.087 [xxl-job, JobThread-3-1713945600057] INFO  luonq.stock.Processor - BollingerWithOpen.calculate start
2024-04-24 16:04:53.458 [xxl-job, JobThread-3-1713945600057] INFO  luonq.stock.Processor - BollingerWithOpen.calculate end. cost: 6s

2024-04-24 16:04:53.458 [xxl-job, JobThread-3-1713945600057] INFO  luonq.stock.Processor - MergeOpenBollingerForYear.calculate start
2024-04-24 16:05:45.912 [xxl-job, JobThread-3-1713945600057] INFO  luonq.stock.Processor - MergeOpenBollingerForYear.calculate end. cost: 52s

2024-04-24 16:05:45.913 [xxl-job, JobThread-3-1713945600057] INFO  luonq.stock.Processor - get data finish
2024-04-24 16:05:45.919 [xxl-job, JobThread-3-1713945600057] INFO  luonq.job.GetDataJob - getTradeDataJobAndComputeIndicator.job end
2024-04-24 16:30:00.089 [xxl-job, JobThread-6-1713947400082] INFO  luonq.job.SyncDataToDBJob - syncDataToDB.job start
2024-04-24 16:30:00.090 [xxl-job, JobThread-6-1713947400082] INFO  luonq.data.WriteToDB - additionToDB begin
2024-04-24 16:30:38.137 [xxl-job, JobThread-6-1713947400082] INFO  luonq.data.WriteToDB - sync count: 4567
2024-04-24 16:30:38.720 [xxl-job, JobThread-6-1713947400082] INFO  luonq.data.WriteToDB - additionToDB end
2024-04-24 16:30:38.739 [xxl-job, JobThread-6-1713947400082] INFO  luonq.job.SyncDataToDBJob - syncDataToDB.job end
2024-04-24 17:00:00.080 [xxl-job, JobThread-4-1713949200073] INFO  luonq.job.GetDataJob - getRehab.job start
2024-04-24 17:00:00.101 [xxl-job, JobThread-4-1713949200073] INFO  luonq.stock.Processor - GetRehab.getData start
2024-04-24 17:50:08.213 [xxl-job, JobThread-4-1713949200073] INFO  luonq.stock.Processor - GetRehab.getData end. cost: 3008s

2024-04-24 17:50:08.224 [xxl-job, JobThread-4-1713949200073] INFO  luonq.job.GetDataJob - getRehab.job end
2024-04-24 19:00:00.093 [xxl-job, JobThread-5-1713956400081] INFO  luonq.job.GetDataJob - getEarning.job start
2024-04-24 19:00:00.113 [xxl-job, JobThread-5-1713956400081] INFO  luonq.stock.Processor - GrabEarning.getData start
2024-04-24 19:00:19.834 [xxl-job, JobThread-5-1713956400081] INFO  luonq.stock.Processor - GrabEarning.getData end. cost: 19s

2024-04-24 19:00:19.852 [xxl-job, JobThread-5-1713956400081] INFO  luonq.job.GetDataJob - getEarning.job end
2024-04-24 19:10:00.044 [xxl-job, JobThread-9-1713957000035] INFO  luonq.job.SyncDataToDBJob - syncEarningToDB.job start
2024-04-24 19:10:00.117 [xxl-job, JobThread-9-1713957000035] INFO  luonq.data.WriteToDB - sync earning finish. dateList=[2024-04-24], earning sum=341
2024-04-24 19:10:00.123 [xxl-job, JobThread-9-1713957000035] INFO  luonq.job.SyncDataToDBJob - syncEarningToDB.job end
2024-04-24 19:30:00.049 [xxl-job, JobThread-10-1713958200040] INFO  luonq.job.SyncDataToDBJob - syncRehabToDB.job start
2024-04-24 19:30:00.283 [xxl-job, JobThread-10-1713958200040] INFO  luonq.data.WriteToDB - finish rehabToDB. size=3153
2024-04-24 19:30:00.290 [xxl-job, JobThread-10-1713958200040] INFO  luonq.job.SyncDataToDBJob - syncRehabToDB.job end
2024-04-24 21:22:00.072 [xxl-job, JobThread-7-1713964920061] INFO  luonq.job.TradeJob - trade_DB.job start
2024-04-24 21:22:00.098 [xxl-job, JobThread-7-1713964920061] INFO  luonq.futu.TradeApi - trade api initialize staring...
2024-04-24 21:22:00.108 [FTAPI4JNet] INFO  luonq.futu.TradeApi - TradeApi onInitConnect: ret=0 desc= connID=7188889920237387697
2024-04-24 21:22:00.121 [FTAPI4JNet] INFO  luonq.futu.TradeApi - TradeApi onInitConnect: ret=0 desc= connID=7188889920238792017
2024-04-24 21:22:03.104 [xxl-job, JobThread-7-1713964920061] INFO  luonq.futu.TradeApi - trade api initialize finish start!
2024-04-24 21:22:03.126 [xxl-job, JobThread-7-1713964920061] INFO  luonq.polygon.RealTimeDataWS_DB - finish initialize many time. preTradeTime=1713965280000, openTime=1713965400000, closeCheckTime=Thu Apr 25 03:59:00 CST 2024
2024-04-24 21:22:03.210 [FTAPI4JNet] INFO  luonq.futu.TradeApi - unlock success
2024-04-24 21:22:04.206 [Grizzly(2)] INFO  luonq.polygon.RealTimeDataWS_DB - opening websocket
2024-04-24 21:22:04.218 [Grizzly(2)] INFO  luonq.polygon.RealTimeDataWS_DB - connected
2024-04-24 21:22:04.572 [Grizzly(1)] INFO  luonq.polygon.RealTimeDataWS_DB - auth_success
2024-04-24 21:22:05.218 [xxl-job, JobThread-7-1713964920061] INFO  luonq.polygon.RealTimeDataWS_DB - finish init trade
2024-04-24 21:22:29.820 [pool-20-thread-1] INFO  luonq.strategy.backup.Strategy_DB - load 2024 finish
2024-04-24 21:23:29.461 [pool-20-thread-2] INFO  luonq.strategy.backup.Strategy_DB - load 2023 finish
2024-04-24 21:23:31.387 [pool-20-thread-3] INFO  luonq.strategy.backup.Strategy_DB - load 2022 finish
2024-04-24 21:23:37.016 [xxl-job, JobThread-7-1713964920061] INFO  luonq.polygon.RealTimeDataWS_DB - stock latest close great 7 size: 587. data: [LEGN, SHYF, TEX, LVS, SNDX, FNKO, VTGN, YPF, BLRX, GLW, COUR, HRMY, BBY, CNSL, AMWL, FOLD, AB, ARBK, GMED, PRTS, CUBE, AAN, WMG, AEHR, SSNC, HESM, SNCY, AUGX, RCM, OPTN, UIS, BA, WMT, TGT, EJH, F, CLRB, AIRC, ARCH, HPQ, IRT, TERN, FATE, WNC, DHR, VLD, ACET, BYND, HROW, ABT, ABCL, BW, BDX, X, AXNX, LYRA, ELME, CB, TCMD, CLSD, JBHT, CI, IMAB, ACI, MTCH, CL, DVAX, BEN, TSLX, YSG, ACN, BBAR, VRDN, HQY, STRO, INCY, FAST, CMTL, KITT, EZGO, DOUG, CHD, HRI, OLPX, DE, CINF, INFA, DG, GPK, HRL, DH, TCPC, SRPT, SMFL, ZNTL, ELP, DM, DNUT, ADM, GPS, HRT, MYPS, ELS, ITW, GRTX, AZUL, ELV, RYAN, ABEO, RYAM, ACGL, ARDX, EA, BBDC, EE, TVTX, AEE, AVNS, PBYI, MSCI, VXRT, WIRE, BRCC, MVIS, TMCI, FE, FF, TBPH, FOSL, PGEN, WRB, AFL, LUMN, IVZ, UNH, CCCS, HTZ, WRK, UNM, GD, LUNA, CCCC, BIG, LQDA, GH, JBLU, HOLI, GM, WSC, EXFY, BIP, GO, BIO, BLZE, IRON, AGR, GOOS, LXRX, PEG, HUYA, EPD, CLVT, HA, PEP, CLF, PIII, AGRO, MRCY, NAAS, CABA, SIBN, AGTI, OXLC, FGEN, CLS, HLIT, PFE, TNK, ULCC, RMNI, ANAB, SBUX, EQC, VERU, VERV, WTW, CMG, VERX, VNDA, CRBU, AIG, RPRX, CYRX, GGAL, MREO, YTEN, CRDF, AIV, ASLE, CHPT, ADNT, CNC, POWW, UNFI, ZYME, IBRX, HXL, EVER, AJG, CNI, CADE, CNK, KALV, PDCO, MAX, CSGP, WVE, VRNA, FTV, ARKO, PTCT, FOXF, BMA, TPR, GLOB, TSVT, SAVE, SKIN, FUL, SAVA, RLX, UROY, BCLI, BHVN, USB, PLRX, KR, GOSS, ARLP, LAB, OGE, BMY, LAC, PII, CYTK, CPB, CPA, XFOR, ROST, ALC, LI, IBTX, BNL, ALL, ETR, LAW, AMCR, CSIQ, LRMR, MODN, VMEO, TRI, UTI, XPER, ARMK, SPR, FTCI, CTKB, AMC, RNR, SHEN, EYPT, TRV, HNRG, AMG, NTLA, AMK, AMP, DADA, AMR, TSE, KROS, ORCL, TAST, PLUG, HLLY, EVA, AUTL, CDLX, ROP, PXLW, GMRE, ATRC, OABI, MET, SWAV, IMNM, XERS, EXPD, NBIX, SPWH, AKAN, ADTH, BMBL, ANGO, HEAR, MUSA, BERY, FSCO, ATSG, KBR, ABOS, AON, ALDX, SSD, LEA, IMMR, TUP, MVST, APA, PG, AKBA, AVXL, GILD, NIU, FFIE, LEV, ACRS, OTLK, VUZI, CERE, ARQT, CRKN, PNM, MRNS, STT, CUE, BALY, PNR, PNW, LUXH, BGXX, DOCS, SEAT, METC, OPCH, CNDT, CCOI, JRVR, PGNY, RSG, NKE, RSI, EDIT, BANC, BROS, ORGO, ASTS, ARE, PACB, EPAM, VRSK, VRSN, MTTR, RS, KOPN, MPLN, BTU, TXG, ONB, PPC, COGT, IMRX, BLDP, BTTX, RTO, PPL, PENN, IBM, BCRX, BDTX, RBBN, LHX, SIMO, SEEL, JNPR, SGHC, MLCO, LIN, ATXS, HYLN, NMR, HAL, TH, LOMA, PRFT, INTC, ATI, WOLF, ATO, ETNB, TW, IDA, EVRI, OPI, AQST, LICY, JAZZ, ORLY, NUVB, CYN, CTSH, HSCS, PIXY, VCYT, MMC, CLDX, AMLX, HCC, ANNX, OBLG, NUTX, TECH, SYY, MMS, CNHI, LKQ, ARVN, KPTI, BRSH, IMVT, VZIO, VAXX, FDMT, KMPR, BYD, MBUU, ARWR, WBA, PTPI, GRFS, LIFE, KNSL, MOMO, PYXS, MLGO, RYI, IMUX, ALLY, XPOF, RYN, MOH, WBS, STEP, MARK, MOS, ALLO, LMT, CMCSA, ITCI, ALLK, WKHS, ZLAB, GCT, AXS, RVMD, CAPR, WCN, INZY, SDIG, TWKS, AGCO, NARI, CARA, COMM, FBP, HITI, WDH, OMGA, NSC, KMB, KMI, MRUS, ALNY, NSP, EAF, AMPY, PSNY, LIFW, OMER, SRCL, AMPL, GENI, KNTK, RRGB, PRME, TSEM, TGNA, MRK, REPL, PANL, GFL, DOMO, OCUL, SKYX, CRUS, FDS, WFC, SPCB, CNMD, NUE, VLRS, KOD, MSI, ULTA, HIG, HII, CPRX, AMRX, BKKT, PNFP, KOS, ECL, SBFM, QURE, ALPN, MXCT, PLCE, CPRI, RCKT, CATY, TAL, JNJ, LRN, DOOR, TWOU, QTRX, EOLS, EDR, TBI, RBLX, PCTY, TSHA, WHR, GIB, ENIC, GMAB, DNLI, VOYA, SAFE, BEAM, GIS, CAN, GOEV, GERN, TCN, BIIB, MNTS, FHI, PRST, KRO, PRTA, CVAC, FHN, UTHR, SUPV, GRNT, PCVX, LIND, RLAY, SPGI, VTEX, XLO, ACAD, HEPS, PSTX, DPRO, CCK, CMPS, OPRA, EGY, KSCP, CLNN, TEL, SCLX, BOWL, JACK]
2024-04-24 21:23:37.027 [xxl-job, JobThread-7-1713964920061] INFO  luonq.polygon.RealTimeDataWS_DB - stock overbolling hit great 0.500000 size: 554. data: [LEGN, SHYF, LVS, SNDX, FNKO, VTGN, YPF, BLRX, GLW, COUR, HRMY, BBY, CNSL, AMWL, FOLD, AB, ARBK, PRTS, CUBE, AAN, WMG, AEHR, SSNC, HESM, SNCY, AUGX, RCM, OPTN, UIS, BA, WMT, TGT, EJH, F, CLRB, AIRC, ARCH, HPQ, IRT, TERN, FATE, WNC, DHR, VLD, ACET, BYND, HROW, ABCL, BW, BDX, X, AXNX, LYRA, ELME, TCMD, CLSD, JBHT, CI, IMAB, ACI, MTCH, CL, DVAX, BEN, TSLX, YSG, ACN, BBAR, VRDN, HQY, STRO, INCY, FAST, CMTL, KITT, EZGO, CHD, HRI, OLPX, DE, INFA, DG, GPK, HRL, DH, TCPC, SRPT, SMFL, ZNTL, ELP, DM, DNUT, ADM, GPS, HRT, MYPS, ELS, ITW, GRTX, AZUL, ELV, RYAN, ABEO, RYAM, ACGL, ARDX, EA, BBDC, EE, TVTX, AVNS, PBYI, MSCI, VXRT, WIRE, BRCC, MVIS, TMCI, FE, FF, TBPH, FOSL, PGEN, LUMN, IVZ, UNH, CCCS, HTZ, WRK, UNM, GD, LUNA, CCCC, BIG, LQDA, GH, JBLU, HOLI, GM, WSC, EXFY, BIP, GO, BIO, BLZE, IRON, GOOS, LXRX, PEG, HUYA, CLVT, HA, PEP, CLF, PIII, AGRO, MRCY, NAAS, CABA, SIBN, AGTI, OXLC, FGEN, CLS, HLIT, PFE, TNK, ULCC, RMNI, ANAB, SBUX, EQC, VERU, VERV, WTW, CMG, VERX, VNDA, CRBU, CYRX, GGAL, MREO, YTEN, CRDF, AIV, ASLE, CHPT, ADNT, CNC, POWW, UNFI, ZYME, IBRX, HXL, EVER, AJG, CNI, CADE, CNK, KALV, PDCO, MAX, CSGP, WVE, VRNA, FTV, ARKO, PTCT, FOXF, BMA, TPR, GLOB, TSVT, SAVE, SKIN, FUL, SAVA, RLX, UROY, BCLI, BHVN, PLRX, KR, GOSS, ARLP, LAB, BMY, LAC, PII, CPB, CPA, XFOR, ROST, ALC, LI, IBTX, BNL, ALL, ETR, LAW, AMCR, CSIQ, LRMR, MODN, VMEO, TRI, UTI, XPER, ARMK, SPR, FTCI, CTKB, AMC, RNR, EYPT, TRV, HNRG, AMG, NTLA, AMK, AMP, DADA, AMR, TSE, KROS, ORCL, TAST, PLUG, EVA, AUTL, CDLX, ROP, PXLW, GMRE, ATRC, OABI, MET, SWAV, IMNM, XERS, EXPD, NBIX, SPWH, AKAN, ADTH, BMBL, ANGO, HEAR, MUSA, BERY, FSCO, ATSG, KBR, ABOS, AON, ALDX, SSD, LEA, IMMR, TUP, MVST, APA, PG, AKBA, AVXL, GILD, NIU, FFIE, LEV, ACRS, OTLK, VUZI, CERE, ARQT, CRKN, PNM, MRNS, STT, CUE, BALY, PNR, LUXH, BGXX, DOCS, SEAT, METC, OPCH, CNDT, CCOI, JRVR, PGNY, NKE, RSI, EDIT, BANC, BROS, ORGO, ASTS, ARE, PACB, EPAM, VRSK, VRSN, MTTR, RS, KOPN, MPLN, BTU, TXG, ONB, PPC, COGT, IMRX, BLDP, BTTX, RTO, PPL, PENN, BCRX, RBBN, LHX, SIMO, SEEL, JNPR, SGHC, MLCO, LIN, ATXS, HYLN, NMR, HAL, TH, LOMA, PRFT, INTC, ATI, WOLF, ATO, TW, IDA, EVRI, OPI, AQST, LICY, JAZZ, ORLY, NUVB, CYN, CTSH, HSCS, PIXY, VCYT, MMC, CLDX, AMLX, HCC, ANNX, OBLG, NUTX, TECH, SYY, MMS, CNHI, LKQ, ARVN, BRSH, IMVT, VZIO, VAXX, FDMT, KMPR, BYD, MBUU, ARWR, WBA, PTPI, GRFS, LIFE, KNSL, MOMO, PYXS, MLGO, RYI, IMUX, ALLY, XPOF, RYN, MOH, WBS, STEP, MARK, MOS, ALLO, LMT, CMCSA, ITCI, ALLK, WKHS, ZLAB, GCT, RVMD, CAPR, WCN, INZY, SDIG, TWKS, AGCO, NARI, CARA, COMM, FBP, HITI, WDH, OMGA, NSC, KMB, KMI, MRUS, ALNY, NSP, EAF, PSNY, LIFW, OMER, SRCL, AMPL, GENI, KNTK, RRGB, PRME, TSEM, TGNA, REPL, DOMO, OCUL, SKYX, CRUS, FDS, WFC, SPCB, CNMD, NUE, VLRS, KOD, ULTA, HIG, CPRX, AMRX, BKKT, PNFP, KOS, ECL, SBFM, QURE, ALPN, MXCT, PLCE, CPRI, RCKT, CATY, TAL, JNJ, LRN, DOOR, TWOU, QTRX, EOLS, EDR, TBI, RBLX, PCTY, TSHA, WHR, GIB, ENIC, GMAB, DNLI, VOYA, SAFE, BEAM, GIS, CAN, GOEV, GERN, BIIB, MNTS, FHI, PRST, KRO, PRTA, CVAC, FHN, UTHR, SUPV, GRNT, PCVX, LIND, RLAY, SPGI, VTEX, XLO, ACAD, HEPS, PSTX, DPRO, CCK, CMPS, OPRA, EGY, CLNN, TEL, SCLX, BOWL, JACK]
2024-04-24 21:23:37.030 [xxl-job, JobThread-7-1713964920061] INFO  luonq.polygon.RealTimeDataWS_DB - filter merge stock, the stock set size is 554. data: [LEGN, SHYF, LVS, SNDX, FNKO, VTGN, YPF, BLRX, GLW, COUR, HRMY, BBY, CNSL, AMWL, FOLD, AB, ARBK, PRTS, CUBE, AAN, WMG, AEHR, SSNC, HESM, SNCY, AUGX, RCM, OPTN, UIS, BA, WMT, TGT, EJH, F, CLRB, AIRC, ARCH, HPQ, IRT, TERN, FATE, WNC, DHR, VLD, ACET, BYND, HROW, ABCL, BW, BDX, X, AXNX, LYRA, ELME, TCMD, CLSD, JBHT, CI, IMAB, ACI, MTCH, CL, DVAX, BEN, TSLX, YSG, ACN, BBAR, VRDN, HQY, STRO, INCY, FAST, CMTL, KITT, EZGO, CHD, HRI, OLPX, DE, INFA, DG, GPK, HRL, DH, TCPC, SRPT, SMFL, ZNTL, ELP, DM, DNUT, ADM, GPS, HRT, MYPS, ELS, ITW, GRTX, AZUL, ELV, RYAN, ABEO, RYAM, ACGL, ARDX, EA, BBDC, EE, TVTX, AVNS, PBYI, MSCI, VXRT, WIRE, BRCC, MVIS, TMCI, FE, FF, TBPH, FOSL, PGEN, LUMN, IVZ, UNH, CCCS, HTZ, WRK, UNM, GD, LUNA, CCCC, BIG, LQDA, GH, JBLU, HOLI, GM, WSC, EXFY, BIP, GO, BIO, BLZE, IRON, GOOS, LXRX, PEG, HUYA, CLVT, HA, PEP, CLF, PIII, AGRO, MRCY, NAAS, CABA, SIBN, AGTI, OXLC, FGEN, CLS, HLIT, PFE, TNK, ULCC, RMNI, ANAB, SBUX, EQC, VERU, VERV, WTW, CMG, VERX, VNDA, CRBU, CYRX, GGAL, MREO, YTEN, CRDF, AIV, ASLE, CHPT, ADNT, CNC, POWW, UNFI, ZYME, IBRX, HXL, EVER, AJG, CNI, CADE, CNK, KALV, PDCO, MAX, CSGP, WVE, VRNA, FTV, ARKO, PTCT, FOXF, BMA, TPR, GLOB, TSVT, SAVE, SKIN, FUL, SAVA, RLX, UROY, BCLI, BHVN, PLRX, KR, GOSS, ARLP, LAB, BMY, LAC, PII, CPB, CPA, XFOR, ROST, ALC, LI, IBTX, BNL, ALL, ETR, LAW, AMCR, CSIQ, LRMR, MODN, VMEO, TRI, UTI, XPER, ARMK, SPR, FTCI, CTKB, AMC, RNR, EYPT, TRV, HNRG, AMG, NTLA, AMK, AMP, DADA, AMR, TSE, KROS, ORCL, TAST, PLUG, EVA, AUTL, CDLX, ROP, PXLW, GMRE, ATRC, OABI, MET, SWAV, IMNM, XERS, EXPD, NBIX, SPWH, AKAN, ADTH, BMBL, ANGO, HEAR, MUSA, BERY, FSCO, ATSG, KBR, ABOS, AON, ALDX, SSD, LEA, IMMR, TUP, MVST, APA, PG, AKBA, AVXL, GILD, NIU, FFIE, LEV, ACRS, OTLK, VUZI, CERE, ARQT, CRKN, PNM, MRNS, STT, CUE, BALY, PNR, LUXH, BGXX, DOCS, SEAT, METC, OPCH, CNDT, CCOI, JRVR, PGNY, NKE, RSI, EDIT, BANC, BROS, ORGO, ASTS, ARE, PACB, EPAM, VRSK, VRSN, MTTR, RS, KOPN, MPLN, BTU, TXG, ONB, PPC, COGT, IMRX, BLDP, BTTX, RTO, PPL, PENN, BCRX, RBBN, LHX, SIMO, SEEL, JNPR, SGHC, MLCO, LIN, ATXS, HYLN, NMR, HAL, TH, LOMA, PRFT, INTC, ATI, WOLF, ATO, TW, IDA, EVRI, OPI, AQST, LICY, JAZZ, ORLY, NUVB, CYN, CTSH, HSCS, PIXY, VCYT, MMC, CLDX, AMLX, HCC, ANNX, OBLG, NUTX, TECH, SYY, MMS, CNHI, LKQ, ARVN, BRSH, IMVT, VZIO, VAXX, FDMT, KMPR, BYD, MBUU, ARWR, WBA, PTPI, GRFS, LIFE, KNSL, MOMO, PYXS, MLGO, RYI, IMUX, ALLY, XPOF, RYN, MOH, WBS, STEP, MARK, MOS, ALLO, LMT, CMCSA, ITCI, ALLK, WKHS, ZLAB, GCT, RVMD, CAPR, WCN, INZY, SDIG, TWKS, AGCO, NARI, CARA, COMM, FBP, HITI, WDH, OMGA, NSC, KMB, KMI, MRUS, ALNY, NSP, EAF, PSNY, LIFW, OMER, SRCL, AMPL, GENI, KNTK, RRGB, PRME, TSEM, TGNA, REPL, DOMO, OCUL, SKYX, CRUS, FDS, WFC, SPCB, CNMD, NUE, VLRS, KOD, ULTA, HIG, CPRX, AMRX, BKKT, PNFP, KOS, ECL, SBFM, QURE, ALPN, MXCT, PLCE, CPRI, RCKT, CATY, TAL, JNJ, LRN, DOOR, TWOU, QTRX, EOLS, EDR, TBI, RBLX, PCTY, TSHA, WHR, GIB, ENIC, GMAB, DNLI, VOYA, SAFE, BEAM, GIS, CAN, GOEV, GERN, BIIB, MNTS, FHI, PRST, KRO, PRTA, CVAC, FHN, UTHR, SUPV, GRNT, PCVX, LIND, RLAY, SPGI, VTEX, XLO, ACAD, HEPS, PSTX, DPRO, CCK, CMPS, OPRA, EGY, CLNN, TEL, SCLX, BOWL, JACK]
2024-04-24 21:23:37.034 [xxl-job, JobThread-7-1713964920061] INFO  luonq.polygon.RealTimeDataWS_DB - filter split stock, the stock set size is 554. data: [LEGN, SHYF, LVS, SNDX, FNKO, VTGN, YPF, BLRX, GLW, COUR, HRMY, BBY, CNSL, AMWL, FOLD, AB, ARBK, PRTS, CUBE, AAN, WMG, AEHR, SSNC, HESM, SNCY, AUGX, RCM, OPTN, UIS, BA, WMT, TGT, EJH, F, CLRB, AIRC, ARCH, HPQ, IRT, TERN, FATE, WNC, DHR, VLD, ACET, BYND, HROW, ABCL, BW, BDX, X, AXNX, LYRA, ELME, TCMD, CLSD, JBHT, CI, IMAB, ACI, MTCH, CL, DVAX, BEN, TSLX, YSG, ACN, BBAR, VRDN, HQY, STRO, INCY, FAST, CMTL, KITT, EZGO, CHD, HRI, OLPX, DE, INFA, DG, GPK, HRL, DH, TCPC, SRPT, SMFL, ZNTL, ELP, DM, DNUT, ADM, GPS, HRT, MYPS, ELS, ITW, GRTX, AZUL, ELV, RYAN, ABEO, RYAM, ACGL, ARDX, EA, BBDC, EE, TVTX, AVNS, PBYI, MSCI, VXRT, WIRE, BRCC, MVIS, TMCI, FE, FF, TBPH, FOSL, PGEN, LUMN, IVZ, UNH, CCCS, HTZ, WRK, UNM, GD, LUNA, CCCC, BIG, LQDA, GH, JBLU, HOLI, GM, WSC, EXFY, BIP, GO, BIO, BLZE, IRON, GOOS, LXRX, PEG, HUYA, CLVT, HA, PEP, CLF, PIII, AGRO, MRCY, NAAS, CABA, SIBN, AGTI, OXLC, FGEN, CLS, HLIT, PFE, TNK, ULCC, RMNI, ANAB, SBUX, EQC, VERU, VERV, WTW, CMG, VERX, VNDA, CRBU, CYRX, GGAL, MREO, YTEN, CRDF, AIV, ASLE, CHPT, ADNT, CNC, POWW, UNFI, ZYME, IBRX, HXL, EVER, AJG, CNI, CADE, CNK, KALV, PDCO, MAX, CSGP, WVE, VRNA, FTV, ARKO, PTCT, FOXF, BMA, TPR, GLOB, TSVT, SAVE, SKIN, FUL, SAVA, RLX, UROY, BCLI, BHVN, PLRX, KR, GOSS, ARLP, LAB, BMY, LAC, PII, CPB, CPA, XFOR, ROST, ALC, LI, IBTX, BNL, ALL, ETR, LAW, AMCR, CSIQ, LRMR, MODN, VMEO, TRI, UTI, XPER, ARMK, SPR, FTCI, CTKB, AMC, RNR, EYPT, TRV, HNRG, AMG, NTLA, AMK, AMP, DADA, AMR, TSE, KROS, ORCL, TAST, PLUG, EVA, AUTL, CDLX, ROP, PXLW, GMRE, ATRC, OABI, MET, SWAV, IMNM, XERS, EXPD, NBIX, SPWH, AKAN, ADTH, BMBL, ANGO, HEAR, MUSA, BERY, FSCO, ATSG, KBR, ABOS, AON, ALDX, SSD, LEA, IMMR, TUP, MVST, APA, PG, AKBA, AVXL, GILD, NIU, FFIE, LEV, ACRS, OTLK, VUZI, CERE, ARQT, CRKN, PNM, MRNS, STT, CUE, BALY, PNR, LUXH, BGXX, DOCS, SEAT, METC, OPCH, CNDT, CCOI, JRVR, PGNY, NKE, RSI, EDIT, BANC, BROS, ORGO, ASTS, ARE, PACB, EPAM, VRSK, VRSN, MTTR, RS, KOPN, MPLN, BTU, TXG, ONB, PPC, COGT, IMRX, BLDP, BTTX, RTO, PPL, PENN, BCRX, RBBN, LHX, SIMO, SEEL, JNPR, SGHC, MLCO, LIN, ATXS, HYLN, NMR, HAL, TH, LOMA, PRFT, INTC, ATI, WOLF, ATO, TW, IDA, EVRI, OPI, AQST, LICY, JAZZ, ORLY, NUVB, CYN, CTSH, HSCS, PIXY, VCYT, MMC, CLDX, AMLX, HCC, ANNX, OBLG, NUTX, TECH, SYY, MMS, CNHI, LKQ, ARVN, BRSH, IMVT, VZIO, VAXX, FDMT, KMPR, BYD, MBUU, ARWR, WBA, PTPI, GRFS, LIFE, KNSL, MOMO, PYXS, MLGO, RYI, IMUX, ALLY, XPOF, RYN, MOH, WBS, STEP, MARK, MOS, ALLO, LMT, CMCSA, ITCI, ALLK, WKHS, ZLAB, GCT, RVMD, CAPR, WCN, INZY, SDIG, TWKS, AGCO, NARI, CARA, COMM, FBP, HITI, WDH, OMGA, NSC, KMB, KMI, MRUS, ALNY, NSP, EAF, PSNY, LIFW, OMER, SRCL, AMPL, GENI, KNTK, RRGB, PRME, TSEM, TGNA, REPL, DOMO, OCUL, SKYX, CRUS, FDS, WFC, SPCB, CNMD, NUE, VLRS, KOD, ULTA, HIG, CPRX, AMRX, BKKT, PNFP, KOS, ECL, SBFM, QURE, ALPN, MXCT, PLCE, CPRI, RCKT, CATY, TAL, JNJ, LRN, DOOR, TWOU, QTRX, EOLS, EDR, TBI, RBLX, PCTY, TSHA, WHR, GIB, ENIC, GMAB, DNLI, VOYA, SAFE, BEAM, GIS, CAN, GOEV, GERN, BIIB, MNTS, FHI, PRST, KRO, PRTA, CVAC, FHN, UTHR, SUPV, GRNT, PCVX, LIND, RLAY, SPGI, VTEX, XLO, ACAD, HEPS, PSTX, DPRO, CCK, CMPS, OPRA, EGY, CLNN, TEL, SCLX, BOWL, JACK]
2024-04-24 21:23:37.486 [xxl-job, JobThread-7-1713964920061] INFO  luonq.polygon.RealTimeDataWS_DB - filter front reinstatement less 0.98 stock, the stock set size is 533. data: [LEGN, SHYF, LVS, SNDX, FNKO, VTGN, YPF, BLRX, GLW, COUR, HRMY, BBY, CNSL, AMWL, FOLD, ARBK, PRTS, CUBE, AAN, WMG, AEHR, SSNC, HESM, SNCY, AUGX, RCM, OPTN, UIS, BA, WMT, TGT, EJH, CLRB, AIRC, ARCH, HPQ, IRT, TERN, FATE, WNC, DHR, VLD, ACET, BYND, HROW, ABCL, BW, BDX, X, AXNX, LYRA, ELME, TCMD, CLSD, JBHT, CI, IMAB, ACI, MTCH, CL, DVAX, BEN, YSG, ACN, BBAR, VRDN, HQY, STRO, INCY, FAST, CMTL, KITT, EZGO, CHD, HRI, OLPX, DE, INFA, DG, GPK, HRL, DH, SRPT, SMFL, ZNTL, DM, DNUT, ADM, GPS, HRT, MYPS, ELS, ITW, GRTX, AZUL, ELV, RYAN, ABEO, RYAM, ACGL, ARDX, EA, EE, TVTX, AVNS, PBYI, MSCI, VXRT, WIRE, BRCC, MVIS, TMCI, FE, TBPH, FOSL, PGEN, LUMN, IVZ, UNH, CCCS, HTZ, WRK, UNM, GD, LUNA, CCCC, LQDA, GH, JBLU, HOLI, GM, WSC, EXFY, BIP, GO, BIO, BLZE, IRON, GOOS, LXRX, PEG, HUYA, CLVT, HA, PEP, CLF, PIII, AGRO, MRCY, NAAS, CABA, SIBN, AGTI, OXLC, FGEN, CLS, HLIT, PFE, TNK, ULCC, RMNI, ANAB, SBUX, VERU, VERV, WTW, CMG, VERX, VNDA, CRBU, CYRX, GGAL, MREO, YTEN, CRDF, AIV, ASLE, CHPT, ADNT, CNC, POWW, UNFI, ZYME, IBRX, HXL, EVER, AJG, CNI, CADE, CNK, KALV, PDCO, MAX, CSGP, WVE, VRNA, FTV, ARKO, PTCT, FOXF, TPR, GLOB, TSVT, SAVE, SKIN, FUL, SAVA, RLX, UROY, BCLI, BHVN, PLRX, KR, GOSS, LAB, BMY, PII, CPB, CPA, XFOR, ROST, ALC, LI, IBTX, BNL, ALL, ETR, LAW, AMCR, CSIQ, LRMR, MODN, VMEO, TRI, UTI, XPER, ARMK, SPR, FTCI, CTKB, AMC, RNR, EYPT, TRV, HNRG, AMG, NTLA, AMK, AMP, DADA, AMR, TSE, KROS, ORCL, TAST, PLUG, EVA, AUTL, CDLX, ROP, PXLW, ATRC, OABI, MET, SWAV, IMNM, XERS, EXPD, NBIX, SPWH, AKAN, ADTH, BMBL, ANGO, HEAR, MUSA, BERY, FSCO, ATSG, KBR, ABOS, AON, ALDX, SSD, LEA, IMMR, TUP, MVST, APA, PG, AKBA, AVXL, GILD, NIU, FFIE, LEV, ACRS, OTLK, VUZI, CERE, ARQT, CRKN, PNM, MRNS, STT, CUE, BALY, PNR, LUXH, BGXX, DOCS, SEAT, METC, OPCH, CNDT, CCOI, JRVR, PGNY, NKE, RSI, EDIT, BANC, BROS, ORGO, ASTS, ARE, PACB, EPAM, VRSK, VRSN, MTTR, RS, KOPN, MPLN, BTU, TXG, ONB, PPC, COGT, IMRX, BLDP, BTTX, RTO, PPL, PENN, BCRX, RBBN, LHX, SIMO, SEEL, JNPR, SGHC, MLCO, LIN, ATXS, HYLN, NMR, HAL, TH, PRFT, INTC, ATI, WOLF, ATO, TW, IDA, EVRI, OPI, AQST, LICY, JAZZ, ORLY, NUVB, CTSH, HSCS, PIXY, VCYT, MMC, CLDX, AMLX, HCC, ANNX, OBLG, NUTX, TECH, SYY, MMS, LKQ, ARVN, BRSH, IMVT, VZIO, VAXX, FDMT, KMPR, BYD, MBUU, ARWR, WBA, PTPI, GRFS, LIFE, KNSL, PYXS, MLGO, RYI, IMUX, ALLY, XPOF, RYN, MOH, WBS, STEP, MARK, MOS, ALLO, LMT, CMCSA, ITCI, ALLK, WKHS, ZLAB, GCT, RVMD, CAPR, WCN, INZY, SDIG, TWKS, AGCO, NARI, CARA, COMM, FBP, HITI, OMGA, NSC, KMB, KMI, MRUS, ALNY, NSP, EAF, PSNY, LIFW, OMER, SRCL, AMPL, GENI, RRGB, PRME, TSEM, TGNA, REPL, DOMO, OCUL, SKYX, CRUS, FDS, WFC, SPCB, CNMD, NUE, VLRS, KOD, ULTA, HIG, CPRX, AMRX, BKKT, PNFP, KOS, ECL, SBFM, QURE, ALPN, MXCT, PLCE, CPRI, RCKT, CATY, TAL, JNJ, LRN, DOOR, TWOU, QTRX, EOLS, EDR, TBI, RBLX, PCTY, TSHA, WHR, GIB, ENIC, GMAB, DNLI, VOYA, SAFE, BEAM, GIS, CAN, GOEV, GERN, BIIB, MNTS, FHI, PRST, PRTA, CVAC, FHN, UTHR, SUPV, GRNT, PCVX, LIND, RLAY, SPGI, VTEX, XLO, ACAD, HEPS, PSTX, DPRO, CCK, CMPS, EGY, CLNN, TEL, SCLX, BOWL, JACK]
2024-04-24 21:23:37.489 [xxl-job, JobThread-7-1713964920061] INFO  luonq.polygon.RealTimeDataWS_DB - filter earning and lastEarning stock, the stock set size is 488. data: [LEGN, SHYF, LVS, SNDX, FNKO, VTGN, YPF, BLRX, GLW, COUR, HRMY, BBY, CNSL, AMWL, FOLD, ARBK, PRTS, CUBE, AAN, WMG, AEHR, SSNC, HESM, SNCY, AUGX, RCM, OPTN, UIS, WMT, TGT, EJH, CLRB, AIRC, ARCH, HPQ, IRT, TERN, FATE, WNC, VLD, ACET, BYND, HROW, ABCL, BW, BDX, X, AXNX, LYRA, ELME, TCMD, CLSD, JBHT, CI, IMAB, ACI, MTCH, CL, DVAX, BEN, YSG, ACN, BBAR, VRDN, HQY, STRO, INCY, FAST, CMTL, KITT, EZGO, CHD, OLPX, DE, INFA, DG, GPK, HRL, DH, SRPT, SMFL, ZNTL, DM, DNUT, GPS, HRT, MYPS, ITW, GRTX, AZUL, ELV, RYAN, ABEO, RYAM, ACGL, ARDX, EA, EE, TVTX, AVNS, PBYI, VXRT, BRCC, MVIS, TMCI, FE, TBPH, FOSL, PGEN, LUMN, UNH, CCCS, HTZ, WRK, UNM, CCCC, LQDA, GH, HOLI, WSC, EXFY, BIP, GO, BIO, BLZE, IRON, GOOS, LXRX, PEG, HUYA, CLVT, PIII, AGRO, MRCY, NAAS, CABA, SIBN, AGTI, OXLC, FGEN, CLS, HLIT, PFE, TNK, ULCC, RMNI, ANAB, SBUX, VERU, VERV, WTW, CMG, VERX, VNDA, CRBU, CYRX, GGAL, MREO, YTEN, CRDF, AIV, ASLE, CHPT, ADNT, CNC, POWW, UNFI, ZYME, IBRX, EVER, AJG, CNK, KALV, PDCO, MAX, WVE, VRNA, ARKO, PTCT, FOXF, TPR, GLOB, TSVT, SAVE, SKIN, FUL, SAVA, RLX, UROY, BCLI, BHVN, PLRX, KR, GOSS, LAB, BMY, CPB, CPA, XFOR, ROST, ALC, LI, BNL, ALL, LAW, AMCR, CSIQ, LRMR, MODN, VMEO, TRI, UTI, XPER, ARMK, SPR, FTCI, CTKB, AMC, RNR, EYPT, TRV, HNRG, AMG, NTLA, AMK, DADA, AMR, TSE, KROS, ORCL, TAST, PLUG, EVA, AUTL, CDLX, ROP, PXLW, ATRC, OABI, MET, SWAV, IMNM, XERS, EXPD, NBIX, SPWH, AKAN, ADTH, BMBL, ANGO, HEAR, MUSA, BERY, FSCO, ATSG, KBR, ABOS, AON, ALDX, LEA, IMMR, TUP, MVST, APA, PG, AKBA, AVXL, GILD, NIU, LEV, ACRS, OTLK, VUZI, CERE, ARQT, CRKN, PNM, MRNS, STT, CUE, BALY, PNR, LUXH, BGXX, DOCS, SEAT, METC, CNDT, CCOI, JRVR, PGNY, NKE, RSI, EDIT, BROS, ORGO, ASTS, PACB, EPAM, VRSK, VRSN, MTTR, RS, KOPN, MPLN, BTU, TXG, ONB, PPC, COGT, IMRX, BLDP, RTO, PPL, PENN, BCRX, LHX, SIMO, SEEL, JNPR, SGHC, MLCO, LIN, ATXS, HYLN, NMR, TH, PRFT, INTC, ATI, WOLF, ATO, TW, IDA, EVRI, OPI, AQST, LICY, JAZZ, ORLY, NUVB, CTSH, HSCS, PIXY, VCYT, MMC, CLDX, AMLX, HCC, ANNX, OBLG, NUTX, TECH, SYY, MMS, ARVN, BRSH, IMVT, VZIO, VAXX, FDMT, KMPR, BYD, MBUU, ARWR, WBA, PTPI, GRFS, LIFE, KNSL, PYXS, MLGO, RYI, IMUX, ALLY, XPOF, RYN, MOH, WBS, STEP, MARK, MOS, ALLO, CMCSA, ITCI, ALLK, WKHS, ZLAB, GCT, RVMD, CAPR, WCN, INZY, SDIG, TWKS, AGCO, NARI, CARA, COMM, HITI, OMGA, KMI, MRUS, ALNY, NSP, EAF, PSNY, LIFW, OMER, SRCL, AMPL, GENI, RRGB, PRME, TSEM, TGNA, REPL, DOMO, OCUL, SKYX, CRUS, FDS, WFC, SPCB, CNMD, VLRS, KOD, ULTA, HIG, CPRX, AMRX, BKKT, KOS, ECL, SBFM, QURE, ALPN, MXCT, CPRI, RCKT, TAL, JNJ, DOOR, TWOU, QTRX, EOLS, EDR, TBI, RBLX, PCTY, TSHA, WHR, GIB, ENIC, GMAB, DNLI, VOYA, SAFE, BEAM, GIS, CAN, GOEV, GERN, MNTS, FHI, PRST, PRTA, FHN, UTHR, SUPV, GRNT, PCVX, LIND, RLAY, SPGI, VTEX, XLO, ACAD, HEPS, PSTX, DPRO, CCK, CMPS, EGY, CLNN, SCLX, BOWL, JACK]
2024-04-24 21:23:37.490 [xxl-job, JobThread-7-1713964920061] INFO  luonq.polygon.RealTimeDataWS_DB - after filte: [LEGN, SHYF, LVS, SNDX, FNKO, VTGN, YPF, BLRX, GLW, COUR, HRMY, BBY, CNSL, AMWL, FOLD, ARBK, PRTS, CUBE, AAN, WMG, AEHR, SSNC, HESM, SNCY, AUGX, RCM, OPTN, UIS, WMT, TGT, CLRB, AIRC, ARCH, HPQ, IRT, TERN, FATE, WNC, VLD, ACET, BYND, HROW, ABCL, BW, BDX, X, AXNX, LYRA, ELME, TCMD, CLSD, JBHT, CI, IMAB, ACI, MTCH, CL, DVAX, BEN, YSG, ACN, BBAR, VRDN, HQY, STRO, INCY, FAST, CMTL, KITT, EZGO, CHD, OLPX, DE, INFA, DG, GPK, HRL, DH, SRPT, ZNTL, DM, DNUT, GPS, HRT, MYPS, ITW, GRTX, AZUL, ELV, RYAN, ABEO, RYAM, ACGL, ARDX, EA, EE, TVTX, AVNS, PBYI, VXRT, BRCC, MVIS, TMCI, FE, TBPH, FOSL, PGEN, LUMN, UNH, CCCS, HTZ, WRK, UNM, CCCC, LQDA, GH, HOLI, WSC, EXFY, BIP, GO, BIO, BLZE, IRON, GOOS, LXRX, PEG, HUYA, CLVT, PIII, AGRO, MRCY, NAAS, CABA, SIBN, AGTI, OXLC, FGEN, CLS, HLIT, PFE, TNK, ULCC, RMNI, ANAB, SBUX, VERU, VERV, WTW, CMG, VERX, VNDA, CRBU, CYRX, GGAL, MREO, YTEN, CRDF, AIV, ASLE, CHPT, ADNT, CNC, POWW, UNFI, ZYME, IBRX, EVER, AJG, CNK, KALV, PDCO, MAX, WVE, VRNA, ARKO, PTCT, FOXF, TPR, GLOB, TSVT, SAVE, SKIN, FUL, SAVA, RLX, UROY, BCLI, BHVN, PLRX, KR, GOSS, LAB, BMY, CPB, CPA, XFOR, ROST, ALC, LI, BNL, ALL, LAW, AMCR, CSIQ, LRMR, MODN, VMEO, TRI, UTI, XPER, ARMK, SPR, FTCI, CTKB, AMC, RNR, EYPT, TRV, HNRG, AMG, NTLA, AMK, DADA, AMR, TSE, KROS, ORCL, TAST, PLUG, EVA, AUTL, CDLX, ROP, PXLW, ATRC, OABI, MET, SWAV, IMNM, XERS, EXPD, NBIX, SPWH, ADTH, BMBL, ANGO, HEAR, MUSA, BERY, FSCO, ATSG, KBR, ABOS, AON, ALDX, LEA, IMMR, TUP, MVST, APA, PG, AKBA, AVXL, GILD, NIU, LEV, ACRS, OTLK, VUZI, CERE, ARQT, CRKN, PNM, MRNS, STT, CUE, BALY, PNR, LUXH, DOCS, SEAT, METC, CNDT, CCOI, JRVR, PGNY, NKE, RSI, EDIT, BROS, ORGO, ASTS, PACB, EPAM, VRSK, VRSN, MTTR, RS, KOPN, MPLN, BTU, TXG, ONB, PPC, COGT, IMRX, BLDP, RTO, PPL, PENN, BCRX, LHX, SIMO, SEEL, JNPR, SGHC, MLCO, LIN, ATXS, HYLN, NMR, TH, PRFT, INTC, ATI, WOLF, ATO, TW, IDA, EVRI, OPI, AQST, LICY, JAZZ, ORLY, NUVB, CTSH, HSCS, PIXY, VCYT, MMC, CLDX, AMLX, HCC, ANNX, NUTX, TECH, SYY, MMS, ARVN, BRSH, IMVT, VZIO, VAXX, FDMT, KMPR, BYD, MBUU, ARWR, WBA, PTPI, GRFS, LIFE, KNSL, PYXS, MLGO, RYI, IMUX, ALLY, XPOF, RYN, MOH, WBS, STEP, MARK, MOS, ALLO, CMCSA, ITCI, ALLK, WKHS, ZLAB, GCT, RVMD, WCN, INZY, TWKS, AGCO, NARI, CARA, COMM, HITI, OMGA, KMI, MRUS, ALNY, NSP, EAF, PSNY, LIFW, OMER, SRCL, AMPL, GENI, RRGB, PRME, TSEM, TGNA, REPL, DOMO, OCUL, SKYX, CRUS, FDS, WFC, SPCB, CNMD, VLRS, KOD, ULTA, HIG, CPRX, AMRX, BKKT, KOS, ECL, SBFM, QURE, ALPN, MXCT, CPRI, RCKT, TAL, JNJ, DOOR, TWOU, QTRX, EOLS, EDR, TBI, RBLX, PCTY, TSHA, WHR, GIB, ENIC, GMAB, DNLI, VOYA, BEAM, GIS, CAN, GOEV, GERN, MNTS, FHI, PRST, PRTA, FHN, UTHR, SUPV, GRNT, PCVX, LIND, RLAY, SPGI, VTEX, XLO, ACAD, HEPS, PSTX, DPRO, CCK, CMPS, EGY, CLNN, SCLX, BOWL, JACK]
2024-04-24 21:23:37.493 [xxl-job, JobThread-7-1713964920061] INFO  luonq.polygon.RealTimeDataWS_DB - finish load last DN for BOLL
2024-04-24 21:23:37.511 [xxl-job, JobThread-7-1713964920061] INFO  luonq.polygon.RealTimeDataWS_DB - finish load lastest 19-days close data
2024-04-24 21:23:37.511 [xxl-job, JobThread-7-1713964920061] INFO  luonq.polygon.RealTimeDataWS_DB - finish init historical data
2024-04-24 21:23:37.513 [xxl-job, JobThread-7-1713964920061] INFO  luonq.polygon.RealTimeDataWS_DB - wait pre trade time. now is 21:23:37
2024-04-24 21:23:42.522 [xxl-job, JobThread-7-1713964920061] INFO  luonq.polygon.RealTimeDataWS_DB - wait pre trade time. now is 21:23:42
2024-04-24 21:23:47.530 [xxl-job, JobThread-7-1713964920061] INFO  luonq.polygon.RealTimeDataWS_DB - wait pre trade time. now is 21:23:47
2024-04-24 21:23:52.539 [xxl-job, JobThread-7-1713964920061] INFO  luonq.polygon.RealTimeDataWS_DB - wait pre trade time. now is 21:23:52
2024-04-24 21:23:57.547 [xxl-job, JobThread-7-1713964920061] INFO  luonq.polygon.RealTimeDataWS_DB - wait pre trade time. now is 21:23:57
2024-04-24 21:24:02.554 [xxl-job, JobThread-7-1713964920061] INFO  luonq.polygon.RealTimeDataWS_DB - wait pre trade time. now is 21:24:02
2024-04-24 21:24:07.562 [xxl-job, JobThread-7-1713964920061] INFO  luonq.polygon.RealTimeDataWS_DB - wait pre trade time. now is 21:24:07
2024-04-24 21:24:12.566 [xxl-job, JobThread-7-1713964920061] INFO  luonq.polygon.RealTimeDataWS_DB - wait pre trade time. now is 21:24:12
2024-04-24 21:24:17.571 [xxl-job, JobThread-7-1713964920061] INFO  luonq.polygon.RealTimeDataWS_DB - wait pre trade time. now is 21:24:17
2024-04-24 21:24:22.581 [xxl-job, JobThread-7-1713964920061] INFO  luonq.polygon.RealTimeDataWS_DB - wait pre trade time. now is 21:24:22
2024-04-24 21:24:27.586 [xxl-job, JobThread-7-1713964920061] INFO  luonq.polygon.RealTimeDataWS_DB - wait pre trade time. now is 21:24:27
2024-04-24 21:24:32.594 [xxl-job, JobThread-7-1713964920061] INFO  luonq.polygon.RealTimeDataWS_DB - wait pre trade time. now is 21:24:32
2024-04-24 21:24:37.601 [xxl-job, JobThread-7-1713964920061] INFO  luonq.polygon.RealTimeDataWS_DB - wait pre trade time. now is 21:24:37
2024-04-24 21:24:42.606 [xxl-job, JobThread-7-1713964920061] INFO  luonq.polygon.RealTimeDataWS_DB - wait pre trade time. now is 21:24:42
2024-04-24 21:24:47.615 [xxl-job, JobThread-7-1713964920061] INFO  luonq.polygon.RealTimeDataWS_DB - wait pre trade time. now is 21:24:47
2024-04-24 21:24:52.624 [xxl-job, JobThread-7-1713964920061] INFO  luonq.polygon.RealTimeDataWS_DB - wait pre trade time. now is 21:24:52
2024-04-24 21:24:57.632 [xxl-job, JobThread-7-1713964920061] INFO  luonq.polygon.RealTimeDataWS_DB - wait pre trade time. now is 21:24:57
2024-04-24 21:25:02.638 [xxl-job, JobThread-7-1713964920061] INFO  luonq.polygon.RealTimeDataWS_DB - wait pre trade time. now is 21:25:02
2024-04-24 21:25:07.647 [xxl-job, JobThread-7-1713964920061] INFO  luonq.polygon.RealTimeDataWS_DB - wait pre trade time. now is 21:25:07
2024-04-24 21:25:12.656 [xxl-job, JobThread-7-1713964920061] INFO  luonq.polygon.RealTimeDataWS_DB - wait pre trade time. now is 21:25:12
2024-04-24 21:25:17.664 [xxl-job, JobThread-7-1713964920061] INFO  luonq.polygon.RealTimeDataWS_DB - wait pre trade time. now is 21:25:17
2024-04-24 21:25:22.672 [xxl-job, JobThread-7-1713964920061] INFO  luonq.polygon.RealTimeDataWS_DB - wait pre trade time. now is 21:25:22
2024-04-24 21:25:27.679 [xxl-job, JobThread-7-1713964920061] INFO  luonq.polygon.RealTimeDataWS_DB - wait pre trade time. now is 21:25:27
2024-04-24 21:25:32.688 [xxl-job, JobThread-7-1713964920061] INFO  luonq.polygon.RealTimeDataWS_DB - wait pre trade time. now is 21:25:32
2024-04-24 21:25:37.696 [xxl-job, JobThread-7-1713964920061] INFO  luonq.polygon.RealTimeDataWS_DB - wait pre trade time. now is 21:25:37
2024-04-24 21:25:42.705 [xxl-job, JobThread-7-1713964920061] INFO  luonq.polygon.RealTimeDataWS_DB - wait pre trade time. now is 21:25:42
2024-04-24 21:25:47.714 [xxl-job, JobThread-7-1713964920061] INFO  luonq.polygon.RealTimeDataWS_DB - wait pre trade time. now is 21:25:47
2024-04-24 21:25:52.722 [xxl-job, JobThread-7-1713964920061] INFO  luonq.polygon.RealTimeDataWS_DB - wait pre trade time. now is 21:25:52
2024-04-24 21:25:57.732 [xxl-job, JobThread-7-1713964920061] INFO  luonq.polygon.RealTimeDataWS_DB - wait pre trade time. now is 21:25:57
2024-04-24 21:26:02.738 [xxl-job, JobThread-7-1713964920061] INFO  luonq.polygon.RealTimeDataWS_DB - wait pre trade time. now is 21:26:02
2024-04-24 21:26:07.748 [xxl-job, JobThread-7-1713964920061] INFO  luonq.polygon.RealTimeDataWS_DB - wait pre trade time. now is 21:26:07
2024-04-24 21:26:12.756 [xxl-job, JobThread-7-1713964920061] INFO  luonq.polygon.RealTimeDataWS_DB - wait pre trade time. now is 21:26:12
2024-04-24 21:26:17.765 [xxl-job, JobThread-7-1713964920061] INFO  luonq.polygon.RealTimeDataWS_DB - wait pre trade time. now is 21:26:17
2024-04-24 21:26:22.776 [xxl-job, JobThread-7-1713964920061] INFO  luonq.polygon.RealTimeDataWS_DB - wait pre trade time. now is 21:26:22
2024-04-24 21:26:27.782 [xxl-job, JobThread-7-1713964920061] INFO  luonq.polygon.RealTimeDataWS_DB - wait pre trade time. now is 21:26:27
2024-04-24 21:26:32.790 [xxl-job, JobThread-7-1713964920061] INFO  luonq.polygon.RealTimeDataWS_DB - wait pre trade time. now is 21:26:32
2024-04-24 21:26:37.794 [xxl-job, JobThread-7-1713964920061] INFO  luonq.polygon.RealTimeDataWS_DB - wait pre trade time. now is 21:26:37
2024-04-24 21:26:42.804 [xxl-job, JobThread-7-1713964920061] INFO  luonq.polygon.RealTimeDataWS_DB - wait pre trade time. now is 21:26:42
2024-04-24 21:26:47.813 [xxl-job, JobThread-7-1713964920061] INFO  luonq.polygon.RealTimeDataWS_DB - wait pre trade time. now is 21:26:47
2024-04-24 21:26:52.820 [xxl-job, JobThread-7-1713964920061] INFO  luonq.polygon.RealTimeDataWS_DB - wait pre trade time. now is 21:26:52
2024-04-24 21:26:57.830 [xxl-job, JobThread-7-1713964920061] INFO  luonq.polygon.RealTimeDataWS_DB - wait pre trade time. now is 21:26:57
2024-04-24 21:27:02.838 [xxl-job, JobThread-7-1713964920061] INFO  luonq.polygon.RealTimeDataWS_DB - wait pre trade time. now is 21:27:02
2024-04-24 21:27:07.844 [xxl-job, JobThread-7-1713964920061] INFO  luonq.polygon.RealTimeDataWS_DB - wait pre trade time. now is 21:27:07
2024-04-24 21:27:12.848 [xxl-job, JobThread-7-1713964920061] INFO  luonq.polygon.RealTimeDataWS_DB - wait pre trade time. now is 21:27:12
2024-04-24 21:27:17.854 [xxl-job, JobThread-7-1713964920061] INFO  luonq.polygon.RealTimeDataWS_DB - wait pre trade time. now is 21:27:17
2024-04-24 21:27:22.859 [xxl-job, JobThread-7-1713964920061] INFO  luonq.polygon.RealTimeDataWS_DB - wait pre trade time. now is 21:27:22
2024-04-24 21:27:27.864 [xxl-job, JobThread-7-1713964920061] INFO  luonq.polygon.RealTimeDataWS_DB - wait pre trade time. now is 21:27:27
2024-04-24 21:27:32.873 [xxl-job, JobThread-7-1713964920061] INFO  luonq.polygon.RealTimeDataWS_DB - wait pre trade time. now is 21:27:32
2024-04-24 21:27:37.884 [xxl-job, JobThread-7-1713964920061] INFO  luonq.polygon.RealTimeDataWS_DB - wait pre trade time. now is 21:27:37
2024-04-24 21:27:42.889 [xxl-job, JobThread-7-1713964920061] INFO  luonq.polygon.RealTimeDataWS_DB - wait pre trade time. now is 21:27:42
2024-04-24 21:27:47.897 [xxl-job, JobThread-7-1713964920061] INFO  luonq.polygon.RealTimeDataWS_DB - wait pre trade time. now is 21:27:47
2024-04-24 21:27:52.906 [xxl-job, JobThread-7-1713964920061] INFO  luonq.polygon.RealTimeDataWS_DB - wait pre trade time. now is 21:27:52
2024-04-24 21:27:57.911 [xxl-job, JobThread-7-1713964920061] INFO  luonq.polygon.RealTimeDataWS_DB - wait pre trade time. now is 21:27:57
2024-04-24 21:28:02.919 [xxl-job, JobThread-7-1713964920061] INFO  luonq.polygon.RealTimeDataWS_DB - begin subcribe stock at 21:28:02
2024-04-24 21:28:02.949 [pool-19-thread-1] INFO  luonq.polygon.RealTimeDataWS_DB - finish subcribe real time!
2024-04-24 21:28:24.971 [xxl-job, JobThread-7-1713964920061] INFO  luonq.polygon.RealTimeDataWS_DB - time is early. {p=4.71, ev=T, q=402141, s=2, c=[14,12,37,41], t=1713965305000, sym=VNDA, x=12, i=16, z=3}
2024-04-24 21:28:58.101 [xxl-job, JobThread-7-1713964920061] INFO  luonq.polygon.RealTimeDataWS_DB - time is early. {p=26.29, ev=T, q=30604, s=1, c=[12,37], t=1713965338000, sym=PFE, x=15, i=52992150425720, z=1}
2024-04-24 21:30:00.021 [pool-19-thread-13] INFO  luonq.polygon.TradeDataListener_DB - StockEvent(stock=LIN, price=438.2, time=1713965400003) dn=436.663 current=1713965400021
2024-04-24 21:30:00.063 [pool-19-thread-39] INFO  luonq.polygon.TradeDataListener_DB - StockEvent(stock=LI, price=24.78, time=1713965400013) dn=24.772 current=1713965400063
2024-04-24 21:30:00.382 [xxl-job, JobThread-7-1713964920061] INFO  luonq.polygon.RealTimeDataWS_DB - unsubscribeStockSet size: 100 1713965400382
2024-04-24 21:30:00.384 [pool-19-thread-114] INFO  luonq.polygon.TradeDataListener_DB - StockEvent(stock=HROW, price=10.32, time=1713965400201) dn=10.089 current=1713965400384
2024-04-24 21:30:00.549 [pool-19-thread-167] INFO  luonq.polygon.TradeDataListener_DB - StockEvent(stock=RCM, price=11.71, time=1713965400401) dn=11.654 current=1713965400549
2024-04-24 21:30:00.785 [xxl-job, JobThread-7-1713964920061] INFO  luonq.polygon.RealTimeDataWS_DB - unsubscribeStockSet size: 200 1713965400785
2024-04-24 21:30:00.806 [pool-19-thread-278] INFO  luonq.polygon.TradeDataListener_DB - StockEvent(stock=ZNTL, price=11.41, time=1713965400711) dn=11.364 current=1713965400806
2024-04-24 21:30:00.836 [xxl-job, JobThread-7-1713964920061] INFO  luonq.polygon.RealTimeDataWS_DB - unsubscribeStockSet size: 300 1713965400836
2024-04-24 21:30:00.900 [pool-19-thread-339] INFO  luonq.polygon.TradeDataListener_DB - StockEvent(stock=FDS, price=417.53, time=1713965400784) dn=415.606 current=1713965400900
2024-04-24 21:30:00.905 [pool-19-thread-343] INFO  luonq.polygon.TradeDataListener_DB - StockEvent(stock=ATI, price=48.95, time=1713965400817) dn=49.174 current=1713965400905
2024-04-24 21:30:00.986 [pool-19-thread-386] INFO  luonq.polygon.TradeDataListener_DB - StockEvent(stock=BROS, price=28.81, time=1713965400892) dn=28.648 current=1713965400986
2024-04-24 21:30:01.023 [pool-19-thread-397] INFO  luonq.polygon.TradeDataListener_DB - StockEvent(stock=INFA, price=31.82, time=1713965400912) dn=31.293 current=1713965401023
2024-04-24 21:30:01.077 [xxl-job, JobThread-7-1713964920061] INFO  luonq.polygon.RealTimeDataWS_DB - unsubscribeStockSet size: 400 1713965401077
2024-04-24 21:30:01.350 [pool-19-thread-469] INFO  luonq.polygon.TradeDataListener_DB - StockEvent(stock=METC, price=14.75, time=1713965401127) dn=14.84 current=1713965401350
2024-04-24 21:30:06.359 [xxl-job, JobThread-7-1713964920061] INFO  luonq.polygon.RealTimeDataWS_DB - many stock has received data. keep listening
2024-04-24 21:30:08.361 [xxl-job, JobThread-7-1713964920061] INFO  luonq.polygon.RealTimeDataWS_DB - many stock has received data. keep listening
2024-04-24 21:30:10.372 [xxl-job, JobThread-7-1713964920061] INFO  luonq.polygon.RealTimeDataWS_DB - many stock has received data. keep listening
2024-04-24 21:30:12.381 [xxl-job, JobThread-7-1713964920061] INFO  luonq.polygon.RealTimeDataWS_DB - many stock has received data. keep listening
2024-04-24 21:30:14.386 [xxl-job, JobThread-7-1713964920061] INFO  luonq.polygon.RealTimeDataWS_DB - many stock has received data. keep listening
2024-04-24 21:30:16.395 [xxl-job, JobThread-7-1713964920061] INFO  luonq.polygon.RealTimeDataWS_DB - many stock has received data. keep listening
2024-04-24 21:30:18.403 [xxl-job, JobThread-7-1713964920061] INFO  luonq.polygon.RealTimeDataWS_DB - many stock has received data. keep listening
2024-04-24 21:30:20.406 [xxl-job, JobThread-7-1713964920061] INFO  luonq.polygon.RealTimeDataWS_DB - many stock has received data. listen end!
2024-04-24 21:30:20.408 [xxl-job, JobThread-7-1713964920061] INFO  luonq.polygon.RealTimeDataWS_DB - =========== finish unsubscribe ===========
2024-04-24 21:30:20.410 [xxl-job, JobThread-7-1713964920061] INFO  luonq.polygon.RealTimeDataWS_DB - get real-time quote: []
2024-04-24 21:30:20.614 [pool-19-thread-492] INFO  luonq.polygon.RealTimeDataWS_DB - quote price(time=1713965420614): {}
2024-04-24 21:30:21.423 [xxl-job, JobThread-7-1713964920061] INFO  luonq.polygon.TradeExecutor_DB - begin trade: 
2024-04-24 21:30:21.447 [xxl-job, JobThread-7-1713964920061] INFO  luonq.polygon.TradeExecutor_DB - remain cash: 2254.66
2024-04-24 21:30:21.446 [FTAPI4JNet] INFO  luonq.futu.TradeApi - onReply_GetFunds: 2254.66
2024-04-24 21:30:21.448 [xxl-job, JobThread-7-1713964920061] INFO  luonq.polygon.TradeExecutor_DB - trade end
2024-04-24 21:30:21.448 [xxl-job, JobThread-7-1713964920061] INFO  luonq.polygon.TradeExecutor_DB - stop get real-time quote
2024-04-24 21:30:21.623 [pool-19-thread-492] INFO  luonq.polygon.RealTimeDataWS_DB - unsubscribe real-time quote
2024-04-24 21:30:31.465 [xxl-job, JobThread-7-1713964920061] INFO  luonq.polygon.RealTimeDataWS_DB - closing websocket. reason=CloseReason[1000]
2024-04-24 21:30:41.474 [xxl-job, JobThread-7-1713964920061] INFO  luonq.polygon.RealTimeDataWS_DB - manual close websocket
2024-04-24 21:30:41.483 [xxl-job, JobThread-7-1713964920061] INFO  luonq.polygon.RealTimeDataWS_DB - trade finish
2024-04-24 21:30:41.546 [xxl-job, JobThread-7-1713964920061] INFO  luonq.job.TradeJob - trade_DB.job end
