2024-01-30 00:11:22.043 [main] INFO  luonq.job.XxlJobConfig - >>>>>>>>>>> xxl-job config init.
2024-01-30 00:14:08.338 [main] INFO  luonq.job.XxlJobConfig - >>>>>>>>>>> xxl-job config init.
2024-01-30 22:25:00.135 [main] INFO  luonq.job.XxlJobConfig - >>>>>>>>>>> xxl-job config init.
2024-01-30 22:25:39.781 [xxl-job, JobThread-7-1706624739766] INFO  luonq.job.TradeJob - trade_DB.job start
2024-01-30 22:25:41.186 [xxl-job, JobThread-7-1706624739766] INFO  luonq.futu.TradeApi - trade api initialize staring...
2024-01-30 22:25:41.266 [FTAPI4JNet] INFO  luonq.futu.TradeApi - TradeApi onInitConnect: ret=0 desc= connID=7158102978464849822
2024-01-30 22:25:41.283 [FTAPI4JNet] INFO  luonq.futu.TradeApi - TradeApi onInitConnect: ret=0 desc= connID=7158102978467406179
2024-01-30 22:25:44.192 [xxl-job, JobThread-7-1706624739766] INFO  luonq.futu.TradeApi - trade api initialize finish start!
2024-01-30 22:25:44.227 [xxl-job, JobThread-7-1706624739766] INFO  luonq.polygon.RealTimeDataWS_DB - finish initialize many time. preTradeTime=1706624880000, openTime=1706625000000, closeCheckTime=Wed Jan 31 04:59:00 CST 2024
2024-01-30 22:25:44.339 [FTAPI4JNet] INFO  luonq.futu.TradeApi - unlock success
2024-01-30 22:25:45.748 [Grizzly(1)] INFO  luonq.polygon.RealTimeDataWS_DB - opening websocket
2024-01-30 22:25:45.910 [Grizzly(1)] INFO  luonq.polygon.RealTimeDataWS_DB - connected
2024-01-30 22:25:46.141 [Grizzly(2)] INFO  luonq.polygon.RealTimeDataWS_DB - auth_success
2024-01-30 22:25:46.896 [xxl-job, JobThread-7-1706624739766] INFO  luonq.polygon.RealTimeDataWS_DB - finish init trade
2024-01-30 22:25:52.709 [pool-3-thread-1] INFO  luonq.strategy.backup.Strategy_DB - load 2024 finish
2024-01-30 22:26:54.501 [pool-3-thread-2] INFO  luonq.strategy.backup.Strategy_DB - load 2023 finish
2024-01-30 22:26:56.049 [pool-3-thread-3] INFO  luonq.strategy.backup.Strategy_DB - load 2022 finish
2024-01-30 22:27:01.176 [xxl-job, JobThread-7-1706624739766] INFO  luonq.polygon.RealTimeDataWS_DB - stock latest close great 7 size: 449. data: [RNGR, CMRE, VIV, LEGN, PRVA, ROIV, DFS, TIXT, WLK, BBY, MYE, CHGG, BILI, AB, CEG, EHAB, NFBK, WLY, SBLK, ABBV, AAL, WMB, AAN, BCO, WMG, AR, ROIC, SEE, DGX, BA, TGT, NDAQ, ARCO, D, DHI, GNK, BJ, FLO, HPQ, K, ABM, M, MUFG, WNC, BP, EGBN, O, ARCC, ATGE, SLCA, DHT, SBOW, R, BYND, ZTO, W, MFIC, SFL, X, UDMY, FMC, ABCB, PNNT, IBKR, ATHM, ACI, BEN, TSLX, SDRL, PAA, ACT, LZB, GPC, FND, DB, DD, HRL, POST, TCPC, CHK, ELP, EWCZ, GPS, ELS, AZUL, PBA, RYAN, NTCT, TRNO, GASS, EA, GOOD, EC, BBDC, JWN, BABA, EMN, FOR, AEL, TCOM, AEO, DKS, AER, HSY, TRMD, EXEL, RGP, QRVO, SMFG, HTH, SSRM, FPI, STTK, BHF, GPRK, SPNT, IVT, AFL, FR, NTES, PDD, RHI, UNM, SJM, EOG, GE, GSK, FLNG, HUN, GSL, ARHS, GL, WELL, HUT, GO, AGO, CRBG, WSM, INGR, WSR, CLB, DNB, PEAK, TEVA, SKT, HE, STVN, GTN, AHH, FRO, VRE, HR, CEIX, PFE, RJF, TNK, TNL, CCEP, TNP, QNST, UPS, DOC, CME, WTW, RWAY, BKE, SQSP, FSK, AIG, SCVL, RPRX, SLGN, DLTR, IP, BKR, IMGN, MAA, DOW, MELI, AIZ, VST, ERF, JD, FTI, PGR, MAN, HXL, EVER, AJG, CELH, PCAR, MAT, SIDU, CNO, CNQ, CNX, OFG, LSXMA, BMA, KB, VTRS, KD, LSXMK, ACMR, COF, COP, AKR, ARLP, ANDE, CYTK, CPB, CPA, CHRW, CPE, MCS, LI, GLNG, MCW, ALL, LOGI, PRAA, SPH, GNTX, SPG, UTI, MDC, SPR, MD, AMD, HNRG, MAIN, ORCL, TAST, AMX, PKG, TSN, TSM, EBAY, RGEN, CRK, MET, CRGY, MBLY, PAAS, NU, EXPD, NBIX, VSTO, MUSA, BURL, UVV, ATSG, LPLA, OI, DUK, AROC, PFLT, AGYS, DELL, QFIN, AON, IMMR, MERC, CODI, SSP, APA, APD, PG, CEPU, GILD, VIAV, AAPL, RRC, HMST, KRTX, BRX, CERE, TPVG, GSBD, OLK, STX, PNW, BSM, NVRO, SEAS, METC, PRDO, DXC, HUBG, JKHY, CVE, SOVO, WTTR, SUZ, CERT, VRSN, CALM, BTU, CVX, FLYW, ALGT, PPG, PRGO, PENN, SD, ASC, IBN, IBM, RTX, LHX, SIMO, MKC, INSW, SLRC, LII, MLCO, HAL, LOMA, TK, MANU, CTRE, SXC, TS, CTRA, DESP, NTST, PGTI, IMTX, FIVE, PRU, NMFC, PSA, GBCI, SYF, MMC, NOC, NOG, PSO, KIM, PSX, IEP, DAKT, GBDC, VNOM, ZGN, ORC, VZ, AVY, HDB, EMBC, WB, EURN, SGML, WM, WBA, GBX, WY, OMCL, HEI, MOR, LAUR, LMT, SLVM, HES, CPNG, VAC, GCT, AXP, MRTN, ZIM, MPC, BIDU, OCSL, ETRN, TSCO, HELE, PETQ, YY, KMB, KMI, DBRG, AZN, HTHT, MATX, TGNA, UAL, LPG, MRK, PANL, EQNR, BORR, FDP, EBR, QCOM, SBGI, FDX, CASY, AMSC, SITC, DOLE, USAC, SCHL, TAC, PLCE, TAL, NAVI, VET, MTN, OXY, FANG, EDU, MNSO, TBI, GDOT, CAG, GIS, FUTU, ATAT, CGBD, TCN, GRND, TRGP, VGR, KRG, LTH, EFC, PARA, KRP, UTHR, SAIC, TDC, PARR, TDG, FWONK, CHEF, VIPS, TDS, SBS, TDW, DEI, BAH, KSS, EGO, GOGL, FRPT, UGI, SCI, FDUS, STNG]
2024-01-30 22:27:01.188 [xxl-job, JobThread-7-1706624739766] INFO  luonq.polygon.RealTimeDataWS_DB - stock overbolling hit great 0.500000 size: 421. data: [RNGR, CMRE, VIV, LEGN, PRVA, ROIV, DFS, TIXT, WLK, BBY, MYE, CHGG, BILI, AB, CEG, EHAB, NFBK, WLY, SBLK, ABBV, AAL, WMB, AAN, BCO, WMG, AR, ROIC, SEE, DGX, BA, TGT, NDAQ, ARCO, D, DHI, GNK, BJ, FLO, HPQ, K, ABM, M, WNC, BP, EGBN, O, ARCC, ATGE, SLCA, DHT, SBOW, R, BYND, ZTO, W, MFIC, SFL, X, UDMY, FMC, ABCB, ATHM, ACI, BEN, TSLX, SDRL, ACT, LZB, GPC, FND, DB, DD, HRL, POST, TCPC, CHK, ELP, EWCZ, GPS, ELS, AZUL, PBA, RYAN, NTCT, TRNO, GASS, EA, GOOD, BBDC, JWN, BABA, EMN, FOR, AEL, TCOM, AEO, DKS, AER, HSY, TRMD, EXEL, RGP, QRVO, SMFG, HTH, SSRM, FPI, STTK, BHF, GPRK, SPNT, IVT, FR, NTES, PDD, RHI, UNM, SJM, EOG, GE, GSK, FLNG, HUN, GSL, ARHS, GL, WELL, HUT, GO, AGO, CRBG, WSM, WSR, CLB, DNB, TEVA, SKT, HE, STVN, GTN, AHH, FRO, VRE, HR, CEIX, PFE, RJF, TNK, TNL, CCEP, TNP, QNST, UPS, DOC, CME, WTW, RWAY, BKE, SQSP, FSK, SCVL, DLTR, IP, BKR, IMGN, DOW, MELI, AIZ, VST, ERF, JD, FTI, PGR, MAN, HXL, EVER, AJG, CELH, PCAR, MAT, SIDU, CNO, CNQ, CNX, OFG, LSXMA, BMA, KB, VTRS, KD, LSXMK, ACMR, COF, COP, AKR, ARLP, ANDE, CPB, CPA, CHRW, CPE, MCS, LI, GLNG, MCW, ALL, LOGI, PRAA, SPH, GNTX, SPG, UTI, MDC, SPR, MD, AMD, HNRG, MAIN, ORCL, TAST, AMX, PKG, TSN, TSM, EBAY, RGEN, CRK, MET, CRGY, MBLY, PAAS, NU, EXPD, NBIX, VSTO, MUSA, BURL, UVV, ATSG, LPLA, OI, DUK, PFLT, AGYS, DELL, QFIN, AON, IMMR, MERC, CODI, SSP, APA, APD, PG, CEPU, GILD, VIAV, AAPL, RRC, KRTX, CERE, TPVG, GSBD, OLK, STX, NVRO, SEAS, METC, PRDO, DXC, HUBG, JKHY, CVE, SOVO, WTTR, SUZ, CERT, VRSN, CALM, BTU, CVX, FLYW, ALGT, PPG, PRGO, PENN, SD, ASC, IBN, RTX, LHX, SIMO, MKC, INSW, SLRC, LII, MLCO, HAL, LOMA, TK, MANU, TS, CTRA, DESP, NTST, PGTI, IMTX, FIVE, PRU, NMFC, PSA, GBCI, SYF, MMC, NOG, PSO, KIM, PSX, IEP, DAKT, VNOM, ZGN, ORC, VZ, AVY, HDB, EMBC, WB, EURN, SGML, WM, WBA, GBX, WY, OMCL, HEI, MOR, LAUR, LMT, SLVM, HES, CPNG, VAC, GCT, AXP, MRTN, ZIM, MPC, BIDU, OCSL, ETRN, TSCO, HELE, PETQ, YY, KMB, KMI, DBRG, AZN, HTHT, MATX, TGNA, UAL, LPG, EQNR, BORR, FDP, EBR, QCOM, SBGI, FDX, CASY, AMSC, SITC, DOLE, USAC, SCHL, PLCE, TAL, NAVI, VET, MTN, OXY, FANG, EDU, MNSO, TBI, GDOT, CAG, GIS, FUTU, ATAT, CGBD, GRND, TRGP, VGR, KRG, LTH, EFC, PARA, KRP, UTHR, SAIC, TDC, PARR, TDG, FWONK, CHEF, VIPS, TDS, SBS, TDW, DEI, BAH, KSS, EGO, FRPT, UGI, SCI, FDUS, STNG]
2024-01-30 22:27:01.189 [xxl-job, JobThread-7-1706624739766] INFO  luonq.polygon.RealTimeDataWS_DB - filter merge stock, the stock set size is 421. data: [RNGR, CMRE, VIV, LEGN, PRVA, ROIV, DFS, TIXT, WLK, BBY, MYE, CHGG, BILI, AB, CEG, EHAB, NFBK, WLY, SBLK, ABBV, AAL, WMB, AAN, BCO, WMG, AR, ROIC, SEE, DGX, BA, TGT, NDAQ, ARCO, D, DHI, GNK, BJ, FLO, HPQ, K, ABM, M, WNC, BP, EGBN, O, ARCC, ATGE, SLCA, DHT, SBOW, R, BYND, ZTO, W, MFIC, SFL, X, UDMY, FMC, ABCB, ATHM, ACI, BEN, TSLX, SDRL, ACT, LZB, GPC, FND, DB, DD, HRL, POST, TCPC, CHK, ELP, EWCZ, GPS, ELS, AZUL, PBA, RYAN, NTCT, TRNO, GASS, EA, GOOD, BBDC, JWN, BABA, EMN, FOR, AEL, TCOM, AEO, DKS, AER, HSY, TRMD, EXEL, RGP, QRVO, SMFG, HTH, SSRM, FPI, STTK, BHF, GPRK, SPNT, IVT, FR, NTES, PDD, RHI, UNM, SJM, EOG, GE, GSK, FLNG, HUN, GSL, ARHS, GL, WELL, HUT, GO, AGO, CRBG, WSM, WSR, CLB, DNB, TEVA, SKT, HE, STVN, GTN, AHH, FRO, VRE, HR, CEIX, PFE, RJF, TNK, TNL, CCEP, TNP, QNST, UPS, DOC, CME, WTW, RWAY, BKE, SQSP, FSK, SCVL, DLTR, IP, BKR, IMGN, DOW, MELI, AIZ, VST, ERF, JD, FTI, PGR, MAN, HXL, EVER, AJG, CELH, PCAR, MAT, SIDU, CNO, CNQ, CNX, OFG, LSXMA, BMA, KB, VTRS, KD, LSXMK, ACMR, COF, COP, AKR, ARLP, ANDE, CPB, CPA, CHRW, CPE, MCS, LI, GLNG, MCW, ALL, LOGI, PRAA, SPH, GNTX, SPG, UTI, MDC, SPR, MD, AMD, HNRG, MAIN, ORCL, TAST, AMX, PKG, TSN, TSM, EBAY, RGEN, CRK, MET, CRGY, MBLY, PAAS, NU, EXPD, NBIX, VSTO, MUSA, BURL, UVV, ATSG, LPLA, OI, DUK, PFLT, AGYS, DELL, QFIN, AON, IMMR, MERC, CODI, SSP, APA, APD, PG, CEPU, GILD, VIAV, AAPL, RRC, KRTX, CERE, TPVG, GSBD, OLK, STX, NVRO, SEAS, METC, PRDO, DXC, HUBG, JKHY, CVE, SOVO, WTTR, SUZ, CERT, VRSN, CALM, BTU, CVX, FLYW, ALGT, PPG, PRGO, PENN, SD, ASC, IBN, RTX, LHX, SIMO, MKC, INSW, SLRC, LII, MLCO, HAL, LOMA, TK, MANU, TS, CTRA, DESP, NTST, PGTI, IMTX, FIVE, PRU, NMFC, PSA, GBCI, SYF, MMC, NOG, PSO, KIM, PSX, IEP, DAKT, VNOM, ZGN, ORC, VZ, AVY, HDB, EMBC, WB, EURN, SGML, WM, WBA, GBX, WY, OMCL, HEI, MOR, LAUR, LMT, SLVM, HES, CPNG, VAC, GCT, AXP, MRTN, ZIM, MPC, BIDU, OCSL, ETRN, TSCO, HELE, PETQ, YY, KMB, KMI, DBRG, AZN, HTHT, MATX, TGNA, UAL, LPG, EQNR, BORR, FDP, EBR, QCOM, SBGI, FDX, CASY, AMSC, SITC, DOLE, USAC, SCHL, PLCE, TAL, NAVI, VET, MTN, OXY, FANG, EDU, MNSO, TBI, GDOT, CAG, GIS, FUTU, ATAT, CGBD, GRND, TRGP, VGR, KRG, LTH, EFC, PARA, KRP, UTHR, SAIC, TDC, PARR, TDG, FWONK, CHEF, VIPS, TDS, SBS, TDW, DEI, BAH, KSS, EGO, FRPT, UGI, SCI, FDUS, STNG]
2024-01-30 22:27:01.193 [xxl-job, JobThread-7-1706624739766] INFO  luonq.polygon.RealTimeDataWS_DB - filter split stock, the stock set size is 420. data: [RNGR, CMRE, VIV, LEGN, PRVA, ROIV, DFS, TIXT, WLK, BBY, MYE, CHGG, BILI, AB, CEG, EHAB, NFBK, WLY, SBLK, ABBV, AAL, WMB, AAN, BCO, WMG, AR, ROIC, SEE, DGX, BA, TGT, NDAQ, ARCO, D, DHI, GNK, BJ, FLO, HPQ, K, ABM, M, WNC, BP, EGBN, O, ARCC, ATGE, SLCA, DHT, SBOW, R, BYND, ZTO, W, MFIC, SFL, X, UDMY, FMC, ABCB, ATHM, ACI, BEN, TSLX, SDRL, ACT, LZB, GPC, FND, DB, DD, HRL, POST, TCPC, CHK, ELP, EWCZ, GPS, ELS, AZUL, PBA, RYAN, NTCT, TRNO, GASS, EA, GOOD, BBDC, JWN, BABA, EMN, FOR, AEL, TCOM, AEO, DKS, AER, HSY, TRMD, EXEL, RGP, QRVO, SMFG, HTH, SSRM, FPI, STTK, BHF, GPRK, SPNT, IVT, FR, NTES, PDD, RHI, UNM, SJM, EOG, GE, GSK, FLNG, HUN, GSL, ARHS, GL, WELL, HUT, GO, AGO, CRBG, WSM, WSR, CLB, DNB, TEVA, SKT, HE, STVN, GTN, AHH, FRO, VRE, HR, CEIX, PFE, RJF, TNK, TNL, CCEP, TNP, QNST, UPS, DOC, CME, WTW, RWAY, BKE, SQSP, FSK, SCVL, DLTR, IP, BKR, IMGN, DOW, MELI, AIZ, VST, ERF, JD, FTI, PGR, MAN, HXL, EVER, AJG, CELH, MAT, SIDU, CNO, CNQ, CNX, OFG, LSXMA, BMA, KB, VTRS, KD, LSXMK, ACMR, COF, COP, AKR, ARLP, ANDE, CPB, CPA, CHRW, CPE, MCS, LI, GLNG, MCW, ALL, LOGI, PRAA, SPH, GNTX, SPG, UTI, MDC, SPR, MD, AMD, HNRG, MAIN, ORCL, TAST, AMX, PKG, TSN, TSM, EBAY, RGEN, CRK, MET, CRGY, MBLY, PAAS, NU, EXPD, NBIX, VSTO, MUSA, BURL, UVV, ATSG, LPLA, OI, DUK, PFLT, AGYS, DELL, QFIN, AON, IMMR, MERC, CODI, SSP, APA, APD, PG, CEPU, GILD, VIAV, AAPL, RRC, KRTX, CERE, TPVG, GSBD, OLK, STX, NVRO, SEAS, METC, PRDO, DXC, HUBG, JKHY, CVE, SOVO, WTTR, SUZ, CERT, VRSN, CALM, BTU, CVX, FLYW, ALGT, PPG, PRGO, PENN, SD, ASC, IBN, RTX, LHX, SIMO, MKC, INSW, SLRC, LII, MLCO, HAL, LOMA, TK, MANU, TS, CTRA, DESP, NTST, PGTI, IMTX, FIVE, PRU, NMFC, PSA, GBCI, SYF, MMC, NOG, PSO, KIM, PSX, IEP, DAKT, VNOM, ZGN, ORC, VZ, AVY, HDB, EMBC, WB, EURN, SGML, WM, WBA, GBX, WY, OMCL, HEI, MOR, LAUR, LMT, SLVM, HES, CPNG, VAC, GCT, AXP, MRTN, ZIM, MPC, BIDU, OCSL, ETRN, TSCO, HELE, PETQ, YY, KMB, KMI, DBRG, AZN, HTHT, MATX, TGNA, UAL, LPG, EQNR, BORR, FDP, EBR, QCOM, SBGI, FDX, CASY, AMSC, SITC, DOLE, USAC, SCHL, PLCE, TAL, NAVI, VET, MTN, OXY, FANG, EDU, MNSO, TBI, GDOT, CAG, GIS, FUTU, ATAT, CGBD, GRND, TRGP, VGR, KRG, LTH, EFC, PARA, KRP, UTHR, SAIC, TDC, PARR, TDG, FWONK, CHEF, VIPS, TDS, SBS, TDW, DEI, BAH, KSS, EGO, FRPT, UGI, SCI, FDUS, STNG]
2024-01-30 22:27:01.952 [xxl-job, JobThread-7-1706624739766] INFO  luonq.polygon.RealTimeDataWS_DB - filter front reinstatement less 0.98 stock, the stock set size is 372. data: [RNGR, CMRE, VIV, LEGN, PRVA, ROIV, DFS, TIXT, WLK, BBY, MYE, CHGG, BILI, CEG, EHAB, NFBK, WLY, SBLK, ABBV, AAL, WMB, AAN, BCO, WMG, AR, ROIC, SEE, DGX, BA, TGT, NDAQ, ARCO, D, DHI, GNK, BJ, FLO, HPQ, K, ABM, M, WNC, BP, EGBN, O, ATGE, SLCA, DHT, SBOW, R, BYND, ZTO, W, X, UDMY, FMC, ABCB, ACI, BEN, SDRL, LZB, GPC, FND, DD, HRL, POST, CHK, EWCZ, GPS, ELS, AZUL, PBA, RYAN, NTCT, TRNO, GASS, EA, GOOD, JWN, BABA, EMN, FOR, AEL, TCOM, AEO, DKS, AER, HSY, EXEL, RGP, QRVO, SMFG, HTH, SSRM, FPI, STTK, BHF, GPRK, SPNT, IVT, FR, NTES, PDD, RHI, UNM, SJM, EOG, GE, GSK, HUN, ARHS, GL, WELL, HUT, GO, AGO, CRBG, WSM, WSR, CLB, DNB, TEVA, SKT, STVN, GTN, AHH, FRO, VRE, CEIX, PFE, RJF, TNK, TNL, TNP, QNST, UPS, DOC, WTW, SQSP, SCVL, DLTR, IP, BKR, IMGN, DOW, MELI, AIZ, VST, ERF, JD, FTI, PGR, MAN, HXL, EVER, AJG, MAT, SIDU, CNO, CNQ, CNX, OFG, LSXMA, KB, VTRS, KD, LSXMK, ACMR, COF, COP, AKR, ANDE, CPB, CPA, CHRW, CPE, MCS, LI, GLNG, MCW, ALL, LOGI, PRAA, SPH, GNTX, SPG, UTI, MDC, SPR, MD, AMD, HNRG, MAIN, ORCL, TAST, AMX, PKG, TSN, TSM, EBAY, RGEN, CRK, MET, CRGY, MBLY, PAAS, NU, EXPD, NBIX, VSTO, MUSA, BURL, UVV, ATSG, LPLA, OI, DUK, PFLT, AGYS, DELL, AON, IMMR, MERC, CODI, SSP, APA, APD, PG, CEPU, GILD, VIAV, AAPL, RRC, KRTX, CERE, OLK, STX, NVRO, SEAS, METC, PRDO, DXC, JKHY, CVE, SOVO, WTTR, CERT, VRSN, CALM, BTU, CVX, FLYW, ALGT, PPG, PRGO, PENN, SD, ASC, IBN, RTX, LHX, SIMO, MKC, LII, MLCO, HAL, TK, MANU, TS, CTRA, DESP, NTST, PGTI, IMTX, FIVE, PRU, NMFC, PSA, GBCI, SYF, MMC, NOG, PSO, KIM, PSX, DAKT, VNOM, ZGN, ORC, VZ, AVY, HDB, EMBC, SGML, WM, GBX, WY, OMCL, HEI, MOR, LMT, SLVM, HES, CPNG, VAC, GCT, AXP, MRTN, MPC, BIDU, ETRN, TSCO, HELE, PETQ, YY, KMB, KMI, DBRG, AZN, MATX, TGNA, UAL, BORR, FDP, EBR, QCOM, SBGI, FDX, CASY, AMSC, SITC, DOLE, SCHL, PLCE, TAL, NAVI, VET, MTN, OXY, EDU, MNSO, TBI, GDOT, CAG, GIS, FUTU, ATAT, GRND, TRGP, VGR, KRG, LTH, EFC, PARA, UTHR, SAIC, TDC, PARR, FWONK, CHEF, VIPS, TDS, SBS, TDW, DEI, BAH, KSS, EGO, FRPT, UGI, SCI, STNG]
2024-01-30 22:27:01.954 [xxl-job, JobThread-7-1706624739766] INFO  luonq.polygon.RealTimeDataWS_DB - filter earning and lastEarning stock, the stock set size is 362. data: [RNGR, CMRE, VIV, LEGN, PRVA, ROIV, DFS, TIXT, WLK, BBY, MYE, CHGG, BILI, CEG, EHAB, NFBK, WLY, SBLK, ABBV, AAL, WMB, AAN, BCO, WMG, AR, ROIC, SEE, DGX, BA, TGT, NDAQ, ARCO, D, DHI, GNK, BJ, FLO, HPQ, K, ABM, M, WNC, BP, EGBN, O, ATGE, SLCA, DHT, SBOW, R, BYND, ZTO, W, X, UDMY, FMC, ABCB, ACI, BEN, SDRL, LZB, GPC, FND, DD, HRL, POST, CHK, EWCZ, GPS, AZUL, PBA, RYAN, NTCT, TRNO, GASS, EA, GOOD, JWN, BABA, EMN, FOR, AEL, TCOM, AEO, DKS, AER, HSY, EXEL, RGP, QRVO, SMFG, HTH, SSRM, FPI, STTK, BHF, GPRK, SPNT, IVT, FR, NTES, PDD, RHI, SJM, EOG, GE, GSK, HUN, ARHS, GL, WELL, HUT, GO, AGO, CRBG, WSM, WSR, CLB, DNB, TEVA, SKT, STVN, GTN, AHH, FRO, VRE, CEIX, RJF, TNK, TNL, TNP, QNST, DOC, WTW, SQSP, SCVL, DLTR, IP, BKR, IMGN, DOW, MELI, AIZ, VST, ERF, JD, FTI, PGR, HXL, EVER, AJG, MAT, SIDU, CNO, CNQ, CNX, OFG, LSXMA, KB, VTRS, KD, LSXMK, ACMR, COF, COP, AKR, ANDE, CPB, CPA, CHRW, CPE, MCS, LI, GLNG, MCW, ALL, LOGI, PRAA, SPH, GNTX, SPG, UTI, SPR, MD, HNRG, MAIN, ORCL, TAST, AMX, PKG, TSN, TSM, EBAY, RGEN, CRK, MET, CRGY, MBLY, PAAS, NU, EXPD, NBIX, VSTO, MUSA, BURL, UVV, ATSG, LPLA, DUK, PFLT, AGYS, DELL, AON, IMMR, MERC, CODI, SSP, APA, APD, PG, CEPU, GILD, VIAV, AAPL, RRC, KRTX, CERE, OLK, STX, NVRO, SEAS, METC, PRDO, DXC, JKHY, CVE, SOVO, WTTR, CERT, VRSN, CALM, BTU, CVX, FLYW, ALGT, PPG, PRGO, PENN, SD, ASC, IBN, RTX, LHX, SIMO, MKC, LII, MLCO, HAL, TK, MANU, TS, CTRA, DESP, NTST, PGTI, IMTX, FIVE, PRU, NMFC, PSA, GBCI, SYF, MMC, NOG, PSO, KIM, PSX, DAKT, VNOM, ZGN, ORC, VZ, AVY, HDB, EMBC, SGML, GBX, WY, OMCL, HEI, MOR, LMT, SLVM, HES, CPNG, VAC, GCT, AXP, MRTN, BIDU, ETRN, TSCO, HELE, PETQ, YY, KMB, KMI, DBRG, AZN, MATX, TGNA, UAL, BORR, FDP, EBR, QCOM, SBGI, FDX, CASY, AMSC, SITC, DOLE, SCHL, PLCE, TAL, NAVI, VET, MTN, OXY, EDU, MNSO, TBI, GDOT, CAG, GIS, FUTU, ATAT, GRND, TRGP, VGR, KRG, LTH, EFC, PARA, UTHR, SAIC, TDC, PARR, FWONK, CHEF, VIPS, TDS, SBS, TDW, DEI, BAH, KSS, EGO, FRPT, UGI, SCI, STNG]
2024-01-30 22:27:01.954 [xxl-job, JobThread-7-1706624739766] INFO  luonq.polygon.RealTimeDataWS_DB - after filte: [RNGR, CMRE, VIV, LEGN, PRVA, ROIV, DFS, TIXT, WLK, BBY, MYE, CHGG, BILI, CEG, EHAB, NFBK, WLY, SBLK, ABBV, AAL, WMB, AAN, BCO, WMG, AR, ROIC, SEE, DGX, BA, TGT, NDAQ, ARCO, D, DHI, GNK, BJ, FLO, HPQ, K, ABM, M, WNC, BP, EGBN, O, ATGE, SLCA, DHT, SBOW, R, BYND, ZTO, W, X, UDMY, FMC, ABCB, ACI, BEN, SDRL, LZB, GPC, FND, DD, HRL, POST, CHK, EWCZ, GPS, AZUL, PBA, RYAN, NTCT, TRNO, GASS, EA, GOOD, JWN, BABA, EMN, FOR, AEL, TCOM, AEO, DKS, AER, HSY, EXEL, RGP, QRVO, HTH, SSRM, FPI, STTK, BHF, GPRK, SPNT, IVT, FR, NTES, PDD, RHI, SJM, EOG, GSK, HUN, ARHS, GL, WELL, HUT, GO, AGO, CRBG, WSM, WSR, CLB, DNB, TEVA, SKT, STVN, GTN, AHH, FRO, VRE, CEIX, RJF, TNK, TNL, TNP, QNST, DOC, WTW, SQSP, SCVL, DLTR, IP, BKR, IMGN, DOW, MELI, AIZ, VST, ERF, JD, FTI, PGR, HXL, EVER, AJG, MAT, SIDU, CNO, CNQ, CNX, OFG, LSXMA, KB, VTRS, KD, LSXMK, ACMR, COF, COP, AKR, ANDE, CPB, CPA, CHRW, CPE, MCS, LI, GLNG, MCW, ALL, LOGI, PRAA, SPH, GNTX, SPG, UTI, SPR, MD, HNRG, MAIN, ORCL, TAST, AMX, PKG, TSN, TSM, EBAY, RGEN, CRK, MET, CRGY, MBLY, PAAS, NU, EXPD, NBIX, VSTO, MUSA, BURL, UVV, ATSG, LPLA, DUK, PFLT, AGYS, DELL, AON, IMMR, MERC, CODI, SSP, APA, APD, PG, CEPU, GILD, VIAV, AAPL, RRC, KRTX, CERE, OLK, STX, NVRO, SEAS, METC, PRDO, DXC, JKHY, CVE, SOVO, WTTR, CERT, VRSN, CALM, BTU, CVX, FLYW, ALGT, PPG, PRGO, PENN, SD, ASC, IBN, RTX, LHX, SIMO, MKC, LII, MLCO, HAL, TK, MANU, TS, CTRA, DESP, NTST, PGTI, IMTX, FIVE, PRU, NMFC, PSA, GBCI, SYF, MMC, NOG, PSO, KIM, PSX, DAKT, VNOM, ZGN, ORC, VZ, AVY, HDB, EMBC, SGML, GBX, WY, OMCL, HEI, MOR, LMT, SLVM, HES, CPNG, VAC, GCT, AXP, MRTN, BIDU, ETRN, TSCO, HELE, PETQ, YY, KMB, KMI, DBRG, AZN, MATX, TGNA, UAL, BORR, FDP, EBR, QCOM, SBGI, FDX, CASY, AMSC, SITC, DOLE, SCHL, PLCE, TAL, NAVI, VET, MTN, OXY, EDU, MNSO, TBI, GDOT, CAG, GIS, FUTU, ATAT, GRND, TRGP, VGR, KRG, LTH, EFC, PARA, UTHR, SAIC, TDC, PARR, FWONK, CHEF, VIPS, TDS, SBS, TDW, DEI, BAH, KSS, EGO, FRPT, UGI, SCI, STNG]
2024-01-30 22:27:01.959 [xxl-job, JobThread-7-1706624739766] INFO  luonq.polygon.RealTimeDataWS_DB - finish load last DN for BOLL
2024-01-30 22:27:02.009 [xxl-job, JobThread-7-1706624739766] INFO  luonq.polygon.RealTimeDataWS_DB - finish load lastest 19-days close data
2024-01-30 22:27:02.009 [xxl-job, JobThread-7-1706624739766] INFO  luonq.polygon.RealTimeDataWS_DB - finish init historical data
2024-01-30 22:27:02.010 [xxl-job, JobThread-7-1706624739766] INFO  luonq.polygon.RealTimeDataWS_DB - wait pre trade time. now is 22:27:02
2024-01-30 22:27:07.013 [xxl-job, JobThread-7-1706624739766] INFO  luonq.polygon.RealTimeDataWS_DB - wait pre trade time. now is 22:27:07
2024-01-30 22:27:12.019 [xxl-job, JobThread-7-1706624739766] INFO  luonq.polygon.RealTimeDataWS_DB - wait pre trade time. now is 22:27:12
2024-01-30 22:27:17.025 [xxl-job, JobThread-7-1706624739766] INFO  luonq.polygon.RealTimeDataWS_DB - wait pre trade time. now is 22:27:17
2024-01-30 22:27:22.031 [xxl-job, JobThread-7-1706624739766] INFO  luonq.polygon.RealTimeDataWS_DB - wait pre trade time. now is 22:27:22
2024-01-30 22:27:27.032 [xxl-job, JobThread-7-1706624739766] INFO  luonq.polygon.RealTimeDataWS_DB - wait pre trade time. now is 22:27:27
2024-01-30 22:27:32.038 [xxl-job, JobThread-7-1706624739766] INFO  luonq.polygon.RealTimeDataWS_DB - wait pre trade time. now is 22:27:32
2024-01-30 22:27:37.045 [xxl-job, JobThread-7-1706624739766] INFO  luonq.polygon.RealTimeDataWS_DB - wait pre trade time. now is 22:27:37
2024-01-30 22:27:42.050 [xxl-job, JobThread-7-1706624739766] INFO  luonq.polygon.RealTimeDataWS_DB - wait pre trade time. now is 22:27:42
2024-01-30 22:27:47.056 [xxl-job, JobThread-7-1706624739766] INFO  luonq.polygon.RealTimeDataWS_DB - wait pre trade time. now is 22:27:47
2024-01-30 22:27:52.062 [xxl-job, JobThread-7-1706624739766] INFO  luonq.polygon.RealTimeDataWS_DB - wait pre trade time. now is 22:27:52
2024-01-30 22:27:57.068 [xxl-job, JobThread-7-1706624739766] INFO  luonq.polygon.RealTimeDataWS_DB - wait pre trade time. now is 22:27:57
2024-01-30 22:28:02.077 [xxl-job, JobThread-7-1706624739766] INFO  luonq.polygon.RealTimeDataWS_DB - begin subcribe stock at 22:28:02
2024-01-30 22:28:02.203 [pool-2-thread-1] INFO  luonq.polygon.RealTimeDataWS_DB - finish subcribe real time!
2024-01-30 22:28:46.140 [xxl-job, JobThread-7-1706624739766] INFO  luonq.polygon.RealTimeDataWS_DB - time is early. {p=36.05, ev=T, q=39211, s=24, c=[14,12,37,41], t=1706624926000, sym=HAL, x=11, i=52983525099338, z=1}
2024-01-30 22:28:46.141 [xxl-job, JobThread-7-1706624739766] INFO  luonq.polygon.RealTimeDataWS_DB - time is early. {p=36.11, ev=T, q=39212, s=50, c=[14,12,37,41], t=1706624926000, sym=HAL, x=12, i=62879147056720, z=1}
2024-01-30 22:29:41.138 [xxl-job, JobThread-7-1706624739766] INFO  luonq.polygon.RealTimeDataWS_DB - time is early. {p=125.09, ev=T, q=211669, s=1000, c=[14,12,41], t=1706624981000, sym=PDD, x=17, i=6, z=3}
2024-01-30 22:30:00.396 [pool-2-thread-40] INFO  luonq.polygon.TradeDataListener_DB - StockEvent(stock=BKR, price=28.69, time=1706625000006) dn=28.676 current=1706625000396
2024-01-30 22:30:00.400 [pool-2-thread-45] INFO  luonq.polygon.TradeDataListener_DB - StockEvent(stock=PDD, price=125.05, time=1706625000057) dn=131.237 current=1706625000400
2024-01-30 22:30:00.544 [pool-2-thread-93] INFO  luonq.polygon.TradeDataListener_DB - StockEvent(stock=CHRW, price=84.81, time=1706625000340) dn=84.718 current=1706625000544
2024-01-30 22:30:00.580 [pool-2-thread-102] INFO  luonq.polygon.TradeDataListener_DB - StockEvent(stock=TAL, price=10.39, time=1706625000403) dn=10.361 current=1706625000580
2024-01-30 22:30:00.822 [xxl-job, JobThread-7-1706624739766] INFO  luonq.polygon.RealTimeDataWS_DB - unsubscribeStockSet size: 100 1706625000822
2024-01-30 22:30:00.965 [pool-2-thread-149] INFO  luonq.polygon.TradeDataListener_DB - StockEvent(stock=MRTN, price=18.91, time=1706625000573) dn=18.923 current=1706625000965
2024-01-30 22:30:00.973 [pool-2-thread-149] INFO  luonq.polygon.TradeDataListener_DB - Node list show: MRTN=0.06869946625798301
2024-01-30 22:30:00.981 [xxl-job, JobThread-7-1706624739766] INFO  luonq.polygon.RealTimeDataWS_DB - unsubscribeStockSet size: 200 1706625000980
2024-01-30 22:30:01.019 [pool-2-thread-246] INFO  luonq.polygon.TradeDataListener_DB - StockEvent(stock=MNSO, price=17.01, time=1706625000870) dn=17.904 current=1706625001019
2024-01-30 22:30:01.020 [pool-2-thread-246] INFO  luonq.polygon.TradeDataListener_DB - Node list show: MNSO=4.993297587131358,MRTN=0.06869946625798301
2024-01-30 22:30:01.153 [pool-2-thread-285] INFO  luonq.polygon.TradeDataListener_DB - StockEvent(stock=HXL, price=65.86, time=1706625000876) dn=66.155 current=1706625001153
2024-01-30 22:30:01.153 [pool-2-thread-285] INFO  luonq.polygon.TradeDataListener_DB - Node list show: MNSO=4.993297587131358,HXL=0.4459224548409065,MRTN=0.06869946625798301
2024-01-30 22:30:01.219 [xxl-job, JobThread-7-1706624739766] INFO  luonq.polygon.RealTimeDataWS_DB - unsubscribeStockSet size: 300 1706625001218
2024-01-30 22:30:01.618 [pool-2-thread-368] INFO  luonq.polygon.TradeDataListener_DB - StockEvent(stock=DD, price=63.47, time=1706625001389) dn=62.351 current=1706625001618
2024-01-30 22:30:03.962 [xxl-job, JobThread-7-1706624739766] INFO  luonq.polygon.RealTimeDataWS_DB - many stock has received data. keep listening
2024-01-30 22:30:05.968 [xxl-job, JobThread-7-1706624739766] INFO  luonq.polygon.RealTimeDataWS_DB - many stock has received data. keep listening
2024-01-30 22:30:07.976 [xxl-job, JobThread-7-1706624739766] INFO  luonq.polygon.RealTimeDataWS_DB - many stock has received data. keep listening
2024-01-30 22:30:09.981 [xxl-job, JobThread-7-1706624739766] INFO  luonq.polygon.RealTimeDataWS_DB - many stock has received data. keep listening
2024-01-30 22:30:11.984 [xxl-job, JobThread-7-1706624739766] INFO  luonq.polygon.RealTimeDataWS_DB - many stock has received data. keep listening
2024-01-30 22:30:13.990 [xxl-job, JobThread-7-1706624739766] INFO  luonq.polygon.RealTimeDataWS_DB - many stock has received data. keep listening
2024-01-30 22:30:14.151 [xxl-job, JobThread-7-1706624739766] INFO  luonq.polygon.RealTimeDataWS_DB - receive all open price! start trade!
2024-01-30 22:30:14.152 [xxl-job, JobThread-7-1706624739766] INFO  luonq.polygon.RealTimeDataWS_DB - =========== finish unsubscribe ===========
2024-01-30 22:30:14.155 [pool-2-thread-370] INFO  luonq.polygon.TradeDataListener_DB - StockEvent(stock=ATGE, price=47.7, time=1706625014054) dn=52.72 current=1706625014155
2024-01-30 22:30:14.156 [pool-2-thread-370] INFO  luonq.polygon.TradeDataListener_DB - Node list show: ATGE=9.522003034901358,MNSO=4.993297587131358,HXL=0.4459224548409065,MRTN=0.06869946625798301
2024-01-30 22:30:14.162 [xxl-job, JobThread-7-1706624739766] INFO  luonq.polygon.RealTimeDataWS_DB - get real-time quote: [MNSO, MRTN, HXL]
2024-01-30 22:30:14.412 [pool-2-thread-371] INFO  luonq.polygon.RealTimeDataWS_DB - quote price(time=1706625014410): {MNSO=17.01, MRTN=18.91, HXL=65.86, ATGE=47.7}
2024-01-30 22:30:14.414 [pool-2-thread-371] INFO  luonq.polygon.RealTimeDataWS_DB - quote price(time=1706625014414): {MNSO=17.01, MRTN=18.91, HXL=65.86, ATGE=47.7}
2024-01-30 22:30:15.170 [xxl-job, JobThread-7-1706624739766] INFO  luonq.polygon.TradeExecutor_DB - begin trade: ATGE=9.522003034901358,MNSO=4.993297587131358,HXL=0.4459224548409065,MRTN=0.06869946625798301
2024-01-30 22:30:15.212 [FTAPI4JNet] INFO  luonq.futu.TradeApi - onReply_GetFunds: 1482.85
2024-01-30 22:30:15.212 [xxl-job, JobThread-7-1706624739766] INFO  luonq.polygon.TradeExecutor_DB - remain cash: 1482.85
2024-01-30 22:30:15.213 [xxl-job, JobThread-7-1706624739766] INFO  luonq.polygon.TradeExecutor_DB - first trade. orderPrice=47.84, multiple=1
2024-01-30 22:30:15.303 [FTAPI4JNet] INFO  luonq.futu.TradeApi - onReply_GetMaxTrdQtys: 30
2024-01-30 22:30:15.469 [xxl-job, JobThread-7-1706624739766] INFO  luonq.polygon.TradeExecutor_DB - buy stock. stock=ATGE, count=30, price=47.7, orderPrice=47.84, orderId: 7368814385360194705 1706625015469
2024-01-30 22:30:15.995 [pool-2-thread-371] INFO  luonq.polygon.RealTimeDataWS_DB - quote price(time=1706625015995): {MNSO=17.01, MRTN=18.91, HXL=65.86, ATGE=47.7}
2024-01-30 22:30:15.996 [pool-2-thread-371] INFO  luonq.polygon.RealTimeDataWS_DB - quote price(time=1706625015996): {MNSO=17.01, MRTN=18.91, HXL=65.86, ATGE=47.7}
2024-01-30 22:30:16.000 [pool-2-thread-371] INFO  luonq.polygon.RealTimeDataWS_DB - quote price(time=1706625016000): {MNSO=17.01, MRTN=18.91, HXL=65.86, ATGE=47.7}
2024-01-30 22:30:16.006 [pool-2-thread-371] INFO  luonq.polygon.RealTimeDataWS_DB - quote price(time=1706625016005): {MNSO=17.01, MRTN=18.91, HXL=65.86, ATGE=47.7}
2024-01-30 22:30:16.006 [pool-2-thread-371] INFO  luonq.polygon.RealTimeDataWS_DB - quote price(time=1706625016006): {MNSO=17.01, MRTN=18.91, HXL=65.86, ATGE=47.7}
2024-01-30 22:30:16.007 [pool-2-thread-371] INFO  luonq.polygon.RealTimeDataWS_DB - quote price(time=1706625016007): {MNSO=17.01, MRTN=18.91, HXL=65.86, ATGE=47.7}
2024-01-30 22:30:16.009 [pool-2-thread-371] INFO  luonq.polygon.RealTimeDataWS_DB - quote price(time=1706625016009): {MNSO=17.01, MRTN=18.91, HXL=65.86, ATGE=47.7}
2024-01-30 22:30:16.009 [pool-2-thread-371] INFO  luonq.polygon.RealTimeDataWS_DB - quote price(time=1706625016009): {MNSO=17.01, MRTN=18.91, HXL=65.86, ATGE=47.7}
2024-01-30 22:30:16.016 [pool-2-thread-371] INFO  luonq.polygon.RealTimeDataWS_DB - quote price(time=1706625016016): {MNSO=17.01, MRTN=18.91, HXL=65.86, ATGE=47.7}
2024-01-30 22:30:16.019 [pool-2-thread-371] INFO  luonq.polygon.RealTimeDataWS_DB - quote price(time=1706625016019): {MNSO=17.01, MRTN=18.91, HXL=65.86, ATGE=47.7}
2024-01-30 22:30:16.064 [pool-2-thread-371] INFO  luonq.polygon.RealTimeDataWS_DB - quote price(time=1706625016064): {MNSO=17.01, MRTN=18.91, HXL=65.86, ATGE=47.7}
2024-01-30 22:30:16.065 [pool-2-thread-371] INFO  luonq.polygon.RealTimeDataWS_DB - quote price(time=1706625016065): {MNSO=17.01, MRTN=18.91, HXL=65.86, ATGE=47.7}
2024-01-30 22:30:16.065 [pool-2-thread-371] INFO  luonq.polygon.RealTimeDataWS_DB - quote price(time=1706625016065): {MNSO=17.01, MRTN=18.91, HXL=65.86, ATGE=47.7}
2024-01-30 22:30:16.065 [pool-2-thread-371] INFO  luonq.polygon.RealTimeDataWS_DB - quote price(time=1706625016065): {MNSO=17.01, MRTN=18.91, HXL=65.86, ATGE=47.7}
2024-01-30 22:30:16.065 [pool-2-thread-371] INFO  luonq.polygon.RealTimeDataWS_DB - quote price(time=1706625016065): {MNSO=17.01, MRTN=18.91, HXL=65.86, ATGE=47.7}
2024-01-30 22:30:16.065 [pool-2-thread-371] INFO  luonq.polygon.RealTimeDataWS_DB - quote price(time=1706625016065): {MNSO=17.01, MRTN=18.91, HXL=65.86, ATGE=47.7}
2024-01-30 22:30:16.067 [pool-2-thread-371] INFO  luonq.polygon.RealTimeDataWS_DB - quote price(time=1706625016066): {MNSO=17.01, MRTN=18.91, HXL=65.86, ATGE=47.7}
2024-01-30 22:30:16.067 [pool-2-thread-371] INFO  luonq.polygon.RealTimeDataWS_DB - quote price(time=1706625016067): {MNSO=17.01, MRTN=18.91, HXL=65.86, ATGE=47.7}
2024-01-30 22:30:16.068 [pool-2-thread-371] INFO  luonq.polygon.RealTimeDataWS_DB - quote price(time=1706625016068): {MNSO=17.01, MRTN=18.91, HXL=65.86, ATGE=47.7}
2024-01-30 22:30:16.069 [FTAPI4JNet] INFO  luonq.futu.TradeApi - update order: OrderFill(tradeSide=1, fillID=0, orderID=7368814385360194705, code=ATGE, name=Adtalem Global Education, count=30.0, price=47.84, avgPrice=47.51, createTime=2024-01-30 09:30:15.378, updateTimestamp=1.706625016038484E9, status=0)
2024-01-30 22:30:16.069 [xxl-job, JobThread-7-1706624739766] INFO  luonq.polygon.TradeExecutor_DB - ATGE order is successfully executed. orderId=7368814385360194705
2024-01-30 22:30:16.071 [pool-2-thread-371] INFO  luonq.polygon.RealTimeDataWS_DB - quote price(time=1706625016070): {MNSO=17.01, MRTN=18.91, HXL=65.86, ATGE=47.7}
2024-01-30 22:30:16.071 [pool-2-thread-371] INFO  luonq.polygon.RealTimeDataWS_DB - quote price(time=1706625016071): {MNSO=17.01, MRTN=18.91, HXL=65.86, ATGE=47.7}
2024-01-30 22:30:16.071 [pool-2-thread-371] INFO  luonq.polygon.RealTimeDataWS_DB - quote price(time=1706625016071): {MNSO=17.01, MRTN=18.91, HXL=65.86, ATGE=47.7}
2024-01-30 22:30:16.072 [pool-2-thread-371] INFO  luonq.polygon.RealTimeDataWS_DB - quote price(time=1706625016072): {MNSO=17.01, MRTN=18.91, HXL=65.86, ATGE=47.7}
2024-01-30 22:30:16.072 [pool-2-thread-371] INFO  luonq.polygon.RealTimeDataWS_DB - quote price(time=1706625016072): {MNSO=17.01, MRTN=18.91, HXL=65.86, ATGE=47.7}
2024-01-30 22:30:16.141 [pool-2-thread-371] INFO  luonq.polygon.RealTimeDataWS_DB - quote price(time=1706625016141): {MNSO=17.01, MRTN=18.91, HXL=65.86, ATGE=47.7}
2024-01-30 22:30:16.147 [xxl-job, JobThread-7-1706624739766] INFO  luonq.polygon.TradeExecutor_DB - ATGE placeStopLoss market order. qty=30.0, auxPrice=44.184, orderId：3698681280298153557
2024-01-30 22:30:16.148 [xxl-job, JobThread-7-1706624739766] INFO  luonq.polygon.TradeExecutor_DB - trade success
2024-01-30 22:30:16.148 [xxl-job, JobThread-7-1706624739766] INFO  luonq.polygon.TradeExecutor_DB - trade end
2024-01-30 22:30:16.148 [xxl-job, JobThread-7-1706624739766] INFO  luonq.polygon.TradeExecutor_DB - stop get real-time quote
2024-01-30 22:30:17.150 [pool-2-thread-371] INFO  luonq.polygon.RealTimeDataWS_DB - unsubscribe real-time quote
2024-01-30 22:30:26.156 [xxl-job, JobThread-7-1706624739766] INFO  luonq.polygon.RealTimeDataWS_DB - closing websocket. reason=CloseReason[1000]
2024-01-30 22:30:36.158 [xxl-job, JobThread-7-1706624739766] INFO  luonq.polygon.RealTimeDataWS_DB - manual close websocket
2024-01-30 22:30:36.196 [xxl-job, JobThread-7-1706624739766] INFO  luonq.polygon.RealTimeDataWS_DB - trade finish
2024-01-30 22:30:36.329 [xxl-job, JobThread-7-1706624739766] INFO  luonq.job.TradeJob - trade_DB.job end
2024-01-30 23:55:57.536 [main] INFO  luonq.job.XxlJobConfig - >>>>>>>>>>> xxl-job config init.
