2024-03-28 16:56:59.891 [main] INFO  luonq.job.XxlJobConfig - >>>>>>>>>>> xxl-job config init.
2024-03-28 16:57:13.862 [xxl-job, JobThread-3-1711616233844] INFO  luonq.job.GetDataJob - getTradeDataAndComputeIndicator.job start
2024-03-28 16:57:13.862 [xxl-job, JobThread-3-1711616233844] INFO  luonq.stock.Processor - GetHistoricalDaily.getData start
2024-03-28 16:58:12.074 [xxl-job, JobThread-3-1711616233844] INFO  luonq.stock.Processor - GetHistoricalDaily.getData end. cost: 58s

2024-03-28 16:58:12.085 [xxl-job, JobThread-3-1711616233844] INFO  luonq.stock.Processor - MergeKline.merge start
2024-03-28 16:58:53.537 [xxl-job, JobThread-3-1711616233844] INFO  luonq.stock.Processor - MergeKline.merge end. cost: 41s

2024-03-28 16:58:53.541 [xxl-job, JobThread-3-1711616233844] INFO  luonq.stock.Processor - BollingerForYear.calculate start
2024-03-28 16:58:58.512 [xxl-job, JobThread-3-1711616233844] INFO  luonq.stock.Processor - BollingerForYear.calculate end. cost: 4s

2024-03-28 16:58:58.514 [xxl-job, JobThread-3-1711616233844] INFO  luonq.stock.Processor - MergeBollingerForYear.calculate start
2024-03-28 16:59:41.039 [xxl-job, JobThread-3-1711616233844] INFO  luonq.stock.Processor - MergeBollingerForYear.calculate end. cost: 42s

2024-03-28 16:59:41.041 [xxl-job, JobThread-3-1711616233844] INFO  luonq.stock.Processor - GetHistoricalTrade.getData start
2024-03-28 17:00:00.066 [xxl-job, JobThread-4-1711616400045] INFO  luonq.job.GetDataJob - getRehab.job start
2024-03-28 17:00:00.737 [xxl-job, JobThread-4-1711616400045] INFO  luonq.stock.Processor - GetRehab.getData start
2024-03-28 17:00:42.705 [xxl-job, JobThread-3-1711616233844] INFO  luonq.stock.Processor - GetHistoricalTrade.getData end. cost: 61s

2024-03-28 17:00:42.707 [xxl-job, JobThread-3-1711616233844] INFO  luonq.stock.Processor - GetHistoricalOpenFirstTrade.getData start
2024-03-28 17:00:59.808 [xxl-job, JobThread-3-1711616233844] INFO  luonq.stock.Processor - GetHistoricalOpenFirstTrade.getData end. cost: 17s

2024-03-28 17:00:59.809 [xxl-job, JobThread-3-1711616233844] INFO  luonq.stock.Processor - BollingerWithOpen.calculate start
2024-03-28 17:01:04.606 [xxl-job, JobThread-3-1711616233844] INFO  luonq.stock.Processor - BollingerWithOpen.calculate end. cost: 4s

2024-03-28 17:01:04.606 [xxl-job, JobThread-3-1711616233844] INFO  luonq.stock.Processor - MergeOpenBollingerForYear.calculate start
2024-03-28 17:01:51.045 [xxl-job, JobThread-3-1711616233844] INFO  luonq.stock.Processor - MergeOpenBollingerForYear.calculate end. cost: 46s

2024-03-28 17:01:51.047 [xxl-job, JobThread-3-1711616233844] INFO  luonq.stock.Processor - get data finish
2024-03-28 17:01:51.118 [xxl-job, JobThread-3-1711616233844] INFO  luonq.job.GetDataJob - getTradeDataJobAndComputeIndicator.job end
2024-03-28 17:50:02.729 [xxl-job, JobThread-4-1711616400045] INFO  luonq.stock.Processor - GetRehab.getData end. cost: 3001s

2024-03-28 17:50:02.742 [xxl-job, JobThread-4-1711616400045] INFO  luonq.job.GetDataJob - getRehab.job end
2024-03-28 18:44:01.207 [xxl-job, JobThread-6-1711622641195] INFO  luonq.job.SyncDataToDBJob - syncDataToDB.job start
2024-03-28 18:44:01.209 [xxl-job, JobThread-6-1711622641195] INFO  luonq.data.WriteToDB - additionToDB begin
2024-03-28 18:44:39.912 [xxl-job, JobThread-6-1711622641195] INFO  luonq.data.WriteToDB - sync count: 4615
2024-03-28 18:44:40.907 [xxl-job, JobThread-6-1711622641195] INFO  luonq.data.WriteToDB - additionToDB end
2024-03-28 18:44:40.915 [xxl-job, JobThread-6-1711622641195] INFO  luonq.job.SyncDataToDBJob - syncDataToDB.job end
2024-03-28 18:46:42.226 [xxl-job, JobThread-7-1711622802220] INFO  luonq.job.TradeJob - trade_DB.job start
2024-03-28 18:46:42.343 [xxl-job, JobThread-7-1711622802220] INFO  luonq.futu.TradeApi - trade api initialize staring...
2024-03-28 18:46:42.355 [FTAPI4JNet] INFO  luonq.futu.TradeApi - TradeApi onInitConnect: ret=0 desc= connID=7179066366368459001
2024-03-28 18:46:42.365 [FTAPI4JNet] INFO  luonq.futu.TradeApi - TradeApi onInitConnect: ret=0 desc= connID=7179066366375141093
2024-03-28 18:46:45.346 [xxl-job, JobThread-7-1711622802220] INFO  luonq.futu.TradeApi - trade api initialize finish start!
2024-03-28 18:46:45.380 [xxl-job, JobThread-7-1711622802220] INFO  luonq.polygon.RealTimeDataWS_DB - finish initialize many time. preTradeTime=1711632480000, openTime=1711632600000, closeCheckTime=Fri Mar 29 03:59:00 CST 2024
2024-03-28 18:46:45.474 [FTAPI4JNet] INFO  luonq.futu.TradeApi - unlock success
2024-03-28 18:48:17.142 [main] INFO  luonq.job.XxlJobConfig - >>>>>>>>>>> xxl-job config init.
2024-03-28 18:48:19.284 [main] INFO  luonq.futu.TradeApi - trade api initialize staring...
2024-03-28 18:48:19.334 [FTAPI4JNet] INFO  luonq.futu.TradeApi - TradeApi onInitConnect: ret=0 desc= connID=7179066772994388964
2024-03-28 18:48:19.343 [FTAPI4JNet] INFO  luonq.futu.TradeApi - TradeApi onInitConnect: ret=0 desc= connID=7179066773000398201
2024-03-28 18:48:22.286 [main] INFO  luonq.futu.TradeApi - trade api initialize finish start!
2024-03-28 18:48:22.306 [main] INFO  luonq.polygon.RealTimeDataWS_DB - finish initialize many time. preTradeTime=1711632480000, openTime=1711632600000, closeCheckTime=Fri Mar 29 03:59:00 CST 2024
2024-03-28 18:48:22.408 [FTAPI4JNet] INFO  luonq.futu.TradeApi - unlock success
2024-03-28 18:48:23.605 [Grizzly(2)] INFO  luonq.polygon.RealTimeDataWS_DB - opening websocket
2024-03-28 18:48:23.683 [Grizzly(2)] INFO  luonq.polygon.RealTimeDataWS_DB - connected
2024-03-28 18:48:23.901 [Grizzly(1)] INFO  luonq.polygon.RealTimeDataWS_DB - auth_success
2024-03-28 18:48:24.686 [main] INFO  luonq.polygon.RealTimeDataWS_DB - finish init trade
2024-03-28 18:48:40.817 [pool-3-thread-1] INFO  luonq.strategy.backup.Strategy_DB - load 2024 finish
2024-03-28 18:50:12.527 [xxl-job, JobThread-7-1711623012513] INFO  luonq.job.TradeJob - trade_DB.job start
2024-03-28 18:50:12.551 [xxl-job, JobThread-7-1711623012513] INFO  luonq.futu.TradeApi - trade api initialize staring...
2024-03-28 18:50:12.561 [FTAPI4JNet] INFO  luonq.futu.TradeApi - TradeApi onInitConnect: ret=0 desc= connID=7179067248042274653
2024-03-28 18:50:12.565 [FTAPI4JNet] INFO  luonq.futu.TradeApi - TradeApi onInitConnect: ret=0 desc= connID=7179067248042286243
2024-03-28 18:50:15.555 [xxl-job, JobThread-7-1711623012513] INFO  luonq.futu.TradeApi - trade api initialize finish start!
2024-03-28 18:50:15.562 [xxl-job, JobThread-7-1711623012513] INFO  luonq.polygon.RealTimeDataWS_DB - finish initialize many time. preTradeTime=1711632480000, openTime=1711632600000, closeCheckTime=Fri Mar 29 03:59:00 CST 2024
2024-03-28 18:50:15.648 [FTAPI4JNet] INFO  luonq.futu.TradeApi - unlock success
2024-03-28 18:51:24.858 [xxl-job, JobThread-7-1711623012513] INFO  luonq.job.TradeJob - trade_DB.job start
2024-03-28 18:51:24.893 [xxl-job, JobThread-7-1711623012513] INFO  luonq.futu.TradeApi - trade api initialize staring...
2024-03-28 18:51:24.902 [FTAPI4JNet] INFO  luonq.futu.TradeApi - TradeApi onInitConnect: ret=0 desc= connID=7179067551465219800
2024-03-28 18:51:24.907 [FTAPI4JNet] INFO  luonq.futu.TradeApi - TradeApi onInitConnect: ret=0 desc= connID=7179067551469195525
2024-03-28 18:51:27.895 [xxl-job, JobThread-7-1711623012513] INFO  luonq.futu.TradeApi - trade api initialize finish start!
2024-03-28 18:51:27.902 [xxl-job, JobThread-7-1711623012513] INFO  luonq.polygon.RealTimeDataWS_DB - finish initialize many time. preTradeTime=1711632480000, openTime=1711632600000, closeCheckTime=Fri Mar 29 03:59:00 CST 2024
2024-03-28 18:51:27.993 [FTAPI4JNet] INFO  luonq.futu.TradeApi - unlock success
2024-03-28 19:03:46.113 [main] INFO  luonq.job.XxlJobConfig - >>>>>>>>>>> xxl-job config init.
2024-03-28 19:03:48.218 [main] INFO  luonq.futu.TradeApi - trade api initialize staring...
2024-03-28 19:03:48.262 [FTAPI4JNet] INFO  luonq.futu.TradeApi - TradeApi onInitConnect: ret=0 desc= connID=7179070669211278753
2024-03-28 19:03:48.270 [FTAPI4JNet] INFO  luonq.futu.TradeApi - TradeApi onInitConnect: ret=0 desc= connID=7179070669212307584
2024-03-28 19:03:51.225 [main] INFO  luonq.futu.TradeApi - trade api initialize finish start!
2024-03-28 19:03:51.244 [main] INFO  luonq.polygon.RealTimeDataWS_DB - finish initialize many time. preTradeTime=1711632480000, openTime=1711632600000, closeCheckTime=Fri Mar 29 03:59:00 CST 2024
2024-03-28 19:03:51.342 [FTAPI4JNet] INFO  luonq.futu.TradeApi - unlock success
2024-03-28 19:11:43.788 [main] INFO  luonq.job.XxlJobConfig - >>>>>>>>>>> xxl-job config init.
2024-03-28 19:11:45.860 [main] INFO  luonq.futu.TradeApi - trade api initialize staring...
2024-03-28 19:11:45.903 [FTAPI4JNet] INFO  luonq.futu.TradeApi - TradeApi onInitConnect: ret=0 desc= connID=7179072672603208854
2024-03-28 19:11:45.912 [FTAPI4JNet] INFO  luonq.futu.TradeApi - TradeApi onInitConnect: ret=0 desc= connID=7179072672599833143
2024-03-28 19:11:48.868 [main] INFO  luonq.futu.TradeApi - trade api initialize finish start!
2024-03-28 19:11:48.885 [main] INFO  luonq.polygon.RealTimeDataWS_DB - finish initialize many time. preTradeTime=1711632480000, openTime=1711632600000, closeCheckTime=Fri Mar 29 03:59:00 CST 2024
2024-03-28 19:11:48.984 [FTAPI4JNet] INFO  luonq.futu.TradeApi - unlock success
2024-03-28 19:11:50.550 [Grizzly(1)] INFO  luonq.polygon.RealTimeDataWS_DB - opening websocket
2024-03-28 19:11:50.626 [Grizzly(1)] INFO  luonq.polygon.RealTimeDataWS_DB - connected
2024-03-28 19:11:50.911 [Grizzly(2)] INFO  luonq.polygon.RealTimeDataWS_DB - auth_success
2024-03-28 19:11:51.641 [main] INFO  luonq.polygon.RealTimeDataWS_DB - finish init trade
2024-03-28 19:15:33.867 [main] INFO  luonq.job.XxlJobConfig - >>>>>>>>>>> xxl-job config init.
2024-03-28 19:15:36.124 [main] INFO  luonq.futu.TradeApi - trade api initialize staring...
2024-03-28 19:15:36.162 [FTAPI4JNet] INFO  luonq.futu.TradeApi - TradeApi onInitConnect: ret=0 desc= connID=7179073638381079926
2024-03-28 19:15:36.173 [FTAPI4JNet] INFO  luonq.futu.TradeApi - TradeApi onInitConnect: ret=0 desc= connID=7179073638383908628
2024-03-28 19:15:39.128 [main] INFO  luonq.futu.TradeApi - trade api initialize finish start!
2024-03-28 19:15:39.146 [main] INFO  luonq.polygon.RealTimeDataWS_DB - finish initialize many time. preTradeTime=1711632480000, openTime=1711632600000, closeCheckTime=Fri Mar 29 03:59:00 CST 2024
2024-03-28 19:15:39.247 [FTAPI4JNet] INFO  luonq.futu.TradeApi - unlock success
2024-03-28 19:15:42.273 [Grizzly(2)] INFO  luonq.polygon.RealTimeDataWS_DB - opening websocket
2024-03-28 19:15:42.396 [Grizzly(2)] INFO  luonq.polygon.RealTimeDataWS_DB - connected
2024-03-28 19:15:42.696 [Grizzly(1)] INFO  luonq.polygon.RealTimeDataWS_DB - auth_success
2024-03-28 19:15:43.338 [main] INFO  luonq.polygon.RealTimeDataWS_DB - finish init trade
2024-03-28 20:24:39.208 [main] INFO  luonq.job.XxlJobConfig - >>>>>>>>>>> xxl-job config init.
2024-03-28 20:24:51.083 [xxl-job, JobThread-10-1711628691070] INFO  luonq.job.SyncDataToDBJob - syncRehabToDB.job start
2024-03-28 20:24:52.567 [xxl-job, JobThread-10-1711628691070] INFO  luonq.data.WriteToDB - finish rehabToDB. size=3160
2024-03-28 20:24:52.649 [xxl-job, JobThread-10-1711628691070] INFO  luonq.job.SyncDataToDBJob - syncRehabToDB.job end
2024-03-28 20:25:09.910 [xxl-job, JobThread-5-1711628709905] INFO  luonq.job.GetDataJob - getEarning.job start
2024-03-28 20:25:09.928 [xxl-job, JobThread-5-1711628709905] INFO  luonq.stock.Processor - GrabEarning.getData start
2024-03-28 20:25:11.726 [xxl-job, JobThread-5-1711628709905] INFO  luonq.stock.Processor - GrabEarning.getData end. cost: 1s

2024-03-28 20:25:11.736 [xxl-job, JobThread-5-1711628709905] INFO  luonq.job.GetDataJob - getEarning.job end
2024-03-28 20:25:40.979 [xxl-job, JobThread-5-1711628709905] INFO  luonq.job.GetDataJob - getEarning.job start
2024-03-28 20:25:40.991 [xxl-job, JobThread-5-1711628709905] INFO  luonq.stock.Processor - GrabEarning.getData start
2024-03-28 20:25:42.180 [xxl-job, JobThread-5-1711628709905] INFO  luonq.stock.Processor - GrabEarning.getData end. cost: 1s

2024-03-28 20:25:42.186 [xxl-job, JobThread-5-1711628709905] INFO  luonq.job.GetDataJob - getEarning.job end
2024-03-28 20:26:24.748 [xxl-job, JobThread-5-1711628709905] INFO  luonq.job.GetDataJob - getEarning.job start
2024-03-28 20:26:24.764 [xxl-job, JobThread-5-1711628709905] INFO  luonq.stock.Processor - GrabEarning.getData start
2024-03-28 20:26:25.951 [xxl-job, JobThread-5-1711628709905] INFO  luonq.stock.Processor - GrabEarning.getData end. cost: 1s

2024-03-28 20:26:25.961 [xxl-job, JobThread-5-1711628709905] INFO  luonq.job.GetDataJob - getEarning.job end
2024-03-28 20:28:17.290 [main] INFO  luonq.job.XxlJobConfig - >>>>>>>>>>> xxl-job config init.
2024-03-28 20:28:36.564 [xxl-job, JobThread-5-1711628916548] INFO  luonq.job.GetDataJob - getEarning.job start
2024-03-28 20:28:37.437 [xxl-job, JobThread-5-1711628916548] INFO  luonq.stock.Processor - GrabEarning.getData start
2024-03-28 20:28:43.437 [xxl-job, JobThread-5-1711628916548] INFO  luonq.stock.Processor - GrabEarning.getData end. cost: 5s

2024-03-28 20:28:43.533 [xxl-job, JobThread-5-1711628916548] INFO  luonq.job.GetDataJob - getEarning.job end
2024-03-28 20:28:50.703 [xxl-job, JobThread-9-1711628930693] INFO  luonq.job.SyncDataToDBJob - syncEarningToDB.job start
2024-03-28 20:28:50.900 [xxl-job, JobThread-9-1711628930693] INFO  luonq.data.WriteToDB - sync earning finish. dateList=[2024-03-28], earning sum=161
2024-03-28 20:28:50.909 [xxl-job, JobThread-9-1711628930693] INFO  luonq.job.SyncDataToDBJob - syncEarningToDB.job end
2024-03-28 20:29:03.424 [xxl-job, JobThread-7-1711628943421] INFO  luonq.job.TradeJob - trade_DB.job start
2024-03-28 20:29:03.849 [xxl-job, JobThread-7-1711628943421] INFO  luonq.futu.TradeApi - trade api initialize staring...
2024-03-28 20:29:04.098 [FTAPI4JNet] INFO  luonq.futu.TradeApi - TradeApi onInitConnect: ret=0 desc= connID=7179092125708610327
2024-03-28 20:29:04.113 [FTAPI4JNet] INFO  luonq.futu.TradeApi - TradeApi onInitConnect: ret=0 desc= connID=7179092125707141867
2024-03-28 20:29:06.854 [xxl-job, JobThread-7-1711628943421] INFO  luonq.futu.TradeApi - trade api initialize finish start!
2024-03-28 20:29:06.884 [xxl-job, JobThread-7-1711628943421] INFO  luonq.polygon.RealTimeDataWS_DB - finish initialize many time. preTradeTime=1711632480000, openTime=1711632600000, closeCheckTime=Fri Mar 29 03:59:00 CST 2024
2024-03-28 20:29:06.985 [FTAPI4JNet] INFO  luonq.futu.TradeApi - unlock success
2024-03-28 20:29:08.153 [Grizzly(2)] INFO  luonq.polygon.RealTimeDataWS_DB - opening websocket
2024-03-28 20:29:08.300 [Grizzly(2)] INFO  luonq.polygon.RealTimeDataWS_DB - connected
2024-03-28 20:29:08.513 [Grizzly(1)] INFO  luonq.polygon.RealTimeDataWS_DB - auth_success
2024-03-28 20:29:09.298 [xxl-job, JobThread-7-1711628943421] INFO  luonq.polygon.RealTimeDataWS_DB - finish init trade
2024-03-28 20:29:11.753 [xxl-job, JobThread-7-1711628943421] INFO  luonq.polygon.RealTimeDataWS_DB - wait pre trade time. now is 20:29:11
2024-03-28 20:29:16.760 [xxl-job, JobThread-7-1711628943421] INFO  luonq.polygon.RealTimeDataWS_DB - wait pre trade time. now is 20:29:16
2024-03-28 20:29:21.768 [xxl-job, JobThread-7-1711628943421] INFO  luonq.polygon.RealTimeDataWS_DB - wait pre trade time. now is 20:29:21
2024-03-28 20:29:25.082 [pool-4-thread-1] INFO  luonq.strategy.backup.Strategy_DB - load 2024 finish
2024-03-28 20:29:26.777 [xxl-job, JobThread-7-1711628943421] INFO  luonq.polygon.RealTimeDataWS_DB - wait pre trade time. now is 20:29:26
2024-03-28 20:29:31.785 [xxl-job, JobThread-7-1711628943421] INFO  luonq.polygon.RealTimeDataWS_DB - wait pre trade time. now is 20:29:31
2024-03-28 20:29:36.794 [xxl-job, JobThread-7-1711628943421] INFO  luonq.polygon.RealTimeDataWS_DB - wait pre trade time. now is 20:29:36
2024-03-28 20:29:41.800 [xxl-job, JobThread-7-1711628943421] INFO  luonq.polygon.RealTimeDataWS_DB - wait pre trade time. now is 20:29:41
2024-03-28 20:29:46.807 [xxl-job, JobThread-7-1711628943421] INFO  luonq.polygon.RealTimeDataWS_DB - wait pre trade time. now is 20:29:46
2024-03-28 20:29:51.815 [xxl-job, JobThread-7-1711628943421] INFO  luonq.polygon.RealTimeDataWS_DB - wait pre trade time. now is 20:29:51
2024-03-28 20:30:07.211 [main] INFO  luonq.job.XxlJobConfig - >>>>>>>>>>> xxl-job config init.
2024-03-28 21:24:00.331 [xxl-job, JobThread-7-1711632240315] INFO  luonq.job.TradeJob - trade_DB.job start
2024-03-28 21:24:01.619 [xxl-job, JobThread-7-1711632240315] INFO  luonq.futu.TradeApi - trade api initialize staring...
2024-03-28 21:24:01.695 [FTAPI4JNet] INFO  luonq.futu.TradeApi - TradeApi onInitConnect: ret=0 desc= connID=7179105957570006229
2024-03-28 21:24:01.710 [FTAPI4JNet] INFO  luonq.futu.TradeApi - TradeApi onInitConnect: ret=0 desc= connID=7179105957569047345
2024-03-28 21:24:04.631 [xxl-job, JobThread-7-1711632240315] INFO  luonq.futu.TradeApi - trade api initialize finish start!
2024-03-28 21:24:04.660 [xxl-job, JobThread-7-1711632240315] INFO  luonq.polygon.RealTimeDataWS_DB - finish initialize many time. preTradeTime=1711632480000, openTime=1711632600000, closeCheckTime=Fri Mar 29 03:59:00 CST 2024
2024-03-28 21:24:04.754 [FTAPI4JNet] INFO  luonq.futu.TradeApi - unlock success
2024-03-28 21:24:06.068 [Grizzly(2)] INFO  luonq.polygon.RealTimeDataWS_DB - opening websocket
2024-03-28 21:24:06.223 [Grizzly(2)] INFO  luonq.polygon.RealTimeDataWS_DB - connected
2024-03-28 21:24:06.442 [Grizzly(1)] INFO  luonq.polygon.RealTimeDataWS_DB - auth_success
2024-03-28 21:24:07.235 [xxl-job, JobThread-7-1711632240315] INFO  luonq.polygon.RealTimeDataWS_DB - finish init trade
2024-03-28 21:24:23.252 [pool-3-thread-1] INFO  luonq.strategy.backup.Strategy_DB - load 2024 finish
2024-03-28 21:25:15.780 [pool-3-thread-2] INFO  luonq.strategy.backup.Strategy_DB - load 2023 finish
2024-03-28 21:25:17.375 [pool-3-thread-3] INFO  luonq.strategy.backup.Strategy_DB - load 2022 finish
2024-03-28 21:25:23.008 [xxl-job, JobThread-7-1711632240315] INFO  luonq.polygon.RealTimeDataWS_DB - stock latest close great 7 size: 672. data: [MEDP, FRSH, PATH, SCS, TRIP, ICLR, LVO, DFH, GRPN, XXII, NVCR, TSLA, FLGT, MYE, INBX, VIRT, BCC, WING, CEG, PRTS, BCH, HYZN, AI, GMS, SMAR, SURG, RBOT, SSNC, RAMP, AY, HPE, RCM, WMT, VITL, CLRB, AXON, HPQ, TERN, MUFG, THC, DHR, SLCA, NTAP, U, V, XPO, W, MFIC, LRCX, VLO, SFM, UDMY, THS, AXNX, NVDA, URGN, SMCI, RDY, ACI, MTCH, DVAX, ACM, VMC, SCPH, VRDN, ATHA, CKPT, SGH, BIOR, HDSN, STRL, FAST, ALXO, FND, EYEN, DOUG, ELF, AMZN, ARES, INFA, GPN, REZI, SMFL, DK, WISA, ITT, PAY, DNUT, CNXA, TALK, GPS, HRT, LITE, GRTX, ELV, TNET, WISH, DT, DV, ADV, ABEO, CHKP, EVBG, PBH, ARDX, EME, EB, CLSK, DKNG, PBYI, CIO, EM, AEL, UMC, TCOM, TKC, AER, UMH, ACHR, LFMD, TRMB, DECK, BCEL, ACHL, FA, SMFG, ONTO, BRBR, BEKE, CSCO, ROOT, DLO, DOYU, LUMN, UNH, CCCS, MSFT, BSFC, WRK, MIST, HRTG, CHMI, LQDA, GOOG, HUM, ARHS, CRBP, WSC, HUT, BITF, AGO, IRON, TMDX, TMC, HOLO, CRBG, MGNI, SSTK, INGR, NEGG, EPD, PEP, ARGX, ENTG, ISRG, STVN, HI, SONY, BRFS, AGTI, OXLC, FOUR, CLS, VERI, RMNI, ANAB, CCEP, TNP, VRT, NABL, RWAY, CMG, VNDA, CRBU, LUNG, SPOT, CRDO, BIVI, IQ, AIR, MREO, DOX, TDUP, HRTX, BSIG, ACLX, BXSL, MELI, POWL, CFLT, PUBM, ENVB, VST, VERB, FTI, ERJ, ZYME, HOOD, HXL, AFRM, MAR, CELH, AMAT, SPRY, CNM, KALV, CSGS, PGY, CSGP, GOTU, TPG, ARKO, KRNT, MBC, ASML, QUBT, KB, FTAI, KC, ACMR, PINS, EZPW, TPX, SNY, PLTR, NFLX, BCLI, JANX, DCFC, SPRC, GOSS, WFRD, ARLO, SOPA, OKTA, MGRC, OGI, UPLD, ASND, MCO, XFOR, ALC, CVNA, NEO, ADPT, IRTC, KTRA, NET, OTEX, NRDY, ODFL, TTWO, LL, XPEV, ALL, DRQ, ANET, DRS, SNPX, LOGI, LRMR, MODN, ALT, ABNB, LX, MDC, VANI, OHI, TRP, MA, SPT, TRU, AMD, HLNE, YUMC, ACON, SHCR, AMN, UNIT, MQ, DADA, SMMT, MU, DSX, ORCL, TAST, BOX, PEGA, VRNT, MX, MED, LVTX, TSM, NGL, ASPI, PFIE, SNPS, RGEN, ANF, SWAV, CRM, NN, TTD, NS, HNST, COCO, NU, XERS, NBIX, RPD, AQMS, ANY, MFG, ANGI, MUSA, MNDY, AROC, CSL, OM, DELL, QFIN, CSQ, PYPL, AAON, PDFS, AAOI, LTRN, APLS, ASRT, IMMR, MVST, MGM, PD, APLD, PI, CDNS, SLNO, FFIE, EXP, APO, APP, RCAT, MTRX, DSKE, CRKN, DUOL, MRNS, GSBD, OLK, JBI, CUE, GDDY, OLO, RRR, STX, SMSI, DOCN, ORIC, MTSI, RRX, SHIP, LEXX, DOCS, META, METC, PRDO, BSY, RSI, BAND, BROS, SUN, EPAC, SPXC, HUBB, ASTL, NTNX, NCMI, CVI, TOST, HUBS, PACK, KEX, CALM, KOPN, INTR, FLYW, HIMS, DDOG, BTTX, ALGS, PRGS, CDRE, SB, HCAT, BUD, QLYS, TXT, SE, YALA, IBN, IBP, HLTH, BDTX, CRMD, SQ, QUIK, SWI, MKC, CLBT, TYL, VRTX, ICE, RUM, MANH, CUTR, OPEN, INTA, NMR, IOVA, SILK, LOMA, VTYX, IKNA, RIOT, ATXI, TEAM, ICU, APPF, REGN, MSTR, TT, AZEK, CXW, TW, CCRN, KHC, ALIT, UPWK, PGTI, PRM, IMTX, FRGE, ONDS, FEMY, INVZ, COIN, AQST, MLM, CRON, ORLY, NUVL, CAMT, HSCS, FIVN, MNKD, SYM, HSBC, PWSC, HCP, IEP, ARVN, NOW, AMLI, PAGS, AVO, BRSH, PTC, VYGR, PERI, ORN, ALKT, AHCO, BASE, SHOP, KNSA, LMND, TNXP, NEXT, PTPI, LLY, MNMD, WU, LPRO, MDXG, MLGO, MOD, SFIX, XPOF, RYN, MOH, WBX, TIMB, MARK, TMUS, MOR, KKR, ALLK, RACE, CSTL, XP, CPNG, ZLAB, MRTN, CARR, GTLB, GWRE, SDIG, PRMW, CARG, ESPR, PETS, AYI, CRSP, BCYC, LNW, FERG, PETQ, WDC, RVPH, TGLS, RENT, KMB, PSNL, RELY, MRUS, ZD, PWR, RXRX, IDEX, LIFW, OMER, GEL, GEO, PCOR, AVAV, FTNT, TFII, HGV, AZO, LYFT, GENI, ZS, AKLI, AMPH, FSLY, MRC, PRME, TSEM, PBPB, HUMA, GFF, MRK, WEX, FUSN, DOMO, OCUL, CDZI, ANSS, EBR, FDS, QCOM, CYBR, SPCB, MIGI, FDX, CASY, RDNT, PANW, TWLO, ULTA, CRWD, GGE, DOLE, OWL, PDSB, HII, BFAM, CPRT, SCHL, GGR, PLBY, MXCT, PROK, RSKD, BIGC, TAK, GOOGL, ATAI, FROG, CGAU, VEEV, DASH, DOOR, URBN, EDR, PSTG, EDU, DBX, BLND, UWMC, HKD, NWS, GIL, WEAV, CIFR, QMCO, IREN, CAN, MYGN, ELEV, ATAT, ALRM, ADBE, GOEV, RVSN, GERN, GRND, ENLC, ALTG, SAIA, ASAN, GMDA, GDRX, TENB, AVGO, WIMI, FHI, PRST, WIX, KRP, GLBE, ADCT, CVAC, UTHR, JELD, COST, AGIO, EFX, FWONK, SPGI, FLEX, VTEX, CBZ, UBER, BKNG, DXCM, HEPS, MNST, WDAY, BAM, IOT, BECN, BAP, FIX, SVRA, KSCP, DAVA, AKRO, GETR, BOWL, YOU, STNE]
2024-03-28 21:25:23.023 [xxl-job, JobThread-7-1711632240315] INFO  luonq.polygon.RealTimeDataWS_DB - stock overbolling hit great 0.500000 size: 651. data: [MEDP, FRSH, PATH, SCS, TRIP, ICLR, LVO, DFH, GRPN, NVCR, TSLA, FLGT, MYE, INBX, VIRT, BCC, WING, CEG, PRTS, BCH, HYZN, AI, GMS, SMAR, SURG, RBOT, SSNC, RAMP, AY, HPE, RCM, WMT, VITL, CLRB, AXON, HPQ, TERN, THC, DHR, SLCA, NTAP, U, V, XPO, W, MFIC, LRCX, VLO, SFM, UDMY, THS, AXNX, NVDA, URGN, SMCI, RDY, ACI, MTCH, DVAX, ACM, VMC, SCPH, VRDN, ATHA, CKPT, SGH, BIOR, HDSN, FAST, ALXO, FND, EYEN, ELF, AMZN, ARES, INFA, GPN, REZI, SMFL, DK, WISA, ITT, PAY, DNUT, CNXA, TALK, GPS, HRT, LITE, GRTX, ELV, TNET, WISH, DT, DV, ADV, ABEO, CHKP, EVBG, PBH, ARDX, EME, EB, CLSK, DKNG, PBYI, CIO, EM, AEL, UMC, TCOM, TKC, AER, UMH, ACHR, LFMD, TRMB, DECK, BCEL, ACHL, FA, SMFG, ONTO, BRBR, BEKE, CSCO, ROOT, DLO, DOYU, LUMN, UNH, CCCS, MSFT, BSFC, WRK, MIST, HRTG, CHMI, LQDA, GOOG, HUM, ARHS, CRBP, WSC, HUT, BITF, AGO, IRON, TMDX, TMC, HOLO, CRBG, MGNI, SSTK, NEGG, PEP, ARGX, ENTG, ISRG, STVN, HI, SONY, BRFS, AGTI, OXLC, FOUR, CLS, VERI, RMNI, ANAB, CCEP, TNP, VRT, NABL, RWAY, CMG, VNDA, CRBU, LUNG, SPOT, CRDO, BIVI, IQ, AIR, MREO, TDUP, HRTX, BSIG, ACLX, BXSL, MELI, POWL, CFLT, PUBM, ENVB, VST, VERB, FTI, ERJ, ZYME, HOOD, HXL, AFRM, MAR, CELH, AMAT, SPRY, CNM, KALV, CSGS, CSGP, GOTU, TPG, ARKO, KRNT, MBC, ASML, QUBT, KB, FTAI, KC, ACMR, PINS, EZPW, TPX, SNY, PLTR, NFLX, BCLI, JANX, DCFC, SPRC, GOSS, WFRD, ARLO, SOPA, OKTA, MGRC, OGI, UPLD, ASND, MCO, XFOR, ALC, CVNA, NEO, ADPT, IRTC, KTRA, NET, OTEX, NRDY, ODFL, TTWO, LL, XPEV, ALL, ANET, DRS, SNPX, LOGI, LRMR, MODN, ALT, ABNB, LX, MDC, VANI, OHI, TRP, MA, SPT, TRU, AMD, HLNE, YUMC, ACON, SHCR, AMN, UNIT, MQ, DADA, SMMT, MU, DSX, ORCL, TAST, BOX, PEGA, VRNT, MX, MED, LVTX, TSM, NGL, ASPI, PFIE, SNPS, RGEN, ANF, SWAV, CRM, NN, TTD, NS, HNST, COCO, NU, XERS, NBIX, RPD, AQMS, ANY, MFG, ANGI, MUSA, MNDY, CSL, OM, DELL, QFIN, CSQ, PYPL, AAON, PDFS, AAOI, LTRN, APLS, ASRT, IMMR, MVST, MGM, PD, APLD, PI, CDNS, SLNO, FFIE, EXP, APO, APP, RCAT, MTRX, DSKE, CRKN, DUOL, MRNS, GSBD, OLK, JBI, CUE, GDDY, OLO, RRR, STX, SMSI, DOCN, ORIC, MTSI, RRX, SHIP, LEXX, DOCS, META, METC, PRDO, BSY, RSI, BROS, SUN, EPAC, SPXC, HUBB, ASTL, NTNX, NCMI, CVI, TOST, HUBS, PACK, KEX, CALM, KOPN, INTR, FLYW, HIMS, DDOG, BTTX, ALGS, PRGS, CDRE, HCAT, BUD, QLYS, TXT, SE, YALA, IBN, IBP, HLTH, CRMD, SQ, QUIK, SWI, MKC, CLBT, TYL, VRTX, ICE, RUM, MANH, CUTR, OPEN, INTA, NMR, IOVA, SILK, LOMA, VTYX, IKNA, RIOT, ATXI, TEAM, ICU, APPF, REGN, MSTR, TT, AZEK, CXW, TW, CCRN, KHC, ALIT, UPWK, PGTI, PRM, IMTX, FRGE, ONDS, FEMY, INVZ, COIN, AQST, MLM, CRON, ORLY, NUVL, CAMT, HSCS, FIVN, MNKD, SYM, HSBC, PWSC, HCP, IEP, ARVN, NOW, AMLI, PAGS, AVO, BRSH, PTC, VYGR, PERI, ORN, ALKT, AHCO, BASE, SHOP, KNSA, LMND, TNXP, PTPI, LLY, MNMD, WU, LPRO, MDXG, MLGO, MOD, SFIX, XPOF, RYN, MOH, WBX, TIMB, MARK, TMUS, MOR, KKR, ALLK, RACE, CSTL, XP, CPNG, ZLAB, MRTN, CARR, GTLB, GWRE, SDIG, PRMW, CARG, ESPR, PETS, AYI, CRSP, BCYC, LNW, FERG, PETQ, WDC, RVPH, TGLS, RENT, KMB, PSNL, RELY, MRUS, ZD, PWR, RXRX, IDEX, LIFW, OMER, GEL, GEO, PCOR, AVAV, FTNT, TFII, HGV, AZO, LYFT, GENI, AKLI, AMPH, FSLY, MRC, PRME, TSEM, PBPB, HUMA, GFF, FUSN, DOMO, OCUL, CDZI, ANSS, EBR, FDS, QCOM, CYBR, SPCB, MIGI, FDX, CASY, RDNT, PANW, TWLO, ULTA, CRWD, GGE, DOLE, OWL, PDSB, BFAM, CPRT, SCHL, GGR, PLBY, MXCT, PROK, RSKD, BIGC, TAK, GOOGL, ATAI, FROG, CGAU, VEEV, DASH, DOOR, URBN, EDR, PSTG, EDU, DBX, BLND, UWMC, HKD, NWS, GIL, WEAV, CIFR, QMCO, IREN, CAN, MYGN, ELEV, ATAT, ALRM, ADBE, GOEV, RVSN, GERN, GRND, ENLC, SAIA, ASAN, GMDA, GDRX, TENB, AVGO, WIMI, FHI, PRST, WIX, KRP, GLBE, ADCT, CVAC, UTHR, JELD, AGIO, EFX, FWONK, SPGI, FLEX, VTEX, CBZ, UBER, BKNG, DXCM, HEPS, MNST, WDAY, BAM, IOT, BECN, BAP, FIX, SVRA, DAVA, AKRO, GETR, BOWL, YOU, STNE]
2024-03-28 21:25:23.025 [xxl-job, JobThread-7-1711632240315] INFO  luonq.polygon.RealTimeDataWS_DB - filter merge stock, the stock set size is 651. data: [MEDP, FRSH, PATH, SCS, TRIP, ICLR, LVO, DFH, GRPN, NVCR, TSLA, FLGT, MYE, INBX, VIRT, BCC, WING, CEG, PRTS, BCH, HYZN, AI, GMS, SMAR, SURG, RBOT, SSNC, RAMP, AY, HPE, RCM, WMT, VITL, CLRB, AXON, HPQ, TERN, THC, DHR, SLCA, NTAP, U, V, XPO, W, MFIC, LRCX, VLO, SFM, UDMY, THS, AXNX, NVDA, URGN, SMCI, RDY, ACI, MTCH, DVAX, ACM, VMC, SCPH, VRDN, ATHA, CKPT, SGH, BIOR, HDSN, FAST, ALXO, FND, EYEN, ELF, AMZN, ARES, INFA, GPN, REZI, SMFL, DK, WISA, ITT, PAY, DNUT, CNXA, TALK, GPS, HRT, LITE, GRTX, ELV, TNET, WISH, DT, DV, ADV, ABEO, CHKP, EVBG, PBH, ARDX, EME, EB, CLSK, DKNG, PBYI, CIO, EM, AEL, UMC, TCOM, TKC, AER, UMH, ACHR, LFMD, TRMB, DECK, BCEL, ACHL, FA, SMFG, ONTO, BRBR, BEKE, CSCO, ROOT, DLO, DOYU, LUMN, UNH, CCCS, MSFT, BSFC, WRK, MIST, HRTG, CHMI, LQDA, GOOG, HUM, ARHS, CRBP, WSC, HUT, BITF, AGO, IRON, TMDX, TMC, HOLO, CRBG, MGNI, SSTK, NEGG, PEP, ARGX, ENTG, ISRG, STVN, HI, SONY, BRFS, AGTI, OXLC, FOUR, CLS, VERI, RMNI, ANAB, CCEP, TNP, VRT, NABL, RWAY, CMG, VNDA, CRBU, LUNG, SPOT, CRDO, BIVI, IQ, AIR, MREO, TDUP, HRTX, BSIG, ACLX, BXSL, MELI, POWL, CFLT, PUBM, ENVB, VST, VERB, FTI, ERJ, ZYME, HOOD, HXL, AFRM, MAR, CELH, AMAT, SPRY, CNM, KALV, CSGS, CSGP, GOTU, TPG, ARKO, KRNT, MBC, ASML, QUBT, KB, FTAI, KC, ACMR, PINS, EZPW, TPX, SNY, PLTR, NFLX, BCLI, JANX, DCFC, SPRC, GOSS, WFRD, ARLO, SOPA, OKTA, MGRC, OGI, UPLD, ASND, MCO, XFOR, ALC, CVNA, NEO, ADPT, IRTC, KTRA, NET, OTEX, NRDY, ODFL, TTWO, LL, XPEV, ALL, ANET, DRS, SNPX, LOGI, LRMR, MODN, ALT, ABNB, LX, MDC, VANI, OHI, TRP, MA, SPT, TRU, AMD, HLNE, YUMC, ACON, SHCR, AMN, UNIT, MQ, DADA, SMMT, MU, DSX, ORCL, TAST, BOX, PEGA, VRNT, MX, MED, LVTX, TSM, NGL, ASPI, PFIE, SNPS, RGEN, ANF, SWAV, CRM, NN, TTD, NS, HNST, COCO, NU, XERS, NBIX, RPD, AQMS, ANY, MFG, ANGI, MUSA, MNDY, CSL, OM, DELL, QFIN, CSQ, PYPL, AAON, PDFS, AAOI, LTRN, APLS, ASRT, IMMR, MVST, MGM, PD, APLD, PI, CDNS, SLNO, FFIE, EXP, APO, APP, RCAT, MTRX, DSKE, CRKN, DUOL, MRNS, GSBD, OLK, JBI, CUE, GDDY, OLO, RRR, STX, SMSI, DOCN, ORIC, MTSI, RRX, SHIP, LEXX, DOCS, META, METC, PRDO, BSY, RSI, BROS, SUN, EPAC, SPXC, HUBB, ASTL, NTNX, NCMI, CVI, TOST, HUBS, PACK, KEX, CALM, KOPN, INTR, FLYW, HIMS, DDOG, BTTX, ALGS, PRGS, CDRE, HCAT, BUD, QLYS, TXT, SE, YALA, IBN, IBP, HLTH, CRMD, SQ, QUIK, SWI, MKC, CLBT, TYL, VRTX, ICE, RUM, MANH, CUTR, OPEN, INTA, NMR, IOVA, SILK, LOMA, VTYX, IKNA, RIOT, ATXI, TEAM, ICU, APPF, REGN, MSTR, TT, AZEK, CXW, TW, CCRN, KHC, ALIT, UPWK, PGTI, PRM, IMTX, FRGE, ONDS, FEMY, INVZ, COIN, AQST, MLM, CRON, ORLY, NUVL, CAMT, HSCS, FIVN, MNKD, SYM, HSBC, PWSC, HCP, IEP, ARVN, NOW, AMLI, PAGS, AVO, BRSH, PTC, VYGR, PERI, ORN, ALKT, AHCO, BASE, SHOP, KNSA, LMND, TNXP, PTPI, LLY, MNMD, WU, LPRO, MDXG, MLGO, MOD, SFIX, XPOF, RYN, MOH, WBX, TIMB, MARK, TMUS, MOR, KKR, ALLK, RACE, CSTL, XP, CPNG, ZLAB, MRTN, CARR, GTLB, GWRE, SDIG, PRMW, CARG, ESPR, PETS, AYI, CRSP, BCYC, LNW, FERG, PETQ, WDC, RVPH, TGLS, RENT, KMB, PSNL, RELY, MRUS, ZD, PWR, RXRX, IDEX, LIFW, OMER, GEL, GEO, PCOR, AVAV, FTNT, TFII, HGV, AZO, LYFT, GENI, AKLI, AMPH, FSLY, MRC, PRME, TSEM, PBPB, HUMA, GFF, FUSN, DOMO, OCUL, CDZI, ANSS, EBR, FDS, QCOM, CYBR, SPCB, MIGI, FDX, CASY, RDNT, PANW, TWLO, ULTA, CRWD, GGE, DOLE, OWL, PDSB, BFAM, CPRT, SCHL, GGR, PLBY, MXCT, PROK, RSKD, BIGC, TAK, GOOGL, ATAI, FROG, CGAU, VEEV, DASH, DOOR, URBN, EDR, PSTG, EDU, DBX, BLND, UWMC, HKD, NWS, GIL, WEAV, CIFR, QMCO, IREN, CAN, MYGN, ELEV, ATAT, ALRM, ADBE, GOEV, RVSN, GERN, GRND, ENLC, SAIA, ASAN, GMDA, GDRX, TENB, AVGO, WIMI, FHI, PRST, WIX, KRP, GLBE, ADCT, CVAC, UTHR, JELD, AGIO, EFX, FWONK, SPGI, FLEX, VTEX, CBZ, UBER, BKNG, DXCM, HEPS, MNST, WDAY, BAM, IOT, BECN, BAP, FIX, SVRA, DAVA, AKRO, GETR, BOWL, YOU, STNE]
2024-03-28 21:25:23.032 [xxl-job, JobThread-7-1711632240315] INFO  luonq.polygon.RealTimeDataWS_DB - filter split stock, the stock set size is 650. data: [MEDP, FRSH, PATH, SCS, TRIP, ICLR, LVO, DFH, GRPN, NVCR, TSLA, FLGT, MYE, INBX, VIRT, BCC, WING, CEG, PRTS, BCH, HYZN, AI, GMS, SMAR, SURG, RBOT, SSNC, RAMP, AY, HPE, RCM, WMT, VITL, CLRB, AXON, HPQ, TERN, THC, DHR, SLCA, NTAP, U, V, XPO, W, MFIC, LRCX, VLO, SFM, UDMY, THS, AXNX, NVDA, URGN, SMCI, RDY, ACI, MTCH, DVAX, ACM, VMC, SCPH, VRDN, ATHA, CKPT, SGH, BIOR, HDSN, FAST, ALXO, FND, EYEN, ELF, AMZN, ARES, INFA, GPN, REZI, SMFL, DK, WISA, ITT, PAY, DNUT, CNXA, TALK, GPS, HRT, LITE, GRTX, ELV, TNET, WISH, DT, DV, ADV, ABEO, CHKP, EVBG, PBH, ARDX, EME, EB, CLSK, DKNG, PBYI, CIO, EM, AEL, UMC, TCOM, TKC, AER, UMH, ACHR, LFMD, TRMB, DECK, BCEL, ACHL, FA, SMFG, ONTO, BRBR, BEKE, CSCO, ROOT, DLO, DOYU, LUMN, UNH, CCCS, MSFT, BSFC, WRK, MIST, HRTG, CHMI, LQDA, GOOG, HUM, ARHS, CRBP, WSC, HUT, BITF, AGO, IRON, TMDX, TMC, HOLO, CRBG, MGNI, SSTK, NEGG, PEP, ARGX, ENTG, ISRG, STVN, HI, SONY, BRFS, AGTI, OXLC, FOUR, CLS, VERI, RMNI, ANAB, CCEP, TNP, VRT, NABL, RWAY, CMG, VNDA, CRBU, LUNG, SPOT, CRDO, BIVI, IQ, AIR, MREO, TDUP, HRTX, BSIG, ACLX, BXSL, MELI, POWL, CFLT, PUBM, ENVB, VST, VERB, FTI, ERJ, ZYME, HOOD, HXL, AFRM, MAR, CELH, AMAT, SPRY, CNM, KALV, CSGS, CSGP, GOTU, TPG, ARKO, KRNT, MBC, ASML, QUBT, KB, FTAI, KC, ACMR, PINS, EZPW, TPX, SNY, PLTR, NFLX, BCLI, JANX, DCFC, SPRC, GOSS, WFRD, ARLO, SOPA, OKTA, MGRC, OGI, UPLD, ASND, MCO, XFOR, ALC, CVNA, NEO, ADPT, IRTC, KTRA, NET, OTEX, NRDY, ODFL, TTWO, LL, XPEV, ALL, ANET, DRS, SNPX, LOGI, LRMR, MODN, ALT, ABNB, LX, MDC, VANI, OHI, TRP, MA, SPT, TRU, AMD, HLNE, YUMC, ACON, SHCR, AMN, UNIT, MQ, DADA, SMMT, MU, DSX, ORCL, TAST, BOX, PEGA, VRNT, MX, MED, LVTX, TSM, NGL, ASPI, PFIE, SNPS, RGEN, ANF, SWAV, CRM, NN, TTD, NS, HNST, COCO, NU, XERS, NBIX, RPD, AQMS, ANY, MFG, ANGI, MUSA, MNDY, CSL, OM, DELL, QFIN, CSQ, PYPL, AAON, PDFS, AAOI, LTRN, APLS, ASRT, IMMR, MVST, MGM, PD, APLD, PI, CDNS, SLNO, FFIE, EXP, APO, APP, RCAT, MTRX, DSKE, CRKN, DUOL, MRNS, GSBD, OLK, JBI, CUE, GDDY, OLO, RRR, STX, SMSI, DOCN, ORIC, MTSI, RRX, SHIP, LEXX, DOCS, META, METC, PRDO, BSY, RSI, BROS, SUN, EPAC, SPXC, HUBB, ASTL, NTNX, NCMI, CVI, TOST, HUBS, PACK, KEX, CALM, KOPN, INTR, FLYW, HIMS, DDOG, BTTX, ALGS, PRGS, CDRE, HCAT, BUD, QLYS, TXT, SE, YALA, IBN, IBP, HLTH, CRMD, SQ, QUIK, SWI, MKC, CLBT, TYL, VRTX, ICE, RUM, MANH, CUTR, OPEN, INTA, NMR, IOVA, SILK, LOMA, VTYX, IKNA, RIOT, ATXI, TEAM, ICU, APPF, REGN, MSTR, TT, AZEK, CXW, TW, CCRN, KHC, ALIT, UPWK, PGTI, PRM, IMTX, FRGE, ONDS, FEMY, INVZ, COIN, AQST, MLM, CRON, ORLY, NUVL, CAMT, HSCS, FIVN, MNKD, SYM, HSBC, PWSC, HCP, IEP, ARVN, NOW, AMLI, PAGS, AVO, BRSH, PTC, VYGR, PERI, ORN, ALKT, AHCO, BASE, SHOP, KNSA, LMND, TNXP, PTPI, LLY, MNMD, WU, LPRO, MDXG, MLGO, MOD, SFIX, XPOF, RYN, MOH, WBX, TIMB, MARK, TMUS, MOR, KKR, ALLK, RACE, CSTL, XP, CPNG, ZLAB, MRTN, CARR, GTLB, GWRE, SDIG, PRMW, CARG, ESPR, PETS, AYI, CRSP, BCYC, LNW, FERG, PETQ, WDC, RVPH, TGLS, RENT, KMB, PSNL, RELY, MRUS, ZD, PWR, RXRX, IDEX, LIFW, OMER, GEL, GEO, PCOR, AVAV, FTNT, TFII, HGV, AZO, LYFT, GENI, AKLI, AMPH, FSLY, MRC, PRME, TSEM, PBPB, HUMA, GFF, FUSN, DOMO, OCUL, CDZI, ANSS, EBR, FDS, QCOM, CYBR, SPCB, MIGI, FDX, CASY, RDNT, PANW, TWLO, ULTA, CRWD, GGE, DOLE, OWL, PDSB, BFAM, CPRT, SCHL, GGR, PLBY, MXCT, PROK, RSKD, BIGC, TAK, GOOGL, ATAI, FROG, CGAU, VEEV, DASH, DOOR, URBN, EDR, PSTG, EDU, DBX, BLND, UWMC, HKD, NWS, GIL, WEAV, CIFR, QMCO, IREN, CAN, MYGN, ELEV, ATAT, ALRM, ADBE, GOEV, RVSN, GERN, GRND, ENLC, SAIA, ASAN, GMDA, GDRX, TENB, AVGO, WIMI, FHI, PRST, WIX, KRP, GLBE, ADCT, CVAC, UTHR, JELD, AGIO, EFX, FWONK, SPGI, FLEX, VTEX, CBZ, UBER, BKNG, DXCM, HEPS, WDAY, BAM, IOT, BECN, BAP, FIX, SVRA, DAVA, AKRO, GETR, BOWL, YOU, STNE]
2024-03-28 21:25:23.834 [xxl-job, JobThread-7-1711632240315] INFO  luonq.polygon.RealTimeDataWS_DB - filter front reinstatement less 0.98 stock, the stock set size is 621. data: [MEDP, FRSH, PATH, SCS, TRIP, ICLR, LVO, DFH, GRPN, NVCR, TSLA, FLGT, MYE, INBX, VIRT, BCC, WING, CEG, PRTS, HYZN, AI, GMS, SMAR, SURG, RBOT, SSNC, RAMP, HPE, RCM, WMT, VITL, CLRB, AXON, HPQ, TERN, THC, DHR, SLCA, NTAP, U, V, XPO, W, LRCX, VLO, SFM, UDMY, THS, AXNX, NVDA, URGN, SMCI, RDY, ACI, MTCH, DVAX, ACM, VMC, SCPH, VRDN, ATHA, CKPT, SGH, BIOR, HDSN, FAST, ALXO, FND, EYEN, ELF, AMZN, ARES, INFA, GPN, REZI, SMFL, DK, WISA, ITT, PAY, DNUT, CNXA, TALK, GPS, HRT, LITE, GRTX, ELV, TNET, WISH, DT, DV, ADV, ABEO, CHKP, EVBG, PBH, ARDX, EME, EB, CLSK, DKNG, PBYI, CIO, EM, AEL, UMC, TCOM, TKC, AER, UMH, ACHR, LFMD, TRMB, DECK, BCEL, ACHL, SMFG, ONTO, BRBR, BEKE, CSCO, ROOT, DLO, DOYU, LUMN, UNH, CCCS, MSFT, BSFC, WRK, MIST, HRTG, LQDA, GOOG, HUM, CRBP, WSC, HUT, BITF, AGO, IRON, TMDX, TMC, HOLO, CRBG, MGNI, SSTK, NEGG, PEP, ARGX, ENTG, ISRG, STVN, HI, SONY, BRFS, AGTI, OXLC, FOUR, CLS, VERI, RMNI, ANAB, TNP, VRT, NABL, CMG, VNDA, CRBU, LUNG, SPOT, CRDO, BIVI, IQ, AIR, MREO, TDUP, HRTX, BSIG, ACLX, MELI, POWL, CFLT, PUBM, ENVB, VST, VERB, FTI, ERJ, ZYME, HOOD, HXL, AFRM, MAR, AMAT, SPRY, CNM, KALV, CSGS, CSGP, GOTU, TPG, ARKO, KRNT, MBC, ASML, QUBT, KB, FTAI, KC, ACMR, PINS, EZPW, TPX, PLTR, NFLX, BCLI, JANX, DCFC, SPRC, GOSS, WFRD, ARLO, SOPA, OKTA, MGRC, OGI, UPLD, ASND, MCO, XFOR, ALC, CVNA, NEO, ADPT, IRTC, KTRA, NET, OTEX, NRDY, TTWO, LL, XPEV, ALL, ANET, DRS, SNPX, LOGI, LRMR, MODN, ALT, ABNB, MDC, VANI, TRP, MA, SPT, TRU, AMD, HLNE, YUMC, ACON, SHCR, AMN, MQ, DADA, SMMT, MU, ORCL, TAST, BOX, PEGA, VRNT, MX, LVTX, TSM, NGL, ASPI, PFIE, SNPS, RGEN, ANF, SWAV, CRM, NN, TTD, NS, HNST, COCO, NU, XERS, NBIX, RPD, AQMS, ANY, MFG, ANGI, MUSA, MNDY, CSL, OM, DELL, CSQ, PYPL, AAON, PDFS, AAOI, LTRN, APLS, ASRT, IMMR, MVST, MGM, PD, APLD, PI, CDNS, SLNO, FFIE, EXP, APO, APP, RCAT, MTRX, DSKE, CRKN, DUOL, MRNS, OLK, JBI, CUE, GDDY, OLO, RRR, STX, SMSI, DOCN, ORIC, MTSI, RRX, SHIP, LEXX, DOCS, META, METC, PRDO, BSY, RSI, BROS, SUN, EPAC, SPXC, HUBB, ASTL, NTNX, NCMI, CVI, TOST, HUBS, PACK, KEX, CALM, KOPN, INTR, FLYW, HIMS, DDOG, BTTX, ALGS, PRGS, CDRE, HCAT, BUD, QLYS, TXT, SE, YALA, IBN, IBP, HLTH, CRMD, SQ, QUIK, SWI, MKC, CLBT, TYL, VRTX, ICE, RUM, MANH, CUTR, OPEN, INTA, NMR, IOVA, SILK, VTYX, IKNA, RIOT, ATXI, TEAM, ICU, APPF, REGN, MSTR, TT, AZEK, CXW, TW, CCRN, KHC, ALIT, UPWK, PGTI, PRM, IMTX, FRGE, ONDS, FEMY, INVZ, COIN, AQST, MLM, CRON, ORLY, NUVL, CAMT, HSCS, FIVN, MNKD, SYM, PWSC, HCP, ARVN, NOW, AMLI, PAGS, AVO, BRSH, PTC, VYGR, PERI, ORN, ALKT, AHCO, BASE, SHOP, KNSA, LMND, TNXP, PTPI, LLY, MNMD, WU, LPRO, MDXG, MLGO, MOD, SFIX, XPOF, RYN, MOH, WBX, TIMB, MARK, TMUS, MOR, KKR, ALLK, RACE, CSTL, CPNG, ZLAB, MRTN, CARR, GTLB, GWRE, SDIG, PRMW, CARG, ESPR, AYI, CRSP, BCYC, LNW, FERG, PETQ, WDC, RVPH, TGLS, RENT, KMB, PSNL, RELY, MRUS, ZD, PWR, RXRX, IDEX, LIFW, OMER, GEL, GEO, PCOR, AVAV, FTNT, TFII, HGV, AZO, LYFT, GENI, AKLI, AMPH, FSLY, MRC, PRME, TSEM, PBPB, HUMA, GFF, FUSN, DOMO, OCUL, CDZI, ANSS, EBR, FDS, QCOM, CYBR, SPCB, MIGI, FDX, CASY, RDNT, PANW, TWLO, ULTA, CRWD, GGE, DOLE, OWL, PDSB, BFAM, SCHL, GGR, PLBY, MXCT, PROK, RSKD, BIGC, GOOGL, ATAI, FROG, CGAU, VEEV, DASH, DOOR, URBN, EDR, PSTG, EDU, DBX, BLND, UWMC, HKD, NWS, GIL, WEAV, CIFR, QMCO, IREN, CAN, MYGN, ELEV, ATAT, ALRM, ADBE, GOEV, RVSN, GERN, GRND, ENLC, SAIA, ASAN, GMDA, GDRX, TENB, AVGO, WIMI, FHI, PRST, WIX, GLBE, ADCT, CVAC, UTHR, JELD, AGIO, EFX, FWONK, SPGI, VTEX, CBZ, UBER, BKNG, DXCM, HEPS, WDAY, BAM, IOT, BECN, FIX, SVRA, DAVA, AKRO, GETR, BOWL, YOU, STNE]
2024-03-28 21:25:23.837 [xxl-job, JobThread-7-1711632240315] INFO  luonq.polygon.RealTimeDataWS_DB - filter earning and lastEarning stock, the stock set size is 604. data: [MEDP, FRSH, PATH, SCS, TRIP, ICLR, LVO, DFH, GRPN, NVCR, TSLA, FLGT, MYE, INBX, VIRT, BCC, WING, CEG, PRTS, HYZN, AI, GMS, SMAR, SURG, RBOT, SSNC, RAMP, HPE, RCM, WMT, VITL, AXON, HPQ, TERN, THC, DHR, SLCA, NTAP, U, V, XPO, W, LRCX, VLO, SFM, UDMY, THS, AXNX, NVDA, URGN, SMCI, RDY, ACI, MTCH, DVAX, ACM, VMC, SCPH, VRDN, ATHA, CKPT, SGH, HDSN, FAST, ALXO, FND, EYEN, ELF, AMZN, ARES, INFA, GPN, REZI, SMFL, DK, WISA, ITT, PAY, DNUT, CNXA, TALK, GPS, HRT, LITE, ELV, TNET, WISH, DT, DV, ADV, ABEO, CHKP, EVBG, PBH, ARDX, EME, EB, CLSK, DKNG, PBYI, CIO, AEL, UMC, TCOM, TKC, AER, UMH, ACHR, LFMD, TRMB, DECK, BCEL, SMFG, ONTO, BRBR, BEKE, CSCO, ROOT, DLO, DOYU, LUMN, UNH, CCCS, MSFT, BSFC, WRK, MIST, HRTG, LQDA, GOOG, HUM, CRBP, WSC, HUT, BITF, AGO, IRON, TMDX, TMC, HOLO, CRBG, MGNI, SSTK, NEGG, PEP, ARGX, ENTG, ISRG, STVN, HI, SONY, BRFS, AGTI, OXLC, FOUR, CLS, VERI, RMNI, ANAB, VRT, NABL, CMG, VNDA, CRBU, LUNG, SPOT, CRDO, BIVI, IQ, AIR, MREO, TDUP, HRTX, BSIG, ACLX, MELI, POWL, CFLT, PUBM, ENVB, VST, VERB, FTI, ERJ, ZYME, HOOD, HXL, AFRM, MAR, AMAT, SPRY, CNM, KALV, CSGS, CSGP, GOTU, TPG, ARKO, KRNT, MBC, ASML, QUBT, KB, FTAI, KC, ACMR, PINS, EZPW, TPX, PLTR, NFLX, JANX, DCFC, SPRC, GOSS, WFRD, ARLO, SOPA, OKTA, MGRC, OGI, UPLD, ASND, MCO, XFOR, ALC, CVNA, NEO, ADPT, IRTC, KTRA, NET, OTEX, NRDY, TTWO, LL, XPEV, ALL, ANET, DRS, SNPX, LOGI, LRMR, MODN, ABNB, MDC, VANI, TRP, MA, SPT, TRU, AMD, HLNE, YUMC, ACON, SHCR, AMN, MQ, DADA, SMMT, MU, ORCL, TAST, BOX, PEGA, MX, LVTX, TSM, NGL, ASPI, PFIE, SNPS, RGEN, ANF, SWAV, CRM, NN, TTD, NS, HNST, COCO, NU, XERS, NBIX, RPD, ANY, MFG, ANGI, MUSA, MNDY, CSL, OM, DELL, CSQ, PYPL, AAON, PDFS, AAOI, LTRN, APLS, ASRT, IMMR, MVST, MGM, PD, APLD, PI, CDNS, SLNO, FFIE, EXP, APO, APP, RCAT, MTRX, DSKE, CRKN, DUOL, MRNS, OLK, JBI, CUE, GDDY, OLO, RRR, STX, SMSI, DOCN, ORIC, MTSI, RRX, SHIP, LEXX, DOCS, META, METC, PRDO, BSY, RSI, BROS, SUN, EPAC, SPXC, HUBB, ASTL, NTNX, NCMI, CVI, TOST, HUBS, PACK, KEX, CALM, KOPN, INTR, FLYW, HIMS, DDOG, ALGS, CDRE, HCAT, BUD, QLYS, TXT, SE, YALA, IBN, IBP, HLTH, CRMD, SQ, QUIK, SWI, MKC, CLBT, TYL, VRTX, ICE, RUM, MANH, CUTR, OPEN, INTA, NMR, IOVA, SILK, VTYX, IKNA, RIOT, ATXI, TEAM, ICU, APPF, REGN, MSTR, TT, AZEK, CXW, TW, CCRN, KHC, ALIT, UPWK, PGTI, PRM, IMTX, ONDS, FEMY, INVZ, COIN, AQST, MLM, CRON, ORLY, NUVL, CAMT, HSCS, FIVN, MNKD, SYM, PWSC, HCP, ARVN, NOW, AMLI, PAGS, AVO, BRSH, PTC, VYGR, PERI, ORN, ALKT, AHCO, BASE, SHOP, KNSA, LMND, TNXP, PTPI, LLY, MNMD, WU, LPRO, MDXG, MLGO, MOD, SFIX, XPOF, RYN, MOH, WBX, TIMB, MARK, TMUS, MOR, KKR, ALLK, RACE, CSTL, CPNG, ZLAB, MRTN, CARR, GTLB, GWRE, SDIG, PRMW, CARG, ESPR, AYI, CRSP, BCYC, LNW, FERG, PETQ, WDC, TGLS, RENT, KMB, PSNL, RELY, MRUS, ZD, PWR, RXRX, IDEX, LIFW, OMER, GEL, GEO, PCOR, AVAV, FTNT, TFII, HGV, AZO, LYFT, GENI, AKLI, AMPH, FSLY, MRC, PRME, TSEM, PBPB, HUMA, GFF, FUSN, DOMO, OCUL, CDZI, ANSS, EBR, FDS, QCOM, CYBR, SPCB, MIGI, FDX, CASY, RDNT, PANW, TWLO, ULTA, CRWD, GGE, DOLE, OWL, BFAM, SCHL, GGR, MXCT, PROK, RSKD, BIGC, GOOGL, ATAI, FROG, CGAU, VEEV, DASH, DOOR, URBN, EDR, PSTG, EDU, DBX, BLND, UWMC, HKD, NWS, GIL, WEAV, CIFR, QMCO, IREN, CAN, MYGN, ELEV, ATAT, ALRM, ADBE, GOEV, RVSN, GERN, GRND, ENLC, SAIA, ASAN, GDRX, TENB, AVGO, WIMI, FHI, PRST, WIX, GLBE, ADCT, CVAC, UTHR, JELD, AGIO, EFX, FWONK, SPGI, VTEX, CBZ, UBER, BKNG, DXCM, HEPS, WDAY, BAM, IOT, BECN, FIX, SVRA, DAVA, AKRO, GETR, BOWL, YOU, STNE]
2024-03-28 21:25:23.837 [xxl-job, JobThread-7-1711632240315] INFO  luonq.polygon.RealTimeDataWS_DB - after filte: [MEDP, FRSH, PATH, SCS, TRIP, ICLR, LVO, DFH, GRPN, NVCR, TSLA, FLGT, MYE, INBX, VIRT, BCC, WING, CEG, PRTS, HYZN, AI, GMS, SMAR, SURG, RBOT, SSNC, RAMP, HPE, RCM, WMT, VITL, AXON, HPQ, TERN, THC, DHR, SLCA, NTAP, U, V, XPO, W, LRCX, VLO, SFM, UDMY, THS, AXNX, NVDA, URGN, SMCI, RDY, ACI, MTCH, DVAX, ACM, VMC, SCPH, VRDN, ATHA, CKPT, SGH, HDSN, FAST, ALXO, FND, EYEN, ELF, AMZN, ARES, INFA, GPN, REZI, DK, ITT, PAY, DNUT, CNXA, TALK, GPS, HRT, LITE, ELV, TNET, DT, DV, ADV, ABEO, CHKP, EVBG, PBH, ARDX, EME, EB, CLSK, DKNG, PBYI, CIO, AEL, UMC, TCOM, TKC, AER, UMH, ACHR, LFMD, TRMB, DECK, BCEL, ONTO, BRBR, BEKE, CSCO, ROOT, DLO, DOYU, LUMN, UNH, CCCS, MSFT, BSFC, WRK, MIST, HRTG, LQDA, GOOG, HUM, WSC, HUT, BITF, AGO, IRON, TMDX, TMC, HOLO, CRBG, MGNI, SSTK, NEGG, PEP, ARGX, ENTG, ISRG, STVN, HI, SONY, BRFS, AGTI, OXLC, FOUR, CLS, VERI, RMNI, ANAB, VRT, NABL, CMG, VNDA, CRBU, LUNG, SPOT, CRDO, BIVI, IQ, AIR, MREO, TDUP, HRTX, BSIG, ACLX, MELI, POWL, CFLT, PUBM, ENVB, VST, FTI, ERJ, ZYME, HOOD, HXL, AFRM, MAR, AMAT, SPRY, CNM, KALV, CSGS, CSGP, GOTU, TPG, ARKO, KRNT, MBC, ASML, QUBT, KB, FTAI, KC, ACMR, PINS, EZPW, TPX, PLTR, NFLX, JANX, SPRC, GOSS, WFRD, ARLO, SOPA, OKTA, MGRC, OGI, UPLD, ASND, MCO, XFOR, ALC, CVNA, NEO, ADPT, IRTC, KTRA, NET, OTEX, NRDY, TTWO, LL, XPEV, ALL, ANET, DRS, SNPX, LOGI, LRMR, MODN, ABNB, MDC, VANI, TRP, MA, SPT, TRU, AMD, HLNE, YUMC, ACON, SHCR, AMN, MQ, DADA, SMMT, MU, ORCL, TAST, BOX, PEGA, MX, LVTX, TSM, NGL, ASPI, PFIE, SNPS, RGEN, ANF, SWAV, CRM, NN, TTD, NS, HNST, COCO, NU, XERS, NBIX, RPD, ANY, MFG, ANGI, MUSA, MNDY, CSL, OM, DELL, CSQ, PYPL, AAON, PDFS, AAOI, LTRN, APLS, ASRT, IMMR, MVST, MGM, PD, APLD, PI, CDNS, SLNO, FFIE, EXP, APO, APP, RCAT, MTRX, DSKE, CRKN, DUOL, MRNS, OLK, JBI, CUE, GDDY, OLO, RRR, STX, SMSI, DOCN, ORIC, MTSI, RRX, LEXX, DOCS, META, METC, PRDO, BSY, RSI, BROS, SUN, EPAC, SPXC, HUBB, ASTL, NTNX, NCMI, CVI, TOST, HUBS, PACK, KEX, CALM, KOPN, INTR, FLYW, HIMS, DDOG, ALGS, CDRE, HCAT, BUD, QLYS, TXT, SE, YALA, IBN, IBP, HLTH, CRMD, SQ, QUIK, SWI, MKC, CLBT, TYL, VRTX, ICE, RUM, MANH, CUTR, OPEN, INTA, NMR, IOVA, SILK, VTYX, IKNA, RIOT, ATXI, TEAM, ICU, APPF, REGN, MSTR, TT, AZEK, CXW, TW, CCRN, KHC, ALIT, UPWK, PGTI, PRM, IMTX, ONDS, FEMY, INVZ, COIN, AQST, MLM, CRON, ORLY, NUVL, CAMT, HSCS, FIVN, MNKD, SYM, PWSC, HCP, ARVN, NOW, AMLI, PAGS, AVO, BRSH, PTC, VYGR, PERI, ORN, ALKT, AHCO, BASE, SHOP, KNSA, LMND, PTPI, LLY, MNMD, WU, LPRO, MDXG, MLGO, MOD, SFIX, XPOF, RYN, MOH, WBX, TIMB, MARK, TMUS, MOR, KKR, ALLK, RACE, CSTL, CPNG, ZLAB, MRTN, CARR, GTLB, GWRE, PRMW, CARG, ESPR, AYI, CRSP, BCYC, LNW, FERG, PETQ, WDC, TGLS, RENT, KMB, PSNL, RELY, MRUS, ZD, PWR, RXRX, IDEX, LIFW, OMER, GEL, GEO, PCOR, AVAV, FTNT, TFII, HGV, AZO, LYFT, GENI, AKLI, AMPH, FSLY, MRC, PRME, TSEM, PBPB, HUMA, GFF, FUSN, DOMO, OCUL, CDZI, ANSS, EBR, FDS, QCOM, CYBR, SPCB, FDX, CASY, RDNT, PANW, TWLO, ULTA, CRWD, GGE, DOLE, OWL, BFAM, SCHL, GGR, MXCT, PROK, RSKD, BIGC, GOOGL, ATAI, FROG, CGAU, VEEV, DASH, DOOR, URBN, EDR, PSTG, EDU, DBX, BLND, UWMC, HKD, NWS, GIL, WEAV, CIFR, QMCO, IREN, CAN, MYGN, ELEV, ATAT, ALRM, ADBE, GOEV, RVSN, GERN, GRND, ENLC, SAIA, ASAN, GDRX, TENB, AVGO, WIMI, FHI, PRST, WIX, GLBE, ADCT, CVAC, UTHR, JELD, AGIO, EFX, FWONK, SPGI, VTEX, CBZ, UBER, BKNG, DXCM, HEPS, WDAY, BAM, IOT, BECN, FIX, SVRA, DAVA, AKRO, GETR, BOWL, YOU, STNE]
2024-03-28 21:25:23.844 [xxl-job, JobThread-7-1711632240315] INFO  luonq.polygon.RealTimeDataWS_DB - finish load last DN for BOLL
2024-03-28 21:25:23.902 [xxl-job, JobThread-7-1711632240315] INFO  luonq.polygon.RealTimeDataWS_DB - finish load lastest 19-days close data
2024-03-28 21:25:23.902 [xxl-job, JobThread-7-1711632240315] INFO  luonq.polygon.RealTimeDataWS_DB - finish init historical data
2024-03-28 21:25:23.904 [xxl-job, JobThread-7-1711632240315] INFO  luonq.polygon.RealTimeDataWS_DB - wait pre trade time. now is 21:25:23
2024-03-28 21:25:28.911 [xxl-job, JobThread-7-1711632240315] INFO  luonq.polygon.RealTimeDataWS_DB - wait pre trade time. now is 21:25:28
2024-03-28 21:25:33.924 [xxl-job, JobThread-7-1711632240315] INFO  luonq.polygon.RealTimeDataWS_DB - wait pre trade time. now is 21:25:33
2024-03-28 21:25:38.936 [xxl-job, JobThread-7-1711632240315] INFO  luonq.polygon.RealTimeDataWS_DB - wait pre trade time. now is 21:25:38
2024-03-28 21:25:43.944 [xxl-job, JobThread-7-1711632240315] INFO  luonq.polygon.RealTimeDataWS_DB - wait pre trade time. now is 21:25:43
2024-03-28 21:25:48.953 [xxl-job, JobThread-7-1711632240315] INFO  luonq.polygon.RealTimeDataWS_DB - wait pre trade time. now is 21:25:48
2024-03-28 21:25:53.969 [xxl-job, JobThread-7-1711632240315] INFO  luonq.polygon.RealTimeDataWS_DB - wait pre trade time. now is 21:25:53
2024-03-28 21:25:58.977 [xxl-job, JobThread-7-1711632240315] INFO  luonq.polygon.RealTimeDataWS_DB - wait pre trade time. now is 21:25:58
2024-03-28 21:26:03.987 [xxl-job, JobThread-7-1711632240315] INFO  luonq.polygon.RealTimeDataWS_DB - wait pre trade time. now is 21:26:03
2024-03-28 21:26:08.993 [xxl-job, JobThread-7-1711632240315] INFO  luonq.polygon.RealTimeDataWS_DB - wait pre trade time. now is 21:26:08
2024-03-28 21:26:14.004 [xxl-job, JobThread-7-1711632240315] INFO  luonq.polygon.RealTimeDataWS_DB - wait pre trade time. now is 21:26:14
2024-03-28 21:26:19.015 [xxl-job, JobThread-7-1711632240315] INFO  luonq.polygon.RealTimeDataWS_DB - wait pre trade time. now is 21:26:19
2024-03-28 21:26:24.017 [xxl-job, JobThread-7-1711632240315] INFO  luonq.polygon.RealTimeDataWS_DB - wait pre trade time. now is 21:26:24
2024-03-28 21:26:29.024 [xxl-job, JobThread-7-1711632240315] INFO  luonq.polygon.RealTimeDataWS_DB - wait pre trade time. now is 21:26:29
2024-03-28 21:26:34.033 [xxl-job, JobThread-7-1711632240315] INFO  luonq.polygon.RealTimeDataWS_DB - wait pre trade time. now is 21:26:34
2024-03-28 21:26:39.041 [xxl-job, JobThread-7-1711632240315] INFO  luonq.polygon.RealTimeDataWS_DB - wait pre trade time. now is 21:26:39
2024-03-28 21:26:44.044 [xxl-job, JobThread-7-1711632240315] INFO  luonq.polygon.RealTimeDataWS_DB - wait pre trade time. now is 21:26:44
2024-03-28 21:26:49.042 [xxl-job, JobThread-7-1711632240315] INFO  luonq.polygon.RealTimeDataWS_DB - wait pre trade time. now is 21:26:49
2024-03-28 21:26:54.044 [xxl-job, JobThread-7-1711632240315] INFO  luonq.polygon.RealTimeDataWS_DB - wait pre trade time. now is 21:26:54
2024-03-28 21:26:59.053 [xxl-job, JobThread-7-1711632240315] INFO  luonq.polygon.RealTimeDataWS_DB - wait pre trade time. now is 21:26:59
2024-03-28 21:27:04.056 [xxl-job, JobThread-7-1711632240315] INFO  luonq.polygon.RealTimeDataWS_DB - wait pre trade time. now is 21:27:04
2024-03-28 21:27:09.059 [xxl-job, JobThread-7-1711632240315] INFO  luonq.polygon.RealTimeDataWS_DB - wait pre trade time. now is 21:27:09
2024-03-28 21:27:14.071 [xxl-job, JobThread-7-1711632240315] INFO  luonq.polygon.RealTimeDataWS_DB - wait pre trade time. now is 21:27:14
2024-03-28 21:27:19.077 [xxl-job, JobThread-7-1711632240315] INFO  luonq.polygon.RealTimeDataWS_DB - wait pre trade time. now is 21:27:19
2024-03-28 21:27:24.087 [xxl-job, JobThread-7-1711632240315] INFO  luonq.polygon.RealTimeDataWS_DB - wait pre trade time. now is 21:27:24
2024-03-28 21:27:29.101 [xxl-job, JobThread-7-1711632240315] INFO  luonq.polygon.RealTimeDataWS_DB - wait pre trade time. now is 21:27:29
2024-03-28 21:27:34.105 [xxl-job, JobThread-7-1711632240315] INFO  luonq.polygon.RealTimeDataWS_DB - wait pre trade time. now is 21:27:34
2024-03-28 21:27:39.114 [xxl-job, JobThread-7-1711632240315] INFO  luonq.polygon.RealTimeDataWS_DB - wait pre trade time. now is 21:27:39
2024-03-28 21:27:44.120 [xxl-job, JobThread-7-1711632240315] INFO  luonq.polygon.RealTimeDataWS_DB - wait pre trade time. now is 21:27:44
2024-03-28 21:27:49.131 [xxl-job, JobThread-7-1711632240315] INFO  luonq.polygon.RealTimeDataWS_DB - wait pre trade time. now is 21:27:49
2024-03-28 21:27:54.143 [xxl-job, JobThread-7-1711632240315] INFO  luonq.polygon.RealTimeDataWS_DB - wait pre trade time. now is 21:27:54
2024-03-28 21:27:59.155 [xxl-job, JobThread-7-1711632240315] INFO  luonq.polygon.RealTimeDataWS_DB - wait pre trade time. now is 21:27:59
2024-03-28 21:28:04.160 [xxl-job, JobThread-7-1711632240315] INFO  luonq.polygon.RealTimeDataWS_DB - begin subcribe stock at 21:28:04
2024-03-28 21:28:04.312 [pool-2-thread-1] INFO  luonq.polygon.RealTimeDataWS_DB - finish subcribe real time!
2024-03-28 21:28:20.120 [xxl-job, JobThread-7-1711632240315] INFO  luonq.polygon.RealTimeDataWS_DB - time is early. {p=49.86, ev=T, q=85724, s=20, c=[12,37], t=1711632500000, sym=CSCO, x=19, i=4, z=3}
2024-03-28 21:29:59.060 [xxl-job, JobThread-7-1711632240315] INFO  luonq.polygon.RealTimeDataWS_DB - time is early. {p=46.78, ev=T, q=85252, s=50, c=[12,37], t=1711632599000, sym=MGM, x=12, i=62879133429554, z=1}
2024-03-28 21:30:00.175 [pool-2-thread-15] INFO  luonq.polygon.TradeDataListener_DB - StockEvent(stock=TIMB, price=17.67, time=1711632600003) dn=17.78 current=1711632600175
2024-03-28 21:30:00.183 [pool-2-thread-15] INFO  luonq.polygon.TradeDataListener_DB - Node list show: TIMB=0.6186726659167572
2024-03-28 21:30:00.338 [xxl-job, JobThread-7-1711632240315] INFO  luonq.polygon.RealTimeDataWS_DB - unsubscribeStockSet size: 100 1711632600338
2024-03-28 21:30:00.422 [pool-2-thread-125] INFO  luonq.polygon.TradeDataListener_DB - StockEvent(stock=XPEV, price=8.085, time=1711632600347) dn=7.974 current=1711632600422
2024-03-28 21:30:00.636 [xxl-job, JobThread-7-1711632240315] INFO  luonq.polygon.RealTimeDataWS_DB - unsubscribeStockSet size: 200 1711632600636
2024-03-28 21:30:00.879 [xxl-job, JobThread-7-1711632240315] INFO  luonq.polygon.RealTimeDataWS_DB - unsubscribeStockSet size: 300 1711632600879
2024-03-28 21:30:00.957 [pool-2-thread-354] INFO  luonq.polygon.TradeDataListener_DB - StockEvent(stock=EDU, price=86.77, time=1711632600756) dn=86.114 current=1711632600957
2024-03-28 21:30:01.035 [xxl-job, JobThread-7-1711632240315] INFO  luonq.polygon.RealTimeDataWS_DB - unsubscribeStockSet size: 400 1711632601035
2024-03-28 21:30:01.161 [pool-2-thread-470] INFO  luonq.polygon.TradeDataListener_DB - StockEvent(stock=AGO, price=87.62, time=1711632600948) dn=87.937 current=1711632601161
2024-03-28 21:30:01.226 [pool-2-thread-480] INFO  luonq.polygon.TradeDataListener_DB - StockEvent(stock=RGEN, price=184.17, time=1711632600929) dn=183.25 current=1711632601226
2024-03-28 21:30:01.311 [pool-2-thread-502] INFO  luonq.polygon.TradeDataListener_DB - StockEvent(stock=NS, price=23.09, time=1711632601014) dn=23.029 current=1711632601311
2024-03-28 21:30:01.320 [xxl-job, JobThread-7-1711632240315] INFO  luonq.polygon.RealTimeDataWS_DB - unsubscribeStockSet size: 500 1711632601320
2024-03-28 21:30:07.480 [xxl-job, JobThread-7-1711632240315] INFO  luonq.polygon.RealTimeDataWS_DB - many stock has received data. keep listening
2024-03-28 21:30:12.387 [xxl-job, JobThread-7-1711632240315] INFO  luonq.polygon.RealTimeDataWS_DB - many stock has received data. keep listening
2024-03-28 21:30:14.393 [xxl-job, JobThread-7-1711632240315] INFO  luonq.polygon.RealTimeDataWS_DB - many stock has received data. keep listening
2024-03-28 21:30:17.561 [xxl-job, JobThread-7-1711632240315] INFO  luonq.polygon.RealTimeDataWS_DB - many stock has received data. keep listening
2024-03-28 21:30:19.568 [xxl-job, JobThread-7-1711632240315] INFO  luonq.polygon.RealTimeDataWS_DB - many stock has received data. keep listening
2024-03-28 21:30:21.576 [xxl-job, JobThread-7-1711632240315] INFO  luonq.polygon.RealTimeDataWS_DB - many stock has received data. listen end!
2024-03-28 21:30:21.578 [xxl-job, JobThread-7-1711632240315] INFO  luonq.polygon.RealTimeDataWS_DB - =========== finish unsubscribe ===========
2024-03-28 21:30:21.587 [xxl-job, JobThread-7-1711632240315] INFO  luonq.polygon.RealTimeDataWS_DB - get real-time quote: [TIMB]
2024-03-28 21:30:22.593 [xxl-job, JobThread-7-1711632240315] INFO  luonq.polygon.TradeExecutor_DB - begin trade: TIMB=0.6186726659167572
2024-03-28 21:30:22.631 [FTAPI4JNet] INFO  luonq.futu.TradeApi - onReply_GetFunds: 1706.08
2024-03-28 21:30:22.631 [xxl-job, JobThread-7-1711632240315] INFO  luonq.polygon.TradeExecutor_DB - remain cash: 1706.08
2024-03-28 21:30:22.633 [xxl-job, JobThread-7-1711632240315] INFO  luonq.polygon.TradeExecutor_DB - first trade. orderPrice=17.72, multiple=1
2024-03-28 21:30:22.728 [FTAPI4JNet] INFO  luonq.futu.TradeApi - onReply_GetMaxTrdQtys: 95
2024-03-28 21:30:22.927 [xxl-job, JobThread-7-1711632240315] INFO  luonq.polygon.TradeExecutor_DB - buy stock. stock=TIMB, count=95, price=17.67, orderPrice=17.72, orderId: 6460776252061441268 1711632622927
2024-03-28 21:30:23.338 [xxl-job, JobThread-7-1711632240315] INFO  luonq.polygon.TradeExecutor_DB - TIMB order is successfully executed. orderId=6460776252061441268
2024-03-28 21:30:23.338 [FTAPI4JNet] INFO  luonq.futu.TradeApi - update order: OrderFill(tradeSide=1, fillID=0, orderID=6460776252061441268, code=TIMB, name=TIM, count=95.0, price=17.72, avgPrice=17.6557, createTime=2024-03-28 09:30:22.817, updateTimestamp=1.711632623324588E9, status=0)
2024-03-28 21:30:23.406 [xxl-job, JobThread-7-1711632240315] INFO  luonq.polygon.TradeExecutor_DB - TIMB placeStopLoss market order. qty=95.0, auxPrice=16.419, orderId3281475275419169776
2024-03-28 21:30:23.408 [xxl-job, JobThread-7-1711632240315] INFO  luonq.polygon.TradeExecutor_DB - trade success
2024-03-28 21:30:23.408 [xxl-job, JobThread-7-1711632240315] INFO  luonq.polygon.TradeExecutor_DB - trade end
2024-03-28 21:30:23.408 [xxl-job, JobThread-7-1711632240315] INFO  luonq.polygon.TradeExecutor_DB - stop get real-time quote
2024-03-28 21:30:23.602 [pool-2-thread-601] INFO  luonq.polygon.RealTimeDataWS_DB - unsubscribe real-time quote
2024-03-28 21:30:33.423 [xxl-job, JobThread-7-1711632240315] INFO  luonq.polygon.RealTimeDataWS_DB - closing websocket. reason=CloseReason[1000]
2024-03-28 21:30:43.428 [xxl-job, JobThread-7-1711632240315] INFO  luonq.polygon.RealTimeDataWS_DB - manual close websocket
2024-03-28 21:30:43.448 [xxl-job, JobThread-7-1711632240315] INFO  luonq.polygon.RealTimeDataWS_DB - trade finish
2024-03-28 21:30:43.571 [xxl-job, JobThread-7-1711632240315] INFO  luonq.job.TradeJob - trade_DB.job end
2024-03-28 23:55:30.558 [main] INFO  luonq.job.XxlJobConfig - >>>>>>>>>>> xxl-job config init.
