2024-02-17 04:58:56.087 [xxl-job, JobThread-8-1708117136074] INFO  luonq.job.TradeJob - sellBeforeCloseMarket.job start
2024-02-17 04:58:56.110 [xxl-job, JobThread-8-1708117136074] INFO  luonq.futu.TradeApi - trade api initialize staring...
2024-02-17 04:58:56.117 [FTAPI4JNet] INFO  luonq.futu.TradeApi - TradeApi onInitConnect: ret=0 desc= connID=7164362536466594184
2024-02-17 04:58:56.121 [FTAPI4JNet] INFO  luonq.futu.TradeApi - TradeApi onInitConnect: ret=0 desc= connID=7164362536469161411
2024-02-17 04:58:59.120 [xxl-job, JobThread-8-1708117136074] INFO  luonq.futu.TradeApi - trade api initialize finish start!
2024-02-17 04:58:59.122 [xxl-job, JobThread-8-1708117136074] INFO  luonq.polygon.TradeExecutor_DB - sell stock before close market
2024-02-17 04:58:59.130 [xxl-job, JobThread-8-1708117136074] INFO  luonq.polygon.TradeExecutor_DB - ready to sell before close market. position={PENN=StockPosition(stock=PENN, canSellQty=133.0, costPrice=19.129, currPrice=18.67)}, time=2024-02-17T04:58:59.130
2024-02-17 04:58:59.130 [xxl-job, JobThread-8-1708117136074] INFO  luonq.polygon.TradeExecutor_DB - before close sell stock for market price. stock=PENN, count=133.0
2024-02-17 04:58:59.232 [FTAPI4JNet] INFO  luonq.futu.TradeApi - unlock success
2024-02-17 04:58:59.275 [xxl-job, JobThread-8-1708117136074] INFO  luonq.polygon.TradeExecutor_DB - sell stock orderId=5721912204131639604
2024-02-17 04:58:59.643 [FTAPI4JNet] INFO  luonq.futu.TradeApi - update order: OrderFill(tradeSide=2, fillID=0, orderID=5721912204131639604, code=PENN, name=佩恩国民博彩, count=133.0, price=0.0, avgPrice=18.6233, createTime=2024-02-16 15:58:59.186, updateTimestamp=1.708117139599734E9, status=0)
2024-02-17 04:58:59.650 [FTAPI4JNet] INFO  luonq.futu.TradeApi - update order: OrderFill(tradeSide=2, fillID=0, orderID=5721912204131639604, code=PENN, name=佩恩国民博彩, count=133.0, price=0.0, avgPrice=18.6233, createTime=2024-02-16 15:58:59.186, updateTimestamp=1.708117139599734E9, status=0)
2024-02-17 04:58:59.660 [xxl-job, JobThread-8-1708117136074] INFO  luonq.polygon.TradeExecutor_DB - sell stock success. stock=PENN, orderId=5721912204131639604
2024-02-17 04:58:59.660 [FTAPI4JNet] INFO  luonq.futu.TradeApi - update order: OrderFill(tradeSide=2, fillID=0, orderID=5721912204131639604, code=PENN, name=佩恩国民博彩, count=133.0, price=0.0, avgPrice=18.6233, createTime=2024-02-16 15:58:59.186, updateTimestamp=1.708117139599734E9, status=0)
2024-02-17 04:58:59.661 [xxl-job, JobThread-8-1708117136074] INFO  luonq.job.TradeJob - tradeExecutor_db sell
2024-02-17 04:58:59.662 [FTAPI4JNet] INFO  luonq.futu.TradeApi - update order: OrderFill(tradeSide=2, fillID=0, orderID=5721912204131639604, code=PENN, name=佩恩国民博彩, count=133.0, price=0.0, avgPrice=18.6233, createTime=2024-02-16 15:58:59.186, updateTimestamp=1.708117139599734E9, status=0)
2024-02-17 04:58:59.662 [FTAPI4JNet] INFO  luonq.futu.TradeApi - update order: OrderFill(tradeSide=2, fillID=0, orderID=5721912204131639604, code=PENN, name=佩恩国民博彩, count=133.0, price=0.0, avgPrice=18.6233, createTime=2024-02-16 15:58:59.186, updateTimestamp=1.708117139599734E9, status=0)
2024-02-17 04:58:59.662 [FTAPI4JNet] INFO  luonq.futu.TradeApi - update order: OrderFill(tradeSide=2, fillID=0, orderID=5721912204131639604, code=PENN, name=佩恩国民博彩, count=133.0, price=0.0, avgPrice=18.6233, createTime=2024-02-16 15:58:59.186, updateTimestamp=1.708117139599734E9, status=0)
2024-02-17 04:58:59.662 [FTAPI4JNet] INFO  luonq.futu.TradeApi - update order: OrderFill(tradeSide=2, fillID=0, orderID=5721912204131639604, code=PENN, name=佩恩国民博彩, count=133.0, price=0.0, avgPrice=18.6233, createTime=2024-02-16 15:58:59.186, updateTimestamp=1.708117139599734E9, status=0)
2024-02-17 04:58:59.662 [FTAPI4JNet] INFO  luonq.futu.TradeApi - update order: OrderFill(tradeSide=2, fillID=0, orderID=5721912204131639604, code=PENN, name=佩恩国民博彩, count=133.0, price=0.0, avgPrice=18.6233, createTime=2024-02-16 15:58:59.186, updateTimestamp=1.708117139599734E9, status=0)
2024-02-17 04:58:59.662 [FTAPI4JNet] INFO  luonq.futu.TradeApi - update order: OrderFill(tradeSide=2, fillID=0, orderID=5721912204131639604, code=PENN, name=佩恩国民博彩, count=133.0, price=0.0, avgPrice=18.6233, createTime=2024-02-16 15:58:59.186, updateTimestamp=1.708117139599734E9, status=0)
2024-02-17 04:58:59.662 [FTAPI4JNet] INFO  luonq.futu.TradeApi - update order: OrderFill(tradeSide=2, fillID=0, orderID=5721912204131639604, code=PENN, name=佩恩国民博彩, count=133.0, price=0.0, avgPrice=18.6233, createTime=2024-02-16 15:58:59.186, updateTimestamp=1.708117139599734E9, status=0)
2024-02-17 04:58:59.662 [FTAPI4JNet] INFO  luonq.futu.TradeApi - update order: OrderFill(tradeSide=2, fillID=0, orderID=5721912204131639604, code=PENN, name=佩恩国民博彩, count=133.0, price=0.0, avgPrice=18.6233, createTime=2024-02-16 15:58:59.186, updateTimestamp=1.708117139599734E9, status=0)
2024-02-17 04:58:59.662 [FTAPI4JNet] INFO  luonq.futu.TradeApi - update order: OrderFill(tradeSide=2, fillID=0, orderID=5721912204131639604, code=PENN, name=佩恩国民博彩, count=133.0, price=0.0, avgPrice=18.6233, createTime=2024-02-16 15:58:59.186, updateTimestamp=1.708117139599734E9, status=0)
2024-02-17 04:58:59.662 [FTAPI4JNet] INFO  luonq.futu.TradeApi - update order: OrderFill(tradeSide=2, fillID=0, orderID=5721912204131639604, code=PENN, name=佩恩国民博彩, count=133.0, price=0.0, avgPrice=18.6233, createTime=2024-02-16 15:58:59.186, updateTimestamp=1.708117139599734E9, status=0)
2024-02-17 04:58:59.663 [FTAPI4JNet] INFO  luonq.futu.TradeApi - update order: OrderFill(tradeSide=2, fillID=0, orderID=5721912204131639604, code=PENN, name=佩恩国民博彩, count=133.0, price=0.0, avgPrice=18.6233, createTime=2024-02-16 15:58:59.186, updateTimestamp=1.708117139599734E9, status=0)
2024-02-17 04:58:59.663 [FTAPI4JNet] INFO  luonq.futu.TradeApi - update order: OrderFill(tradeSide=2, fillID=0, orderID=5721912204131639604, code=PENN, name=佩恩国民博彩, count=133.0, price=0.0, avgPrice=18.6233, createTime=2024-02-16 15:58:59.186, updateTimestamp=1.708117139599734E9, status=0)
2024-02-17 04:58:59.663 [FTAPI4JNet] INFO  luonq.futu.TradeApi - update order: OrderFill(tradeSide=2, fillID=0, orderID=5721912204131639604, code=PENN, name=佩恩国民博彩, count=133.0, price=0.0, avgPrice=18.6233, createTime=2024-02-16 15:58:59.186, updateTimestamp=1.708117139599734E9, status=0)
2024-02-17 04:58:59.663 [FTAPI4JNet] INFO  luonq.futu.TradeApi - update order: OrderFill(tradeSide=2, fillID=0, orderID=5721912204131639604, code=PENN, name=佩恩国民博彩, count=133.0, price=0.0, avgPrice=18.6233, createTime=2024-02-16 15:58:59.186, updateTimestamp=1.708117139599734E9, status=0)
