2024-01-26 23:50:37.922 [main] INFO  luonq.job.XxlJobConfig - >>>>>>>>>>> xxl-job config init.
2024-01-26 23:50:40.240 [main] INFO  luonq.futu.TradeApi - trade api initialize staring...
2024-01-26 23:50:40.304 [FTAPI4JNet] INFO  luonq.futu.TradeApi - TradeApi onInitConnect: ret=0 desc= connID=7156674814063132969
2024-01-26 23:50:40.311 [FTAPI4JNet] INFO  luonq.futu.TradeApi - TradeApi onInitConnect: ret=0 desc= connID=7156674814061601716
2024-01-26 23:50:43.244 [main] INFO  luonq.futu.TradeApi - trade api initialize finish start!
2024-01-26 23:50:43.255 [main] INFO  luonq.polygon.RealTimeDataWS_DB - finish initialize many time. preTradeTime=1706279280000, openTime=1706279400000, closeCheckTime=Sat Jan 27 04:59:00 CST 2024
2024-01-26 23:50:43.364 [FTAPI4JNet] INFO  luonq.futu.TradeApi - unlock success
2024-01-26 23:50:45.042 [Grizzly(2)] INFO  luonq.polygon.RealTimeDataWS_DB - opening websocket
2024-01-26 23:50:45.116 [Grizzly(2)] INFO  luonq.polygon.RealTimeDataWS_DB - connected
2024-01-26 23:50:45.353 [Grizzly(1)] INFO  luonq.polygon.RealTimeDataWS_DB - auth_success
2024-01-26 23:50:46.112 [main] INFO  luonq.polygon.RealTimeDataWS_DB - finish init trade
2024-01-26 23:51:56.197 [main] INFO  luonq.job.XxlJobConfig - >>>>>>>>>>> xxl-job config init.
2024-01-26 23:51:59.159 [main] INFO  luonq.futu.TradeApi - trade api initialize staring...
2024-01-26 23:51:59.199 [FTAPI4JNet] INFO  luonq.futu.TradeApi - TradeApi onInitConnect: ret=0 desc= connID=7156675145007955316
2024-01-26 23:51:59.204 [FTAPI4JNet] INFO  luonq.futu.TradeApi - TradeApi onInitConnect: ret=0 desc= connID=7156675145011564952
2024-01-26 23:52:02.166 [main] INFO  luonq.futu.TradeApi - trade api initialize finish start!
2024-01-26 23:52:02.190 [main] INFO  luonq.polygon.RealTimeDataWS_DB - finish initialize many time. preTradeTime=1706279280000, openTime=1706279400000, closeCheckTime=Sat Jan 27 04:59:00 CST 2024
2024-01-26 23:52:02.332 [FTAPI4JNet] INFO  luonq.futu.TradeApi - unlock success
2024-01-26 23:52:04.023 [Grizzly(1)] INFO  luonq.polygon.RealTimeDataWS_DB - opening websocket
2024-01-26 23:52:04.116 [Grizzly(1)] INFO  luonq.polygon.RealTimeDataWS_DB - connected
2024-01-26 23:52:04.348 [Grizzly(2)] INFO  luonq.polygon.RealTimeDataWS_DB - auth_success
2024-01-26 23:52:05.117 [main] INFO  luonq.polygon.RealTimeDataWS_DB - finish init trade
