2024-03-22 16:32:01.308 [main] INFO  luonq.job.XxlJobConfig - >>>>>>>>>>> xxl-job config init.
2024-03-22 16:32:23.391 [xxl-job, JobThread-3-1711096343372] INFO  luonq.job.GetDataJob - getTradeDataAndComputeIndicator.job start
2024-03-22 16:32:23.392 [xxl-job, JobThread-3-1711096343372] INFO  luonq.stock.Processor - GetHistoricalDaily.getData start
2024-03-22 16:32:51.155 [pool-2-thread-69] ERROR luonq.polygon.GetHistoricalDaily - SFL Remote host closed connection during handshake
2024-03-22 16:32:51.155 [pool-2-thread-93] ERROR luonq.polygon.GetHistoricalDaily - LGMK Remote host closed connection during handshake
2024-03-22 16:32:51.155 [pool-2-thread-71] ERROR luonq.polygon.GetHistoricalDaily - Z Remote host closed connection during handshake
2024-03-22 16:33:20.509 [pool-2-thread-88] ERROR luonq.polygon.GetHistoricalDaily - SGH Remote host closed connection during handshake
2024-03-22 16:33:20.509 [pool-2-thread-5] ERROR luonq.polygon.GetHistoricalDaily - CMRE Remote host closed connection during handshake
2024-03-22 16:33:20.513 [pool-2-thread-93] ERROR luonq.polygon.GetHistoricalDaily - APAM Remote host closed connection during handshake
2024-03-22 16:33:20.509 [pool-2-thread-19] ERROR luonq.polygon.GetHistoricalDaily - SLAB Remote host closed connection during handshake
2024-03-22 16:33:20.510 [pool-2-thread-9] ERROR luonq.polygon.GetHistoricalDaily - CMRA Remote host closed connection during handshake
2024-03-22 16:33:20.510 [pool-2-thread-69] ERROR luonq.polygon.GetHistoricalDaily - SCSC Remote host closed connection during handshake
2024-03-22 16:33:47.190 [pool-2-thread-71] ERROR luonq.polygon.GetHistoricalDaily - BFH Remote host closed connection during handshake
2024-03-22 16:33:47.174 [pool-2-thread-39] ERROR luonq.polygon.GetHistoricalDaily - D Remote host closed connection during handshake
2024-03-22 16:33:47.185 [pool-2-thread-20] ERROR luonq.polygon.GetHistoricalDaily - NVCT Remote host closed connection during handshake
2024-03-22 16:33:47.174 [pool-2-thread-98] ERROR luonq.polygon.GetHistoricalDaily - SGU Remote host closed connection during handshake
2024-03-22 16:33:47.174 [pool-2-thread-54] ERROR luonq.polygon.GetHistoricalDaily - L Remote host closed connection during handshake
2024-03-22 16:33:47.188 [pool-2-thread-2] ERROR luonq.polygon.GetHistoricalDaily - IFRX Remote host closed connection during handshake
2024-03-22 16:33:47.174 [pool-2-thread-67] ERROR luonq.polygon.GetHistoricalDaily - BDX Remote host closed connection during handshake
2024-03-22 16:33:47.174 [pool-2-thread-40] ERROR luonq.polygon.GetHistoricalDaily - AGNC Remote host closed connection during handshake
2024-03-22 16:33:47.189 [pool-2-thread-17] ERROR luonq.polygon.GetHistoricalDaily - CEAD Remote host closed connection during handshake
2024-03-22 16:33:47.190 [pool-2-thread-68] ERROR luonq.polygon.GetHistoricalDaily - W Remote host closed connection during handshake
2024-03-22 16:33:47.188 [pool-2-thread-21] ERROR luonq.polygon.GetHistoricalDaily - FNLC Remote host closed connection during handshake
2024-03-22 16:33:47.187 [pool-2-thread-26] ERROR luonq.polygon.GetHistoricalDaily - BCO Remote host closed connection during handshake
2024-03-22 16:33:47.186 [pool-2-thread-41] ERROR luonq.polygon.GetHistoricalDaily - BSBK Remote host closed connection during handshake
2024-03-22 16:33:47.187 [pool-2-thread-43] ERROR luonq.polygon.GetHistoricalDaily - F Remote host closed connection during handshake
2024-03-22 16:33:47.187 [pool-2-thread-92] ERROR luonq.polygon.GetHistoricalDaily - STRO Remote host closed connection during handshake
2024-03-22 16:33:47.190 [pool-2-thread-42] ERROR luonq.polygon.GetHistoricalDaily - STRR Remote host closed connection during handshake
2024-03-22 16:33:47.191 [pool-2-thread-88] ERROR luonq.polygon.GetHistoricalDaily - SHC Remote host closed connection during handshake
2024-03-22 16:33:47.187 [pool-2-thread-16] ERROR luonq.polygon.GetHistoricalDaily - BBY Remote host closed connection during handshake
2024-03-22 16:33:47.185 [pool-2-thread-86] ERROR luonq.polygon.GetHistoricalDaily - NECB Remote host closed connection during handshake
2024-03-22 16:33:47.174 [pool-2-thread-76] ERROR luonq.polygon.GetHistoricalDaily - URGN Remote host closed connection during handshake
2024-03-22 16:33:47.184 [pool-2-thread-64] ERROR luonq.polygon.GetHistoricalDaily - T Remote host closed connection during handshake
2024-03-22 16:33:47.189 [pool-2-thread-13] ERROR luonq.polygon.GetHistoricalDaily - SCOR Remote host closed connection during handshake
2024-03-22 16:33:47.189 [pool-2-thread-47] ERROR luonq.polygon.GetHistoricalDaily - H Remote host closed connection during handshake
2024-03-22 16:33:47.204 [pool-2-thread-29] ERROR luonq.polygon.GetHistoricalDaily - CVCY Remote host closed connection during handshake
2024-03-22 16:33:47.186 [pool-2-thread-79] ERROR luonq.polygon.GetHistoricalDaily - BEN Remote host closed connection during handshake
2024-03-22 16:33:47.188 [pool-2-thread-50] ERROR luonq.polygon.GetHistoricalDaily - JAGX Remote host closed connection during handshake
2024-03-22 16:33:47.187 [pool-2-thread-31] ERROR luonq.polygon.GetHistoricalDaily - OPTN Remote host closed connection during handshake
2024-03-22 16:33:47.189 [pool-2-thread-78] ERROR luonq.polygon.GetHistoricalDaily - KUKE Remote host closed connection during handshake
2024-03-22 16:33:47.204 [pool-2-thread-74] ERROR luonq.polygon.GetHistoricalDaily - BJRI Remote host closed connection during handshake
2024-03-22 16:33:47.206 [pool-2-thread-72] ERROR luonq.polygon.GetHistoricalDaily - SFM Remote host closed connection during handshake
2024-03-22 16:33:47.206 [pool-2-thread-23] ERROR luonq.polygon.GetHistoricalDaily - BCE Remote host closed connection during handshake
2024-03-22 16:33:47.206 [pool-2-thread-81] ERROR luonq.polygon.GetHistoricalDaily - TFSL Remote host closed connection during handshake
2024-03-22 16:33:47.183 [pool-2-thread-61] ERROR luonq.polygon.GetHistoricalDaily - LGND Remote host closed connection during handshake
2024-03-22 16:33:47.183 [pool-2-thread-35] ERROR luonq.polygon.GetHistoricalDaily - CMTG Remote host closed connection during handshake
2024-03-22 16:33:47.204 [pool-2-thread-46] ERROR luonq.polygon.GetHistoricalDaily - UONEK Remote host closed connection during handshake
2024-03-22 16:33:47.204 [pool-2-thread-4] ERROR luonq.polygon.GetHistoricalDaily - SCS Remote host closed connection during handshake
2024-03-22 16:33:47.205 [pool-2-thread-12] ERROR luonq.polygon.GetHistoricalDaily - BBU Remote host closed connection during handshake
2024-03-22 16:33:47.198 [pool-2-thread-82] ERROR luonq.polygon.GetHistoricalDaily - BBAR Remote host closed connection during handshake
2024-03-22 16:33:47.204 [pool-2-thread-3] ERROR luonq.polygon.GetHistoricalDaily - AGLE Remote host closed connection during handshake
2024-03-22 16:33:47.204 [pool-2-thread-49] ERROR luonq.polygon.GetHistoricalDaily - NMTC Remote host closed connection during handshake
2024-03-22 16:33:47.204 [pool-2-thread-94] ERROR luonq.polygon.GetHistoricalDaily - STRL Remote host closed connection during handshake
2024-03-22 16:33:47.205 [pool-2-thread-18] ERROR luonq.polygon.GetHistoricalDaily - NMRK Remote host closed connection during handshake
2024-03-22 16:33:47.205 [pool-2-thread-83] ERROR luonq.polygon.GetHistoricalDaily - SCPH Remote host closed connection during handshake
2024-03-22 16:33:47.205 [pool-2-thread-37] ERROR luonq.polygon.GetHistoricalDaily - B Remote host closed connection during handshake
2024-03-22 16:33:47.205 [pool-2-thread-25] ERROR luonq.polygon.GetHistoricalDaily - KLXE Remote host closed connection during handshake
2024-03-22 16:33:47.205 [pool-2-thread-32] ERROR luonq.polygon.GetHistoricalDaily - SES Remote host closed connection during handshake
2024-03-22 16:33:47.205 [pool-2-thread-53] ERROR luonq.polygon.GetHistoricalDaily - NVEE Remote host closed connection during handshake
2024-03-22 16:33:47.183 [pool-2-thread-90] ERROR luonq.polygon.GetHistoricalDaily - BBAI Remote host closed connection during handshake
2024-03-22 16:33:47.200 [pool-2-thread-11] ERROR luonq.polygon.GetHistoricalDaily - NVCR Remote host closed connection during handshake
2024-03-22 16:33:47.198 [pool-2-thread-87] ERROR luonq.polygon.GetHistoricalDaily - JVA Remote host closed connection during handshake
2024-03-22 16:33:47.198 [pool-2-thread-65] ERROR luonq.polygon.GetHistoricalDaily - U Remote host closed connection during handshake
2024-03-22 16:33:47.198 [pool-2-thread-24] ERROR luonq.polygon.GetHistoricalDaily - BCH Remote host closed connection during handshake
2024-03-22 16:33:47.198 [pool-2-thread-34] ERROR luonq.polygon.GetHistoricalDaily - A Remote host closed connection during handshake
2024-03-22 16:33:47.198 [pool-2-thread-30] ERROR luonq.polygon.GetHistoricalDaily - SEM Remote host closed connection during handshake
2024-03-22 16:33:47.202 [pool-2-thread-33] ERROR luonq.polygon.GetHistoricalDaily - BDC Remote host closed connection during handshake
2024-03-22 16:33:47.203 [pool-2-thread-57] ERROR luonq.polygon.GetHistoricalDaily - O Remote host closed connection during handshake
2024-03-22 16:33:47.198 [pool-2-thread-10] ERROR luonq.polygon.GetHistoricalDaily - FNKO Remote host closed connection during handshake
2024-03-22 16:33:47.198 [pool-2-thread-38] ERROR luonq.polygon.GetHistoricalDaily - C Remote host closed connection during handshake
2024-03-22 16:33:47.198 [pool-2-thread-22] ERROR luonq.polygon.GetHistoricalDaily - BCC Remote host closed connection during handshake
2024-03-22 16:33:47.197 [pool-2-thread-28] ERROR luonq.polygon.GetHistoricalDaily - SEE Remote host closed connection during handshake
2024-03-22 16:33:47.204 [pool-2-thread-96] ERROR luonq.polygon.GetHistoricalDaily - BFC Remote host closed connection during handshake
2024-03-22 16:33:47.198 [pool-2-thread-66] ERROR luonq.polygon.GetHistoricalDaily - V Remote host closed connection during handshake
2024-03-22 16:33:47.205 [pool-2-thread-100] ERROR luonq.polygon.GetHistoricalDaily - BFI Remote host closed connection during handshake
2024-03-22 16:33:47.204 [pool-2-thread-89] ERROR luonq.polygon.GetHistoricalDaily - STRC Remote host closed connection during handshake
2024-03-22 16:33:47.206 [pool-2-thread-60] ERROR luonq.polygon.GetHistoricalDaily - R Remote host closed connection during handshake
2024-03-22 16:33:47.220 [pool-2-thread-51] ERROR luonq.polygon.GetHistoricalDaily - J Remote host closed connection during handshake
2024-03-22 16:33:47.220 [pool-2-thread-27] ERROR luonq.polygon.GetHistoricalDaily - CMRX Remote host closed connection during handshake
2024-03-22 16:33:47.205 [pool-2-thread-15] ERROR luonq.polygon.GetHistoricalDaily - BBW Remote host closed connection during handshake
2024-03-22 16:33:47.219 [pool-2-thread-6] ERROR luonq.polygon.GetHistoricalDaily - TWST Remote host closed connection during handshake
2024-03-22 16:33:47.219 [pool-2-thread-55] ERROR luonq.polygon.GetHistoricalDaily - BDN Remote host closed connection during handshake
2024-03-22 16:33:47.198 [pool-2-thread-62] ERROR luonq.polygon.GetHistoricalDaily - SFE Remote host closed connection during handshake
2024-03-22 16:33:47.205 [pool-2-thread-70] ERROR luonq.polygon.GetHistoricalDaily - X Remote host closed connection during handshake
2024-03-22 16:33:47.206 [pool-2-thread-91] ERROR luonq.polygon.GetHistoricalDaily - STRA Remote host closed connection during handshake
2024-03-22 16:33:47.218 [pool-2-thread-14] ERROR luonq.polygon.GetHistoricalDaily - NMRD Remote host closed connection during handshake
2024-03-22 16:33:47.206 [pool-2-thread-48] ERROR luonq.polygon.GetHistoricalDaily - MSBI Remote host closed connection during handshake
2024-03-22 16:33:47.205 [pool-2-thread-44] ERROR luonq.polygon.GetHistoricalDaily - G Remote host closed connection during handshake
2024-03-22 16:33:47.206 [pool-2-thread-97] ERROR luonq.polygon.GetHistoricalDaily - BSBR Remote host closed connection during handshake
2024-03-22 16:33:47.206 [pool-2-thread-58] ERROR luonq.polygon.GetHistoricalDaily - SLCA Remote host closed connection during handshake
2024-03-22 16:33:47.205 [pool-2-thread-7] ERROR luonq.polygon.GetHistoricalDaily - SCU Remote host closed connection during handshake
2024-03-22 16:33:47.205 [pool-2-thread-59] ERROR luonq.polygon.GetHistoricalDaily - CECO Remote host closed connection during handshake
2024-03-22 16:33:47.206 [pool-2-thread-75] ERROR luonq.polygon.GetHistoricalDaily - NVDA Remote host closed connection during handshake
2024-03-22 16:33:47.205 [pool-2-thread-85] ERROR luonq.polygon.GetHistoricalDaily - VLGEA Remote host closed connection during handshake
2024-03-22 16:33:47.206 [pool-2-thread-77] ERROR luonq.polygon.GetHistoricalDaily - JZXN Remote host closed connection during handshake
2024-03-22 16:33:47.206 [pool-2-thread-73] ERROR luonq.polygon.GetHistoricalDaily - AXNX Remote host closed connection during handshake
2024-03-22 16:33:47.205 [pool-2-thread-36] ERROR luonq.polygon.GetHistoricalDaily - CVEO Remote host closed connection during handshake
2024-03-22 16:33:47.206 [pool-2-thread-95] ERROR luonq.polygon.GetHistoricalDaily - CMTL Remote host closed connection during handshake
2024-03-22 16:33:47.222 [pool-2-thread-52] ERROR luonq.polygon.GetHistoricalDaily - K Remote host closed connection during handshake
2024-03-22 16:33:47.206 [pool-2-thread-56] ERROR luonq.polygon.GetHistoricalDaily - M Remote host closed connection during handshake
2024-03-22 16:33:47.206 [pool-2-thread-99] ERROR luonq.polygon.GetHistoricalDaily - SLDP Remote host closed connection during handshake
2024-03-22 16:33:47.222 [pool-2-thread-45] ERROR luonq.polygon.GetHistoricalDaily - AXON Remote host closed connection during handshake
2024-03-22 16:33:47.222 [pool-2-thread-84] ERROR luonq.polygon.GetHistoricalDaily - SGC Remote host closed connection during handshake
2024-03-22 16:33:47.206 [pool-2-thread-63] ERROR luonq.polygon.GetHistoricalDaily - S Remote host closed connection during handshake
2024-03-22 16:33:47.222 [pool-2-thread-8] ERROR luonq.polygon.GetHistoricalDaily - BBD Remote host closed connection during handshake
2024-03-22 16:33:47.222 [pool-2-thread-80] ERROR luonq.polygon.GetHistoricalDaily - BEP Remote host closed connection during handshake
2024-03-22 16:33:47.221 [pool-2-thread-1] ERROR luonq.polygon.GetHistoricalDaily - CVCO Remote host closed connection during handshake
2024-03-22 16:34:15.920 [pool-2-thread-18] ERROR luonq.polygon.GetHistoricalDaily - MSFT Remote host closed connection during handshake
2024-03-22 16:34:15.920 [pool-2-thread-93] ERROR luonq.polygon.GetHistoricalDaily - HCTI Remote host closed connection during handshake
2024-03-22 16:34:15.921 [pool-2-thread-19] ERROR luonq.polygon.GetHistoricalDaily - NVGS Remote host closed connection during handshake
2024-03-22 16:34:15.920 [pool-2-thread-69] ERROR luonq.polygon.GetHistoricalDaily - SHG Remote host closed connection during handshake
2024-03-22 16:34:15.921 [pool-2-thread-79] ERROR luonq.polygon.GetHistoricalDaily - PBYI Remote host closed connection during handshake
2024-03-22 16:34:15.921 [pool-2-thread-9] ERROR luonq.polygon.GetHistoricalDaily - SHO Remote host closed connection during handshake
2024-03-22 16:34:43.603 [pool-2-thread-9] ERROR luonq.polygon.GetHistoricalDaily - BKU Remote host closed connection during handshake
2024-03-22 16:34:43.603 [pool-2-thread-19] ERROR luonq.polygon.GetHistoricalDaily - BSIG Remote host closed connection during handshake
2024-03-22 16:34:43.602 [pool-2-thread-71] ERROR luonq.polygon.GetHistoricalDaily - OCFCP Remote host closed connection during handshake
2024-03-22 16:34:43.603 [pool-2-thread-5] ERROR luonq.polygon.GetHistoricalDaily - CVGI Remote host closed connection during handshake
2024-03-22 16:34:43.602 [pool-2-thread-35] ERROR luonq.polygon.GetHistoricalDaily - SIX Remote host closed connection during handshake
2024-03-22 16:34:43.602 [pool-2-thread-83] ERROR luonq.polygon.GetHistoricalDaily - BSFC Remote host closed connection during handshake
