2024-01-08 22:04:40.910 [main] INFO  luonq.job.XxlJobConfig - >>>>>>>>>>> xxl-job config init.
2024-01-08 22:15:00.808 [xxl-job, JobThread-7-1704723300289] INFO  luonq.futu.TradeApi - trade api initialize staring...
2024-01-08 22:15:00.885 [FTAPI4JNet] INFO  luonq.futu.TradeApi - TradeApi onInitConnect: ret=0 desc= connID=7150127759491428345
2024-01-08 22:15:03.814 [xxl-job, JobThread-7-1704723300289] INFO  luonq.futu.TradeApi - trade api initialize finish start!
2024-01-08 22:15:03.845 [xxl-job, JobThread-7-1704723300289] INFO  luonq.polygon.RealTimeDataWS_DB - finish initialize many time. preTradeTime=1704724080000, openTime=1704724200000, closeCheckTime=Tue Jan 09 04:59:00 CST 2024
2024-01-08 22:15:03.950 [FTAPI4JNet] INFO  luonq.futu.TradeApi - unlock success
2024-01-08 22:15:06.554 [Grizzly(2)] INFO  luonq.polygon.RealTimeDataWS_DB - opening websocket
2024-01-08 22:15:06.709 [Grizzly(2)] INFO  luonq.polygon.RealTimeDataWS_DB - connected
2024-01-08 22:15:06.943 [Grizzly(1)] INFO  luonq.polygon.RealTimeDataWS_DB - auth_success
2024-01-08 22:15:07.714 [xxl-job, JobThread-7-1704723300289] INFO  luonq.polygon.RealTimeDataWS_DB - finish init trade
2024-01-08 22:15:10.293 [pool-3-thread-1] INFO  luonq.strategy.backup.Strategy_DB - load 2024 finish
2024-01-08 22:16:14.503 [pool-3-thread-2] INFO  luonq.strategy.backup.Strategy_DB - load 2023 finish
2024-01-08 22:16:16.021 [pool-3-thread-3] INFO  luonq.strategy.backup.Strategy_DB - load 2022 finish
2024-01-08 22:16:17.805 [xxl-job, JobThread-7-1704723300289] INFO  luonq.polygon.RealTimeDataWS_DB - stock latest close great 7 size: 868
2024-01-08 22:16:17.820 [xxl-job, JobThread-7-1704723300289] INFO  luonq.polygon.RealTimeDataWS_DB - stock overbolling hit great 0.500000 size: 770
2024-01-08 22:16:17.821 [xxl-job, JobThread-7-1704723300289] INFO  luonq.polygon.RealTimeDataWS_DB - filter merge stock, the stock set size is 770
2024-01-08 22:16:17.825 [xxl-job, JobThread-7-1704723300289] INFO  luonq.polygon.RealTimeDataWS_DB - filter split stock, the stock set size is 769
2024-01-08 22:16:18.509 [xxl-job, JobThread-7-1704723300289] INFO  luonq.polygon.RealTimeDataWS_DB - filter front reinstatement less 0.98 stock, the stock set size is 731
2024-01-08 22:16:18.511 [xxl-job, JobThread-7-1704723300289] INFO  luonq.polygon.RealTimeDataWS_DB - filter earning and lastEarning stock, the stock set size is 730
2024-01-08 22:16:18.512 [xxl-job, JobThread-7-1704723300289] INFO  luonq.polygon.RealTimeDataWS_DB - after filte: [FRSH, SCS, HNI, NOVA, FNKO, ATEC, NVCR, CGEM, FLGT, OLMA, COUR, HALO, HON, AI, ROIC, VSEC, WMT, OLLI, BDC, CMTG, HPK, BG, MLTX, AXON, BJ, ARCH, J, K, BP, DHR, ATGE, CECO, NTAP, HROW, BV, V, LRCX, BZ, WRBY, MFIN, BJRI, SPIR, URGN, CF, DIN, CL, CP, HQY, HRB, CTAS, CMTL, HRI, DK, DNUT, AZUL, SHC, FNV, DT, GDYN, WPM, ACGL, EA, GOOD, EE, EH, AVNT, MSCI, RDWR, WIRE, HCSG, BGS, HSY, IMCR, EW, EXEL, CVGW, FPI, ONTO, FG, MYRG, DLR, CVII, UNF, UNH, HTZ, MSFT, NTES, UNM, LIVN, UNP, HARP, SJM, GD, SJW, GOOG, HUM, GL, WELL, HUT, GO, TMDX, WSO, WSR, DNB, EVCM, MSEX, AGRO, ISRG, SRRK, SLB, CEIX, NTGR, SLP, QNST, NABL, ODP, WTW, BKE, SCVL, CVLT, CRDO, BKR, DOV, IT, ACLX, POWL, POWI, DFIN, KURA, JD, UNFI, ZYME, EVER, MAT, IONS, IONQ, SPSC, OFG, SNX, BMI, OFIX, JANX, NXPI, SATS, KW, ANDE, WWW, MCO, ROST, LE, IDXX, MCS, LI, IBTX, ODFL, ANET, DRS, WEST, MA, HNRG, UTZ, SHEL, PRAX, PIPR, ROVR, NTLA, GIII, MP, NXRT, PEGA, MX, MEG, ATRO, SPTN, SNPS, YELP, EGLE, KAR, IMNM, MBLY, CRIS, LAND, LANC, NX, SRI, EXPI, FFIV, PTGX, VSTO, MUSA, UVV, ON, DSGX, AAON, OR, SSD, APLS, PD, PG, PI, GILD, DVN, ALEX, AAPL, ZUMZ, PX, OLK, STX, ALEC, VBTX, QS, ARRY, PRDO, EPAC, HUBB, HUBG, EPAM, BMEA, MDRX, CALM, KIDS, ALGM, QLYS, EXTR, SE, BUR, SQ, KFY, SU, MKC, VICI, APPN, TH, SWX, CALX, ALHC, RIOT, APPF, CTRA, MSTR, TW, NTST, CROX, EVRI, LILAK, IMTX, MLI, SXT, HWKN, UE, CEVA, PZZA, RGNX, CAMT, MMC, SYK, SYM, YETI, VC, ERII, TECH, MMS, TOWN, GRCL, ARVN, GABC, SHLS, SYNA, ORA, EVTC, NAPA, ZGN, CTVA, FDMT, OSPN, PERI, RPAY, WM, GRFS, SDGR, TCBK, LPRO, MOH, RVLV, SWKS, TIMB, BOOT, APTV, MOS, OSW, GCO, CLFD, CARS, TTEK, GTLB, RIVN, IHG, CARG, PLAY, CRSP, GDS, IRBT, TIPT, YY, KMB, KMI, ALNY, GEF, DBRG, ZG, GEO, ELAN, CRTO, IMXI, LYFT, PLAB, EAT, REPL, MRO, FUSN, OVV, IRDM, CRUS, MSA, CNMD, OWL, MSM, CPRX, LBRDK, ANTX, VECO, ITGR, ETSY, ALPN, JYNT, PLCE, ICFI, GOOGL, OXM, MTX, OXY, EDU, CPSI, TXRH, CAE, CAH, MUR, AUDC, CAL, GIS, FUTU, ANVS, ALRM, TREE, TRGP, TENB, ASAI, SUPN, GAMB, VKTX, TDC, MMSI, PARR, MWA, BMRN, CBZ, UBER, BKNG, VIPS, ADEA, GLAD, CCJ, GRMN, KTB, VIR, CWCO, TRIP, IPI, GLDD, SHYF, PHAT, CDW, INBX, BILI, GME, TFX, SBLK, HURN, RAMP, HOFT, WSBC, TGI, XOM, SOFI, TTMI, VCEL, LBAI, GNE, NDAQ, CDAY, VREX, ABM, FICO, SBOW, ZTO, VLO, THS, THR, WDFC, DVAX, VMD, ACN, ITOS, VRDN, REG, HDSN, INCY, ALXO, VIST, CHD, ITRI, PAR, PLMR, REZI, REX, ASGN, ADM, ELS, ITW, ELV, RYAN, CHY, CHKP, PBF, TALO, PBH, XRAY, CLSK, MMYT, XRX, VTLE, BABA, TVTX, TJX, BGNE, AEL, RCUS, AEO, GPOR, REYN, TRMB, DECK, ZWS, RGP, SSRM, MGNX, PLOW, BEKE, CSCO, IVT, TNGX, PDD, EOG, FORM, IRON, TME, LULU, MIRM, LQDT, TMO, CLVT, PEP, KELYA, CLH, ASIX, VRA, CLS, CLX, DCBO, SBUX, VERV, CMG, VERX, HIBB, DINO, CMP, VSH, AIR, AIT, AUPH, AIZ, GVA, PUBM, ASLE, MGPI, MITK, ERF, PGR, AJG, AMAT, KALV, CSGS, PDCO, VRNA, CHRD, CNS, XENE, KRNT, RLI, LSXMA, VTR, ESE, LSXMK, DRCT, NFLX, KLAC, COP, SKGR, PLRX, XYL, MGRC, ETD, ALC, LFST, CPE, ALE, NET, ICVX, CPK, GLNG, TTWO, LDOS, XPEV, RNA, CSIQ, ALT, RNG, XPER, NSIT, RNR, LSPD, INOD, VVX, YUMC, AMH, SIGI, KROS, BRKR, ROG, AMX, ASPN, CDLX, ROP, XPEL, ANF, GLPG, TRUP, CRM, PLUS, GLPI, TTD, CRS, COCO, NBIX, AKAM, XNCR, NHI, PLL, AMEH, MNDY, AMED, AON, PDFS, AOS, CSX, BCPC, CODI, SMPL, NIO, CDNS, FTDR, MTRX, BLBD, GDDY, NJR, ORIC, KLIC, MTSI, METC, OPCH, NKE, EDIT, FRBA, CVE, VRSK, VRSN, HIMS, ARW, HEES, CDRE, RTO, CWH, RTX, LHX, CWT, INST, TYL, COHU, LSTR, RUN, MANH, MLCO, HAL, SEDG, ATI, EHTH, BPMC, PRA, CXW, PRO, FIVE, ORLY, FIVN, LOPE, PSA, NOG, DCPH, HCC, PSN, AVD, INVA, PSX, NDSN, INVH, AVO, VNOM, PTC, VYGR, HDB, GSHD, NPO, KNSA, ESNT, MASS, AWR, JILL, KNSL, LMB, MARA, HEI, AORT, LMT, ZLAB, EQIX, NRC, WCN, PVH, AOSL, NSA, LOB, NSC, RYTM, MRUS, PWP, NSP, PWR, UAA, AVAV, AZO, AMPH, NTB, PXD, BLKB, TSEM, ROCK, COOP, FDP, FDS, HAFC, CSWI, NUE, FIZZ, BRZE, MLKN, SCHL, DAR, BLMN, WGO, HCKT, LECO, LRN, URBN, PSTG, RMAX, AVDX, VSAT, MNSO, RBLX, THRY, GDOT, NWN, DNLI, WEAV, IBEX, CORT, MYGN, SAM, SAIA, RUSHA, HLF, AVGO, DNOW, AGIO, SPGI, ONON, SBS, NYT, HMN, BAH, GOGO, CMPS, CMPR, FIX, SCI, MNTK, STNG]
2024-01-08 22:16:18.568 [xxl-job, JobThread-7-1704723300289] INFO  luonq.polygon.RealTimeDataWS_DB - finish load last DN for BOLL
2024-01-08 22:16:18.642 [xxl-job, JobThread-7-1704723300289] INFO  luonq.polygon.RealTimeDataWS_DB - finish load lastest 19-days close data
2024-01-08 22:16:18.642 [xxl-job, JobThread-7-1704723300289] INFO  luonq.polygon.RealTimeDataWS_DB - finish init historical data
2024-01-08 22:16:18.643 [xxl-job, JobThread-7-1704723300289] INFO  luonq.polygon.RealTimeDataWS_DB - wait pre trade time. now is 22:16:18
2024-01-08 22:16:23.646 [xxl-job, JobThread-7-1704723300289] INFO  luonq.polygon.RealTimeDataWS_DB - wait pre trade time. now is 22:16:23
2024-01-08 22:16:28.649 [xxl-job, JobThread-7-1704723300289] INFO  luonq.polygon.RealTimeDataWS_DB - wait pre trade time. now is 22:16:28
2024-01-08 22:16:33.653 [xxl-job, JobThread-7-1704723300289] INFO  luonq.polygon.RealTimeDataWS_DB - wait pre trade time. now is 22:16:33
2024-01-08 22:16:38.658 [xxl-job, JobThread-7-1704723300289] INFO  luonq.polygon.RealTimeDataWS_DB - wait pre trade time. now is 22:16:38
2024-01-08 22:16:43.667 [xxl-job, JobThread-7-1704723300289] INFO  luonq.polygon.RealTimeDataWS_DB - wait pre trade time. now is 22:16:43
2024-01-08 22:16:48.670 [xxl-job, JobThread-7-1704723300289] INFO  luonq.polygon.RealTimeDataWS_DB - wait pre trade time. now is 22:16:48
2024-01-08 22:16:53.674 [xxl-job, JobThread-7-1704723300289] INFO  luonq.polygon.RealTimeDataWS_DB - wait pre trade time. now is 22:16:53
2024-01-08 22:16:58.683 [xxl-job, JobThread-7-1704723300289] INFO  luonq.polygon.RealTimeDataWS_DB - wait pre trade time. now is 22:16:58
2024-01-08 22:17:03.693 [xxl-job, JobThread-7-1704723300289] INFO  luonq.polygon.RealTimeDataWS_DB - wait pre trade time. now is 22:17:03
2024-01-08 22:17:08.702 [xxl-job, JobThread-7-1704723300289] INFO  luonq.polygon.RealTimeDataWS_DB - wait pre trade time. now is 22:17:08
2024-01-08 22:17:13.709 [xxl-job, JobThread-7-1704723300289] INFO  luonq.polygon.RealTimeDataWS_DB - wait pre trade time. now is 22:17:13
2024-01-08 22:17:18.719 [xxl-job, JobThread-7-1704723300289] INFO  luonq.polygon.RealTimeDataWS_DB - wait pre trade time. now is 22:17:18
2024-01-08 22:17:23.722 [xxl-job, JobThread-7-1704723300289] INFO  luonq.polygon.RealTimeDataWS_DB - wait pre trade time. now is 22:17:23
2024-01-08 22:17:28.725 [xxl-job, JobThread-7-1704723300289] INFO  luonq.polygon.RealTimeDataWS_DB - wait pre trade time. now is 22:17:28
2024-01-08 22:17:33.735 [xxl-job, JobThread-7-1704723300289] INFO  luonq.polygon.RealTimeDataWS_DB - wait pre trade time. now is 22:17:33
2024-01-08 22:17:38.746 [xxl-job, JobThread-7-1704723300289] INFO  luonq.polygon.RealTimeDataWS_DB - wait pre trade time. now is 22:17:38
2024-01-08 22:17:43.750 [xxl-job, JobThread-7-1704723300289] INFO  luonq.polygon.RealTimeDataWS_DB - wait pre trade time. now is 22:17:43
2024-01-08 22:17:48.755 [xxl-job, JobThread-7-1704723300289] INFO  luonq.polygon.RealTimeDataWS_DB - wait pre trade time. now is 22:17:48
2024-01-08 22:17:53.766 [xxl-job, JobThread-7-1704723300289] INFO  luonq.polygon.RealTimeDataWS_DB - wait pre trade time. now is 22:17:53
2024-01-08 22:17:58.775 [xxl-job, JobThread-7-1704723300289] INFO  luonq.polygon.RealTimeDataWS_DB - wait pre trade time. now is 22:17:58
2024-01-08 22:18:03.782 [xxl-job, JobThread-7-1704723300289] INFO  luonq.polygon.RealTimeDataWS_DB - wait pre trade time. now is 22:18:03
2024-01-08 22:18:08.789 [xxl-job, JobThread-7-1704723300289] INFO  luonq.polygon.RealTimeDataWS_DB - wait pre trade time. now is 22:18:08
2024-01-08 22:18:13.791 [xxl-job, JobThread-7-1704723300289] INFO  luonq.polygon.RealTimeDataWS_DB - wait pre trade time. now is 22:18:13
2024-01-08 22:18:18.797 [xxl-job, JobThread-7-1704723300289] INFO  luonq.polygon.RealTimeDataWS_DB - wait pre trade time. now is 22:18:18
2024-01-08 22:18:23.804 [xxl-job, JobThread-7-1704723300289] INFO  luonq.polygon.RealTimeDataWS_DB - wait pre trade time. now is 22:18:23
2024-01-08 22:18:28.807 [xxl-job, JobThread-7-1704723300289] INFO  luonq.polygon.RealTimeDataWS_DB - wait pre trade time. now is 22:18:28
2024-01-08 22:18:33.816 [xxl-job, JobThread-7-1704723300289] INFO  luonq.polygon.RealTimeDataWS_DB - wait pre trade time. now is 22:18:33
2024-01-08 22:18:38.821 [xxl-job, JobThread-7-1704723300289] INFO  luonq.polygon.RealTimeDataWS_DB - wait pre trade time. now is 22:18:38
2024-01-08 22:18:43.828 [xxl-job, JobThread-7-1704723300289] INFO  luonq.polygon.RealTimeDataWS_DB - wait pre trade time. now is 22:18:43
2024-01-08 22:18:48.829 [xxl-job, JobThread-7-1704723300289] INFO  luonq.polygon.RealTimeDataWS_DB - wait pre trade time. now is 22:18:48
2024-01-08 22:18:53.836 [xxl-job, JobThread-7-1704723300289] INFO  luonq.polygon.RealTimeDataWS_DB - wait pre trade time. now is 22:18:53
2024-01-08 22:18:58.848 [xxl-job, JobThread-7-1704723300289] INFO  luonq.polygon.RealTimeDataWS_DB - wait pre trade time. now is 22:18:58
2024-01-08 22:19:03.860 [xxl-job, JobThread-7-1704723300289] INFO  luonq.polygon.RealTimeDataWS_DB - wait pre trade time. now is 22:19:03
2024-01-08 22:19:08.870 [xxl-job, JobThread-7-1704723300289] INFO  luonq.polygon.RealTimeDataWS_DB - wait pre trade time. now is 22:19:08
2024-01-08 22:19:13.880 [xxl-job, JobThread-7-1704723300289] INFO  luonq.polygon.RealTimeDataWS_DB - wait pre trade time. now is 22:19:13
2024-01-08 22:19:18.893 [xxl-job, JobThread-7-1704723300289] INFO  luonq.polygon.RealTimeDataWS_DB - wait pre trade time. now is 22:19:18
2024-01-08 22:19:23.902 [xxl-job, JobThread-7-1704723300289] INFO  luonq.polygon.RealTimeDataWS_DB - wait pre trade time. now is 22:19:23
2024-01-08 22:19:28.912 [xxl-job, JobThread-7-1704723300289] INFO  luonq.polygon.RealTimeDataWS_DB - wait pre trade time. now is 22:19:28
2024-01-08 22:19:33.922 [xxl-job, JobThread-7-1704723300289] INFO  luonq.polygon.RealTimeDataWS_DB - wait pre trade time. now is 22:19:33
2024-01-08 22:19:38.933 [xxl-job, JobThread-7-1704723300289] INFO  luonq.polygon.RealTimeDataWS_DB - wait pre trade time. now is 22:19:38
2024-01-08 22:19:43.944 [xxl-job, JobThread-7-1704723300289] INFO  luonq.polygon.RealTimeDataWS_DB - wait pre trade time. now is 22:19:43
2024-01-08 22:19:48.955 [xxl-job, JobThread-7-1704723300289] INFO  luonq.polygon.RealTimeDataWS_DB - wait pre trade time. now is 22:19:48
2024-01-08 22:19:53.966 [xxl-job, JobThread-7-1704723300289] INFO  luonq.polygon.RealTimeDataWS_DB - wait pre trade time. now is 22:19:53
2024-01-08 22:19:58.979 [xxl-job, JobThread-7-1704723300289] INFO  luonq.polygon.RealTimeDataWS_DB - wait pre trade time. now is 22:19:58
2024-01-08 22:20:03.993 [xxl-job, JobThread-7-1704723300289] INFO  luonq.polygon.RealTimeDataWS_DB - wait pre trade time. now is 22:20:03
2024-01-08 22:20:09.005 [xxl-job, JobThread-7-1704723300289] INFO  luonq.polygon.RealTimeDataWS_DB - wait pre trade time. now is 22:20:09
2024-01-08 22:20:14.020 [xxl-job, JobThread-7-1704723300289] INFO  luonq.polygon.RealTimeDataWS_DB - wait pre trade time. now is 22:20:14
2024-01-08 22:20:19.031 [xxl-job, JobThread-7-1704723300289] INFO  luonq.polygon.RealTimeDataWS_DB - wait pre trade time. now is 22:20:19
2024-01-08 22:20:24.040 [xxl-job, JobThread-7-1704723300289] INFO  luonq.polygon.RealTimeDataWS_DB - wait pre trade time. now is 22:20:24
2024-01-08 22:20:29.048 [xxl-job, JobThread-7-1704723300289] INFO  luonq.polygon.RealTimeDataWS_DB - wait pre trade time. now is 22:20:29
2024-01-08 22:20:34.059 [xxl-job, JobThread-7-1704723300289] INFO  luonq.polygon.RealTimeDataWS_DB - wait pre trade time. now is 22:20:34
2024-01-08 22:20:39.070 [xxl-job, JobThread-7-1704723300289] INFO  luonq.polygon.RealTimeDataWS_DB - wait pre trade time. now is 22:20:39
2024-01-08 22:20:44.077 [xxl-job, JobThread-7-1704723300289] INFO  luonq.polygon.RealTimeDataWS_DB - wait pre trade time. now is 22:20:44
2024-01-08 22:20:49.084 [xxl-job, JobThread-7-1704723300289] INFO  luonq.polygon.RealTimeDataWS_DB - wait pre trade time. now is 22:20:49
2024-01-08 22:20:54.091 [xxl-job, JobThread-7-1704723300289] INFO  luonq.polygon.RealTimeDataWS_DB - wait pre trade time. now is 22:20:54
2024-01-08 22:20:59.101 [xxl-job, JobThread-7-1704723300289] INFO  luonq.polygon.RealTimeDataWS_DB - wait pre trade time. now is 22:20:59
2024-01-08 22:21:04.107 [xxl-job, JobThread-7-1704723300289] INFO  luonq.polygon.RealTimeDataWS_DB - wait pre trade time. now is 22:21:04
2024-01-08 22:21:09.112 [xxl-job, JobThread-7-1704723300289] INFO  luonq.polygon.RealTimeDataWS_DB - wait pre trade time. now is 22:21:09
2024-01-08 22:21:14.127 [xxl-job, JobThread-7-1704723300289] INFO  luonq.polygon.RealTimeDataWS_DB - wait pre trade time. now is 22:21:14
2024-01-08 22:21:19.132 [xxl-job, JobThread-7-1704723300289] INFO  luonq.polygon.RealTimeDataWS_DB - wait pre trade time. now is 22:21:19
2024-01-08 22:21:24.136 [xxl-job, JobThread-7-1704723300289] INFO  luonq.polygon.RealTimeDataWS_DB - wait pre trade time. now is 22:21:24
2024-01-08 22:21:29.138 [xxl-job, JobThread-7-1704723300289] INFO  luonq.polygon.RealTimeDataWS_DB - wait pre trade time. now is 22:21:29
2024-01-08 22:21:34.145 [xxl-job, JobThread-7-1704723300289] INFO  luonq.polygon.RealTimeDataWS_DB - wait pre trade time. now is 22:21:34
2024-01-08 22:21:39.156 [xxl-job, JobThread-7-1704723300289] INFO  luonq.polygon.RealTimeDataWS_DB - wait pre trade time. now is 22:21:39
2024-01-08 22:21:44.165 [xxl-job, JobThread-7-1704723300289] INFO  luonq.polygon.RealTimeDataWS_DB - wait pre trade time. now is 22:21:44
2024-01-08 22:21:49.174 [xxl-job, JobThread-7-1704723300289] INFO  luonq.polygon.RealTimeDataWS_DB - wait pre trade time. now is 22:21:49
2024-01-08 22:21:54.183 [xxl-job, JobThread-7-1704723300289] INFO  luonq.polygon.RealTimeDataWS_DB - wait pre trade time. now is 22:21:54
2024-01-08 22:21:59.189 [xxl-job, JobThread-7-1704723300289] INFO  luonq.polygon.RealTimeDataWS_DB - wait pre trade time. now is 22:21:59
2024-01-08 22:22:04.202 [xxl-job, JobThread-7-1704723300289] INFO  luonq.polygon.RealTimeDataWS_DB - wait pre trade time. now is 22:22:04
2024-01-08 22:22:09.206 [xxl-job, JobThread-7-1704723300289] INFO  luonq.polygon.RealTimeDataWS_DB - wait pre trade time. now is 22:22:09
2024-01-08 22:22:14.215 [xxl-job, JobThread-7-1704723300289] INFO  luonq.polygon.RealTimeDataWS_DB - wait pre trade time. now is 22:22:14
2024-01-08 22:22:19.218 [xxl-job, JobThread-7-1704723300289] INFO  luonq.polygon.RealTimeDataWS_DB - wait pre trade time. now is 22:22:19
2024-01-08 22:22:24.227 [xxl-job, JobThread-7-1704723300289] INFO  luonq.polygon.RealTimeDataWS_DB - wait pre trade time. now is 22:22:24
2024-01-08 22:22:29.235 [xxl-job, JobThread-7-1704723300289] INFO  luonq.polygon.RealTimeDataWS_DB - wait pre trade time. now is 22:22:29
2024-01-08 22:22:34.241 [xxl-job, JobThread-7-1704723300289] INFO  luonq.polygon.RealTimeDataWS_DB - wait pre trade time. now is 22:22:34
2024-01-08 22:22:39.250 [xxl-job, JobThread-7-1704723300289] INFO  luonq.polygon.RealTimeDataWS_DB - wait pre trade time. now is 22:22:39
2024-01-08 22:22:44.264 [xxl-job, JobThread-7-1704723300289] INFO  luonq.polygon.RealTimeDataWS_DB - wait pre trade time. now is 22:22:44
2024-01-08 22:22:49.279 [xxl-job, JobThread-7-1704723300289] INFO  luonq.polygon.RealTimeDataWS_DB - wait pre trade time. now is 22:22:49
2024-01-08 22:22:54.292 [xxl-job, JobThread-7-1704723300289] INFO  luonq.polygon.RealTimeDataWS_DB - wait pre trade time. now is 22:22:54
2024-01-08 22:22:59.296 [xxl-job, JobThread-7-1704723300289] INFO  luonq.polygon.RealTimeDataWS_DB - wait pre trade time. now is 22:22:59
2024-01-08 22:23:04.302 [xxl-job, JobThread-7-1704723300289] INFO  luonq.polygon.RealTimeDataWS_DB - wait pre trade time. now is 22:23:04
2024-01-08 22:23:09.315 [xxl-job, JobThread-7-1704723300289] INFO  luonq.polygon.RealTimeDataWS_DB - wait pre trade time. now is 22:23:09
2024-01-08 22:23:14.327 [xxl-job, JobThread-7-1704723300289] INFO  luonq.polygon.RealTimeDataWS_DB - wait pre trade time. now is 22:23:14
2024-01-08 22:23:19.339 [xxl-job, JobThread-7-1704723300289] INFO  luonq.polygon.RealTimeDataWS_DB - wait pre trade time. now is 22:23:19
2024-01-08 22:23:24.348 [xxl-job, JobThread-7-1704723300289] INFO  luonq.polygon.RealTimeDataWS_DB - wait pre trade time. now is 22:23:24
2024-01-08 22:23:29.359 [xxl-job, JobThread-7-1704723300289] INFO  luonq.polygon.RealTimeDataWS_DB - wait pre trade time. now is 22:23:29
2024-01-08 22:23:34.366 [xxl-job, JobThread-7-1704723300289] INFO  luonq.polygon.RealTimeDataWS_DB - wait pre trade time. now is 22:23:34
2024-01-08 22:23:39.381 [xxl-job, JobThread-7-1704723300289] INFO  luonq.polygon.RealTimeDataWS_DB - wait pre trade time. now is 22:23:39
2024-01-08 22:23:44.389 [xxl-job, JobThread-7-1704723300289] INFO  luonq.polygon.RealTimeDataWS_DB - wait pre trade time. now is 22:23:44
2024-01-08 22:23:49.397 [xxl-job, JobThread-7-1704723300289] INFO  luonq.polygon.RealTimeDataWS_DB - wait pre trade time. now is 22:23:49
2024-01-08 22:23:54.406 [xxl-job, JobThread-7-1704723300289] INFO  luonq.polygon.RealTimeDataWS_DB - wait pre trade time. now is 22:23:54
2024-01-08 22:23:59.414 [xxl-job, JobThread-7-1704723300289] INFO  luonq.polygon.RealTimeDataWS_DB - wait pre trade time. now is 22:23:59
2024-01-08 22:24:04.419 [xxl-job, JobThread-7-1704723300289] INFO  luonq.polygon.RealTimeDataWS_DB - wait pre trade time. now is 22:24:04
2024-01-08 22:24:09.436 [xxl-job, JobThread-7-1704723300289] INFO  luonq.polygon.RealTimeDataWS_DB - wait pre trade time. now is 22:24:09
2024-01-08 22:24:14.442 [xxl-job, JobThread-7-1704723300289] INFO  luonq.polygon.RealTimeDataWS_DB - wait pre trade time. now is 22:24:14
2024-01-08 22:24:19.446 [xxl-job, JobThread-7-1704723300289] INFO  luonq.polygon.RealTimeDataWS_DB - wait pre trade time. now is 22:24:19
2024-01-08 22:24:24.451 [xxl-job, JobThread-7-1704723300289] INFO  luonq.polygon.RealTimeDataWS_DB - wait pre trade time. now is 22:24:24
2024-01-08 22:24:29.464 [xxl-job, JobThread-7-1704723300289] INFO  luonq.polygon.RealTimeDataWS_DB - wait pre trade time. now is 22:24:29
2024-01-08 22:24:34.470 [xxl-job, JobThread-7-1704723300289] INFO  luonq.polygon.RealTimeDataWS_DB - wait pre trade time. now is 22:24:34
2024-01-08 22:24:39.481 [xxl-job, JobThread-7-1704723300289] INFO  luonq.polygon.RealTimeDataWS_DB - wait pre trade time. now is 22:24:39
2024-01-08 22:24:44.487 [xxl-job, JobThread-7-1704723300289] INFO  luonq.polygon.RealTimeDataWS_DB - wait pre trade time. now is 22:24:44
2024-01-08 22:24:49.489 [xxl-job, JobThread-7-1704723300289] INFO  luonq.polygon.RealTimeDataWS_DB - wait pre trade time. now is 22:24:49
2024-01-08 22:24:54.497 [xxl-job, JobThread-7-1704723300289] INFO  luonq.polygon.RealTimeDataWS_DB - wait pre trade time. now is 22:24:54
2024-01-08 22:24:59.508 [xxl-job, JobThread-7-1704723300289] INFO  luonq.polygon.RealTimeDataWS_DB - wait pre trade time. now is 22:24:59
2024-01-08 22:25:04.515 [xxl-job, JobThread-7-1704723300289] INFO  luonq.polygon.RealTimeDataWS_DB - wait pre trade time. now is 22:25:04
2024-01-08 22:25:09.526 [xxl-job, JobThread-7-1704723300289] INFO  luonq.polygon.RealTimeDataWS_DB - wait pre trade time. now is 22:25:09
2024-01-08 22:25:14.536 [xxl-job, JobThread-7-1704723300289] INFO  luonq.polygon.RealTimeDataWS_DB - wait pre trade time. now is 22:25:14
2024-01-08 22:25:19.546 [xxl-job, JobThread-7-1704723300289] INFO  luonq.polygon.RealTimeDataWS_DB - wait pre trade time. now is 22:25:19
2024-01-08 22:25:24.556 [xxl-job, JobThread-7-1704723300289] INFO  luonq.polygon.RealTimeDataWS_DB - wait pre trade time. now is 22:25:24
2024-01-08 22:25:29.560 [xxl-job, JobThread-7-1704723300289] INFO  luonq.polygon.RealTimeDataWS_DB - wait pre trade time. now is 22:25:29
2024-01-08 22:25:34.568 [xxl-job, JobThread-7-1704723300289] INFO  luonq.polygon.RealTimeDataWS_DB - wait pre trade time. now is 22:25:34
2024-01-08 22:25:39.586 [xxl-job, JobThread-7-1704723300289] INFO  luonq.polygon.RealTimeDataWS_DB - wait pre trade time. now is 22:25:39
2024-01-08 22:25:44.600 [xxl-job, JobThread-7-1704723300289] INFO  luonq.polygon.RealTimeDataWS_DB - wait pre trade time. now is 22:25:44
2024-01-08 22:25:49.609 [xxl-job, JobThread-7-1704723300289] INFO  luonq.polygon.RealTimeDataWS_DB - wait pre trade time. now is 22:25:49
2024-01-08 22:25:54.611 [xxl-job, JobThread-7-1704723300289] INFO  luonq.polygon.RealTimeDataWS_DB - wait pre trade time. now is 22:25:54
2024-01-08 22:25:59.619 [xxl-job, JobThread-7-1704723300289] INFO  luonq.polygon.RealTimeDataWS_DB - wait pre trade time. now is 22:25:59
2024-01-08 22:26:04.624 [xxl-job, JobThread-7-1704723300289] INFO  luonq.polygon.RealTimeDataWS_DB - wait pre trade time. now is 22:26:04
2024-01-08 22:26:09.630 [xxl-job, JobThread-7-1704723300289] INFO  luonq.polygon.RealTimeDataWS_DB - wait pre trade time. now is 22:26:09
2024-01-08 22:26:14.631 [xxl-job, JobThread-7-1704723300289] INFO  luonq.polygon.RealTimeDataWS_DB - wait pre trade time. now is 22:26:14
2024-01-08 22:26:19.636 [xxl-job, JobThread-7-1704723300289] INFO  luonq.polygon.RealTimeDataWS_DB - wait pre trade time. now is 22:26:19
2024-01-08 22:26:24.641 [xxl-job, JobThread-7-1704723300289] INFO  luonq.polygon.RealTimeDataWS_DB - wait pre trade time. now is 22:26:24
2024-01-08 22:26:29.645 [xxl-job, JobThread-7-1704723300289] INFO  luonq.polygon.RealTimeDataWS_DB - wait pre trade time. now is 22:26:29
2024-01-08 22:26:34.649 [xxl-job, JobThread-7-1704723300289] INFO  luonq.polygon.RealTimeDataWS_DB - wait pre trade time. now is 22:26:34
2024-01-08 22:26:39.650 [xxl-job, JobThread-7-1704723300289] INFO  luonq.polygon.RealTimeDataWS_DB - wait pre trade time. now is 22:26:39
2024-01-08 22:26:44.655 [xxl-job, JobThread-7-1704723300289] INFO  luonq.polygon.RealTimeDataWS_DB - wait pre trade time. now is 22:26:44
2024-01-08 22:26:49.658 [xxl-job, JobThread-7-1704723300289] INFO  luonq.polygon.RealTimeDataWS_DB - wait pre trade time. now is 22:26:49
2024-01-08 22:26:54.664 [xxl-job, JobThread-7-1704723300289] INFO  luonq.polygon.RealTimeDataWS_DB - wait pre trade time. now is 22:26:54
2024-01-08 22:26:59.666 [xxl-job, JobThread-7-1704723300289] INFO  luonq.polygon.RealTimeDataWS_DB - wait pre trade time. now is 22:26:59
2024-01-08 22:27:04.673 [xxl-job, JobThread-7-1704723300289] INFO  luonq.polygon.RealTimeDataWS_DB - wait pre trade time. now is 22:27:04
2024-01-08 22:27:09.680 [xxl-job, JobThread-7-1704723300289] INFO  luonq.polygon.RealTimeDataWS_DB - wait pre trade time. now is 22:27:09
2024-01-08 22:27:14.682 [xxl-job, JobThread-7-1704723300289] INFO  luonq.polygon.RealTimeDataWS_DB - wait pre trade time. now is 22:27:14
2024-01-08 22:27:19.687 [xxl-job, JobThread-7-1704723300289] INFO  luonq.polygon.RealTimeDataWS_DB - wait pre trade time. now is 22:27:19
2024-01-08 22:27:24.692 [xxl-job, JobThread-7-1704723300289] INFO  luonq.polygon.RealTimeDataWS_DB - wait pre trade time. now is 22:27:24
2024-01-08 22:27:29.696 [xxl-job, JobThread-7-1704723300289] INFO  luonq.polygon.RealTimeDataWS_DB - wait pre trade time. now is 22:27:29
2024-01-08 22:27:34.699 [xxl-job, JobThread-7-1704723300289] INFO  luonq.polygon.RealTimeDataWS_DB - wait pre trade time. now is 22:27:34
2024-01-08 22:27:39.704 [xxl-job, JobThread-7-1704723300289] INFO  luonq.polygon.RealTimeDataWS_DB - wait pre trade time. now is 22:27:39
2024-01-08 22:27:44.707 [xxl-job, JobThread-7-1704723300289] INFO  luonq.polygon.RealTimeDataWS_DB - wait pre trade time. now is 22:27:44
2024-01-08 22:27:49.712 [xxl-job, JobThread-7-1704723300289] INFO  luonq.polygon.RealTimeDataWS_DB - wait pre trade time. now is 22:27:49
2024-01-08 22:27:54.717 [xxl-job, JobThread-7-1704723300289] INFO  luonq.polygon.RealTimeDataWS_DB - wait pre trade time. now is 22:27:54
2024-01-08 22:27:59.727 [xxl-job, JobThread-7-1704723300289] INFO  luonq.polygon.RealTimeDataWS_DB - wait pre trade time. now is 22:27:59
2024-01-08 22:28:04.734 [xxl-job, JobThread-7-1704723300289] INFO  luonq.polygon.RealTimeDataWS_DB - begin subcribe stock at 22:28:04
2024-01-08 22:28:04.868 [pool-2-thread-1] INFO  luonq.polygon.RealTimeDataWS_DB - finish subcribe real time!
2024-01-08 22:28:19.048 [xxl-job, JobThread-7-1704723300289] INFO  luonq.polygon.RealTimeDataWS_DB - time is early. {p=12.13, ev=T, q=20941, s=3, c=[14,12,37,41], t=1704724099000, sym=IONQ, x=12, i=62879147509347, z=1}
2024-01-08 22:28:36.003 [xxl-job, JobThread-7-1704723300289] INFO  luonq.polygon.RealTimeDataWS_DB - time is early. {p=28.5, ev=T, q=186949, s=50, c=[14,12,37,41], t=1704724116000, sym=SDGR, x=21, i=6, z=3}
2024-01-08 22:29:54.001 [xxl-job, JobThread-7-1704723300289] INFO  luonq.polygon.RealTimeDataWS_DB - time is early. {p=35.44, ev=T, q=80050, s=50, c=[12,37], t=1704724194000, sym=BP, x=11, i=52983525165383, z=1}
2024-01-08 22:29:54.008 [xxl-job, JobThread-7-1704723300289] INFO  luonq.polygon.RealTimeDataWS_DB - time is early. {p=35.44, ev=T, q=80051, s=1, c=[12,37], t=1704724194000, sym=BP, x=8, i=52983525094737, z=1}
2024-01-08 22:29:54.008 [xxl-job, JobThread-7-1704723300289] INFO  luonq.polygon.RealTimeDataWS_DB - time is early. {p=35.43, ev=T, q=80052, s=2000, c=[12], t=1704724194000, sym=BP, x=12, i=62879147575376, z=1}
2024-01-08 22:29:54.008 [xxl-job, JobThread-7-1704723300289] INFO  luonq.polygon.RealTimeDataWS_DB - time is early. {p=35.43, ev=T, q=80053, s=500, c=[12], t=1704724194000, sym=BP, x=12, i=62879147575377, z=1}
2024-01-08 22:29:54.008 [xxl-job, JobThread-7-1704723300289] INFO  luonq.polygon.RealTimeDataWS_DB - time is early. {p=35.43, ev=T, q=80054, s=500, c=[12], t=1704724194000, sym=BP, x=12, i=62879147575378, z=1}
2024-01-08 22:29:54.008 [xxl-job, JobThread-7-1704723300289] INFO  luonq.polygon.RealTimeDataWS_DB - time is early. {p=35.43, ev=T, q=80055, s=500, c=[12], t=1704724194000, sym=BP, x=12, i=62879147575379, z=1}
2024-01-08 22:29:54.008 [xxl-job, JobThread-7-1704723300289] INFO  luonq.polygon.RealTimeDataWS_DB - time is early. {p=35.43, ev=T, q=80056, s=500, c=[12], t=1704724194000, sym=BP, x=12, i=62879147575380, z=1}
2024-01-08 22:30:00.054 [pool-2-thread-8] INFO  luonq.polygon.TradeDataListener_DB - StockEvent(stock=BLKB, price=82.01, time=1704724200006) dn=66.897 current=1704724200054
2024-01-08 22:30:00.058 [pool-2-thread-82] INFO  luonq.polygon.TradeDataListener_DB - StockEvent(stock=KRNT, price=16.96, time=1704724200045) dn=15.423 current=1704724200058
2024-01-08 22:30:00.059 [pool-2-thread-80] INFO  luonq.polygon.TradeDataListener_DB - StockEvent(stock=VMD, price=7.34, time=1704724200009) dn=6.72 current=1704724200059
2024-01-08 22:30:00.059 [pool-2-thread-68] INFO  luonq.polygon.TradeDataListener_DB - StockEvent(stock=PUBM, price=14.9, time=1704724200008) dn=11.464 current=1704724200059
2024-01-08 22:30:00.061 [pool-2-thread-66] INFO  luonq.polygon.TradeDataListener_DB - StockEvent(stock=MYGN, price=17.5, time=1704724200008) dn=15.858 current=1704724200061
2024-01-08 22:30:00.062 [pool-2-thread-63] INFO  luonq.polygon.TradeDataListener_DB - StockEvent(stock=AAPL, price=182.15, time=1704724200005) dn=175.973 current=1704724200062
2024-01-08 22:30:00.063 [pool-2-thread-59] INFO  luonq.polygon.TradeDataListener_DB - StockEvent(stock=MANH, price=200.53, time=1704724200008) dn=195.519 current=1704724200063
2024-01-08 22:30:00.063 [pool-2-thread-57] INFO  luonq.polygon.TradeDataListener_DB - StockEvent(stock=CDNS, price=254.94, time=1704724200007) dn=244.221 current=1704724200063
2024-01-08 22:30:00.064 [pool-2-thread-55] INFO  luonq.polygon.TradeDataListener_DB - StockEvent(stock=MAT, price=18.16, time=1704724200007) dn=17.878 current=1704724200064
2024-01-08 22:30:00.064 [pool-2-thread-50] INFO  luonq.polygon.TradeDataListener_DB - StockEvent(stock=SDGR, price=28.82, time=1704724200008) dn=24.933 current=1704724200064
2024-01-08 22:30:00.064 [pool-2-thread-48] INFO  luonq.polygon.TradeDataListener_DB - StockEvent(stock=XPEV, price=12.42, time=1704724200018) dn=12.757 current=1704724200064
2024-01-08 22:30:00.068 [pool-2-thread-34] INFO  luonq.polygon.TradeDataListener_DB - StockEvent(stock=ORIC, price=7.86, time=1704724200008) dn=5.438 current=1704724200068
2024-01-08 22:30:00.068 [pool-2-thread-30] INFO  luonq.polygon.TradeDataListener_DB - StockEvent(stock=POWL, price=81.78, time=1704724200007) dn=78.044 current=1704724200068
2024-01-08 22:30:00.068 [pool-2-thread-21] INFO  luonq.polygon.TradeDataListener_DB - StockEvent(stock=MBLY, price=30.95, time=1704724200005) dn=30.249 current=1704724200068
2024-01-08 22:30:00.068 [pool-2-thread-17] INFO  luonq.polygon.TradeDataListener_DB - StockEvent(stock=CVLT, price=73.72, time=1704724200007) dn=65.308 current=1704724200068
2024-01-08 22:30:00.089 [pool-2-thread-100] INFO  luonq.polygon.TradeDataListener_DB - StockEvent(stock=EQIX, price=788.86, time=1704724200006) dn=748.542 current=1704724200089
2024-01-08 22:30:00.101 [pool-2-thread-108] INFO  luonq.polygon.TradeDataListener_DB - StockEvent(stock=BRZE, price=47.8, time=1704724200085) dn=43.598 current=1704724200101
2024-01-08 22:30:00.109 [pool-2-thread-112] INFO  luonq.polygon.TradeDataListener_DB - StockEvent(stock=NTAP, price=83.67, time=1704724200008) dn=71.208 current=1704724200109
2024-01-08 22:30:00.117 [xxl-job, JobThread-7-1704723300289] INFO  luonq.polygon.RealTimeDataWS_DB - unsubscribeStockSet size: 100 1704724200117
2024-01-08 22:30:00.138 [pool-2-thread-122] INFO  luonq.polygon.TradeDataListener_DB - StockEvent(stock=EDIT, price=9.03, time=1704724200082) dn=6.968 current=1704724200138
2024-01-08 22:30:00.190 [pool-2-thread-133] INFO  luonq.polygon.TradeDataListener_DB - StockEvent(stock=ARRY, price=14.75, time=1704724200182) dn=13.069 current=1704724200190
2024-01-08 22:30:00.214 [pool-2-thread-139] INFO  luonq.polygon.TradeDataListener_DB - StockEvent(stock=EXEL, price=20.08, time=1704724200195) dn=19.236 current=1704724200214
2024-01-08 22:30:00.218 [pool-2-thread-149] INFO  luonq.polygon.TradeDataListener_DB - StockEvent(stock=VCEL, price=32.44, time=1704724200139) dn=32.17 current=1704724200218
2024-01-08 22:30:00.220 [pool-2-thread-145] INFO  luonq.polygon.TradeDataListener_DB - StockEvent(stock=PLCE, price=21.14, time=1704724200165) dn=17.471 current=1704724200220
2024-01-08 22:30:00.220 [pool-2-thread-142] INFO  luonq.polygon.TradeDataListener_DB - StockEvent(stock=IRDM, price=38.55, time=1704724200177) dn=35.348 current=1704724200220
2024-01-08 22:30:00.225 [pool-2-thread-153] INFO  luonq.polygon.TradeDataListener_DB - StockEvent(stock=GRMN, price=122.06, time=1704724200214) dn=112.334 current=1704724200225
2024-01-08 22:30:00.233 [pool-2-thread-159] INFO  luonq.polygon.TradeDataListener_DB - StockEvent(stock=AUPH, price=8.35, time=1704724200211) dn=7.496 current=1704724200233
2024-01-08 22:30:00.234 [pool-2-thread-161] INFO  luonq.polygon.TradeDataListener_DB - StockEvent(stock=TTEK, price=161.94, time=1704724200186) dn=148.247 current=1704724200234
2024-01-08 22:30:00.251 [pool-2-thread-164] INFO  luonq.polygon.TradeDataListener_DB - StockEvent(stock=FTDR, price=32.99, time=1704724200212) dn=32.621 current=1704724200251
2024-01-08 22:30:00.256 [pool-2-thread-167] INFO  luonq.polygon.TradeDataListener_DB - StockEvent(stock=UAA, price=7.96, time=1704724200251) dn=6.76 current=1704724200256
2024-01-08 22:30:00.260 [pool-2-thread-169] INFO  luonq.polygon.TradeDataListener_DB - StockEvent(stock=ROP, price=526.55, time=1704724200237) dn=497.766 current=1704724200260
2024-01-08 22:30:00.271 [pool-2-thread-173] INFO  luonq.polygon.TradeDataListener_DB - StockEvent(stock=KELYA, price=20.39, time=1704724200221) dn=18.079 current=1704724200271
2024-01-08 22:30:00.289 [pool-2-thread-181] INFO  luonq.polygon.TradeDataListener_DB - StockEvent(stock=EE, price=14.57, time=1704724200283) dn=13.441 current=1704724200289
2024-01-08 22:30:00.297 [pool-2-thread-185] INFO  luonq.polygon.TradeDataListener_DB - StockEvent(stock=VSEC, price=59.14, time=1704724200253) dn=56.773 current=1704724200297
2024-01-08 22:30:00.312 [pool-2-thread-192] INFO  luonq.polygon.TradeDataListener_DB - StockEvent(stock=SBUX, price=93.06, time=1704724200229) dn=91.611 current=1704724200312
2024-01-08 22:30:00.316 [pool-2-thread-195] INFO  luonq.polygon.TradeDataListener_DB - StockEvent(stock=OLMA, price=11.13, time=1704724200277) dn=11.419 current=1704724200316
2024-01-08 22:30:01.522 [pool-2-thread-218] INFO  luonq.polygon.TradeDataListener_DB - StockEvent(stock=SNPS, price=488.39, time=1704724200319) dn=467.762 current=1704724201522
2024-01-08 22:30:01.520 [xxl-job, JobThread-7-1704723300289] INFO  luonq.polygon.RealTimeDataWS_DB - unsubscribeStockSet size: 200 1704724201520
2024-01-08 22:30:01.528 [pool-2-thread-228] INFO  luonq.polygon.TradeDataListener_DB - StockEvent(stock=VRSN, price=197.66, time=1704724200263) dn=195.416 current=1704724201528
2024-01-08 22:30:01.531 [pool-2-thread-240] INFO  luonq.polygon.TradeDataListener_DB - StockEvent(stock=WDFC, price=232.19, time=1704724200385) dn=210.696 current=1704724201531
2024-01-08 22:30:01.534 [pool-2-thread-253] INFO  luonq.polygon.TradeDataListener_DB - StockEvent(stock=ETSY, price=76.07, time=1704724200380) dn=57.88 current=1704724201534
2024-01-08 22:30:01.539 [pool-2-thread-257] INFO  luonq.polygon.TradeDataListener_DB - StockEvent(stock=SAM, price=327.33, time=1704724200419) dn=326.948 current=1704724201539
2024-01-08 22:30:01.539 [pool-2-thread-259] INFO  luonq.polygon.TradeDataListener_DB - StockEvent(stock=NKE, price=102.15, time=1704724200378) dn=101.819 current=1704724201539
2024-01-08 22:30:01.540 [pool-2-thread-263] INFO  luonq.polygon.TradeDataListener_DB - StockEvent(stock=GDS, price=7.48, time=1704724200327) dn=7.658 current=1704724201540
2024-01-08 22:30:01.542 [pool-2-thread-277] INFO  luonq.polygon.TradeDataListener_DB - StockEvent(stock=ELS, price=68.95, time=1704724200442) dn=64.493 current=1704724201542
2024-01-08 22:30:01.546 [pool-2-thread-285] INFO  luonq.polygon.TradeDataListener_DB - StockEvent(stock=IBEX, price=17.3, time=1704724200351) dn=16.692 current=1704724201546
2024-01-08 22:30:01.547 [pool-2-thread-287] INFO  luonq.polygon.TradeDataListener_DB - StockEvent(stock=ASLE, price=11.28, time=1704724200434) dn=10.994 current=1704724201547
2024-01-08 22:30:01.547 [pool-2-thread-291] INFO  luonq.polygon.TradeDataListener_DB - StockEvent(stock=CMP, price=22.51, time=1704724200468) dn=22.507 current=1704724201547
2024-01-08 22:30:01.548 [pool-2-thread-294] INFO  luonq.polygon.TradeDataListener_DB - StockEvent(stock=HCKT, price=21.93, time=1704724200444) dn=21.159 current=1704724201548
2024-01-08 22:30:01.551 [pool-2-thread-297] INFO  luonq.polygon.TradeDataListener_DB - StockEvent(stock=VC, price=115.26, time=1704724200481) dn=110.401 current=1704724201551
2024-01-08 22:30:01.552 [pool-2-thread-305] INFO  luonq.polygon.TradeDataListener_DB - StockEvent(stock=BG, price=97.76, time=1704724200498) dn=97.643 current=1704724201552
2024-01-08 22:30:01.553 [pool-2-thread-313] INFO  luonq.polygon.TradeDataListener_DB - StockEvent(stock=GOGO, price=9.425, time=1704724200465) dn=9.277 current=1704724201553
2024-01-08 22:30:01.558 [pool-2-thread-324] INFO  luonq.polygon.TradeDataListener_DB - StockEvent(stock=SYM, price=43.6, time=1704724200495) dn=26.415 current=1704724201558
2024-01-08 22:30:01.558 [pool-2-thread-326] INFO  luonq.polygon.TradeDataListener_DB - StockEvent(stock=APPF, price=165.13, time=1704724200503) dn=161.399 current=1704724201558
2024-01-08 22:30:01.571 [xxl-job, JobThread-7-1704723300289] INFO  luonq.polygon.RealTimeDataWS_DB - unsubscribeStockSet size: 300 1704724201569
2024-01-08 22:30:01.578 [pool-2-thread-333] INFO  luonq.polygon.TradeDataListener_DB - StockEvent(stock=ORLY, price=929.6, time=1704724200483) dn=923.617 current=1704724201578
2024-01-08 22:30:01.583 [pool-2-thread-359] INFO  luonq.polygon.TradeDataListener_DB - StockEvent(stock=AORT, price=16.83, time=1704724200614) dn=11.687 current=1704724201582
2024-01-08 22:30:01.583 [pool-2-thread-354] INFO  luonq.polygon.TradeDataListener_DB - StockEvent(stock=DSGX, price=79.56, time=1704724200573) dn=72.669 current=1704724201583
2024-01-08 22:30:01.583 [pool-2-thread-351] INFO  luonq.polygon.TradeDataListener_DB - StockEvent(stock=DLR, price=130.47, time=1704724200593) dn=125.985 current=1704724201583
2024-01-08 22:30:01.584 [pool-2-thread-335] INFO  luonq.polygon.TradeDataListener_DB - StockEvent(stock=BILI, price=10.805, time=1704724200491) dn=11.011 current=1704724201584
2024-01-08 22:30:01.584 [pool-2-thread-369] INFO  luonq.polygon.TradeDataListener_DB - StockEvent(stock=ATGE, price=57.04, time=1704724200623) dn=53.33 current=1704724201584
2024-01-08 22:30:01.588 [pool-2-thread-374] INFO  luonq.polygon.TradeDataListener_DB - StockEvent(stock=AVAV, price=117.49, time=1704724200546) dn=115.281 current=1704724201588
2024-01-08 22:30:01.589 [pool-2-thread-378] INFO  luonq.polygon.TradeDataListener_DB - StockEvent(stock=CSGS, price=50.64, time=1704724200541) dn=48.792 current=1704724201589
2024-01-08 22:30:01.591 [pool-2-thread-388] INFO  luonq.polygon.TradeDataListener_DB - StockEvent(stock=IT, price=427.05, time=1704724200670) dn=368.927 current=1704724201591
2024-01-08 22:30:01.596 [pool-2-thread-411] INFO  luonq.polygon.TradeDataListener_DB - StockEvent(stock=FIVN, price=72.73, time=1704724200611) dn=57.586 current=1704724201596
2024-01-08 22:30:01.596 [pool-2-thread-426] INFO  luonq.polygon.TradeDataListener_DB - StockEvent(stock=ERII, price=17.77, time=1704724200693) dn=17.16 current=1704724201596
2024-01-08 22:30:01.596 [pool-2-thread-431] INFO  luonq.polygon.TradeDataListener_DB - StockEvent(stock=ICFI, price=129.12, time=1704724200621) dn=125.327 current=1704724201596
2024-01-08 22:30:01.601 [pool-2-thread-442] INFO  luonq.polygon.TradeDataListener_DB - StockEvent(stock=BGNE, price=166.0, time=1704724200688) dn=166.159 current=1704724201601
2024-01-08 22:30:01.602 [pool-2-thread-450] INFO  luonq.polygon.TradeDataListener_DB - StockEvent(stock=HEI, price=171.98, time=1704724200677) dn=158.408 current=1704724201602
2024-01-08 22:30:01.609 [xxl-job, JobThread-7-1704723300289] INFO  luonq.polygon.RealTimeDataWS_DB - unsubscribeStockSet size: 400 1704724201609
2024-01-08 22:30:01.615 [pool-2-thread-468] INFO  luonq.polygon.TradeDataListener_DB - StockEvent(stock=DECK, price=660.1, time=1704724200762) dn=590.613 current=1704724201615
2024-01-08 22:30:01.615 [pool-2-thread-465] INFO  luonq.polygon.TradeDataListener_DB - StockEvent(stock=LRN, price=58.03, time=1704724200750) dn=54.607 current=1704724201615
2024-01-08 22:30:01.616 [pool-2-thread-460] INFO  luonq.polygon.TradeDataListener_DB - StockEvent(stock=JILL, price=24.4, time=1704724200738) dn=23.938 current=1704724201616
2024-01-08 22:30:01.616 [pool-2-thread-452] INFO  luonq.polygon.TradeDataListener_DB - StockEvent(stock=EH, price=15.11, time=1704724200753) dn=12.812 current=1704724201616
2024-01-08 22:30:01.616 [pool-2-thread-473] INFO  luonq.polygon.TradeDataListener_DB - StockEvent(stock=FPI, price=11.86, time=1704724200780) dn=10.631 current=1704724201616
2024-01-08 22:30:01.618 [pool-2-thread-486] INFO  luonq.polygon.TradeDataListener_DB - StockEvent(stock=CWCO, price=33.125, time=1704724200726) dn=30.164 current=1704724201617
2024-01-08 22:30:01.619 [pool-2-thread-494] INFO  luonq.polygon.TradeDataListener_DB - StockEvent(stock=CDAY, price=63.14, time=1704724200796) dn=62.216 current=1704724201619
2024-01-08 22:30:01.619 [pool-2-thread-496] INFO  luonq.polygon.TradeDataListener_DB - StockEvent(stock=TRGP, price=84.21, time=1704724200792) dn=82.771 current=1704724201619
2024-01-08 22:30:01.619 [pool-2-thread-499] INFO  luonq.polygon.TradeDataListener_DB - StockEvent(stock=DT, price=52.33, time=1704724200791) dn=46.751 current=1704724201619
2024-01-08 22:30:01.620 [pool-2-thread-503] INFO  luonq.polygon.TradeDataListener_DB - StockEvent(stock=COUR, price=18.9, time=1704724200763) dn=17.805 current=1704724201620
2024-01-08 22:30:01.622 [pool-2-thread-521] INFO  luonq.polygon.TradeDataListener_DB - StockEvent(stock=UBER, price=58.02, time=1704724200825) dn=46.046 current=1704724201622
2024-01-08 22:30:01.625 [pool-2-thread-537] INFO  luonq.polygon.TradeDataListener_DB - StockEvent(stock=WWW, price=8.08, time=1704724200773) dn=7.579 current=1704724201625
2024-01-08 22:30:01.628 [pool-2-thread-531] INFO  luonq.polygon.TradeDataListener_DB - StockEvent(stock=PLOW, price=26.76, time=1704724200806) dn=25.774 current=1704724201628
2024-01-08 22:30:01.628 [pool-2-thread-523] INFO  luonq.polygon.TradeDataListener_DB - StockEvent(stock=PBH, price=58.915, time=1704724200794) dn=57.057 current=1704724201628
2024-01-08 22:30:01.629 [pool-2-thread-556] INFO  luonq.polygon.TradeDataListener_DB - StockEvent(stock=TIMB, price=17.7, time=1704724200864) dn=16.266 current=1704724201629
2024-01-08 22:30:01.630 [pool-2-thread-554] INFO  luonq.polygon.TradeDataListener_DB - StockEvent(stock=PX, price=8.85, time=1704724200865) dn=8.794 current=1704724201630
2024-01-08 22:30:01.632 [xxl-job, JobThread-7-1704723300289] INFO  luonq.polygon.RealTimeDataWS_DB - unsubscribeStockSet size: 500 1704724201632
2024-01-08 22:30:01.632 [pool-2-thread-575] INFO  luonq.polygon.TradeDataListener_DB - StockEvent(stock=MLKN, price=25.99, time=1704724201014) dn=23.535 current=1704724201632
2024-01-08 22:30:01.637 [pool-2-thread-594] INFO  luonq.polygon.TradeDataListener_DB - StockEvent(stock=SJW, price=63.62, time=1704724201062) dn=61.655 current=1704724201637
2024-01-08 22:30:01.638 [pool-2-thread-615] INFO  luonq.polygon.TradeDataListener_DB - StockEvent(stock=UNF, price=162.88, time=1704724201056) dn=160.487 current=1704724201638
2024-01-08 22:30:01.638 [pool-2-thread-606] INFO  luonq.polygon.TradeDataListener_DB - StockEvent(stock=LAND, price=13.875, time=1704724201069) dn=13.562 current=1704724201638
2024-01-08 22:30:01.639 [pool-2-thread-604] INFO  luonq.polygon.TradeDataListener_DB - StockEvent(stock=FG, price=42.75, time=1704724201098) dn=30.91 current=1704724201639
2024-01-08 22:30:01.640 [pool-2-thread-640] INFO  luonq.polygon.TradeDataListener_DB - StockEvent(stock=YY, price=32.99, time=1704724201064) dn=32.294 current=1704724201640
2024-01-08 22:30:01.642 [pool-2-thread-647] INFO  luonq.polygon.TradeDataListener_DB - StockEvent(stock=APPN, price=33.51, time=1704724201076) dn=32.319 current=1704724201642
2024-01-08 22:30:01.646 [pool-2-thread-643] INFO  luonq.polygon.TradeDataListener_DB - StockEvent(stock=NHI, price=53.06, time=1704724201102) dn=49.741 current=1704724201646
2024-01-08 22:30:01.649 [pool-2-thread-663] INFO  luonq.polygon.TradeDataListener_DB - StockEvent(stock=INST, price=24.9, time=1704724201057) dn=24.059 current=1704724201649
2024-01-08 22:30:01.650 [pool-2-thread-689] INFO  luonq.polygon.TradeDataListener_DB - StockEvent(stock=GPOR, price=125.34, time=1704724201028) dn=122.67 current=1704724201650
2024-01-08 22:30:01.650 [pool-2-thread-660] INFO  luonq.polygon.TradeDataListener_DB - StockEvent(stock=AWR, price=77.31, time=1704724201052) dn=76.485 current=1704724201650
2024-01-08 22:30:01.650 [pool-2-thread-655] INFO  luonq.polygon.TradeDataListener_DB - StockEvent(stock=LOPE, price=122.17, time=1704724201059) dn=122.853 current=1704724201650
2024-01-08 22:30:01.651 [pool-2-thread-653] INFO  luonq.polygon.TradeDataListener_DB - StockEvent(stock=THRY, price=18.17, time=1704724201121) dn=17.467 current=1704724201651
2024-01-08 22:30:01.651 [pool-2-thread-649] INFO  luonq.polygon.TradeDataListener_DB - StockEvent(stock=AZUL, price=8.73, time=1704724200941) dn=7.489 current=1704724201651
2024-01-08 22:30:01.651 [pool-2-thread-695] INFO  luonq.polygon.TradeDataListener_DB - StockEvent(stock=CWT, price=49.01, time=1704724201044) dn=48.403 current=1704724201651
2024-01-08 22:30:01.651 [xxl-job, JobThread-7-1704723300289] INFO  luonq.polygon.RealTimeDataWS_DB - unsubscribeStockSet size: 600 1704724201651
2024-01-08 22:30:01.653 [pool-2-thread-679] INFO  luonq.polygon.TradeDataListener_DB - StockEvent(stock=MSA, price=161.61, time=1704724201112) dn=156.778 current=1704724201653
2024-01-08 22:30:01.654 [pool-2-thread-676] INFO  luonq.polygon.TradeDataListener_DB - StockEvent(stock=MMS, price=77.93, time=1704724201124) dn=73.222 current=1704724201654
2024-01-08 22:30:01.654 [pool-2-thread-714] INFO  luonq.polygon.TradeDataListener_DB - StockEvent(stock=QNST, price=12.22, time=1704724201214) dn=10.098 current=1704724201654
2024-01-08 22:30:01.654 [pool-2-thread-709] INFO  luonq.polygon.TradeDataListener_DB - StockEvent(stock=CRTO, price=24.15, time=1704724201294) dn=23.089 current=1704724201654
2024-01-08 22:30:01.658 [pool-2-thread-723] INFO  luonq.polygon.TradeDataListener_DB - StockEvent(stock=GDDY, price=100.9, time=1704724201267) dn=78.312 current=1704724201658
2024-01-08 22:30:01.659 [pool-2-thread-731] INFO  luonq.polygon.TradeDataListener_DB - StockEvent(stock=CMPR, price=72.66, time=1704724201323) dn=57.553 current=1704724201659
2024-01-08 22:30:01.673 [pool-2-thread-736] INFO  luonq.polygon.TradeDataListener_DB - StockEvent(stock=URBN, price=34.35, time=1704724201398) dn=33.116 current=1704724201673
2024-01-08 22:30:01.678 [pool-2-thread-738] INFO  luonq.polygon.TradeDataListener_DB - StockEvent(stock=FUTU, price=50.23, time=1704724201299) dn=49.94 current=1704724201678
2024-01-08 22:30:01.687 [pool-2-thread-745] INFO  luonq.polygon.TradeDataListener_DB - StockEvent(stock=MTSI, price=82.25, time=1704724201378) dn=70.06 current=1704724201687
2024-01-08 22:30:01.721 [pool-2-thread-750] INFO  luonq.polygon.TradeDataListener_DB - StockEvent(stock=SPSC, price=172.99, time=1704724201407) dn=161.546 current=1704724201721
2024-01-08 22:30:01.740 [pool-2-thread-757] INFO  luonq.polygon.TradeDataListener_DB - StockEvent(stock=CDLX, price=7.08, time=1704724201360) dn=3.575 current=1704724201740
2024-01-08 22:30:01.783 [pool-2-thread-767] INFO  luonq.polygon.TradeDataListener_DB - StockEvent(stock=AIR, price=59.82, time=1704724201520) dn=58.255 current=1704724201783
2024-01-08 22:30:01.787 [pool-2-thread-769] INFO  luonq.polygon.TradeDataListener_DB - StockEvent(stock=CARS, price=17.34, time=1704724201559) dn=16.888 current=1704724201787
2024-01-08 22:30:01.802 [pool-2-thread-772] INFO  luonq.polygon.TradeDataListener_DB - StockEvent(stock=PRO, price=32.99, time=1704724201586) dn=32.803 current=1704724201802
2024-01-08 22:30:01.810 [pool-2-thread-776] INFO  luonq.polygon.TradeDataListener_DB - StockEvent(stock=VVX, price=41.26, time=1704724201575) dn=37.529 current=1704724201809
2024-01-08 22:30:02.038 [pool-2-thread-783] INFO  luonq.polygon.TradeDataListener_DB - StockEvent(stock=RGP, price=13.18, time=1704724201910) dn=13.137 current=1704724202038
2024-01-08 22:30:02.078 [pool-2-thread-786] INFO  luonq.polygon.TradeDataListener_DB - StockEvent(stock=MEG, price=28.85, time=1704724201947) dn=23.039 current=1704724202078
2024-01-08 22:30:02.078 [pool-2-thread-788] INFO  luonq.polygon.TradeDataListener_DB - StockEvent(stock=MSM, price=95.24, time=1704724202005) dn=95.281 current=1704724202078
2024-01-08 22:30:02.650 [pool-2-thread-801] INFO  luonq.polygon.TradeDataListener_DB - StockEvent(stock=ZGN, price=10.93, time=1704724202517) dn=10.88 current=1704724202650
2024-01-08 22:30:02.674 [pool-2-thread-804] INFO  luonq.polygon.TradeDataListener_DB - StockEvent(stock=HLF, price=12.81, time=1704724202635) dn=11.824 current=1704724202674
2024-01-08 22:30:02.796 [pool-2-thread-809] INFO  luonq.polygon.TradeDataListener_DB - StockEvent(stock=ZWS, price=27.855, time=1704724202615) dn=27.316 current=1704724202796
2024-01-08 22:30:02.947 [pool-2-thread-814] INFO  luonq.polygon.TradeDataListener_DB - StockEvent(stock=PEGA, price=45.0734, time=1704724202872) dn=41.539 current=1704724202947
2024-01-08 22:30:03.195 [pool-2-thread-816] INFO  luonq.polygon.TradeDataListener_DB - StockEvent(stock=RGNX, price=15.87, time=1704724202980) dn=14.365 current=1704724203195
2024-01-08 22:30:03.354 [xxl-job, JobThread-7-1704723300289] INFO  luonq.polygon.RealTimeDataWS_DB - unsubscribeStockSet size: 700 1704724203353
2024-01-08 22:30:03.679 [pool-2-thread-826] INFO  luonq.polygon.TradeDataListener_DB - StockEvent(stock=ROG, price=121.49, time=1704724203608) dn=115.394 current=1704724203679
2024-01-08 22:30:04.624 [pool-2-thread-838] INFO  luonq.polygon.TradeDataListener_DB - StockEvent(stock=DIN, price=45.89, time=1704724204613) dn=42.175 current=1704724204624
2024-01-08 22:30:05.884 [pool-2-thread-842] INFO  luonq.polygon.TradeDataListener_DB - StockEvent(stock=NRC, price=37.9, time=1704724205788) dn=38.827 current=1704724205884
2024-01-08 22:30:07.521 [pool-2-thread-847] INFO  luonq.polygon.TradeDataListener_DB - StockEvent(stock=GCO, price=26.205, time=1704724207490) dn=26.871 current=1704724207521
2024-01-08 22:30:19.687 [xxl-job, JobThread-7-1704723300289] INFO  luonq.polygon.RealTimeDataWS_DB - many stock has received data. keep listening
2024-01-08 22:30:21.692 [xxl-job, JobThread-7-1704723300289] INFO  luonq.polygon.RealTimeDataWS_DB - many stock has received data. listen end!
2024-01-08 22:30:21.696 [xxl-job, JobThread-7-1704723300289] INFO  luonq.polygon.RealTimeDataWS_DB - =========== finish unsubscribe ===========
2024-01-08 22:30:21.724 [xxl-job, JobThread-7-1704723300289] INFO  luonq.polygon.RealTimeDataWS_DB - get real-time quote: [XPEV]
2024-01-08 22:30:21.931 [pool-2-thread-852] INFO  luonq.polygon.RealTimeDataWS_DB - quote price(time=1704724221930): {XPEV=12.42}
2024-01-08 22:30:21.932 [pool-2-thread-852] INFO  luonq.polygon.RealTimeDataWS_DB - quote price(time=1704724221931): {XPEV=12.42}
2024-01-08 22:30:21.956 [pool-2-thread-852] INFO  luonq.polygon.RealTimeDataWS_DB - quote price(time=1704724221956): {XPEV=12.42}
2024-01-08 22:30:22.076 [pool-2-thread-852] INFO  luonq.polygon.RealTimeDataWS_DB - quote price(time=1704724222076): {XPEV=12.37}
2024-01-08 22:30:22.077 [pool-2-thread-852] INFO  luonq.polygon.RealTimeDataWS_DB - quote price(time=1704724222077): {XPEV=12.37}
2024-01-08 22:30:22.077 [pool-2-thread-852] INFO  luonq.polygon.RealTimeDataWS_DB - quote price(time=1704724222077): {XPEV=12.37}
2024-01-08 22:30:22.621 [pool-2-thread-852] INFO  luonq.polygon.RealTimeDataWS_DB - quote price(time=1704724222621): {XPEV=12.37}
2024-01-08 22:30:22.621 [pool-2-thread-852] INFO  luonq.polygon.RealTimeDataWS_DB - quote price(time=1704724222621): {XPEV=12.37}
2024-01-08 22:30:22.772 [pool-2-thread-852] INFO  luonq.polygon.RealTimeDataWS_DB - quote price(time=1704724222772): {XPEV=12.37}
2024-01-08 22:30:22.774 [FTAPI4JNet] INFO  luonq.futu.TradeApi - onReply_GetFunds: 1406.31
2024-01-08 22:30:22.775 [xxl-job, JobThread-7-1704723300289] INFO  luonq.polygon.TradeExecutor_DB - remain cash: 1406.31
2024-01-08 22:30:22.775 [xxl-job, JobThread-7-1704723300289] INFO  luonq.polygon.TradeExecutor_DB - first trade. orderPrice=12.4, multiple=1
2024-01-08 22:30:22.864 [FTAPI4JNet] INFO  luonq.futu.TradeApi - onReply_GetMaxTrdQtys: 112
2024-01-08 22:30:23.032 [xxl-job, JobThread-7-1704723300289] INFO  luonq.polygon.TradeExecutor_DB - buy stock. stock=XPEV, count=112, price=12.37, orderPrice=12.4, orderId: 738457352307029483 1704724223032
2024-01-08 22:30:23.149 [pool-2-thread-852] INFO  luonq.polygon.RealTimeDataWS_DB - quote price(time=1704724223149): {XPEV=12.37}
2024-01-08 22:30:23.149 [pool-2-thread-852] INFO  luonq.polygon.RealTimeDataWS_DB - quote price(time=1704724223149): {XPEV=12.37}
2024-01-08 22:30:23.248 [pool-2-thread-852] INFO  luonq.polygon.RealTimeDataWS_DB - quote price(time=1704724223248): {XPEV=12.37}
2024-01-08 22:30:23.248 [pool-2-thread-852] INFO  luonq.polygon.RealTimeDataWS_DB - quote price(time=1704724223248): {XPEV=12.37}
2024-01-08 22:30:23.248 [pool-2-thread-852] INFO  luonq.polygon.RealTimeDataWS_DB - quote price(time=1704724223248): {XPEV=12.38}
2024-01-08 22:30:23.248 [pool-2-thread-852] INFO  luonq.polygon.RealTimeDataWS_DB - quote price(time=1704724223248): {XPEV=12.38}
2024-01-08 22:30:23.248 [pool-2-thread-852] INFO  luonq.polygon.RealTimeDataWS_DB - quote price(time=1704724223248): {XPEV=12.38}
2024-01-08 22:30:23.248 [pool-2-thread-852] INFO  luonq.polygon.RealTimeDataWS_DB - quote price(time=1704724223248): {XPEV=12.38}
2024-01-08 22:30:23.248 [pool-2-thread-852] INFO  luonq.polygon.RealTimeDataWS_DB - quote price(time=1704724223248): {XPEV=12.38}
2024-01-08 22:30:23.248 [pool-2-thread-852] INFO  luonq.polygon.RealTimeDataWS_DB - quote price(time=1704724223248): {XPEV=12.39}
2024-01-08 22:30:23.248 [pool-2-thread-852] INFO  luonq.polygon.RealTimeDataWS_DB - quote price(time=1704724223248): {XPEV=12.39}
2024-01-08 22:30:23.249 [pool-2-thread-852] INFO  luonq.polygon.RealTimeDataWS_DB - quote price(time=1704724223249): {XPEV=12.38}
2024-01-08 22:30:23.249 [pool-2-thread-852] INFO  luonq.polygon.RealTimeDataWS_DB - quote price(time=1704724223249): {XPEV=12.38}
2024-01-08 22:30:23.249 [pool-2-thread-852] INFO  luonq.polygon.RealTimeDataWS_DB - quote price(time=1704724223249): {XPEV=12.38}
2024-01-08 22:30:23.249 [pool-2-thread-852] INFO  luonq.polygon.RealTimeDataWS_DB - quote price(time=1704724223249): {XPEV=12.38}
2024-01-08 22:30:23.249 [pool-2-thread-852] INFO  luonq.polygon.RealTimeDataWS_DB - quote price(time=1704724223249): {XPEV=12.38}
2024-01-08 22:30:23.249 [pool-2-thread-852] INFO  luonq.polygon.RealTimeDataWS_DB - quote price(time=1704724223249): {XPEV=12.38}
2024-01-08 22:30:23.319 [pool-2-thread-852] INFO  luonq.polygon.RealTimeDataWS_DB - quote price(time=1704724223319): {XPEV=12.37}
2024-01-08 22:30:23.320 [pool-2-thread-852] INFO  luonq.polygon.RealTimeDataWS_DB - quote price(time=1704724223320): {XPEV=12.37}
2024-01-08 22:30:23.320 [pool-2-thread-852] INFO  luonq.polygon.RealTimeDataWS_DB - quote price(time=1704724223320): {XPEV=12.37}
2024-01-08 22:30:23.320 [pool-2-thread-852] INFO  luonq.polygon.RealTimeDataWS_DB - quote price(time=1704724223320): {XPEV=12.37}
2024-01-08 22:30:23.320 [pool-2-thread-852] INFO  luonq.polygon.RealTimeDataWS_DB - quote price(time=1704724223320): {XPEV=12.37}
2024-01-08 22:30:23.320 [pool-2-thread-852] INFO  luonq.polygon.RealTimeDataWS_DB - quote price(time=1704724223320): {XPEV=12.37}
2024-01-08 22:30:23.320 [pool-2-thread-852] INFO  luonq.polygon.RealTimeDataWS_DB - quote price(time=1704724223320): {XPEV=12.37}
2024-01-08 22:30:23.320 [pool-2-thread-852] INFO  luonq.polygon.RealTimeDataWS_DB - quote price(time=1704724223320): {XPEV=12.37}
2024-01-08 22:30:23.320 [pool-2-thread-852] INFO  luonq.polygon.RealTimeDataWS_DB - quote price(time=1704724223320): {XPEV=12.37}
2024-01-08 22:30:23.321 [pool-2-thread-852] INFO  luonq.polygon.RealTimeDataWS_DB - quote price(time=1704724223321): {XPEV=12.37}
2024-01-08 22:30:23.321 [pool-2-thread-852] INFO  luonq.polygon.RealTimeDataWS_DB - quote price(time=1704724223321): {XPEV=12.37}
2024-01-08 22:30:23.321 [pool-2-thread-852] INFO  luonq.polygon.RealTimeDataWS_DB - quote price(time=1704724223321): {XPEV=12.37}
2024-01-08 22:30:23.321 [pool-2-thread-852] INFO  luonq.polygon.RealTimeDataWS_DB - quote price(time=1704724223321): {XPEV=12.37}
2024-01-08 22:30:23.511 [xxl-job, JobThread-7-1704723300289] INFO  luonq.polygon.TradeExecutor_DB - XPEV order is successfully executed. orderId=738457352307029483
2024-01-08 22:30:23.511 [FTAPI4JNet] INFO  luonq.futu.TradeApi - update order: OrderFill(tradeSide=1, fillID=0, orderID=738457352307029483, code=XPEV, name=, count=112.0, price=12.4, avgPrice=12.3695, createTime=2024-01-08 09:30:23.033, updateTimestamp=1.704724223580506E9, status=0)
2024-01-08 22:30:23.608 [xxl-job, JobThread-7-1704723300289] INFO  luonq.polygon.TradeExecutor_DB - XPEV placeStopLoss market order. qty=112.0, auxPrice=11.503, orderId3009801616853650236
2024-01-08 22:30:23.608 [xxl-job, JobThread-7-1704723300289] INFO  luonq.polygon.TradeExecutor_DB - trade end
2024-01-08 22:30:23.608 [xxl-job, JobThread-7-1704723300289] INFO  luonq.polygon.TradeExecutor_DB - stop get real-time quote
2024-01-08 22:30:24.328 [pool-2-thread-852] INFO  luonq.polygon.RealTimeDataWS_DB - unsubscribe real-time quote
2024-01-08 22:30:33.617 [xxl-job, JobThread-7-1704723300289] INFO  luonq.polygon.RealTimeDataWS_DB - closing websocket. reason=CloseReason[1000]
2024-01-08 22:30:43.620 [xxl-job, JobThread-7-1704723300289] INFO  luonq.polygon.RealTimeDataWS_DB - manual close websocket
2024-01-08 22:30:43.728 [xxl-job, JobThread-7-1704723300289] INFO  luonq.polygon.RealTimeDataWS_DB - trade finish
2024-01-09 04:58:56.120 [xxl-job, JobThread-8-1704747536090] INFO  luonq.futu.TradeApi - trade api initialize staring...
2024-01-09 04:58:56.134 [FTAPI4JNet] INFO  luonq.futu.TradeApi - TradeApi onInitConnect: ret=0 desc= connID=7150229409752369905
2024-01-09 04:58:59.125 [xxl-job, JobThread-8-1704747536090] INFO  luonq.futu.TradeApi - trade api initialize finish start!
2024-01-09 04:58:59.127 [xxl-job, JobThread-8-1704747536090] INFO  luonq.polygon.TradeExecutor_DB - sell stock before close market
2024-01-09 04:58:59.189 [xxl-job, JobThread-8-1704747536090] INFO  luonq.polygon.TradeExecutor_DB - ready to sell before close market. position={XPEV=StockPosition(stock=XPEV, canSellQty=112.0, costPrice=12.369, currPrice=12.775)}, time=2024-01-09T04:58:59.188
2024-01-09 04:58:59.191 [xxl-job, JobThread-8-1704747536090] INFO  luonq.polygon.TradeExecutor_DB - before close sell stock for market price. stock=XPEV, count=112.0
2024-01-09 04:58:59.232 [FTAPI4JNet] INFO  luonq.futu.TradeApi - unlock success
2024-01-09 04:58:59.337 [xxl-job, JobThread-8-1704747536090] INFO  luonq.polygon.TradeExecutor_DB - sell stock orderId=7559571357600579686
2024-01-09 04:58:59.692 [FTAPI4JNet] INFO  luonq.futu.TradeApi - update order: OrderFill(tradeSide=2, fillID=0, orderID=7559571357600579686, code=XPEV, name=, count=112.0, price=0.0, avgPrice=12.7046, createTime=2024-01-08 15:58:59.335, updateTimestamp=1.704747539738429E9, status=0)
2024-01-09 04:58:59.696 [xxl-job, JobThread-8-1704747536090] INFO  luonq.polygon.TradeExecutor_DB - sell stock success. stock=XPEV, orderId=7559571357600579686
2024-01-09 04:58:59.696 [FTAPI4JNet] INFO  luonq.futu.TradeApi - update order: OrderFill(tradeSide=2, fillID=0, orderID=7559571357600579686, code=XPEV, name=, count=112.0, price=0.0, avgPrice=12.7046, createTime=2024-01-08 15:58:59.335, updateTimestamp=1.704747539738429E9, status=0)
2024-01-09 04:58:59.696 [xxl-job, JobThread-8-1704747536090] INFO  luonq.job.TradeJob - tradeExecutor_db sell
2024-01-09 17:00:00.094 [xxl-job, JobThread-3-1704790800079] INFO  luonq.stock.Processor - GetHistoricalDaily.getData start
2024-01-09 17:00:53.156 [xxl-job, JobThread-3-1704790800079] INFO  luonq.stock.Processor - GetHistoricalDaily.getData end. cost: 53s

2024-01-09 17:00:53.158 [xxl-job, JobThread-3-1704790800079] INFO  luonq.stock.Processor - MergeKline.merge start
2024-01-09 17:01:38.014 [xxl-job, JobThread-3-1704790800079] INFO  luonq.stock.Processor - MergeKline.merge end. cost: 44s

2024-01-09 17:01:38.017 [xxl-job, JobThread-3-1704790800079] INFO  luonq.stock.Processor - BollingerForYear.calculate start
2024-01-09 17:01:42.884 [xxl-job, JobThread-3-1704790800079] INFO  luonq.stock.Processor - BollingerForYear.calculate end. cost: 4s

2024-01-09 17:01:42.887 [xxl-job, JobThread-3-1704790800079] INFO  luonq.stock.Processor - MergeBollingerForYear.calculate start
2024-01-09 17:02:34.573 [xxl-job, JobThread-3-1704790800079] INFO  luonq.stock.Processor - MergeBollingerForYear.calculate end. cost: 51s

2024-01-09 17:02:34.576 [xxl-job, JobThread-3-1704790800079] INFO  luonq.stock.Processor - GetHistoricalTrade.getData start
2024-01-09 17:03:42.322 [xxl-job, JobThread-3-1704790800079] INFO  luonq.stock.Processor - GetHistoricalTrade.getData end. cost: 67s

2024-01-09 17:03:42.334 [xxl-job, JobThread-3-1704790800079] INFO  luonq.stock.Processor - GetHistoricalOpenFirstTrade.getData start
2024-01-09 17:03:44.325 [pool-6-thread-4] WARN  l.p.GetHistoricalOpenFirstTrade - SLGC no data
2024-01-09 17:03:44.389 [pool-6-thread-19] WARN  l.p.GetHistoricalOpenFirstTrade - OCFCP no data
2024-01-09 17:03:44.486 [pool-6-thread-55] WARN  l.p.GetHistoricalOpenFirstTrade - CVII no data
2024-01-09 17:03:44.623 [pool-6-thread-19] WARN  l.p.GetHistoricalOpenFirstTrade - OCFCP no data
2024-01-09 17:03:44.664 [pool-6-thread-36] WARN  l.p.GetHistoricalOpenFirstTrade - FNVT no data
2024-01-09 17:03:45.123 [pool-6-thread-91] WARN  l.p.GetHistoricalOpenFirstTrade - CNDA no data
2024-01-09 17:03:45.260 [pool-6-thread-55] WARN  l.p.GetHistoricalOpenFirstTrade - PLAO no data
2024-01-09 17:03:45.336 [pool-6-thread-17] WARN  l.p.GetHistoricalOpenFirstTrade - LTRPB no data
2024-01-09 17:03:45.589 [pool-6-thread-95] WARN  l.p.GetHistoricalOpenFirstTrade - APXI no data
2024-01-09 17:03:45.997 [pool-6-thread-63] WARN  l.p.GetHistoricalOpenFirstTrade - MCAA no data
2024-01-09 17:03:46.114 [pool-6-thread-71] WARN  l.p.GetHistoricalOpenFirstTrade - TGVC no data
2024-01-09 17:03:46.232 [pool-6-thread-63] WARN  l.p.GetHistoricalOpenFirstTrade - MCAA no data
2024-01-09 17:03:46.316 [pool-6-thread-70] WARN  l.p.GetHistoricalOpenFirstTrade - LCA no data
2024-01-09 17:03:46.348 [pool-6-thread-71] WARN  l.p.GetHistoricalOpenFirstTrade - TGVC no data
2024-01-09 17:03:46.379 [pool-6-thread-58] WARN  l.p.GetHistoricalOpenFirstTrade - THCP no data
2024-01-09 17:03:46.415 [pool-6-thread-9] WARN  l.p.GetHistoricalOpenFirstTrade - LCW no data
2024-01-09 17:03:46.490 [pool-6-thread-41] WARN  l.p.GetHistoricalOpenFirstTrade - LAB no data
2024-01-09 17:03:46.681 [pool-6-thread-26] WARN  l.p.GetHistoricalOpenFirstTrade - BCSA no data
2024-01-09 17:03:46.813 [pool-6-thread-36] WARN  l.p.GetHistoricalOpenFirstTrade - LIBY no data
2024-01-09 17:03:46.861 [pool-6-thread-18] WARN  l.p.GetHistoricalOpenFirstTrade - GBBK no data
2024-01-09 17:03:47.291 [pool-6-thread-82] WARN  l.p.GetHistoricalOpenFirstTrade - GBNY no data
2024-01-09 17:03:47.327 [pool-6-thread-2] WARN  l.p.GetHistoricalOpenFirstTrade - RBKB no data
2024-01-09 17:03:47.403 [pool-6-thread-90] WARN  l.p.GetHistoricalOpenFirstTrade - SVII no data
2024-01-09 17:03:47.565 [pool-6-thread-82] WARN  l.p.GetHistoricalOpenFirstTrade - GBNY no data
2024-01-09 17:03:47.715 [pool-6-thread-55] WARN  l.p.GetHistoricalOpenFirstTrade - DSAQ no data
2024-01-09 17:03:48.023 [pool-6-thread-66] WARN  l.p.GetHistoricalOpenFirstTrade - PEGR no data
2024-01-09 17:03:48.023 [pool-6-thread-55] WARN  l.p.GetHistoricalOpenFirstTrade - DSAQ no data
2024-01-09 17:03:48.054 [pool-6-thread-97] WARN  l.p.GetHistoricalOpenFirstTrade - YGMZ no data
2024-01-09 17:03:48.153 [pool-6-thread-77] WARN  l.p.GetHistoricalOpenFirstTrade - WAFU no data
2024-01-09 17:03:48.537 [pool-6-thread-64] WARN  l.p.GetHistoricalOpenFirstTrade - HFBL no data
2024-01-09 17:03:48.575 [pool-6-thread-55] WARN  l.p.GetHistoricalOpenFirstTrade - PEPL no data
2024-01-09 17:03:48.813 [pool-6-thread-64] WARN  l.p.GetHistoricalOpenFirstTrade - HFBL no data
2024-01-09 17:03:48.813 [pool-6-thread-1] WARN  l.p.GetHistoricalOpenFirstTrade - WAVS no data
2024-01-09 17:03:49.047 [pool-6-thread-1] WARN  l.p.GetHistoricalOpenFirstTrade - WAVS no data
2024-01-09 17:03:49.144 [pool-6-thread-85] WARN  l.p.GetHistoricalOpenFirstTrade - CHEA no data
2024-01-09 17:03:49.226 [pool-6-thread-54] WARN  l.p.GetHistoricalOpenFirstTrade - ASCB no data
2024-01-09 17:03:49.322 [pool-6-thread-1] WARN  l.p.GetHistoricalOpenFirstTrade - WAVS no data
2024-01-09 17:03:49.392 [pool-6-thread-8] WARN  l.p.GetHistoricalOpenFirstTrade - TRIS no data
2024-01-09 17:03:49.422 [pool-6-thread-85] WARN  l.p.GetHistoricalOpenFirstTrade - CHEA no data
2024-01-09 17:03:49.600 [pool-6-thread-1] WARN  l.p.GetHistoricalOpenFirstTrade - WAVS no data
2024-01-09 17:03:49.627 [pool-6-thread-8] WARN  l.p.GetHistoricalOpenFirstTrade - TRIS no data
2024-01-09 17:03:49.866 [pool-6-thread-34] WARN  l.p.GetHistoricalOpenFirstTrade - HGEN no data
2024-01-09 17:03:50.014 [pool-6-thread-87] WARN  l.p.GetHistoricalOpenFirstTrade - GLST no data
2024-01-09 17:03:50.081 [pool-6-thread-41] WARN  l.p.GetHistoricalOpenFirstTrade - GLLI no data
2024-01-09 17:03:50.109 [pool-6-thread-82] WARN  l.p.GetHistoricalOpenFirstTrade - BNIX no data
2024-01-09 17:03:50.157 [pool-6-thread-13] WARN  l.p.GetHistoricalOpenFirstTrade - EVE no data
2024-01-09 17:03:50.248 [pool-6-thread-69] WARN  l.p.GetHistoricalOpenFirstTrade - FRBK no data
2024-01-09 17:03:50.261 [pool-6-thread-81] WARN  l.p.GetHistoricalOpenFirstTrade - SOTK no data
2024-01-09 17:03:50.322 [pool-6-thread-87] WARN  l.p.GetHistoricalOpenFirstTrade - GLST no data
2024-01-09 17:03:50.350 [pool-6-thread-41] WARN  l.p.GetHistoricalOpenFirstTrade - GLLI no data
2024-01-09 17:03:50.352 [pool-6-thread-84] WARN  l.p.GetHistoricalOpenFirstTrade - WEL no data
2024-01-09 17:03:50.426 [pool-6-thread-13] WARN  l.p.GetHistoricalOpenFirstTrade - EVE no data
2024-01-09 17:03:50.483 [pool-6-thread-10] WARN  l.p.GetHistoricalOpenFirstTrade - PFTA no data
2024-01-09 17:03:50.492 [pool-6-thread-52] WARN  l.p.GetHistoricalOpenFirstTrade - PWUP no data
2024-01-09 17:03:50.623 [pool-6-thread-84] WARN  l.p.GetHistoricalOpenFirstTrade - WEL no data
2024-01-09 17:03:50.667 [pool-6-thread-41] WARN  l.p.GetHistoricalOpenFirstTrade - GLLI no data
2024-01-09 17:03:50.722 [pool-6-thread-10] WARN  l.p.GetHistoricalOpenFirstTrade - PFTA no data
2024-01-09 17:03:50.790 [pool-6-thread-73] WARN  l.p.GetHistoricalOpenFirstTrade - BNTC no data
2024-01-09 17:03:50.853 [pool-6-thread-11] WARN  l.p.GetHistoricalOpenFirstTrade - NYC no data
2024-01-09 17:03:50.862 [pool-6-thread-52] WARN  l.p.GetHistoricalOpenFirstTrade - PWUP no data
2024-01-09 17:03:51.002 [pool-6-thread-15] WARN  l.p.GetHistoricalOpenFirstTrade - NRAC no data
2024-01-09 17:03:51.011 [pool-6-thread-45] WARN  l.p.GetHistoricalOpenFirstTrade - PORT no data
2024-01-09 17:03:51.013 [pool-6-thread-87] WARN  l.p.GetHistoricalOpenFirstTrade - FGI no data
2024-01-09 17:03:51.135 [pool-6-thread-52] WARN  l.p.GetHistoricalOpenFirstTrade - PWUP no data
2024-01-09 17:03:51.292 [pool-6-thread-88] WARN  l.p.GetHistoricalOpenFirstTrade - CITE no data
2024-01-09 17:03:51.312 [pool-6-thread-45] WARN  l.p.GetHistoricalOpenFirstTrade - PORT no data
2024-01-09 17:03:51.312 [pool-6-thread-15] WARN  l.p.GetHistoricalOpenFirstTrade - NRAC no data
2024-01-09 17:03:51.390 [pool-6-thread-79] WARN  l.p.GetHistoricalOpenFirstTrade - LCFY no data
2024-01-09 17:03:51.543 [pool-6-thread-69] WARN  l.p.GetHistoricalOpenFirstTrade - HHGC no data
2024-01-09 17:03:51.601 [pool-6-thread-15] WARN  l.p.GetHistoricalOpenFirstTrade - NRAC no data
2024-01-09 17:03:51.638 [pool-6-thread-6] WARN  l.p.GetHistoricalOpenFirstTrade - CZWI no data
2024-01-09 17:03:51.667 [pool-6-thread-7] WARN  l.p.GetHistoricalOpenFirstTrade - HHLA no data
2024-01-09 17:03:51.734 [pool-6-thread-46] WARN  l.p.GetHistoricalOpenFirstTrade - ALBT no data
2024-01-09 17:03:51.791 [pool-6-thread-19] WARN  l.p.GetHistoricalOpenFirstTrade - PGSS no data
2024-01-09 17:03:51.879 [pool-6-thread-15] WARN  l.p.GetHistoricalOpenFirstTrade - NRAC no data
2024-01-09 17:03:51.940 [pool-6-thread-21] WARN  l.p.GetHistoricalOpenFirstTrade - FSFG no data
2024-01-09 17:03:52.032 [pool-6-thread-80] WARN  l.p.GetHistoricalOpenFirstTrade - DMAQ no data
2024-01-09 17:03:52.095 [pool-6-thread-38] WARN  l.p.GetHistoricalOpenFirstTrade - TCBC no data
2024-01-09 17:03:52.232 [pool-6-thread-15] WARN  l.p.GetHistoricalOpenFirstTrade - NRAC no data
2024-01-09 17:03:52.243 [pool-6-thread-45] WARN  l.p.GetHistoricalOpenFirstTrade - RENE no data
2024-01-09 17:03:52.269 [pool-6-thread-80] WARN  l.p.GetHistoricalOpenFirstTrade - DMAQ no data
2024-01-09 17:03:52.328 [pool-6-thread-14] WARN  l.p.GetHistoricalOpenFirstTrade - GEG no data
2024-01-09 17:03:52.516 [pool-6-thread-65] WARN  l.p.GetHistoricalOpenFirstTrade - KACL no data
2024-01-09 17:03:52.518 [pool-6-thread-53] WARN  l.p.GetHistoricalOpenFirstTrade - JWSM no data
2024-01-09 17:03:52.521 [pool-6-thread-45] WARN  l.p.GetHistoricalOpenFirstTrade - RENE no data
2024-01-09 17:03:52.592 [pool-6-thread-80] WARN  l.p.GetHistoricalOpenFirstTrade - DMAQ no data
2024-01-09 17:03:52.624 [pool-6-thread-23] WARN  l.p.GetHistoricalOpenFirstTrade - KRBP no data
2024-01-09 17:03:52.843 [pool-6-thread-64] WARN  l.p.GetHistoricalOpenFirstTrade - ADOC no data
2024-01-09 17:03:52.863 [pool-6-thread-65] WARN  l.p.GetHistoricalOpenFirstTrade - KACL no data
2024-01-09 17:03:53.137 [pool-6-thread-94] WARN  l.p.GetHistoricalOpenFirstTrade - PET no data
2024-01-09 17:03:53.147 [pool-6-thread-16] WARN  l.p.GetHistoricalOpenFirstTrade - GSD no data
2024-01-09 17:03:53.284 [pool-6-thread-80] WARN  l.p.GetHistoricalOpenFirstTrade - GNTA no data
2024-01-09 17:03:53.300 [pool-6-thread-65] WARN  l.p.GetHistoricalOpenFirstTrade - KACL no data
2024-01-09 17:03:53.333 [pool-6-thread-43] WARN  l.p.GetHistoricalOpenFirstTrade - PPYA no data
2024-01-09 17:03:53.370 [pool-6-thread-84] WARN  l.p.GetHistoricalOpenFirstTrade - TLIS no data
2024-01-09 17:03:53.569 [pool-6-thread-25] WARN  l.p.GetHistoricalOpenFirstTrade - NSTC no data
2024-01-09 17:03:53.581 [pool-6-thread-87] WARN  l.p.GetHistoricalOpenFirstTrade - CSTA no data
2024-01-09 17:03:53.630 [pool-6-thread-43] WARN  l.p.GetHistoricalOpenFirstTrade - PPYA no data
2024-01-09 17:03:53.815 [pool-6-thread-96] WARN  l.p.GetHistoricalOpenFirstTrade - SAGA no data
2024-01-09 17:03:53.857 [pool-6-thread-82] WARN  l.p.GetHistoricalOpenFirstTrade - NSTB no data
2024-01-09 17:03:53.894 [pool-6-thread-95] WARN  l.p.GetHistoricalOpenFirstTrade - NSTS no data
2024-01-09 17:03:54.059 [pool-6-thread-87] WARN  l.p.GetHistoricalOpenFirstTrade - CSTA no data
2024-01-09 17:03:54.172 [pool-6-thread-83] WARN  l.p.GetHistoricalOpenFirstTrade - SZZL no data
2024-01-09 17:03:54.473 [pool-6-thread-31] WARN  l.p.GetHistoricalOpenFirstTrade - OFED no data
2024-01-09 17:03:54.666 [pool-6-thread-73] WARN  l.p.GetHistoricalOpenFirstTrade - ONYX no data
2024-01-09 17:03:54.975 [pool-6-thread-23] WARN  l.p.GetHistoricalOpenFirstTrade - IVCA no data
2024-01-09 17:03:55.125 [pool-6-thread-64] WARN  l.p.GetHistoricalOpenFirstTrade - OXBR no data
2024-01-09 17:03:55.228 [pool-6-thread-50] WARN  l.p.GetHistoricalOpenFirstTrade - AFBI no data
2024-01-09 17:03:55.269 [pool-6-thread-15] WARN  l.p.GetHistoricalOpenFirstTrade - WFCF no data
2024-01-09 17:03:55.383 [pool-6-thread-89] WARN  l.p.GetHistoricalOpenFirstTrade - BRAC no data
2024-01-09 17:03:55.507 [pool-6-thread-15] WARN  l.p.GetHistoricalOpenFirstTrade - WFCF no data
2024-01-09 17:03:55.525 [pool-6-thread-44] WARN  l.p.GetHistoricalOpenFirstTrade - KCGI no data
2024-01-09 17:03:55.623 [pool-6-thread-79] WARN  l.p.GetHistoricalOpenFirstTrade - BACA no data
2024-01-09 17:03:55.825 [pool-6-thread-44] WARN  l.p.GetHistoricalOpenFirstTrade - KCGI no data
2024-01-09 17:03:55.853 [pool-6-thread-59] WARN  l.p.GetHistoricalOpenFirstTrade - SKGR no data
2024-01-09 17:03:55.857 [pool-6-thread-42] WARN  l.p.GetHistoricalOpenFirstTrade - CULL no data
2024-01-09 17:03:55.863 [pool-6-thread-79] WARN  l.p.GetHistoricalOpenFirstTrade - BACA no data
2024-01-09 17:03:55.971 [pool-6-thread-15] WARN  l.p.GetHistoricalOpenFirstTrade - WFCF no data
2024-01-09 17:03:56.043 [pool-6-thread-82] WARN  l.p.GetHistoricalOpenFirstTrade - BRKH no data
2024-01-09 17:03:56.090 [pool-6-thread-42] WARN  l.p.GetHistoricalOpenFirstTrade - CULL no data
2024-01-09 17:03:56.192 [pool-6-thread-48] WARN  l.p.GetHistoricalOpenFirstTrade - ESAC no data
2024-01-09 17:03:56.472 [pool-6-thread-48] WARN  l.p.GetHistoricalOpenFirstTrade - ESAC no data
2024-01-09 17:03:56.588 [pool-6-thread-37] WARN  l.p.GetHistoricalOpenFirstTrade - DXYN no data
2024-01-09 17:03:56.621 [pool-6-thread-11] WARN  l.p.GetHistoricalOpenFirstTrade - MAQC no data
2024-01-09 17:03:56.728 [xxl-job, JobThread-3-1704790800079] INFO  luonq.stock.Processor - GetHistoricalOpenFirstTrade.getData end. cost: 14s

2024-01-09 17:03:56.728 [xxl-job, JobThread-3-1704790800079] INFO  luonq.stock.Processor - BollingerWithOpen.calculate start
2024-01-09 17:03:56.920 [pool-6-thread-63] WARN  l.p.GetHistoricalOpenFirstTrade - FENG no data
2024-01-09 17:03:56.927 [pool-6-thread-5] WARN  l.p.GetHistoricalOpenFirstTrade - IFIN no data
2024-01-09 17:03:56.932 [pool-6-thread-48] WARN  l.p.GetHistoricalOpenFirstTrade - ESAC no data
2024-01-09 17:04:01.657 [xxl-job, JobThread-3-1704790800079] INFO  luonq.stock.Processor - BollingerWithOpen.calculate end. cost: 4s

2024-01-09 17:04:01.660 [xxl-job, JobThread-3-1704790800079] INFO  luonq.stock.Processor - MergeOpenBollingerForYear.calculate start
2024-01-09 17:04:54.519 [xxl-job, JobThread-3-1704790800079] INFO  luonq.stock.Processor - MergeOpenBollingerForYear.calculate end. cost: 52s

2024-01-09 17:04:54.520 [xxl-job, JobThread-3-1704790800079] INFO  luonq.stock.Processor - get data finish
2024-01-09 17:30:00.064 [xxl-job, JobThread-6-1704792600050] INFO  luonq.data.WriteToDB - additionToDB begin
2024-01-09 17:30:37.982 [xxl-job, JobThread-6-1704792600050] INFO  luonq.data.WriteToDB - sync count: 4708
2024-01-09 17:30:38.877 [xxl-job, JobThread-6-1704792600050] INFO  luonq.data.WriteToDB - additionToDB end
2024-01-09 18:00:00.058 [xxl-job, JobThread-4-1704794400050] INFO  luonq.stock.Processor - GetRehab.getData start
2024-01-09 18:50:11.528 [xxl-job, JobThread-4-1704794400050] INFO  luonq.stock.Processor - GetRehab.getData end. cost: 3011s

2024-01-09 20:30:00.399 [xxl-job, JobThread-10-1704803400058] INFO  luonq.data.WriteToDB - finish rehabToDB. size=3147
2024-01-09 21:00:00.057 [xxl-job, JobThread-5-1704805200047] INFO  luonq.stock.Processor - GrabEarning.getData start
2024-01-09 21:00:04.306 [xxl-job, JobThread-5-1704805200047] INFO  luonq.stock.Processor - GrabEarning.getData end. cost: 4s

2024-01-09 21:10:00.137 [xxl-job, JobThread-9-1704805800045] INFO  luonq.data.WriteToDB - sync earning finish. dateList=[2024-01-09], earning sum=72
