2024-02-02 23:11:38.350 [main] INFO  luonq.job.XxlJobConfig - >>>>>>>>>>> xxl-job config init.
2024-02-03 04:58:56.392 [xxl-job, JobThread-8-1706907536375] INFO  luonq.job.TradeJob - sellBeforeCloseMarket.job start
2024-02-03 04:58:56.869 [xxl-job, JobThread-8-1706907536375] INFO  luonq.futu.TradeApi - trade api initialize staring...
2024-02-03 04:58:56.969 [FTAPI4JNet] INFO  luonq.futu.TradeApi - TradeApi onInitConnect: ret=0 desc= connID=7159289109533088059
2024-02-03 04:58:56.986 [FTAPI4JNet] INFO  luonq.futu.TradeApi - TradeApi onInitConnect: ret=0 desc= connID=7159289109543599672
2024-02-03 04:58:59.877 [xxl-job, JobThread-8-1706907536375] INFO  luonq.futu.TradeApi - trade api initialize finish start!
2024-02-03 04:58:59.907 [xxl-job, JobThread-8-1706907536375] INFO  luonq.polygon.TradeExecutor_DB - sell stock before close market
2024-02-03 04:58:59.970 [xxl-job, JobThread-8-1706907536375] INFO  luonq.polygon.TradeExecutor_DB - ready to sell before close market. position={VLY=StockPosition(stock=VLY, canSellQty=320.0, costPrice=8.75, currPrice=9.245)}, time=2024-02-03T04:58:59.969
2024-02-03 04:58:59.984 [xxl-job, JobThread-8-1706907536375] INFO  luonq.polygon.TradeExecutor_DB - before close sell stock for market price. stock=VLY, count=320.0
2024-02-03 04:59:00.001 [FTAPI4JNet] ERROR luonq.futu.TradeApi - TrdPlaceOrder failed: 没有解锁交易，请先解锁交易
2024-02-03 04:59:00.002 [xxl-job, JobThread-8-1706907536375] INFO  luonq.polygon.TradeExecutor_DB - sell stock orderId=-500
2024-02-03 04:59:00.008 [xxl-job, JobThread-8-1706907536375] ERROR luonq.job.TradeJob - sellBeforeCloseMarket error
java.lang.NullPointerException: null
	at luonq.futu.TradeApi.getOrderFill(TradeApi.java:106)
	at luonq.polygon.TradeExecutor_DB.closeSell(TradeExecutor_DB.java:243)
	at luonq.job.TradeJob.sellBeforeCloseMarket(TradeJob.java:38)
	at sun.reflect.NativeMethodAccessorImpl.invoke0(Native Method)
	at sun.reflect.NativeMethodAccessorImpl.invoke(NativeMethodAccessorImpl.java:62)
	at sun.reflect.DelegatingMethodAccessorImpl.invoke(DelegatingMethodAccessorImpl.java:43)
	at java.lang.reflect.Method.invoke(Method.java:498)
	at com.xxl.job.core.handler.impl.MethodJobHandler.execute(MethodJobHandler.java:31)
	at com.xxl.job.core.thread.JobThread.run(JobThread.java:166)
2024-02-03 04:59:00.034 [xxl-job, JobThread-8-1706907536375] INFO  luonq.futu.TradeApi - trade api initialize staring...
2024-02-03 04:59:00.034 [FTAPI4JNet] INFO  luonq.futu.TradeApi - unlock success
2024-02-03 04:59:00.039 [FTAPI4JNet] INFO  luonq.futu.TradeApi - TradeApi onInitConnect: ret=0 desc= connID=7159289122800200183
2024-02-03 04:59:00.044 [FTAPI4JNet] INFO  luonq.futu.TradeApi - TradeApi onInitConnect: ret=0 desc= connID=7159289122810103442
2024-02-03 04:59:03.042 [xxl-job, JobThread-8-1706907536375] INFO  luonq.futu.TradeApi - trade api initialize finish start!
2024-02-03 04:59:03.155 [FTAPI4JNet] INFO  luonq.futu.TradeApi - unlock success
2024-02-03 04:59:03.590 [FTAPI4JNet] INFO  luonq.futu.TradeApi - update order: OrderFill(tradeSide=2, fillID=0, orderID=7594342031449167521, code=VLY, name=硅谷国家银行, count=320.0, price=0.0, avgPrice=9.2213, createTime=2024-02-02 15:59:03.170, updateTimestamp=1.70690754359235E9, status=0)
2024-02-03 04:59:03.600 [FTAPI4JNet] INFO  luonq.futu.TradeApi - update order: OrderFill(tradeSide=2, fillID=0, orderID=7594342031449167521, code=VLY, name=硅谷国家银行, count=320.0, price=0.0, avgPrice=9.2213, createTime=2024-02-02 15:59:03.170, updateTimestamp=1.70690754359235E9, status=0)
2024-02-03 04:59:03.601 [xxl-job, JobThread-8-1706907536375] INFO  luonq.job.TradeJob - sellBeforeCloseMarket.job end
2024-02-04 21:40:37.335 [FTAPI4JNet] INFO  luonq.futu.TradeApi - Qot onDisConnect: -4294967296
2024-02-04 21:40:37.364 [FTAPI4JNet] INFO  luonq.futu.TradeApi - Qot onDisConnect: -4294967296
2024-02-04 21:40:37.366 [FTAPI4JNet] INFO  luonq.futu.TradeApi - Qot onDisConnect: -4294967296
2024-02-04 21:40:37.367 [FTAPI4JNet] INFO  luonq.futu.TradeApi - Qot onDisConnect: -4294967296
