2024-04-20 03:58:56.104 [xxl-job, JobThread-8-1713556736090] INFO  luonq.job.TradeJob - sellBeforeCloseMarket.job start
2024-04-20 03:58:56.122 [xxl-job, JobThread-8-1713556736090] INFO  luonq.futu.TradeApi - trade api initialize staring...
2024-04-20 03:58:56.132 [FTAPI4JNet] INFO  luonq.futu.TradeApi - TradeApi onInitConnect: ret=0 desc= connID=7187177872548040096
2024-04-20 03:58:56.135 [FTAPI4JNet] INFO  luonq.futu.TradeApi - TradeApi onInitConnect: ret=0 desc= connID=7187177872553117317
2024-04-20 03:58:59.126 [xxl-job, JobThread-8-1713556736090] INFO  luonq.futu.TradeApi - trade api initialize finish start!
2024-04-20 03:58:59.127 [xxl-job, JobThread-8-1713556736090] INFO  luonq.polygon.TradeExecutor_DB - sell stock before close market
2024-04-20 03:58:59.134 [xxl-job, JobThread-8-1713556736090] INFO  luonq.polygon.TradeExecutor_DB - ready to sell before close market. position={HROW=StockPosition(stock=HROW, canSellQty=203.0, costPrice=10.74, currPrice=10.46)}, time=2024-04-20T03:58:59.133
2024-04-20 03:58:59.134 [xxl-job, JobThread-8-1713556736090] INFO  luonq.polygon.TradeExecutor_DB - before close sell stock for market price. stock=HROW, count=203.0
2024-04-20 03:58:59.223 [FTAPI4JNet] INFO  luonq.futu.TradeApi - unlock success
2024-04-20 03:58:59.266 [xxl-job, JobThread-8-1713556736090] INFO  luonq.polygon.TradeExecutor_DB - sell stock orderId=918097127338544587
2024-04-20 03:58:59.911 [FTAPI4JNet] INFO  luonq.futu.TradeApi - update order: OrderFill(tradeSide=2, fillID=0, orderID=918097127338544587, code=HROW, name=Harrow, count=203.0, price=0.0, avgPrice=10.47, createTime=2024-04-19 15:58:59.253, updateTimestamp=1.713556739928566E9, status=0)
2024-04-20 03:58:59.914 [FTAPI4JNet] INFO  luonq.futu.TradeApi - update order: OrderFill(tradeSide=2, fillID=0, orderID=918097127338544587, code=HROW, name=Harrow, count=203.0, price=0.0, avgPrice=10.47, createTime=2024-04-19 15:58:59.253, updateTimestamp=1.713556739928566E9, status=0)
2024-04-20 03:58:59.914 [FTAPI4JNet] INFO  luonq.futu.TradeApi - update order: OrderFill(tradeSide=2, fillID=0, orderID=918097127338544587, code=HROW, name=Harrow, count=203.0, price=0.0, avgPrice=10.47, createTime=2024-04-19 15:58:59.253, updateTimestamp=1.713556739928566E9, status=0)
2024-04-20 03:58:59.914 [FTAPI4JNet] INFO  luonq.futu.TradeApi - update order: OrderFill(tradeSide=2, fillID=0, orderID=918097127338544587, code=HROW, name=Harrow, count=203.0, price=0.0, avgPrice=10.47, createTime=2024-04-19 15:58:59.253, updateTimestamp=1.713556739928566E9, status=0)
2024-04-20 03:58:59.915 [FTAPI4JNet] INFO  luonq.futu.TradeApi - update order: OrderFill(tradeSide=2, fillID=0, orderID=918097127338544587, code=HROW, name=Harrow, count=203.0, price=0.0, avgPrice=10.47, createTime=2024-04-19 15:58:59.253, updateTimestamp=1.713556739928566E9, status=0)
2024-04-20 03:58:59.915 [xxl-job, JobThread-8-1713556736090] INFO  luonq.polygon.TradeExecutor_DB - sell stock success. stock=HROW, orderId=918097127338544587
2024-04-20 03:58:59.915 [xxl-job, JobThread-8-1713556736090] INFO  luonq.job.TradeJob - tradeExecutor_db sell
2024-04-20 03:58:59.915 [FTAPI4JNet] INFO  luonq.futu.TradeApi - update order: OrderFill(tradeSide=2, fillID=0, orderID=918097127338544587, code=HROW, name=Harrow, count=203.0, price=0.0, avgPrice=10.47, createTime=2024-04-19 15:58:59.253, updateTimestamp=1.713556739928566E9, status=0)
2024-04-20 03:58:59.916 [FTAPI4JNet] INFO  luonq.futu.TradeApi - update order: OrderFill(tradeSide=2, fillID=0, orderID=918097127338544587, code=HROW, name=Harrow, count=203.0, price=0.0, avgPrice=10.47, createTime=2024-04-19 15:58:59.253, updateTimestamp=1.713556739928566E9, status=0)
2024-04-20 03:58:59.916 [FTAPI4JNet] INFO  luonq.futu.TradeApi - update order: OrderFill(tradeSide=2, fillID=0, orderID=918097127338544587, code=HROW, name=Harrow, count=203.0, price=0.0, avgPrice=10.47, createTime=2024-04-19 15:58:59.253, updateTimestamp=1.713556739928566E9, status=0)
2024-04-20 03:58:59.917 [FTAPI4JNet] INFO  luonq.futu.TradeApi - update order: OrderFill(tradeSide=2, fillID=0, orderID=918097127338544587, code=HROW, name=Harrow, count=203.0, price=0.0, avgPrice=10.47, createTime=2024-04-19 15:58:59.253, updateTimestamp=1.713556739928566E9, status=0)
